#
# A fatal error has been detected by the Java Runtime Environment:
#
#  SIGSEGV (0xb) at pc=0x00007fea9a3b4699, pid=12559, tid=12641
#
# JRE version: Java(TM) SE Runtime Environment (11.0.2+9) (build 11.0.2+9-LTS)
# Java VM: Java HotSpot(TM) 64-Bit Server VM (11.0.2+9-LTS, mixed mode, tiered, compressed oops, g1 gc, linux-amd64)
# Problematic frame:
# C  [libdjiosdk-core.so+0x35699]  DJI::OSDK::Vehicle::obtainCtrlAuthority(int)+0x2b
#
# Core dump will be written. Default location: Core dumps may be processed with "/usr/share/apport/apport %p %s %c %d %P" (or dumping to /home/vidurk/CasLab/Spring-Kafka-Device-Node-String/core.12559)
#
# If you would like to submit a bug report, please visit:
#   http://bugreport.java.com/bugreport/crash.jsp
# The crash happened outside the Java Virtual Machine in native code.
# See problematic frame for where to report the bug.
#

---------------  S U M M A R Y ------------

Command Line: -XX:TieredStopAtLevel=1 -Xverify:none -Dspring.output.ansi.enabled=always -Dcom.sun.management.jmxremote -Dspring.liveBeansView.mbeanDomain -Dspring.application.admin.enabled=true -javaagent:/home/vidurk/idea-IU-183.5429.30/lib/idea_rt.jar=34903:/home/vidurk/idea-IU-183.5429.30/bin -Dfile.encoding=UTF-8 com.codenotfound.kafka.SpringKafkaApplication

Host: Intel(R) Core(TM) i5-4300M CPU @ 2.60GHz, 4 cores, 7G, Ubuntu 18.04.1 LTS
Time: Wed Mar 27 16:51:41 2019 EDT elapsed time: 42 seconds (0d 0h 0m 42s)

---------------  T H R E A D  ---------------

Current thread (0x00007feb3cf0d000):  JavaThread "org.springframework.kafka.KafkaListenerEndpointContainer#0-0-C-1" [_thread_in_native, id=12641, stack(0x00007feaca4f5000,0x00007feaca5f6000)]

Stack: [0x00007feaca4f5000,0x00007feaca5f6000],  sp=0x00007feaca5f2d40,  free space=1015k
Native frames: (J=compiled Java code, A=aot compiled Java code, j=interpreted, Vv=VM code, C=native code)
C  [libdjiosdk-core.so+0x35699]  DJI::OSDK::Vehicle::obtainCtrlAuthority(int)+0x2b
C  [libLinked.so+0x108e]  droneTakeOff+0x75
C  [libLinked.so+0xf2b]  droneTakeOff_C+0x1f
C  [jna4478151355294961707.tmp+0x135d4]  ffi_call_unix64+0x4c

Java frames: (J=compiled Java code, j=interpreted, Vv=VM code)
j  com.sun.jna.Native.invokeVoid(Lcom/sun/jna/Function;JI[Ljava/lang/Object;)V+0
j  com.sun.jna.Function.invoke([Ljava/lang/Object;Ljava/lang/Class;ZI)Ljava/lang/Object;+42
j  com.sun.jna.Function.invoke(Ljava/lang/reflect/Method;[Ljava/lang/Class;Ljava/lang/Class;[Ljava/lang/Object;Ljava/util/Map;)Ljava/lang/Object;+271
j  com.sun.jna.Library$Handler.invoke(Ljava/lang/Object;Ljava/lang/reflect/Method;[Ljava/lang/Object;)Ljava/lang/Object;+344
j  com.sun.proxy.$Proxy63.droneTakeOff_C()V+9
j  com.codenotfound.kafka.Receiver.ReceiveRequestReceiveResponse.receive(Ljava/lang/String;)V+270
v  ~StubRoutines::call_stub
J 1988  jdk.internal.reflect.NativeMethodAccessorImpl.invoke0(Ljava/lang/reflect/Method;Ljava/lang/Object;[Ljava/lang/Object;)Ljava/lang/Object; java.base@11.0.2 (0 bytes) @ 0x00007feb255beeb7 [0x00007feb255bee40+0x0000000000000077]
J 1987 c1 jdk.internal.reflect.NativeMethodAccessorImpl.invoke(Ljava/lang/Object;[Ljava/lang/Object;)Ljava/lang/Object; java.base@11.0.2 (104 bytes) @ 0x00007feb255bf6cc [0x00007feb255bf340+0x000000000000038c]
J 1901 c1 jdk.internal.reflect.DelegatingMethodAccessorImpl.invoke(Ljava/lang/Object;[Ljava/lang/Object;)Ljava/lang/Object; java.base@11.0.2 (10 bytes) @ 0x00007feb255a1084 [0x00007feb255a1040+0x0000000000000044]
J 1900 c1 java.lang.reflect.Method.invoke(Ljava/lang/Object;[Ljava/lang/Object;)Ljava/lang/Object; java.base@11.0.2 (65 bytes) @ 0x00007feb255a14d4 [0x00007feb255a13e0+0x00000000000000f4]
j  org.springframework.messaging.handler.invocation.InvocableHandlerMethod.doInvoke([Ljava/lang/Object;)Ljava/lang/Object;+16
j  org.springframework.messaging.handler.invocation.InvocableHandlerMethod.invoke(Lorg/springframework/messaging/Message;[Ljava/lang/Object;)Ljava/lang/Object;+71
j  org.springframework.kafka.listener.adapter.HandlerAdapter.invoke(Lorg/springframework/messaging/Message;[Ljava/lang/Object;)Ljava/lang/Object;+13
j  org.springframework.kafka.listener.adapter.MessagingMessageListenerAdapter.invokeHandler(Ljava/lang/Object;Lorg/springframework/kafka/support/Acknowledgment;Lorg/springframework/messaging/Message;)Ljava/lang/Object;+48
j  org.springframework.kafka.listener.adapter.RecordMessagingMessageListenerAdapter.onMessage(Lorg/apache/kafka/clients/consumer/ConsumerRecord;Lorg/springframework/kafka/support/Acknowledgment;)V+56
j  org.springframework.kafka.listener.adapter.RecordMessagingMessageListenerAdapter.onMessage(Ljava/lang/Object;Lorg/springframework/kafka/support/Acknowledgment;)V+6
j  org.springframework.kafka.listener.KafkaMessageListenerContainer$ListenerConsumer.invokeRecordListener(Lorg/apache/kafka/clients/consumer/ConsumerRecords;)V+124
j  org.springframework.kafka.listener.KafkaMessageListenerContainer$ListenerConsumer.invokeListener(Lorg/apache/kafka/clients/consumer/ConsumerRecords;)V+17
j  org.springframework.kafka.listener.KafkaMessageListenerContainer$ListenerConsumer.run()V+255
j  java.util.concurrent.Executors$RunnableAdapter.call()Ljava/lang/Object;+4 java.base@11.0.2
j  java.util.concurrent.FutureTask.run()V+39 java.base@11.0.2
j  java.lang.Thread.run()V+11 java.base@11.0.2
v  ~StubRoutines::call_stub

siginfo: si_signo: 11 (SIGSEGV), si_code: 1 (SEGV_MAPERR), si_addr: 0x0000000000000000

Register to memory mapping:

RAX=0x0 is NULL
RBX={method} {0x00007fea9aa240d0} 'invokeVoid' '(Lcom/sun/jna/Function;JI[Ljava/lang/Object;)V' in 'com/sun/jna/Native'
RCX=0x0 is NULL
RDX=0x0000000000000001 is an unknown value
RSP=0x00007feaca5f2d40 is pointing into the stack for thread: 0x00007feb3cf0d000
RBP=0x00007feaca5f2da0 is pointing into the stack for thread: 0x00007feb3cf0d000
RSI=0x0 is NULL
RDI=0x00007feaca5f2dd0 is pointing into the stack for thread: 0x00007feb3cf0d000
R8 =0x00007feaa81fd264 points into unknown readable memory: 04 00 00 00
R9 =0x0000000000000080 is an unknown value
R10=0x0000000000000027 is an unknown value
R11=0x00007fea9a3b466e: _ZN3DJI4OSDK7Vehicle19obtainCtrlAuthorityEi+0x0000000000000000 in /usr/lib/libdjiosdk-core.so at 0x00007fea9a37f000
R12=0x00007feaca5f2fb0 is pointing into the stack for thread: 0x00007feb3cf0d000
R13={method} {0x00007fea9aa240d0} 'invokeVoid' '(Lcom/sun/jna/Function;JI[Ljava/lang/Object;)V' in 'com/sun/jna/Native'
R14=0x00007feaca5f39a0 is pointing into the stack for thread: 0x00007feb3cf0d000
R15=0x00007feaca5f2fa0 is pointing into the stack for thread: 0x00007feb3cf0d000


Registers:
RAX=0x0000000000000000, RBX=0x00007fea9aa240d0, RCX=0x0000000000000000, RDX=0x0000000000000001
RSP=0x00007feaca5f2d40, RBP=0x00007feaca5f2da0, RSI=0x0000000000000000, RDI=0x00007feaca5f2dd0
R8 =0x00007feaa81fd264, R9 =0x0000000000000080, R10=0x0000000000000027, R11=0x00007fea9a3b466e
R12=0x00007feaca5f2fb0, R13=0x00007fea9aa240d0, R14=0x00007feaca5f39a0, R15=0x00007feaca5f2fa0
RIP=0x00007fea9a3b4699, EFLAGS=0x0000000000010246, CSGSFS=0x002b000000000033, ERR=0x0000000000000004
  TRAPNO=0x000000000000000e

Top of Stack: (sp=0x00007feaca5f2d40)
0x00007feaca5f2d40:   0000000000000000 0000000000000000
0x00007feaca5f2d50:   0000000000000000 0000000000000000
0x00007feaca5f2d60:   0000000000000000 0000000100000000
0x00007feaca5f2d70:   0000000000000000 00007feaca5f2dd0 

Instructions: (pc=0x00007fea9a3b4699)
0x00007fea9a3b4679:   7d d8 48 89 75 d0 89 55 cc 64 48 8b 04 25 28 00
0x00007fea9a3b4689:   00 00 48 89 45 e8 31 c0 c6 45 e7 01 48 8b 45 d0
0x00007fea9a3b4699:   48 8b 00 48 8b 55 d0 0f b6 92 64 0d 00 00 0f b6
0x00007fea9a3b46a9:   d2 48 8d 4d e7 6a 00 6a 00 6a 02 68 f4 01 00 00 

Stack slot to memory mapping:
stack at sp + 0 slots: 0x0 is NULL
stack at sp + 1 slots: 0x0 is NULL
stack at sp + 2 slots: 0x0 is NULL
stack at sp + 3 slots: 0x0 is NULL
stack at sp + 4 slots: 0x0 is NULL
stack at sp + 5 slots: 0x0000000100000000 is pointing into metadata
stack at sp + 6 slots: 0x0 is NULL
stack at sp + 7 slots: 0x00007feaca5f2dd0 is pointing into the stack for thread: 0x00007feb3cf0d000


---------------  P R O C E S S  ---------------

Threads class SMR info:
_java_thread_list=0x00007feb200128c0, length=42, elements={
0x00007feb3c1b8800, 0x00007feb3c1c7800, 0x00007feb3c1d7800, 0x00007feb3c1d9800,
0x00007feb3c1db800, 0x00007feb3c286800, 0x00007feb3c6db800, 0x00007feb3c6dc000,
0x00007feb3c78c800, 0x00007feaf4001000, 0x00007fead4001800, 0x00007feac4018000,
0x00007feb3cdee000, 0x00007feb3cdf1800, 0x00007feb3cf0d000, 0x00007feb3cf10800,
0x00007feb3cf18800, 0x00007feb3cf21000, 0x00007feb3cb2e800, 0x00007feb3cb30800,
0x00007feb3cb32000, 0x00007feb3cb34000, 0x00007feb3c5e9800, 0x00007feb3c5eb800,
0x00007feb3c5ed800, 0x00007feb3c5ef000, 0x00007feb3c5f0000, 0x00007feb3c88f000,
0x00007feb3c842800, 0x00007feb3c844800, 0x00007fea9c018800, 0x00007feb3c846000,
0x00007feaa8019800, 0x00007feb3c015800, 0x00007fead4003800, 0x00007fead4005000,
0x00007fead4006800, 0x00007feaa8117800, 0x00007feaa813e000, 0x00007feaa81e6800,
0x00007feaa81c6800, 0x00007feaa821c800
}

Java Threads: ( => current thread )
  0x00007feb3c1b8800 JavaThread "Reference Handler" daemon [_thread_blocked, id=12573, stack(0x00007feb40083000,0x00007feb40184000)]
  0x00007feb3c1c7800 JavaThread "Finalizer" daemon [_thread_blocked, id=12574, stack(0x00007feb24341000,0x00007feb24442000)]
  0x00007feb3c1d7800 JavaThread "Signal Dispatcher" daemon [_thread_blocked, id=12578, stack(0x00007feb24240000,0x00007feb24341000)]
  0x00007feb3c1d9800 JavaThread "C1 CompilerThread0" daemon [_thread_blocked, id=12579, stack(0x00007feb2413f000,0x00007feb24240000)]
  0x00007feb3c1db800 JavaThread "Sweeper thread" daemon [_thread_blocked, id=12580, stack(0x00007feb2403e000,0x00007feb2413f000)]
  0x00007feb3c286800 JavaThread "Common-Cleaner" daemon [_thread_blocked, id=12588, stack(0x00007feb1c19f000,0x00007feb1c2a0000)]
  0x00007feb3c6db800 JavaThread "Monitor Ctrl-Break" daemon [_thread_in_native, id=12592, stack(0x00007feb15006000,0x00007feb15107000)]
  0x00007feb3c6dc000 JavaThread "Service Thread" daemon [_thread_blocked, id=12593, stack(0x00007feb14f05000,0x00007feb15006000)]
  0x00007feb3c78c800 JavaThread "RMI TCP Accept-0" daemon [_thread_in_native, id=12595, stack(0x00007feb145f6000,0x00007feb146f7000)]
  0x00007feaf4001000 JavaThread "Attach Listener" daemon [_thread_blocked, id=12598, stack(0x00007feb141f3000,0x00007feb142f4000)]
  0x00007fead4001800 JavaThread "RMI TCP Connection(idle)" daemon [_thread_blocked, id=12604, stack(0x00007feacbcff000,0x00007feacbe00000)]
  0x00007feac4018000 JavaThread "RMI Scheduler(0)" daemon [_thread_blocked, id=12607, stack(0x00007feacbbfe000,0x00007feacbcff000)]
  0x00007feb3cdee000 JavaThread "ContainerBackgroundProcessor[StandardEngine[Tomcat]]" daemon [_thread_blocked, id=12633, stack(0x00007feacaef7000,0x00007feacaff8000)]
  0x00007feb3cdf1800 JavaThread "container-0" [_thread_blocked, id=12634, stack(0x00007feaca7f6000,0x00007feaca8f7000)]
=>0x00007feb3cf0d000 JavaThread "org.springframework.kafka.KafkaListenerEndpointContainer#0-0-C-1" [_thread_in_native, id=12641, stack(0x00007feaca4f5000,0x00007feaca5f6000)]
  0x00007feb3cf10800 JavaThread "org.springframework.kafka.KafkaListenerEndpointContainer#1-0-C-1" [_thread_in_native, id=12642, stack(0x00007feaca1f4000,0x00007feaca2f5000)]
  0x00007feb3cf18800 JavaThread "NioBlockingSelector.BlockPoller-1" daemon [_thread_in_native, id=12644, stack(0x00007feaca0f3000,0x00007feaca1f4000)]
  0x00007feb3cf21000 JavaThread "http-nio-8040-exec-1" daemon [_thread_blocked, id=12645, stack(0x00007feac9ff2000,0x00007feaca0f3000)]
  0x00007feb3cb2e800 JavaThread "http-nio-8040-exec-2" daemon [_thread_blocked, id=12646, stack(0x00007feac9ef1000,0x00007feac9ff2000)]
  0x00007feb3cb30800 JavaThread "http-nio-8040-exec-3" daemon [_thread_blocked, id=12647, stack(0x00007feac9df0000,0x00007feac9ef1000)]
  0x00007feb3cb32000 JavaThread "http-nio-8040-exec-4" daemon [_thread_blocked, id=12648, stack(0x00007feac9cef000,0x00007feac9df0000)]
  0x00007feb3cb34000 JavaThread "http-nio-8040-exec-5" daemon [_thread_blocked, id=12649, stack(0x00007feac9bee000,0x00007feac9cef000)]
  0x00007feb3c5e9800 JavaThread "http-nio-8040-exec-6" daemon [_thread_blocked, id=12650, stack(0x00007feac9aed000,0x00007feac9bee000)]
  0x00007feb3c5eb800 JavaThread "http-nio-8040-exec-7" daemon [_thread_blocked, id=12651, stack(0x00007feac99ec000,0x00007feac9aed000)]
  0x00007feb3c5ed800 JavaThread "http-nio-8040-exec-8" daemon [_thread_blocked, id=12652, stack(0x00007feac98eb000,0x00007feac99ec000)]
  0x00007feb3c5ef000 JavaThread "http-nio-8040-exec-9" daemon [_thread_blocked, id=12653, stack(0x00007feac97ea000,0x00007feac98eb000)]
  0x00007feb3c5f0000 JavaThread "http-nio-8040-exec-10" daemon [_thread_blocked, id=12654, stack(0x00007feac96e9000,0x00007feac97ea000)]
  0x00007feb3c88f000 JavaThread "http-nio-8040-ClientPoller-0" daemon [_thread_in_native, id=12655, stack(0x00007feac95e8000,0x00007feac96e9000)]
  0x00007feb3c842800 JavaThread "http-nio-8040-ClientPoller-1" daemon [_thread_in_native, id=12656, stack(0x00007feac94e7000,0x00007feac95e8000)]
  0x00007feb3c844800 JavaThread "http-nio-8040-Acceptor-0" daemon [_thread_in_native, id=12657, stack(0x00007feac93e6000,0x00007feac94e7000)]
  0x00007fea9c018800 JavaThread "kafka-coordinator-heartbeat-thread | helloworld34" daemon [_thread_blocked, id=12658, stack(0x00007feac92e5000,0x00007feac93e6000)]
  0x00007feb3c846000 JavaThread "http-nio-8040-AsyncTimeout" daemon [_thread_blocked, id=12659, stack(0x00007feac91e4000,0x00007feac92e5000)]
  0x00007feaa8019800 JavaThread "kafka-coordinator-heartbeat-thread | helloworld34" daemon [_thread_blocked, id=12660, stack(0x00007feac90e3000,0x00007feac91e4000)]
  0x00007feb3c015800 JavaThread "DestroyJavaVM" [_thread_blocked, id=12560, stack(0x00007feb4579c000,0x00007feb4589d000)]
  0x00007fead4003800 JavaThread "RMI TCP Connection(idle)" daemon [_thread_blocked, id=12663, stack(0x00007feac8ee1000,0x00007feac8fe2000)]
  0x00007fead4005000 JavaThread "RMI TCP Connection(idle)" daemon [_thread_blocked, id=12664, stack(0x00007feac8fe2000,0x00007feac90e3000)]
  0x00007fead4006800 JavaThread "RMI TCP Connection(idle)" daemon [_thread_blocked, id=12671, stack(0x00007feac8cdf000,0x00007feac8de0000)]
  0x00007feaa8117800 JavaThread "Java2D Disposer" daemon [_thread_blocked, id=12693, stack(0x00007feb1c09e000,0x00007feb1c19f000)]
  0x00007feaa813e000 JavaThread "AWT-XAWT" daemon [_thread_in_native, id=12695, stack(0x00007feacb5fc000,0x00007feacb6fd000)]
  0x00007feaa81e6800 JavaThread "AWT-Shutdown" [_thread_blocked, id=12698, stack(0x00007feacbafd000,0x00007feacbbfe000)]
  0x00007feaa81c6800 JavaThread "AWT-EventQueue-0" [_thread_blocked, id=12699, stack(0x00007feb15530000,0x00007feb15631000)]
  0x00007feaa821c800 JavaThread "process reaper" daemon [_thread_blocked, id=12703, stack(0x00007feb40061000,0x00007feb40083000)]

Other Threads:
  0x00007feb3c1b0800 VMThread "VM Thread" [stack: 0x00007feb40186000,0x00007feb40286000] [id=12572]
  0x00007feb3c793800 WatcherThread [stack: 0x00007feb144f6000,0x00007feb145f6000] [id=12596]
  0x00007feb3c03d800 GCTaskThread "GC Thread#0" [stack: 0x00007feb41a9b000,0x00007feb41b9b000] [id=12563]
  0x00007feb08001000 GCTaskThread "GC Thread#1" [stack: 0x00007feb140f3000,0x00007feb141f3000] [id=12601]
  0x00007feb08003800 GCTaskThread "GC Thread#2" [stack: 0x00007feacb4fc000,0x00007feacb5fc000] [id=12616]
  0x00007feb08004800 GCTaskThread "GC Thread#3" [stack: 0x00007feacb3fa000,0x00007feacb4fa000] [id=12617]
  0x00007feb3c06e000 ConcurrentGCThread "G1 Main Marker" [stack: 0x00007feb40a13000,0x00007feb40b13000] [id=12564]
  0x00007feb3c070000 ConcurrentGCThread "G1 Conc#0" [stack: 0x00007feb40911000,0x00007feb40a11000] [id=12565]
  0x00007feb3c0e8000 ConcurrentGCThread "G1 Refine#0" [stack: 0x00007feb4040b000,0x00007feb4050b000] [id=12566]
  0x00007feb3c0ea000 ConcurrentGCThread "G1 Young RemSet Sampling" [stack: 0x00007feb40309000,0x00007feb40409000] [id=12568]

Threads with active compile tasks:

VM state:not at safepoint (normal execution)

VM Mutex/Monitor currently owned by a thread: None

Heap address: 0x0000000085400000, size: 1964 MB, Compressed Oops mode: 32-bit
Narrow klass base: 0x0000000000000000, Narrow klass shift: 3
Compressed class space size: 1073741824 Address: 0x0000000100000000

Heap:
 garbage-first heap   total 152576K, used 48810K [0x0000000085400000, 0x0000000100000000)
  region size 1024K, 33 young (33792K), 6 survivors (6144K)
 Metaspace       used 43288K, capacity 44262K, committed 44520K, reserved 1087488K
  class space    used 5193K, capacity 5639K, committed 5688K, reserved 1048576K
Heap Regions: E=young(eden), S=young(survivor), O=old, HS=humongous(starts), HC=humongous(continues), CS=collection set, F=free, A=archive, TAMS=top-at-mark-start (previous, next)
|   0|0x0000000085400000, 0x0000000085500000, 0x0000000085500000|100%| O|  |TAMS 0x0000000085500000, 0x0000000085400000| Untracked 
|   1|0x0000000085500000, 0x0000000085600000, 0x0000000085600000|100%| O|  |TAMS 0x0000000085600000, 0x0000000085500000| Untracked 
|   2|0x0000000085600000, 0x0000000085700000, 0x0000000085700000|100%| O|  |TAMS 0x0000000085700000, 0x0000000085600000| Untracked 
|   3|0x0000000085700000, 0x0000000085800000, 0x0000000085800000|100%| O|  |TAMS 0x0000000085800000, 0x0000000085700000| Untracked 
|   4|0x0000000085800000, 0x0000000085900000, 0x0000000085900000|100%| O|  |TAMS 0x0000000085900000, 0x0000000085800000| Untracked 
|   5|0x0000000085900000, 0x0000000085a00000, 0x0000000085a00000|100%| O|  |TAMS 0x0000000085a00000, 0x0000000085900000| Untracked 
|   6|0x0000000085a00000, 0x0000000085b00000, 0x0000000085b00000|100%| O|  |TAMS 0x0000000085b00000, 0x0000000085a00000| Untracked 
|   7|0x0000000085b00000, 0x0000000085c00000, 0x0000000085c00000|100%| O|  |TAMS 0x0000000085c00000, 0x0000000085b00000| Untracked 
|   8|0x0000000085c00000, 0x0000000085d00000, 0x0000000085d00000|100%| O|  |TAMS 0x0000000085d00000, 0x0000000085c00000| Untracked 
|   9|0x0000000085d00000, 0x0000000085e00000, 0x0000000085e00000|100%| O|  |TAMS 0x0000000085e00000, 0x0000000085d00000| Untracked 
|  10|0x0000000085e00000, 0x0000000085f00000, 0x0000000085f00000|100%| O|  |TAMS 0x0000000085f00000, 0x0000000085e00000| Untracked 
|  11|0x0000000085f00000, 0x0000000086000000, 0x0000000086000000|100%| O|  |TAMS 0x0000000086000000, 0x0000000085f00000| Untracked 
|  12|0x0000000086000000, 0x0000000086100000, 0x0000000086100000|100%| O|  |TAMS 0x0000000086100000, 0x0000000086000000| Untracked 
|  13|0x0000000086100000, 0x0000000086200000, 0x0000000086200000|100%| O|  |TAMS 0x0000000086200000, 0x0000000086100000| Untracked 
|  14|0x0000000086200000, 0x0000000086300000, 0x0000000086300000|100%| O|  |TAMS 0x0000000086300000, 0x0000000086200000| Untracked 
|  15|0x0000000086300000, 0x0000000086400000, 0x0000000086400000|100%| O|  |TAMS 0x0000000086400000, 0x0000000086300000| Untracked 
|  16|0x0000000086400000, 0x00000000864d1400, 0x0000000086500000| 81%| O|  |TAMS 0x00000000864d1400, 0x0000000086400000| Untracked 
|  17|0x0000000086500000, 0x0000000086500000, 0x0000000086600000|  0%| F|  |TAMS 0x0000000086500000, 0x0000000086500000| Untracked 
|  18|0x0000000086600000, 0x0000000086600000, 0x0000000086700000|  0%| F|  |TAMS 0x0000000086600000, 0x0000000086600000| Untracked 
|  19|0x0000000086700000, 0x0000000086700000, 0x0000000086800000|  0%| F|  |TAMS 0x0000000086700000, 0x0000000086700000| Untracked 
|  20|0x0000000086800000, 0x0000000086800000, 0x0000000086900000|  0%| F|  |TAMS 0x0000000086800000, 0x0000000086800000| Untracked 
|  21|0x0000000086900000, 0x0000000086900000, 0x0000000086a00000|  0%| F|  |TAMS 0x0000000086900000, 0x0000000086900000| Untracked 
|  22|0x0000000086a00000, 0x0000000086a00000, 0x0000000086b00000|  0%| F|  |TAMS 0x0000000086a00000, 0x0000000086a00000| Untracked 
|  23|0x0000000086b00000, 0x0000000086b00000, 0x0000000086c00000|  0%| F|  |TAMS 0x0000000086b00000, 0x0000000086b00000| Untracked 
|  24|0x0000000086c00000, 0x0000000086c00000, 0x0000000086d00000|  0%| F|  |TAMS 0x0000000086c00000, 0x0000000086c00000| Untracked 
|  25|0x0000000086d00000, 0x0000000086d00000, 0x0000000086e00000|  0%| F|  |TAMS 0x0000000086d00000, 0x0000000086d00000| Untracked 
|  26|0x0000000086e00000, 0x0000000086e00000, 0x0000000086f00000|  0%| F|  |TAMS 0x0000000086e00000, 0x0000000086e00000| Untracked 
|  27|0x0000000086f00000, 0x0000000086f00000, 0x0000000087000000|  0%| F|  |TAMS 0x0000000086f00000, 0x0000000086f00000| Untracked 
|  28|0x0000000087000000, 0x0000000087000000, 0x0000000087100000|  0%| F|  |TAMS 0x0000000087000000, 0x0000000087000000| Untracked 
|  29|0x0000000087100000, 0x0000000087100000, 0x0000000087200000|  0%| F|  |TAMS 0x0000000087100000, 0x0000000087100000| Untracked 
|  30|0x0000000087200000, 0x0000000087200000, 0x0000000087300000|  0%| F|  |TAMS 0x0000000087200000, 0x0000000087200000| Untracked 
|  31|0x0000000087300000, 0x0000000087300000, 0x0000000087400000|  0%| F|  |TAMS 0x0000000087300000, 0x0000000087300000| Untracked 
|  32|0x0000000087400000, 0x0000000087400000, 0x0000000087500000|  0%| F|  |TAMS 0x0000000087400000, 0x0000000087400000| Untracked 
|  33|0x0000000087500000, 0x0000000087500000, 0x0000000087600000|  0%| F|  |TAMS 0x0000000087500000, 0x0000000087500000| Untracked 
|  34|0x0000000087600000, 0x0000000087600000, 0x0000000087700000|  0%| F|  |TAMS 0x0000000087600000, 0x0000000087600000| Untracked 
|  35|0x0000000087700000, 0x0000000087700000, 0x0000000087800000|  0%| F|  |TAMS 0x0000000087700000, 0x0000000087700000| Untracked 
|  36|0x0000000087800000, 0x0000000087800000, 0x0000000087900000|  0%| F|  |TAMS 0x0000000087800000, 0x0000000087800000| Untracked 
|  37|0x0000000087900000, 0x0000000087900000, 0x0000000087a00000|  0%| F|  |TAMS 0x0000000087900000, 0x0000000087900000| Untracked 
|  38|0x0000000087a00000, 0x0000000087a00000, 0x0000000087b00000|  0%| F|  |TAMS 0x0000000087a00000, 0x0000000087a00000| Untracked 
|  39|0x0000000087b00000, 0x0000000087b00000, 0x0000000087c00000|  0%| F|  |TAMS 0x0000000087b00000, 0x0000000087b00000| Untracked 
|  40|0x0000000087c00000, 0x0000000087c00000, 0x0000000087d00000|  0%| F|  |TAMS 0x0000000087c00000, 0x0000000087c00000| Untracked 
|  41|0x0000000087d00000, 0x0000000087d00000, 0x0000000087e00000|  0%| F|  |TAMS 0x0000000087d00000, 0x0000000087d00000| Untracked 
|  42|0x0000000087e00000, 0x0000000087e00000, 0x0000000087f00000|  0%| F|  |TAMS 0x0000000087e00000, 0x0000000087e00000| Untracked 
|  43|0x0000000087f00000, 0x0000000087f00000, 0x0000000088000000|  0%| F|  |TAMS 0x0000000087f00000, 0x0000000087f00000| Untracked 
|  44|0x0000000088000000, 0x0000000088000000, 0x0000000088100000|  0%| F|  |TAMS 0x0000000088000000, 0x0000000088000000| Untracked 
|  45|0x0000000088100000, 0x0000000088100000, 0x0000000088200000|  0%| F|  |TAMS 0x0000000088100000, 0x0000000088100000| Untracked 
|  46|0x0000000088200000, 0x0000000088200000, 0x0000000088300000|  0%| F|  |TAMS 0x0000000088200000, 0x0000000088200000| Untracked 
|  47|0x0000000088300000, 0x0000000088300000, 0x0000000088400000|  0%| F|  |TAMS 0x0000000088300000, 0x0000000088300000| Untracked 
|  48|0x0000000088400000, 0x0000000088400000, 0x0000000088500000|  0%| F|  |TAMS 0x0000000088400000, 0x0000000088400000| Untracked 
|  49|0x0000000088500000, 0x0000000088500000, 0x0000000088600000|  0%| F|  |TAMS 0x0000000088500000, 0x0000000088500000| Untracked 
|  50|0x0000000088600000, 0x0000000088600000, 0x0000000088700000|  0%| F|  |TAMS 0x0000000088600000, 0x0000000088600000| Untracked 
|  51|0x0000000088700000, 0x0000000088700000, 0x0000000088800000|  0%| F|  |TAMS 0x0000000088700000, 0x0000000088700000| Untracked 
|  52|0x0000000088800000, 0x0000000088800000, 0x0000000088900000|  0%| F|  |TAMS 0x0000000088800000, 0x0000000088800000| Untracked 
|  53|0x0000000088900000, 0x0000000088900000, 0x0000000088a00000|  0%| F|  |TAMS 0x0000000088900000, 0x0000000088900000| Untracked 
|  54|0x0000000088a00000, 0x0000000088a00000, 0x0000000088b00000|  0%| F|  |TAMS 0x0000000088a00000, 0x0000000088a00000| Untracked 
|  55|0x0000000088b00000, 0x0000000088b00000, 0x0000000088c00000|  0%| F|  |TAMS 0x0000000088b00000, 0x0000000088b00000| Untracked 
|  56|0x0000000088c00000, 0x0000000088c00000, 0x0000000088d00000|  0%| F|  |TAMS 0x0000000088c00000, 0x0000000088c00000| Untracked 
|  57|0x0000000088d00000, 0x0000000088d00000, 0x0000000088e00000|  0%| F|  |TAMS 0x0000000088d00000, 0x0000000088d00000| Untracked 
|  58|0x0000000088e00000, 0x0000000088e00000, 0x0000000088f00000|  0%| F|  |TAMS 0x0000000088e00000, 0x0000000088e00000| Untracked 
|  59|0x0000000088f00000, 0x0000000088f00000, 0x0000000089000000|  0%| F|  |TAMS 0x0000000088f00000, 0x0000000088f00000| Untracked 
|  60|0x0000000089000000, 0x0000000089000000, 0x0000000089100000|  0%| F|  |TAMS 0x0000000089000000, 0x0000000089000000| Untracked 
|  61|0x0000000089100000, 0x0000000089100000, 0x0000000089200000|  0%| F|  |TAMS 0x0000000089100000, 0x0000000089100000| Untracked 
|  62|0x0000000089200000, 0x0000000089200000, 0x0000000089300000|  0%| F|  |TAMS 0x0000000089200000, 0x0000000089200000| Untracked 
|  63|0x0000000089300000, 0x0000000089300000, 0x0000000089400000|  0%| F|  |TAMS 0x0000000089300000, 0x0000000089300000| Untracked 
|  64|0x0000000089400000, 0x0000000089400000, 0x0000000089500000|  0%| F|  |TAMS 0x0000000089400000, 0x0000000089400000| Untracked 
|  65|0x0000000089500000, 0x0000000089500000, 0x0000000089600000|  0%| F|  |TAMS 0x0000000089500000, 0x0000000089500000| Untracked 
|  66|0x0000000089600000, 0x0000000089600000, 0x0000000089700000|  0%| F|  |TAMS 0x0000000089600000, 0x0000000089600000| Untracked 
|  67|0x0000000089700000, 0x0000000089700000, 0x0000000089800000|  0%| F|  |TAMS 0x0000000089700000, 0x0000000089700000| Untracked 
|  68|0x0000000089800000, 0x0000000089800000, 0x0000000089900000|  0%| F|  |TAMS 0x0000000089800000, 0x0000000089800000| Untracked 
|  69|0x0000000089900000, 0x0000000089900000, 0x0000000089a00000|  0%| F|  |TAMS 0x0000000089900000, 0x0000000089900000| Untracked 
|  70|0x0000000089a00000, 0x0000000089a00000, 0x0000000089b00000|  0%| F|  |TAMS 0x0000000089a00000, 0x0000000089a00000| Untracked 
|  71|0x0000000089b00000, 0x0000000089b00000, 0x0000000089c00000|  0%| F|  |TAMS 0x0000000089b00000, 0x0000000089b00000| Untracked 
|  72|0x0000000089c00000, 0x0000000089c00000, 0x0000000089d00000|  0%| F|  |TAMS 0x0000000089c00000, 0x0000000089c00000| Untracked 
|  73|0x0000000089d00000, 0x0000000089d00000, 0x0000000089e00000|  0%| F|  |TAMS 0x0000000089d00000, 0x0000000089d00000| Untracked 
|  74|0x0000000089e00000, 0x0000000089e00000, 0x0000000089f00000|  0%| F|  |TAMS 0x0000000089e00000, 0x0000000089e00000| Untracked 
|  75|0x0000000089f00000, 0x0000000089f00000, 0x000000008a000000|  0%| F|  |TAMS 0x0000000089f00000, 0x0000000089f00000| Untracked 
|  76|0x000000008a000000, 0x000000008a000000, 0x000000008a100000|  0%| F|  |TAMS 0x000000008a000000, 0x000000008a000000| Untracked 
|  77|0x000000008a100000, 0x000000008a100000, 0x000000008a200000|  0%| F|  |TAMS 0x000000008a100000, 0x000000008a100000| Untracked 
|  78|0x000000008a200000, 0x000000008a200000, 0x000000008a300000|  0%| F|  |TAMS 0x000000008a200000, 0x000000008a200000| Untracked 
|  79|0x000000008a300000, 0x000000008a300000, 0x000000008a400000|  0%| F|  |TAMS 0x000000008a300000, 0x000000008a300000| Untracked 
|  80|0x000000008a400000, 0x000000008a400000, 0x000000008a500000|  0%| F|  |TAMS 0x000000008a400000, 0x000000008a400000| Untracked 
|  81|0x000000008a500000, 0x000000008a500000, 0x000000008a600000|  0%| F|  |TAMS 0x000000008a500000, 0x000000008a500000| Untracked 
|  82|0x000000008a600000, 0x000000008a600000, 0x000000008a700000|  0%| F|  |TAMS 0x000000008a600000, 0x000000008a600000| Untracked 
|  83|0x000000008a700000, 0x000000008a700000, 0x000000008a800000|  0%| F|  |TAMS 0x000000008a700000, 0x000000008a700000| Untracked 
|  84|0x000000008a800000, 0x000000008a800000, 0x000000008a900000|  0%| F|  |TAMS 0x000000008a800000, 0x000000008a800000| Untracked 
|  85|0x000000008a900000, 0x000000008a900000, 0x000000008aa00000|  0%| F|  |TAMS 0x000000008a900000, 0x000000008a900000| Untracked 
|  86|0x000000008aa00000, 0x000000008aa00000, 0x000000008ab00000|  0%| F|  |TAMS 0x000000008aa00000, 0x000000008aa00000| Untracked 
|  87|0x000000008ab00000, 0x000000008ab00000, 0x000000008ac00000|  0%| F|  |TAMS 0x000000008ab00000, 0x000000008ab00000| Untracked 
|  88|0x000000008ac00000, 0x000000008ac00000, 0x000000008ad00000|  0%| F|  |TAMS 0x000000008ac00000, 0x000000008ac00000| Untracked 
|  89|0x000000008ad00000, 0x000000008ad00000, 0x000000008ae00000|  0%| F|  |TAMS 0x000000008ad00000, 0x000000008ad00000| Untracked 
|  90|0x000000008ae00000, 0x000000008ae00000, 0x000000008af00000|  0%| F|  |TAMS 0x000000008ae00000, 0x000000008ae00000| Untracked 
|  91|0x000000008af00000, 0x000000008af00000, 0x000000008b000000|  0%| F|  |TAMS 0x000000008af00000, 0x000000008af00000| Untracked 
|  92|0x000000008b000000, 0x000000008b000000, 0x000000008b100000|  0%| F|  |TAMS 0x000000008b000000, 0x000000008b000000| Untracked 
|  93|0x000000008b100000, 0x000000008b100000, 0x000000008b200000|  0%| F|  |TAMS 0x000000008b100000, 0x000000008b100000| Untracked 
|  94|0x000000008b200000, 0x000000008b200000, 0x000000008b300000|  0%| F|  |TAMS 0x000000008b200000, 0x000000008b200000| Untracked 
|  95|0x000000008b300000, 0x000000008b300000, 0x000000008b400000|  0%| F|  |TAMS 0x000000008b300000, 0x000000008b300000| Untracked 
|  96|0x000000008b400000, 0x000000008b400000, 0x000000008b500000|  0%| F|  |TAMS 0x000000008b400000, 0x000000008b400000| Untracked 
|  97|0x000000008b500000, 0x000000008b500000, 0x000000008b600000|  0%| F|  |TAMS 0x000000008b500000, 0x000000008b500000| Untracked 
|  98|0x000000008b600000, 0x000000008b600000, 0x000000008b700000|  0%| F|  |TAMS 0x000000008b600000, 0x000000008b600000| Untracked 
|  99|0x000000008b700000, 0x000000008b700000, 0x000000008b800000|  0%| F|  |TAMS 0x000000008b700000, 0x000000008b700000| Untracked 
| 100|0x000000008b800000, 0x000000008b800000, 0x000000008b900000|  0%| F|  |TAMS 0x000000008b800000, 0x000000008b800000| Untracked 
| 101|0x000000008b900000, 0x000000008b900000, 0x000000008ba00000|  0%| F|  |TAMS 0x000000008b900000, 0x000000008b900000| Untracked 
| 102|0x000000008ba00000, 0x000000008ba00000, 0x000000008bb00000|  0%| F|  |TAMS 0x000000008ba00000, 0x000000008ba00000| Untracked 
| 103|0x000000008bb00000, 0x000000008bb00000, 0x000000008bc00000|  0%| F|  |TAMS 0x000000008bb00000, 0x000000008bb00000| Untracked 
| 104|0x000000008bc00000, 0x000000008bc00000, 0x000000008bd00000|  0%| F|  |TAMS 0x000000008bc00000, 0x000000008bc00000| Untracked 
| 105|0x000000008bd00000, 0x000000008bd00000, 0x000000008be00000|  0%| F|  |TAMS 0x000000008bd00000, 0x000000008bd00000| Untracked 
| 106|0x000000008be00000, 0x000000008be00000, 0x000000008bf00000|  0%| F|  |TAMS 0x000000008be00000, 0x000000008be00000| Untracked 
| 107|0x000000008bf00000, 0x000000008bf00000, 0x000000008c000000|  0%| F|  |TAMS 0x000000008bf00000, 0x000000008bf00000| Untracked 
| 108|0x000000008c000000, 0x000000008c000000, 0x000000008c100000|  0%| F|  |TAMS 0x000000008c000000, 0x000000008c000000| Untracked 
| 109|0x000000008c100000, 0x000000008c100000, 0x000000008c200000|  0%| F|  |TAMS 0x000000008c100000, 0x000000008c100000| Untracked 
| 110|0x000000008c200000, 0x000000008c200000, 0x000000008c300000|  0%| F|  |TAMS 0x000000008c200000, 0x000000008c200000| Untracked 
| 111|0x000000008c300000, 0x000000008c300000, 0x000000008c400000|  0%| F|  |TAMS 0x000000008c300000, 0x000000008c300000| Untracked 
| 112|0x000000008c400000, 0x000000008c400000, 0x000000008c500000|  0%| F|  |TAMS 0x000000008c400000, 0x000000008c400000| Untracked 
| 113|0x000000008c500000, 0x000000008c500000, 0x000000008c600000|  0%| F|  |TAMS 0x000000008c500000, 0x000000008c500000| Untracked 
| 114|0x000000008c600000, 0x000000008c600000, 0x000000008c700000|  0%| F|  |TAMS 0x000000008c600000, 0x000000008c600000| Untracked 
| 115|0x000000008c700000, 0x000000008c700000, 0x000000008c800000|  0%| F|  |TAMS 0x000000008c700000, 0x000000008c700000| Untracked 
| 116|0x000000008c800000, 0x000000008c8745c0, 0x000000008c900000| 45%| E|  |TAMS 0x000000008c800000, 0x000000008c800000| Complete 
| 117|0x000000008c900000, 0x000000008ca00000, 0x000000008ca00000|100%| E|CS|TAMS 0x000000008c900000, 0x000000008c900000| Complete 
| 118|0x000000008ca00000, 0x000000008cb00000, 0x000000008cb00000|100%| E|CS|TAMS 0x000000008ca00000, 0x000000008ca00000| Complete 
| 119|0x000000008cb00000, 0x000000008cc00000, 0x000000008cc00000|100%| E|CS|TAMS 0x000000008cb00000, 0x000000008cb00000| Complete 
| 120|0x000000008cc00000, 0x000000008cd00000, 0x000000008cd00000|100%| E|CS|TAMS 0x000000008cc00000, 0x000000008cc00000| Complete 
| 121|0x000000008cd00000, 0x000000008ce00000, 0x000000008ce00000|100%| E|CS|TAMS 0x000000008cd00000, 0x000000008cd00000| Complete 
| 122|0x000000008ce00000, 0x000000008cf00000, 0x000000008cf00000|100%| E|CS|TAMS 0x000000008ce00000, 0x000000008ce00000| Complete 
| 123|0x000000008cf00000, 0x000000008d000000, 0x000000008d000000|100%| E|CS|TAMS 0x000000008cf00000, 0x000000008cf00000| Complete 
| 124|0x000000008d000000, 0x000000008d100000, 0x000000008d100000|100%| E|CS|TAMS 0x000000008d000000, 0x000000008d000000| Complete 
| 125|0x000000008d100000, 0x000000008d200000, 0x000000008d200000|100%| E|CS|TAMS 0x000000008d100000, 0x000000008d100000| Complete 
| 126|0x000000008d200000, 0x000000008d2d9770, 0x000000008d300000| 84%| S|CS|TAMS 0x000000008d200000, 0x000000008d200000| Complete 
| 127|0x000000008d300000, 0x000000008d400000, 0x000000008d400000|100%| S|CS|TAMS 0x000000008d300000, 0x000000008d300000| Complete 
| 128|0x000000008d400000, 0x000000008d500000, 0x000000008d500000|100%| S|CS|TAMS 0x000000008d400000, 0x000000008d400000| Complete 
| 129|0x000000008d500000, 0x000000008d600000, 0x000000008d600000|100%| S|CS|TAMS 0x000000008d500000, 0x000000008d500000| Complete 
| 130|0x000000008d600000, 0x000000008d700000, 0x000000008d700000|100%| S|CS|TAMS 0x000000008d600000, 0x000000008d600000| Complete 
| 131|0x000000008d700000, 0x000000008d800000, 0x000000008d800000|100%| S|CS|TAMS 0x000000008d700000, 0x000000008d700000| Complete 
| 132|0x000000008d800000, 0x000000008d900000, 0x000000008d900000|100%| E|CS|TAMS 0x000000008d800000, 0x000000008d800000| Complete 
| 133|0x000000008d900000, 0x000000008da00000, 0x000000008da00000|100%| E|CS|TAMS 0x000000008d900000, 0x000000008d900000| Complete 
| 134|0x000000008da00000, 0x000000008db00000, 0x000000008db00000|100%| E|CS|TAMS 0x000000008da00000, 0x000000008da00000| Complete 
| 135|0x000000008db00000, 0x000000008dc00000, 0x000000008dc00000|100%| E|CS|TAMS 0x000000008db00000, 0x000000008db00000| Complete 
| 136|0x000000008dc00000, 0x000000008dd00000, 0x000000008dd00000|100%| E|CS|TAMS 0x000000008dc00000, 0x000000008dc00000| Complete 
| 137|0x000000008dd00000, 0x000000008de00000, 0x000000008de00000|100%| E|CS|TAMS 0x000000008dd00000, 0x000000008dd00000| Complete 
| 138|0x000000008de00000, 0x000000008df00000, 0x000000008df00000|100%| E|CS|TAMS 0x000000008de00000, 0x000000008de00000| Complete 
| 139|0x000000008df00000, 0x000000008e000000, 0x000000008e000000|100%| E|CS|TAMS 0x000000008df00000, 0x000000008df00000| Complete 
| 140|0x000000008e000000, 0x000000008e100000, 0x000000008e100000|100%| E|CS|TAMS 0x000000008e000000, 0x000000008e000000| Complete 
| 141|0x000000008e100000, 0x000000008e200000, 0x000000008e200000|100%| E|CS|TAMS 0x000000008e100000, 0x000000008e100000| Complete 
| 142|0x000000008e200000, 0x000000008e300000, 0x000000008e300000|100%| E|CS|TAMS 0x000000008e200000, 0x000000008e200000| Complete 
| 143|0x000000008e300000, 0x000000008e400000, 0x000000008e400000|100%| E|  |TAMS 0x000000008e300000, 0x000000008e300000| Complete 
| 144|0x000000008e400000, 0x000000008e500000, 0x000000008e500000|100%| E|CS|TAMS 0x000000008e400000, 0x000000008e400000| Complete 
| 145|0x000000008e500000, 0x000000008e600000, 0x000000008e600000|100%| E|CS|TAMS 0x000000008e500000, 0x000000008e500000| Complete 
| 146|0x000000008e600000, 0x000000008e700000, 0x000000008e700000|100%| E|CS|TAMS 0x000000008e600000, 0x000000008e600000| Complete 
| 147|0x000000008e700000, 0x000000008e800000, 0x000000008e800000|100%| E|CS|TAMS 0x000000008e700000, 0x000000008e700000| Complete 
| 148|0x000000008e800000, 0x000000008e900000, 0x000000008e900000|100%| E|CS|TAMS 0x000000008e800000, 0x000000008e800000| Complete 

Card table byte_map: [0x00007feb40ee9000,0x00007feb412bf000] _byte_map_base: 0x00007feb40abf000

Marking Bits (Prev, Next): (CMBitMap*) 0x00007feb3c0659d8, (CMBitMap*) 0x00007feb3c065a10
 Prev Bits: [0x00007feb1e150000, 0x00007feb20000000)
 Next Bits: [0x00007feb1c2a0000, 0x00007feb1e150000)

Polling page: 0x00007feb458b5000

Metaspace:

Usage:
  Non-class:     37.72 MB capacity,    37.20 MB ( 99%) used,   408.65 KB (  1%) free+waste,   119.69 KB ( <1%) overhead. 
      Class:      5.51 MB capacity,     5.07 MB ( 92%) used,   386.75 KB (  7%) free+waste,    58.38 KB (  1%) overhead. 
       Both:     43.22 MB capacity,    42.27 MB ( 98%) used,   795.40 KB (  2%) free+waste,   178.06 KB ( <1%) overhead. 

Virtual space:
  Non-class space:       38.00 MB reserved,      37.92 MB (>99%) committed 
      Class space:        1.00 GB reserved,       5.55 MB ( <1%) committed 
             Both:        1.04 GB reserved,      43.48 MB (  4%) committed 

Chunk freelists:
   Non-Class:  6.12 KB
       Class:  3.12 KB
        Both:  9.25 KB

CodeHeap 'non-profiled nmethods': size=238948Kb used=7995Kb max_used=7995Kb free=230952Kb
 bounds [0x00007feb252e9000, 0x00007feb25ab9000, 0x00007feb33c42000]
CodeHeap 'non-nmethods': size=6812Kb used=1305Kb max_used=2300Kb free=5506Kb
 bounds [0x00007feb24c42000, 0x00007feb24eb2000, 0x00007feb252e9000]
 total_blobs=5471 nmethods=4666 adapters=676
 compilation: enabled
              stopped_count=0, restarted_count=0
 full_count=0

Compilation events (10 events):
Event: 41.937 Thread 0x00007feb3c1d9800 4695       1       java.awt.Container::findComponentAtImpl (161 bytes)
Event: 41.938 Thread 0x00007feb3c1d9800 nmethod 4695 0x00007feb25ab5710 code [0x00007feb25ab5920, 0x00007feb25ab5d48]
Event: 41.938 Thread 0x00007feb3c1d9800 4696       1       java.awt.Component$1::isEnabled (5 bytes)
Event: 41.939 Thread 0x00007feb3c1d9800 nmethod 4696 0x00007feb25ab5f90 code [0x00007feb25ab6140, 0x00007feb25ab6250]
Event: 41.939 Thread 0x00007feb3c1d9800 4697       1       java.awt.event.InputEvent::isConsumed (5 bytes)
Event: 41.939 Thread 0x00007feb3c1d9800 nmethod 4697 0x00007feb25ab6310 code [0x00007feb25ab64c0, 0x00007feb25ab65d0]
Event: 41.974 Thread 0x00007feb3c1d9800 4698  s    1       java.awt.KeyboardFocusManager::getCurrentKeyboardFocusManager (32 bytes)
Event: 41.975 Thread 0x00007feb3c1d9800 nmethod 4698 0x00007feb25ab6610 code [0x00007feb25ab6800, 0x00007feb25ab6b88]
Event: 41.975 Thread 0x00007feb3c1d9800 4699       1       java.awt.KeyboardFocusManager::getCurrentKeyboardFocusManager (7 bytes)
Event: 41.975 Thread 0x00007feb3c1d9800 nmethod 4699 0x00007feb25ab6d10 code [0x00007feb25ab6f00, 0x00007feb25ab72d8]

GC Heap History (10 events):
Event: 2.589 GC heap before
{Heap before GC invocations=3 (full 0):
 garbage-first heap   total 126976K, used 13034K [0x0000000085400000, 0x0000000100000000)
  region size 1024K, 10 young (10240K), 3 survivors (3072K)
 Metaspace       used 20565K, capacity 21118K, committed 21296K, reserved 1069056K
  class space    used 2402K, capacity 2624K, committed 2688K, reserved 1048576K
}
Event: 2.595 GC heap after
{Heap after GC invocations=4 (full 0):
 garbage-first heap   total 126976K, used 8283K [0x0000000085400000, 0x0000000100000000)
  region size 1024K, 3 young (3072K), 3 survivors (3072K)
 Metaspace       used 20565K, capacity 21118K, committed 21296K, reserved 1069056K
  class space    used 2402K, capacity 2624K, committed 2688K, reserved 1048576K
}
Event: 3.767 GC heap before
{Heap before GC invocations=5 (full 0):
 garbage-first heap   total 126976K, used 56411K [0x0000000085400000, 0x0000000100000000)
  region size 1024K, 50 young (51200K), 3 survivors (3072K)
 Metaspace       used 25887K, capacity 26535K, committed 26800K, reserved 1073152K
  class space    used 3054K, capacity 3299K, committed 3328K, reserved 1048576K
}
Event: 3.881 GC heap after
{Heap after GC invocations=6 (full 0):
 garbage-first heap   total 152576K, used 10817K [0x0000000085400000, 0x0000000100000000)
  region size 1024K, 6 young (6144K), 6 survivors (6144K)
 Metaspace       used 25887K, capacity 26535K, committed 26800K, reserved 1073152K
  class space    used 3054K, capacity 3299K, committed 3328K, reserved 1048576K
}
Event: 5.151 GC heap before
{Heap before GC invocations=6 (full 0):
 garbage-first heap   total 152576K, used 69185K [0x0000000085400000, 0x0000000100000000)
  region size 1024K, 64 young (65536K), 6 survivors (6144K)
 Metaspace       used 31075K, capacity 31699K, committed 32048K, reserved 1077248K
  class space    used 3703K, capacity 3950K, committed 3968K, reserved 1048576K
}
Event: 5.176 GC heap after
{Heap after GC invocations=7 (full 0):
 garbage-first heap   total 152576K, used 17067K [0x0000000085400000, 0x0000000100000000)
  region size 1024K, 8 young (8192K), 8 survivors (8192K)
 Metaspace       used 31075K, capacity 31699K, committed 32048K, reserved 1077248K
  class space    used 3703K, capacity 3950K, committed 3968K, reserved 1048576K
}
Event: 5.961 GC heap before
{Heap before GC invocations=7 (full 0):
 garbage-first heap   total 152576K, used 100011K [0x0000000085400000, 0x0000000100000000)
  region size 1024K, 89 young (91136K), 8 survivors (8192K)
 Metaspace       used 33823K, capacity 34438K, committed 34736K, reserved 1079296K
  class space    used 4079K, capacity 4344K, committed 4352K, reserved 1048576K
}
Event: 6.009 GC heap after
{Heap after GC invocations=8 (full 0):
 garbage-first heap   total 152576K, used 22582K [0x0000000085400000, 0x0000000100000000)
  region size 1024K, 10 young (10240K), 10 survivors (10240K)
 Metaspace       used 33823K, capacity 34438K, committed 34736K, reserved 1079296K
  class space    used 4079K, capacity 4344K, committed 4352K, reserved 1048576K
}
Event: 6.161 GC heap before
{Heap before GC invocations=8 (full 0):
 garbage-first heap   total 152576K, used 38966K [0x0000000085400000, 0x0000000100000000)
  region size 1024K, 27 young (27648K), 10 survivors (10240K)
 Metaspace       used 34997K, capacity 35604K, committed 35888K, reserved 1081344K
  class space    used 4217K, capacity 4476K, committed 4480K, reserved 1048576K
}
Event: 6.185 GC heap after
{Heap after GC invocations=9 (full 0):
 garbage-first heap   total 152576K, used 23210K [0x0000000085400000, 0x0000000100000000)
  region size 1024K, 6 young (6144K), 6 survivors (6144K)
 Metaspace       used 34997K, capacity 35604K, committed 35888K, reserved 1081344K
  class space    used 4217K, capacity 4476K, committed 4480K, reserved 1048576K
}

Deoptimization events (0 events):
No events

Classes redefined (0 events):
No events

Internal exceptions (10 events):
Event: 40.293 Thread 0x00007feaa81c6800 Exception <a 'java/lang/NoSuchMethodError'{0x000000008cc089f0}: java.lang.invoke.DelegatingMethodHandle$Holder.reinvoke_L(Ljava/lang/Object;IILjava/lang/Object;Ljava/lang/Object;Ljava/lang/Object;Ljava/lang/Object;Ljava/lang/Object;)Ljava/lang/Object;> (0
Event: 40.295 Thread 0x00007feaa81c6800 Exception <a 'java/lang/NoSuchMethodError'{0x000000008cc53dd8}: java.lang.invoke.DirectMethodHandle$Holder.invokeStatic(Ljava/lang/Object;Ljava/lang/Object;Ljava/lang/Object;Ljava/lang/Object;Ljava/lang/Object;Ljava/lang/Object;Ljava/lang/Object;Ljava/lan
Event: 40.296 Thread 0x00007feaa81c6800 Exception <a 'java/lang/NoSuchMethodError'{0x000000008cc74708}: java.lang.invoke.DirectMethodHandle$Holder.invokeStatic(Ljava/lang/Object;Ljava/lang/Object;Ljava/lang/Object;Ljava/lang/Object;Ljava/lang/Object;Ljava/lang/Object;Ljava/lang/Object;Ljava/lan
Event: 40.298 Thread 0x00007feaa81c6800 Exception <a 'java/lang/NoSuchMethodError'{0x000000008cca6448}: java.lang.invoke.Invokers$Holder.linkToTargetMethod(Ljava/lang/Object;Ljava/lang/Object;Ljava/lang/Object;Ljava/lang/Object;Ljava/lang/Object;Ljava/lang/Object;)Ljava/lang/Object;> (0x0000000
Event: 40.435 Thread 0x00007feb3cf0d000 Exception <a 'java/lang/NoSuchMethodError'{0x000000008c97c010}: java.lang.invoke.DirectMethodHandle$Holder.invokeStaticInit(Ljava/lang/Object;Ljava/lang/Object;JLjava/lang/Object;)Ljava/lang/Object;> (0x000000008c97c010) thrown at [/scratch/opt/mach5/meso
Event: 40.435 Thread 0x00007feb3cf0d000 Exception <a 'java/lang/NoSuchMethodError'{0x000000008c981ef8}: java.lang.invoke.DirectMethodHandle$Holder.invokeStatic(Ljava/lang/Object;Ljava/lang/Object;J)Ljava/lang/Object;> (0x000000008c981ef8) thrown at [/scratch/opt/mach5/mesos/work_dir/slaves/2dd9
Event: 40.436 Thread 0x00007feb3cf0d000 Exception <a 'java/lang/NoSuchMethodError'{0x000000008c988740}: java.lang.invoke.DirectMethodHandle$Holder.invokeStatic(Ljava/lang/Object;Ljava/lang/Object;Ljava/lang/Object;I)Ljava/lang/Object;> (0x000000008c988740) thrown at [/scratch/opt/mach5/mesos/wo
Event: 40.436 Thread 0x00007feb3cf0d000 Exception <a 'java/lang/NoSuchMethodError'{0x000000008c98c108}: java.lang.invoke.DirectMethodHandle$Holder.invokeSpecial(Ljava/lang/Object;Ljava/lang/Object;Ljava/lang/Object;Ljava/lang/Object;I)Ljava/lang/Object;> (0x000000008c98c108) thrown at [/scratch
Event: 40.436 Thread 0x00007feb3cf0d000 Exception <a 'java/lang/NoSuchMethodError'{0x000000008c98f168}: java.lang.invoke.Invokers$Holder.linkToTargetMethod(Ljava/lang/Object;Ljava/lang/Object;ILjava/lang/Object;)Ljava/lang/Object;> (0x000000008c98f168) thrown at [/scratch/opt/mach5/mesos/work_d
Event: 40.676 Thread 0x00007feaa81c6800 Exception <a 'java/lang/UnsupportedOperationException'{0x000000008cab3588}: > (0x000000008cab3588) thrown at [/scratch/opt/mach5/mesos/work_dir/slaves/2dd962d0-8988-479b-a804-57ab764ada59-S1222/frameworks/1735e8a2-a1db-478c-8104-60c8b0af87dd-0196/executor

Events (10 events):
Event: 40.690 loading class sun/awt/im/CompositionAreaHandler done
Event: 40.690 loading class java/text/AttributedString
Event: 40.692 loading class java/text/AttributedString done
Event: 40.692 loading class java/text/AttributedString$AttributedStringIterator
Event: 40.692 loading class java/text/AttributedCharacterIterator
Event: 40.692 loading class java/text/CharacterIterator
Event: 40.693 loading class java/text/CharacterIterator done
Event: 40.693 loading class java/text/AttributedCharacterIterator done
Event: 40.693 loading class java/text/AttributedString$AttributedStringIterator done
Event: 41.784 Thread 0x00007feaf82a0800 Thread exited: 0x00007feaf82a0800


Dynamic libraries:
00400000-00401000 r-xp 00000000 08:05 6687755                            /usr/lib/jvm/jdk-11.0.2/bin/java
00600000-00601000 r--p 00000000 08:05 6687755                            /usr/lib/jvm/jdk-11.0.2/bin/java
00601000-00602000 rw-p 00001000 08:05 6687755                            /usr/lib/jvm/jdk-11.0.2/bin/java
01707000-01728000 rw-p 00000000 00:00 0                                  [heap]
85400000-8e900000 rw-p 00000000 00:00 0 
8e900000-100000000 ---p 00000000 00:00 0 
100000000-10058e000 rw-p 00000000 00:00 0 
10058e000-140000000 ---p 00000000 00:00 0 
7fea98a48000-7fea98a49000 ---p 00000000 00:00 0 
7fea98a49000-7fea99249000 rw-p 00000000 00:00 0 
7fea99249000-7fea9924a000 ---p 00000000 00:00 0 
7fea9924a000-7fea99a4a000 rw-p 00000000 00:00 0 
7fea99bd1000-7fea99be8000 r-xp 00000000 08:05 393222                     /lib/x86_64-linux-gnu/libgcc_s.so.1
7fea99be8000-7fea99de7000 ---p 00017000 08:05 393222                     /lib/x86_64-linux-gnu/libgcc_s.so.1
7fea99de7000-7fea99de8000 r--p 00016000 08:05 393222                     /lib/x86_64-linux-gnu/libgcc_s.so.1
7fea99de8000-7fea99de9000 rw-p 00017000 08:05 393222                     /lib/x86_64-linux-gnu/libgcc_s.so.1
7fea99de9000-7fea99f62000 r-xp 00000000 08:05 4852359                    /usr/lib/x86_64-linux-gnu/libstdc++.so.6.0.25
7fea99f62000-7fea9a162000 ---p 00179000 08:05 4852359                    /usr/lib/x86_64-linux-gnu/libstdc++.so.6.0.25
7fea9a162000-7fea9a16c000 r--p 00179000 08:05 4852359                    /usr/lib/x86_64-linux-gnu/libstdc++.so.6.0.25
7fea9a16c000-7fea9a16e000 rw-p 00183000 08:05 4852359                    /usr/lib/x86_64-linux-gnu/libstdc++.so.6.0.25
7fea9a16e000-7fea9a172000 rw-p 00000000 00:00 0 
7fea9a172000-7fea9a17e000 r-xp 00000000 08:05 4852252                    /usr/lib/libflightSimLib.so
7fea9a17e000-7fea9a37d000 ---p 0000c000 08:05 4852252                    /usr/lib/libflightSimLib.so
7fea9a37d000-7fea9a37e000 r--p 0000b000 08:05 4852252                    /usr/lib/libflightSimLib.so
7fea9a37e000-7fea9a37f000 rw-p 0000c000 08:05 4852252                    /usr/lib/libflightSimLib.so
7fea9a37f000-7fea9a3d7000 r-xp 00000000 08:05 4852233                    /usr/lib/libdjiosdk-core.so
7fea9a3d7000-7fea9a5d6000 ---p 00058000 08:05 4852233                    /usr/lib/libdjiosdk-core.so
7fea9a5d6000-7fea9a5d8000 r--p 00057000 08:05 4852233                    /usr/lib/libdjiosdk-core.so
7fea9a5d8000-7fea9a5da000 rw-p 00059000 08:05 4852233                    /usr/lib/libdjiosdk-core.so
7fea9a5da000-7fea9a5db000 rw-p 00000000 00:00 0 
7fea9a5db000-7fea9a5de000 r-xp 00000000 08:05 5509312                    /home/vidurk/CasLab/Spring-Kafka-Device-Node-String/src/main/java/com/codenotfound/kafka/osdkLinker/libLinked.so
7fea9a5de000-7fea9a7dd000 ---p 00003000 08:05 5509312                    /home/vidurk/CasLab/Spring-Kafka-Device-Node-String/src/main/java/com/codenotfound/kafka/osdkLinker/libLinked.so
7fea9a7dd000-7fea9a7de000 r--p 00002000 08:05 5509312                    /home/vidurk/CasLab/Spring-Kafka-Device-Node-String/src/main/java/com/codenotfound/kafka/osdkLinker/libLinked.so
7fea9a7de000-7fea9a7df000 rw-p 00003000 08:05 5509312                    /home/vidurk/CasLab/Spring-Kafka-Device-Node-String/src/main/java/com/codenotfound/kafka/osdkLinker/libLinked.so
7fea9a7df000-7fea9a7f7000 r-xp 00000000 08:05 4597835                    /home/vidurk/.cache/JNA/temp/jna4478151355294961707.tmp (deleted)
7fea9a7f7000-7fea9a9f7000 ---p 00018000 08:05 4597835                    /home/vidurk/.cache/JNA/temp/jna4478151355294961707.tmp (deleted)
7fea9a9f7000-7fea9a9f8000 rw-p 00018000 08:05 4597835                    /home/vidurk/.cache/JNA/temp/jna4478151355294961707.tmp (deleted)
7fea9a9f8000-7fea9abf8000 rw-p 00000000 00:00 0 
7fea9abf8000-7fea9abf9000 ---p 00000000 00:00 0 
7fea9abf9000-7fea9b5f9000 rw-p 00000000 00:00 0 
7fea9b5f9000-7fea9b5fe000 r-xp 00000000 08:05 4857609                    /usr/lib/x86_64-linux-gnu/libXfixes.so.3.1.0
7fea9b5fe000-7fea9b7fd000 ---p 00005000 08:05 4857609                    /usr/lib/x86_64-linux-gnu/libXfixes.so.3.1.0
7fea9b7fd000-7fea9b7fe000 r--p 00004000 08:05 4857609                    /usr/lib/x86_64-linux-gnu/libXfixes.so.3.1.0
7fea9b7fe000-7fea9b7ff000 rw-p 00005000 08:05 4857609                    /usr/lib/x86_64-linux-gnu/libXfixes.so.3.1.0
7fea9b7ff000-7fea9b800000 ---p 00000000 00:00 0 
7fea9b800000-7fea9c000000 rw-p 00000000 00:00 0 
7fea9c000000-7fea9c02f000 rw-p 00000000 00:00 0 
7fea9c02f000-7feaa0000000 ---p 00000000 00:00 0 
7feaa015e000-7feaa0167000 r-xp 00000000 08:05 4857601                    /usr/lib/x86_64-linux-gnu/libXcursor.so.1.0.2
7feaa0167000-7feaa0366000 ---p 00009000 08:05 4857601                    /usr/lib/x86_64-linux-gnu/libXcursor.so.1.0.2
7feaa0366000-7feaa0367000 r--p 00008000 08:05 4857601                    /usr/lib/x86_64-linux-gnu/libXcursor.so.1.0.2
7feaa0367000-7feaa0368000 rw-p 00009000 08:05 4857601                    /usr/lib/x86_64-linux-gnu/libXcursor.so.1.0.2
7feaa0368000-7feaa0369000 ---p 00000000 00:00 0 
7feaa0369000-7feaa0b69000 rw-p 00000000 00:00 0 
7feaa0b69000-7feaa0b75000 r-xp 00000000 08:05 5114599                    /usr/lib/x86_64-linux-gnu/gio/modules/libdconfsettings.so
7feaa0b75000-7feaa0d74000 ---p 0000c000 08:05 5114599                    /usr/lib/x86_64-linux-gnu/gio/modules/libdconfsettings.so
7feaa0d74000-7feaa0d75000 r--p 0000b000 08:05 5114599                    /usr/lib/x86_64-linux-gnu/gio/modules/libdconfsettings.so
7feaa0d75000-7feaa0d76000 rw-p 0000c000 08:05 5114599                    /usr/lib/x86_64-linux-gnu/gio/modules/libdconfsettings.so
7feaa0d76000-7feaa0d7c000 r-xp 00000000 08:05 397913                     /lib/x86_64-linux-gnu/libuuid.so.1.3.0
7feaa0d7c000-7feaa0f7b000 ---p 00006000 08:05 397913                     /lib/x86_64-linux-gnu/libuuid.so.1.3.0
7feaa0f7b000-7feaa0f7c000 r--p 00005000 08:05 397913                     /lib/x86_64-linux-gnu/libuuid.so.1.3.0
7feaa0f7c000-7feaa0f7d000 rw-p 00006000 08:05 397913                     /lib/x86_64-linux-gnu/libuuid.so.1.3.0
7feaa0f7d000-7feaa0fc4000 r-xp 00000000 08:05 397916                     /lib/x86_64-linux-gnu/libblkid.so.1.1.0
7feaa0fc4000-7feaa11c4000 ---p 00047000 08:05 397916                     /lib/x86_64-linux-gnu/libblkid.so.1.1.0
7feaa11c4000-7feaa11c8000 r--p 00047000 08:05 397916                     /lib/x86_64-linux-gnu/libblkid.so.1.1.0
7feaa11c8000-7feaa11c9000 rw-p 0004b000 08:05 397916                     /lib/x86_64-linux-gnu/libblkid.so.1.1.0
7feaa11c9000-7feaa11ca000 rw-p 00000000 00:00 0 
7feaa11ca000-7feaa123a000 r-xp 00000000 08:05 398144                     /lib/x86_64-linux-gnu/libpcre.so.3.13.3
7feaa123a000-7feaa143a000 ---p 00070000 08:05 398144                     /lib/x86_64-linux-gnu/libpcre.so.3.13.3
7feaa143a000-7feaa143b000 r--p 00070000 08:05 398144                     /lib/x86_64-linux-gnu/libpcre.so.3.13.3
7feaa143b000-7feaa143c000 rw-p 00071000 08:05 398144                     /lib/x86_64-linux-gnu/libpcre.so.3.13.3
7feaa143c000-7feaa1443000 r-xp 00000000 08:05 4857936                    /usr/lib/x86_64-linux-gnu/libffi.so.6.0.4
7feaa1443000-7feaa1642000 ---p 00007000 08:05 4857936                    /usr/lib/x86_64-linux-gnu/libffi.so.6.0.4
7feaa1642000-7feaa1643000 r--p 00006000 08:05 4857936                    /usr/lib/x86_64-linux-gnu/libffi.so.6.0.4
7feaa1643000-7feaa1644000 rw-p 00007000 08:05 4857936                    /usr/lib/x86_64-linux-gnu/libffi.so.6.0.4
7feaa1644000-7feaa1695000 r-xp 00000000 08:05 397918                     /lib/x86_64-linux-gnu/libmount.so.1.1.0
7feaa1695000-7feaa1894000 ---p 00051000 08:05 397918                     /lib/x86_64-linux-gnu/libmount.so.1.1.0
7feaa1894000-7feaa1896000 r--p 00050000 08:05 397918                     /lib/x86_64-linux-gnu/libmount.so.1.1.0
7feaa1896000-7feaa1897000 rw-p 00052000 08:05 397918                     /lib/x86_64-linux-gnu/libmount.so.1.1.0
7feaa1897000-7feaa1898000 rw-p 00000000 00:00 0 
7feaa1898000-7feaa18af000 r-xp 00000000 08:05 398161                     /lib/x86_64-linux-gnu/libresolv-2.27.so
7feaa18af000-7feaa1aaf000 ---p 00017000 08:05 398161                     /lib/x86_64-linux-gnu/libresolv-2.27.so
7feaa1aaf000-7feaa1ab0000 r--p 00017000 08:05 398161                     /lib/x86_64-linux-gnu/libresolv-2.27.so
7feaa1ab0000-7feaa1ab1000 rw-p 00018000 08:05 398161                     /lib/x86_64-linux-gnu/libresolv-2.27.so
7feaa1ab1000-7feaa1ab3000 rw-p 00000000 00:00 0 
7feaa1ab3000-7feaa1ad8000 r-xp 00000000 08:05 398167                     /lib/x86_64-linux-gnu/libselinux.so.1
7feaa1ad8000-7feaa1cd7000 ---p 00025000 08:05 398167                     /lib/x86_64-linux-gnu/libselinux.so.1
7feaa1cd7000-7feaa1cd8000 r--p 00024000 08:05 398167                     /lib/x86_64-linux-gnu/libselinux.so.1
7feaa1cd8000-7feaa1cd9000 rw-p 00025000 08:05 398167                     /lib/x86_64-linux-gnu/libselinux.so.1
7feaa1cd9000-7feaa1cdb000 rw-p 00000000 00:00 0 
7feaa1cdb000-7feaa1dee000 r-xp 00000000 08:05 4850007                    /usr/lib/x86_64-linux-gnu/libglib-2.0.so.0.5600.3
7feaa1dee000-7feaa1fee000 ---p 00113000 08:05 4850007                    /usr/lib/x86_64-linux-gnu/libglib-2.0.so.0.5600.3
7feaa1fee000-7feaa1fef000 r--p 00113000 08:05 4850007                    /usr/lib/x86_64-linux-gnu/libglib-2.0.so.0.5600.3
7feaa1fef000-7feaa1ff0000 rw-p 00114000 08:05 4850007                    /usr/lib/x86_64-linux-gnu/libglib-2.0.so.0.5600.3
7feaa1ff0000-7feaa1ff1000 rw-p 00000000 00:00 0 
7feaa1ff1000-7feaa1ff4000 r-xp 00000000 08:05 4850030                    /usr/lib/x86_64-linux-gnu/libgmodule-2.0.so.0.5600.3
7feaa1ff4000-7feaa21f3000 ---p 00003000 08:05 4850030                    /usr/lib/x86_64-linux-gnu/libgmodule-2.0.so.0.5600.3
7feaa21f3000-7feaa21f4000 r--p 00002000 08:05 4850030                    /usr/lib/x86_64-linux-gnu/libgmodule-2.0.so.0.5600.3
7feaa21f4000-7feaa21f5000 rw-p 00003000 08:05 4850030                    /usr/lib/x86_64-linux-gnu/libgmodule-2.0.so.0.5600.3
7feaa21f5000-7feaa2247000 r-xp 00000000 08:05 4850031                    /usr/lib/x86_64-linux-gnu/libgobject-2.0.so.0.5600.3
7feaa2247000-7feaa2447000 ---p 00052000 08:05 4850031                    /usr/lib/x86_64-linux-gnu/libgobject-2.0.so.0.5600.3
7feaa2447000-7feaa2448000 r--p 00052000 08:05 4850031                    /usr/lib/x86_64-linux-gnu/libgobject-2.0.so.0.5600.3
7feaa2448000-7feaa2449000 rw-p 00053000 08:05 4850031                    /usr/lib/x86_64-linux-gnu/libgobject-2.0.so.0.5600.3
7feaa2449000-7feaa25de000 r-xp 00000000 08:05 4849999                    /usr/lib/x86_64-linux-gnu/libgio-2.0.so.0.5600.3
7feaa25de000-7feaa27de000 ---p 00195000 08:05 4849999                    /usr/lib/x86_64-linux-gnu/libgio-2.0.so.0.5600.3
7feaa27de000-7feaa27e5000 r--p 00195000 08:05 4849999                    /usr/lib/x86_64-linux-gnu/libgio-2.0.so.0.5600.3
7feaa27e5000-7feaa27e6000 rw-p 0019c000 08:05 4849999                    /usr/lib/x86_64-linux-gnu/libgio-2.0.so.0.5600.3
7feaa27e6000-7feaa27e8000 rw-p 00000000 00:00 0 
7feaa27e8000-7feaa27f2000 r-xp 00000000 08:05 4857625                    /usr/lib/x86_64-linux-gnu/libXrandr.so.2.2.0
7feaa27f2000-7feaa29f1000 ---p 0000a000 08:05 4857625                    /usr/lib/x86_64-linux-gnu/libXrandr.so.2.2.0
7feaa29f1000-7feaa29f2000 r--p 00009000 08:05 4857625                    /usr/lib/x86_64-linux-gnu/libXrandr.so.2.2.0
7feaa29f2000-7feaa29f3000 rw-p 0000a000 08:05 4857625                    /usr/lib/x86_64-linux-gnu/libXrandr.so.2.2.0
7feaa29f3000-7feaa2a24000 r-xp 00000000 08:05 4858458                    /usr/lib/x86_64-linux-gnu/libpng16.so.16.34.0
7feaa2a24000-7feaa2c23000 ---p 00031000 08:05 4858458                    /usr/lib/x86_64-linux-gnu/libpng16.so.16.34.0
7feaa2c23000-7feaa2c24000 r--p 00030000 08:05 4858458                    /usr/lib/x86_64-linux-gnu/libpng16.so.16.34.0
7feaa2c24000-7feaa2c25000 rw-p 00031000 08:05 4858458                    /usr/lib/x86_64-linux-gnu/libpng16.so.16.34.0
7feaa2c25000-7feaa2cd2000 r-xp 00000000 08:05 4857968                    /usr/lib/x86_64-linux-gnu/libfreetype.so.6.15.0
7feaa2cd2000-7feaa2ed1000 ---p 000ad000 08:05 4857968                    /usr/lib/x86_64-linux-gnu/libfreetype.so.6.15.0
7feaa2ed1000-7feaa2ed8000 r--p 000ac000 08:05 4857968                    /usr/lib/x86_64-linux-gnu/libfreetype.so.6.15.0
7feaa2ed8000-7feaa2ed9000 rw-p 000b3000 08:05 4857968                    /usr/lib/x86_64-linux-gnu/libfreetype.so.6.15.0
7feaa2ed9000-7feaa2f96000 r-xp 00000000 08:05 6687851                    /usr/lib/jvm/jdk-11.0.2/lib/libfontmanager.so
7feaa2f96000-7feaa3195000 ---p 000bd000 08:05 6687851                    /usr/lib/jvm/jdk-11.0.2/lib/libfontmanager.so
7feaa3195000-7feaa3197000 r--p 000bc000 08:05 6687851                    /usr/lib/jvm/jdk-11.0.2/lib/libfontmanager.so
7feaa3197000-7feaa3198000 rw-p 000be000 08:05 6687851                    /usr/lib/jvm/jdk-11.0.2/lib/libfontmanager.so
7feaa3198000-7feaa3199000 rw-p 00000000 00:00 0 
7feaa3199000-7feaa31ac000 r-xp 00000000 08:05 398018                     /lib/x86_64-linux-gnu/libbsd.so.0.8.7
7feaa31ac000-7feaa33ab000 ---p 00013000 08:05 398018                     /lib/x86_64-linux-gnu/libbsd.so.0.8.7
7feaa33ab000-7feaa33ac000 r--p 00012000 08:05 398018                     /lib/x86_64-linux-gnu/libbsd.so.0.8.7
7feaa33ac000-7feaa33ad000 rw-p 00013000 08:05 398018                     /lib/x86_64-linux-gnu/libbsd.so.0.8.7
7feaa33ad000-7feaa33ae000 rw-p 00000000 00:00 0 
7feaa33ae000-7feaa33b3000 r-xp 00000000 08:05 4857605                    /usr/lib/x86_64-linux-gnu/libXdmcp.so.6.0.0
7feaa33b3000-7feaa35b2000 ---p 00005000 08:05 4857605                    /usr/lib/x86_64-linux-gnu/libXdmcp.so.6.0.0
7feaa35b2000-7feaa35b3000 r--p 00004000 08:05 4857605                    /usr/lib/x86_64-linux-gnu/libXdmcp.so.6.0.0
7feaa35b3000-7feaa35b4000 rw-p 00005000 08:05 4857605                    /usr/lib/x86_64-linux-gnu/libXdmcp.so.6.0.0
7feaa35b4000-7feaa35b6000 r-xp 00000000 08:05 4857594                    /usr/lib/x86_64-linux-gnu/libXau.so.6.0.0
7feaa35b6000-7feaa37b6000 ---p 00002000 08:05 4857594                    /usr/lib/x86_64-linux-gnu/libXau.so.6.0.0
7feaa37b6000-7feaa37b7000 r--p 00002000 08:05 4857594                    /usr/lib/x86_64-linux-gnu/libXau.so.6.0.0
7feaa37b7000-7feaa37b8000 rw-p 00003000 08:05 4857594                    /usr/lib/x86_64-linux-gnu/libXau.so.6.0.0
7feaa37b8000-7feaa37de000 r-xp 00000000 08:05 4858798                    /usr/lib/x86_64-linux-gnu/libxcb.so.1.1.0
7feaa37de000-7feaa39de000 ---p 00026000 08:05 4858798                    /usr/lib/x86_64-linux-gnu/libxcb.so.1.1.0
7feaa39de000-7feaa39df000 r--p 00026000 08:05 4858798                    /usr/lib/x86_64-linux-gnu/libxcb.so.1.1.0
7feaa39df000-7feaa39e0000 rw-p 00027000 08:05 4858798                    /usr/lib/x86_64-linux-gnu/libxcb.so.1.1.0
7feaa39e0000-7feaa39ef000 r-xp 00000000 08:05 4857615                    /usr/lib/x86_64-linux-gnu/libXi.so.6.1.0
7feaa39ef000-7feaa3bee000 ---p 0000f000 08:05 4857615                    /usr/lib/x86_64-linux-gnu/libXi.so.6.1.0
7feaa3bee000-7feaa3bef000 r--p 0000e000 08:05 4857615                    /usr/lib/x86_64-linux-gnu/libXi.so.6.1.0
7feaa3bef000-7feaa3bf0000 rw-p 0000f000 08:05 4857615                    /usr/lib/x86_64-linux-gnu/libXi.so.6.1.0
7feaa3bf0000-7feaa3bf5000 r-xp 00000000 08:05 4857633                    /usr/lib/x86_64-linux-gnu/libXtst.so.6.1.0
7feaa3bf5000-7feaa3df4000 ---p 00005000 08:05 4857633                    /usr/lib/x86_64-linux-gnu/libXtst.so.6.1.0
7feaa3df4000-7feaa3df5000 r--p 00004000 08:05 4857633                    /usr/lib/x86_64-linux-gnu/libXtst.so.6.1.0
7feaa3df5000-7feaa3df6000 rw-p 00005000 08:05 4857633                    /usr/lib/x86_64-linux-gnu/libXtst.so.6.1.0
7feaa3df6000-7feaa3dff000 r-xp 00000000 08:05 4857627                    /usr/lib/x86_64-linux-gnu/libXrender.so.1.3.0
7feaa3dff000-7feaa3ffe000 ---p 00009000 08:05 4857627                    /usr/lib/x86_64-linux-gnu/libXrender.so.1.3.0
7feaa3ffe000-7feaa3fff000 r--p 00008000 08:05 4857627                    /usr/lib/x86_64-linux-gnu/libXrender.so.1.3.0
7feaa3fff000-7feaa4000000 rw-p 00009000 08:05 4857627                    /usr/lib/x86_64-linux-gnu/libXrender.so.1.3.0
7feaa4000000-7feaa4021000 rw-p 00000000 00:00 0 
7feaa4021000-7feaa8000000 ---p 00000000 00:00 0 
7feaa8000000-7feaa8258000 rw-p 00000000 00:00 0 
7feaa8258000-7feaac000000 ---p 00000000 00:00 0 
7feaac000000-7feaac073000 rw-p 00000000 00:00 0 
7feaac073000-7feab0000000 ---p 00000000 00:00 0 
7feab0000000-7feab0021000 rw-p 00000000 00:00 0 
7feab0021000-7feab4000000 ---p 00000000 00:00 0 
7feab4000000-7feab4021000 rw-p 00000000 00:00 0 
7feab4021000-7feab8000000 ---p 00000000 00:00 0 
7feab8000000-7feab8021000 rw-p 00000000 00:00 0 
7feab8021000-7feabc000000 ---p 00000000 00:00 0 
7feabc000000-7feabc021000 rw-p 00000000 00:00 0 
7feabc021000-7feac0000000 ---p 00000000 00:00 0 
7feac0000000-7feac01cd000 rw-p 00000000 00:00 0 
7feac01cd000-7feac4000000 ---p 00000000 00:00 0 
7feac4000000-7feac4034000 rw-p 00000000 00:00 0 
7feac4034000-7feac8000000 ---p 00000000 00:00 0 
7feac8061000-7feac8194000 r-xp 00000000 08:05 4855769                    /usr/lib/x86_64-linux-gnu/libX11.so.6.3.0
7feac8194000-7feac8394000 ---p 00133000 08:05 4855769                    /usr/lib/x86_64-linux-gnu/libX11.so.6.3.0
7feac8394000-7feac8395000 r--p 00133000 08:05 4855769                    /usr/lib/x86_64-linux-gnu/libX11.so.6.3.0
7feac8395000-7feac8399000 rw-p 00134000 08:05 4855769                    /usr/lib/x86_64-linux-gnu/libX11.so.6.3.0
7feac8399000-7feac83aa000 r-xp 00000000 08:05 4857607                    /usr/lib/x86_64-linux-gnu/libXext.so.6.4.0
7feac83aa000-7feac85a9000 ---p 00011000 08:05 4857607                    /usr/lib/x86_64-linux-gnu/libXext.so.6.4.0
7feac85a9000-7feac85aa000 r--p 00010000 08:05 4857607                    /usr/lib/x86_64-linux-gnu/libXext.so.6.4.0
7feac85aa000-7feac85ab000 rw-p 00011000 08:05 4857607                    /usr/lib/x86_64-linux-gnu/libXext.so.6.4.0
7feac85ab000-7feac8609000 r-xp 00000000 08:05 6687849                    /usr/lib/jvm/jdk-11.0.2/lib/libawt_xawt.so
7feac8609000-7feac8808000 ---p 0005e000 08:05 6687849                    /usr/lib/jvm/jdk-11.0.2/lib/libawt_xawt.so
7feac8808000-7feac8809000 r--p 0005d000 08:05 6687849                    /usr/lib/jvm/jdk-11.0.2/lib/libawt_xawt.so
7feac8809000-7feac880c000 rw-p 0005e000 08:05 6687849                    /usr/lib/jvm/jdk-11.0.2/lib/libawt_xawt.so
7feac880c000-7feac880e000 rw-p 00000000 00:00 0 
7feac880e000-7feac88ae000 r-xp 00000000 08:05 6687873                    /usr/lib/jvm/jdk-11.0.2/lib/libawt.so
7feac88ae000-7feac8aae000 ---p 000a0000 08:05 6687873                    /usr/lib/jvm/jdk-11.0.2/lib/libawt.so
7feac8aae000-7feac8aaf000 r--p 000a0000 08:05 6687873                    /usr/lib/jvm/jdk-11.0.2/lib/libawt.so
7feac8aaf000-7feac8aba000 rw-p 000a1000 08:05 6687873                    /usr/lib/jvm/jdk-11.0.2/lib/libawt.so
7feac8aba000-7feac8cdf000 rw-p 00000000 00:00 0 
7feac8cdf000-7feac8ce3000 ---p 00000000 00:00 0 
7feac8ce3000-7feac8de0000 rw-p 00000000 00:00 0 
7feac8de0000-7feac8de4000 ---p 00000000 00:00 0 
7feac8de4000-7feac8ee1000 rw-p 00000000 00:00 0 
7feac8ee1000-7feac8ee5000 ---p 00000000 00:00 0 
7feac8ee5000-7feac8fe2000 rw-p 00000000 00:00 0 
7feac8fe2000-7feac8fe6000 ---p 00000000 00:00 0 
7feac8fe6000-7feac90e3000 rw-p 00000000 00:00 0 
7feac90e3000-7feac90e7000 ---p 00000000 00:00 0 
7feac90e7000-7feac91e4000 rw-p 00000000 00:00 0 
7feac91e4000-7feac91e8000 ---p 00000000 00:00 0 
7feac91e8000-7feac92e5000 rw-p 00000000 00:00 0 
7feac92e5000-7feac92e9000 ---p 00000000 00:00 0 
7feac92e9000-7feac93e6000 rw-p 00000000 00:00 0 
7feac93e6000-7feac93ea000 ---p 00000000 00:00 0 
7feac93ea000-7feac94e7000 rw-p 00000000 00:00 0 
7feac94e7000-7feac94eb000 ---p 00000000 00:00 0 
7feac94eb000-7feac95e8000 rw-p 00000000 00:00 0 
7feac95e8000-7feac95ec000 ---p 00000000 00:00 0 
7feac95ec000-7feac96e9000 rw-p 00000000 00:00 0 
7feac96e9000-7feac96ed000 ---p 00000000 00:00 0 
7feac96ed000-7feac97ea000 rw-p 00000000 00:00 0 
7feac97ea000-7feac97ee000 ---p 00000000 00:00 0 
7feac97ee000-7feac98eb000 rw-p 00000000 00:00 0 
7feac98eb000-7feac98ef000 ---p 00000000 00:00 0 
7feac98ef000-7feac99ec000 rw-p 00000000 00:00 0 
7feac99ec000-7feac99f0000 ---p 00000000 00:00 0 
7feac99f0000-7feac9aed000 rw-p 00000000 00:00 0 
7feac9aed000-7feac9af1000 ---p 00000000 00:00 0 
7feac9af1000-7feac9bee000 rw-p 00000000 00:00 0 
7feac9bee000-7feac9bf2000 ---p 00000000 00:00 0 
7feac9bf2000-7feac9cef000 rw-p 00000000 00:00 0 
7feac9cef000-7feac9cf3000 ---p 00000000 00:00 0 
7feac9cf3000-7feac9df0000 rw-p 00000000 00:00 0 
7feac9df0000-7feac9df4000 ---p 00000000 00:00 0 
7feac9df4000-7feac9ef1000 rw-p 00000000 00:00 0 
7feac9ef1000-7feac9ef5000 ---p 00000000 00:00 0 
7feac9ef5000-7feac9ff2000 rw-p 00000000 00:00 0 
7feac9ff2000-7feac9ff6000 ---p 00000000 00:00 0 
7feac9ff6000-7feaca0f3000 rw-p 00000000 00:00 0 
7feaca0f3000-7feaca0f7000 ---p 00000000 00:00 0 
7feaca0f7000-7feaca1f4000 rw-p 00000000 00:00 0 
7feaca1f4000-7feaca1f8000 ---p 00000000 00:00 0 
7feaca1f8000-7feaca4f5000 rw-p 00000000 00:00 0 
7feaca4f5000-7feaca4f9000 ---p 00000000 00:00 0 
7feaca4f9000-7feaca7f6000 rw-p 00000000 00:00 0 
7feaca7f6000-7feaca7fa000 ---p 00000000 00:00 0 
7feaca7fa000-7feacaaf7000 rw-p 00000000 00:00 0 
7feacaaf7000-7feacacf7000 rw-p 00000000 00:00 0 
7feacacf7000-7feacaef7000 rw-p 00000000 00:00 0 
7feacaef7000-7feacaefb000 ---p 00000000 00:00 0 
7feacaefb000-7feacb1f8000 rw-p 00000000 00:00 0 
7feacb1f8000-7feacb3e4000 rw-p 00000000 00:00 0 
7feacb3e4000-7feacb3f8000 ---p 00000000 00:00 0 
7feacb3f8000-7feacb3f9000 ---p 00000000 00:00 0 
7feacb3f9000-7feacb4fa000 rw-p 00000000 00:00 0 
7feacb4fa000-7feacb4fb000 ---p 00000000 00:00 0 
7feacb4fb000-7feacb5fc000 rw-p 00000000 00:00 0 
7feacb5fc000-7feacb600000 ---p 00000000 00:00 0 
7feacb600000-7feacb8fd000 rw-p 00000000 00:00 0 
7feacb8fd000-7feacbafd000 rw-p 00000000 00:00 0 
7feacbafd000-7feacbb01000 ---p 00000000 00:00 0 
7feacbb01000-7feacbbfe000 rw-p 00000000 00:00 0 
7feacbbfe000-7feacbc02000 ---p 00000000 00:00 0 
7feacbc02000-7feacbcff000 rw-p 00000000 00:00 0 
7feacbcff000-7feacbd03000 ---p 00000000 00:00 0 
7feacbd03000-7feacc000000 rw-p 00000000 00:00 0 
7feacc000000-7feacc029000 rw-p 00000000 00:00 0 
7feacc029000-7fead0000000 ---p 00000000 00:00 0 
7fead0000000-7fead0021000 rw-p 00000000 00:00 0 
7fead0021000-7fead4000000 ---p 00000000 00:00 0 
7fead4000000-7fead4021000 rw-p 00000000 00:00 0 
7fead4021000-7fead8000000 ---p 00000000 00:00 0 
7fead8000000-7fead8021000 rw-p 00000000 00:00 0 
7fead8021000-7feadc000000 ---p 00000000 00:00 0 
7feadc000000-7feadc021000 rw-p 00000000 00:00 0 
7feadc021000-7feae0000000 ---p 00000000 00:00 0 
7feae0000000-7feae0021000 rw-p 00000000 00:00 0 
7feae0021000-7feae4000000 ---p 00000000 00:00 0 
7feae4000000-7feae4220000 rw-p 00000000 00:00 0 
7feae4220000-7feae8000000 ---p 00000000 00:00 0 
7feae8000000-7feae827e000 rw-p 00000000 00:00 0 
7feae827e000-7feaec000000 ---p 00000000 00:00 0 
7feaec000000-7feaec021000 rw-p 00000000 00:00 0 
7feaec021000-7feaf0000000 ---p 00000000 00:00 0 
7feaf0000000-7feaf0021000 rw-p 00000000 00:00 0 
7feaf0021000-7feaf4000000 ---p 00000000 00:00 0 
7feaf4000000-7feaf4021000 rw-p 00000000 00:00 0 
7feaf4021000-7feaf8000000 ---p 00000000 00:00 0 
7feaf8000000-7feaf82a5000 rw-p 00000000 00:00 0 
7feaf82a5000-7feafc000000 ---p 00000000 00:00 0 
7feafc000000-7feafc021000 rw-p 00000000 00:00 0 
7feafc021000-7feb00000000 ---p 00000000 00:00 0 
7feb00000000-7feb00021000 rw-p 00000000 00:00 0 
7feb00021000-7feb04000000 ---p 00000000 00:00 0 
7feb04000000-7feb04021000 rw-p 00000000 00:00 0 
7feb04021000-7feb08000000 ---p 00000000 00:00 0 
7feb08000000-7feb080f9000 rw-p 00000000 00:00 0 
7feb080f9000-7feb0c000000 ---p 00000000 00:00 0 
7feb0c000000-7feb0c021000 rw-p 00000000 00:00 0 
7feb0c021000-7feb10000000 ---p 00000000 00:00 0 
7feb10000000-7feb10021000 rw-p 00000000 00:00 0 
7feb10021000-7feb14000000 ---p 00000000 00:00 0 
7feb140f1000-7feb140f2000 ---p 00000000 00:00 0 
7feb140f2000-7feb141f3000 rw-p 00000000 00:00 0 
7feb141f3000-7feb141f7000 ---p 00000000 00:00 0 
7feb141f7000-7feb144f4000 rw-p 00000000 00:00 0 
7feb144f4000-7feb144f5000 ---p 00000000 00:00 0 
7feb144f5000-7feb145f6000 rw-p 00000000 00:00 0 
7feb145f6000-7feb145fa000 ---p 00000000 00:00 0 
7feb145fa000-7feb148f7000 rw-p 00000000 00:00 0 
7feb148f7000-7feb148fc000 r-xp 00000000 08:05 6687878                    /usr/lib/jvm/jdk-11.0.2/lib/libmanagement_ext.so
7feb148fc000-7feb14afb000 ---p 00005000 08:05 6687878                    /usr/lib/jvm/jdk-11.0.2/lib/libmanagement_ext.so
7feb14afb000-7feb14afc000 r--p 00004000 08:05 6687878                    /usr/lib/jvm/jdk-11.0.2/lib/libmanagement_ext.so
7feb14afc000-7feb14afd000 rw-p 00005000 08:05 6687878                    /usr/lib/jvm/jdk-11.0.2/lib/libmanagement_ext.so
7feb14afd000-7feb14b01000 r-xp 00000000 08:05 6687856                    /usr/lib/jvm/jdk-11.0.2/lib/libmanagement.so
7feb14b01000-7feb14d00000 ---p 00004000 08:05 6687856                    /usr/lib/jvm/jdk-11.0.2/lib/libmanagement.so
7feb14d00000-7feb14d01000 r--p 00003000 08:05 6687856                    /usr/lib/jvm/jdk-11.0.2/lib/libmanagement.so
7feb14d01000-7feb14d02000 rw-p 00004000 08:05 6687856                    /usr/lib/jvm/jdk-11.0.2/lib/libmanagement.so
7feb14d02000-7feb14d04000 r-xp 00000000 08:05 6687871                    /usr/lib/jvm/jdk-11.0.2/lib/libextnet.so
7feb14d04000-7feb14f03000 ---p 00002000 08:05 6687871                    /usr/lib/jvm/jdk-11.0.2/lib/libextnet.so
7feb14f03000-7feb14f04000 r--p 00001000 08:05 6687871                    /usr/lib/jvm/jdk-11.0.2/lib/libextnet.so
7feb14f04000-7feb14f05000 rw-p 00002000 08:05 6687871                    /usr/lib/jvm/jdk-11.0.2/lib/libextnet.so
7feb14f05000-7feb14f09000 ---p 00000000 00:00 0 
7feb14f09000-7feb15006000 rw-p 00000000 00:00 0 
7feb15006000-7feb1500a000 ---p 00000000 00:00 0 
7feb1500a000-7feb15107000 rw-p 00000000 00:00 0 
7feb15107000-7feb1511d000 r-xp 00000000 08:05 6687876                    /usr/lib/jvm/jdk-11.0.2/lib/libnet.so
7feb1511d000-7feb1531d000 ---p 00016000 08:05 6687876                    /usr/lib/jvm/jdk-11.0.2/lib/libnet.so
7feb1531d000-7feb1531e000 r--p 00016000 08:05 6687876                    /usr/lib/jvm/jdk-11.0.2/lib/libnet.so
7feb1531e000-7feb1531f000 rw-p 00017000 08:05 6687876                    /usr/lib/jvm/jdk-11.0.2/lib/libnet.so
7feb1531f000-7feb1532f000 r-xp 00000000 08:05 6687842                    /usr/lib/jvm/jdk-11.0.2/lib/libnio.so
7feb1532f000-7feb1552e000 ---p 00010000 08:05 6687842                    /usr/lib/jvm/jdk-11.0.2/lib/libnio.so
7feb1552e000-7feb1552f000 r--p 0000f000 08:05 6687842                    /usr/lib/jvm/jdk-11.0.2/lib/libnio.so
7feb1552f000-7feb15530000 rw-p 00010000 08:05 6687842                    /usr/lib/jvm/jdk-11.0.2/lib/libnio.so
7feb15530000-7feb15534000 ---p 00000000 00:00 0 
7feb15534000-7feb15631000 rw-p 00000000 00:00 0 
7feb15631000-7feb16000000 r--p 00000000 08:05 4856494                    /usr/lib/locale/locale-archive
7feb16000000-7feb18000000 rw-p 00000000 00:00 0 
7feb18000000-7feb18059000 rw-p 00000000 00:00 0 
7feb18059000-7feb1c000000 ---p 00000000 00:00 0 
7feb1c09e000-7feb1c0a2000 ---p 00000000 00:00 0 
7feb1c0a2000-7feb1c19f000 rw-p 00000000 00:00 0 
7feb1c19f000-7feb1c1a3000 ---p 00000000 00:00 0 
7feb1c1a3000-7feb1c4f4000 rw-p 00000000 00:00 0 
7feb1c4f4000-7feb1e150000 ---p 00000000 00:00 0 
7feb1e150000-7feb1e3a4000 rw-p 00000000 00:00 0 
7feb1e3a4000-7feb20000000 ---p 00000000 00:00 0 
7feb20000000-7feb20021000 rw-p 00000000 00:00 0 
7feb20021000-7feb24000000 ---p 00000000 00:00 0 
7feb2403e000-7feb24042000 ---p 00000000 00:00 0 
7feb24042000-7feb2413f000 rw-p 00000000 00:00 0 
7feb2413f000-7feb24143000 ---p 00000000 00:00 0 
7feb24143000-7feb24240000 rw-p 00000000 00:00 0 
7feb24240000-7feb24244000 ---p 00000000 00:00 0 
7feb24244000-7feb24341000 rw-p 00000000 00:00 0 
7feb24341000-7feb24345000 ---p 00000000 00:00 0 
7feb24345000-7feb24c42000 rw-p 00000000 00:00 0 
7feb24c42000-7feb24eb2000 rwxp 00000000 00:00 0 
7feb24eb2000-7feb252e9000 ---p 00000000 00:00 0 
7feb252e9000-7feb25ab9000 rwxp 00000000 00:00 0 
7feb25ab9000-7feb33c42000 ---p 00000000 00:00 0 
7feb33c42000-7feb3c000000 r--s 00000000 08:05 6687898                    /usr/lib/jvm/jdk-11.0.2/lib/modules
7feb3c000000-7feb3cf23000 rw-p 00000000 00:00 0 
7feb3cf23000-7feb40000000 ---p 00000000 00:00 0 
7feb40061000-7feb40065000 ---p 00000000 00:00 0 
7feb40065000-7feb40083000 rw-p 00000000 00:00 0 
7feb40083000-7feb40087000 ---p 00000000 00:00 0 
7feb40087000-7feb40184000 rw-p 00000000 00:00 0 
7feb40184000-7feb40185000 ---p 00000000 00:00 0 
7feb40185000-7feb40307000 rw-p 00000000 00:00 0 
7feb40307000-7feb40308000 ---p 00000000 00:00 0 
7feb40308000-7feb40409000 rw-p 00000000 00:00 0 
7feb40409000-7feb4040a000 ---p 00000000 00:00 0 
7feb4040a000-7feb4090f000 rw-p 00000000 00:00 0 
7feb4090f000-7feb40910000 ---p 00000000 00:00 0 
7feb40910000-7feb40a11000 rw-p 00000000 00:00 0 
7feb40a11000-7feb40a12000 ---p 00000000 00:00 0 
7feb40a12000-7feb40b5e000 rw-p 00000000 00:00 0 
7feb40b5e000-7feb40ee9000 ---p 00000000 00:00 0 
7feb40ee9000-7feb40f34000 rw-p 00000000 00:00 0 
7feb40f34000-7feb412bf000 ---p 00000000 00:00 0 
7feb412bf000-7feb4130a000 rw-p 00000000 00:00 0 
7feb4130a000-7feb41695000 ---p 00000000 00:00 0 
7feb41695000-7feb41a99000 rw-p 00000000 00:00 0 
7feb41a99000-7feb41a9a000 ---p 00000000 00:00 0 
7feb41a9a000-7feb41bab000 rw-p 00000000 00:00 0 
7feb41bab000-7feb41d6e000 ---p 00000000 00:00 0 
7feb41d6e000-7feb41d89000 r-xp 00000000 08:05 6687874                    /usr/lib/jvm/jdk-11.0.2/lib/libjimage.so
7feb41d89000-7feb41f88000 ---p 0001b000 08:05 6687874                    /usr/lib/jvm/jdk-11.0.2/lib/libjimage.so
7feb41f88000-7feb41f8a000 r--p 0001a000 08:05 6687874                    /usr/lib/jvm/jdk-11.0.2/lib/libjimage.so
7feb41f8a000-7feb41f8b000 rw-p 0001c000 08:05 6687874                    /usr/lib/jvm/jdk-11.0.2/lib/libjimage.so
7feb41f8b000-7feb41f92000 r-xp 00000000 08:05 6687845                    /usr/lib/jvm/jdk-11.0.2/lib/libzip.so
7feb41f92000-7feb42191000 ---p 00007000 08:05 6687845                    /usr/lib/jvm/jdk-11.0.2/lib/libzip.so
7feb42191000-7feb42192000 r--p 00006000 08:05 6687845                    /usr/lib/jvm/jdk-11.0.2/lib/libzip.so
7feb42192000-7feb42193000 rw-p 00007000 08:05 6687845                    /usr/lib/jvm/jdk-11.0.2/lib/libzip.so
7feb42193000-7feb4219e000 r-xp 00000000 08:05 398112                     /lib/x86_64-linux-gnu/libnss_files-2.27.so
7feb4219e000-7feb4239d000 ---p 0000b000 08:05 398112                     /lib/x86_64-linux-gnu/libnss_files-2.27.so
7feb4239d000-7feb4239e000 r--p 0000a000 08:05 398112                     /lib/x86_64-linux-gnu/libnss_files-2.27.so
7feb4239e000-7feb4239f000 rw-p 0000b000 08:05 398112                     /lib/x86_64-linux-gnu/libnss_files-2.27.so
7feb4239f000-7feb423a5000 rw-p 00000000 00:00 0 
7feb423a5000-7feb423bc000 r-xp 00000000 08:05 398106                     /lib/x86_64-linux-gnu/libnsl-2.27.so
7feb423bc000-7feb425bb000 ---p 00017000 08:05 398106                     /lib/x86_64-linux-gnu/libnsl-2.27.so
7feb425bb000-7feb425bc000 r--p 00016000 08:05 398106                     /lib/x86_64-linux-gnu/libnsl-2.27.so
7feb425bc000-7feb425bd000 rw-p 00017000 08:05 398106                     /lib/x86_64-linux-gnu/libnsl-2.27.so
7feb425bd000-7feb425bf000 rw-p 00000000 00:00 0 
7feb425bf000-7feb425ca000 r-xp 00000000 08:05 398123                     /lib/x86_64-linux-gnu/libnss_nis-2.27.so
7feb425ca000-7feb427c9000 ---p 0000b000 08:05 398123                     /lib/x86_64-linux-gnu/libnss_nis-2.27.so
7feb427c9000-7feb427ca000 r--p 0000a000 08:05 398123                     /lib/x86_64-linux-gnu/libnss_nis-2.27.so
7feb427ca000-7feb427cb000 rw-p 0000b000 08:05 398123                     /lib/x86_64-linux-gnu/libnss_nis-2.27.so
7feb427cb000-7feb427d3000 r-xp 00000000 08:05 398108                     /lib/x86_64-linux-gnu/libnss_compat-2.27.so
7feb427d3000-7feb429d3000 ---p 00008000 08:05 398108                     /lib/x86_64-linux-gnu/libnss_compat-2.27.so
7feb429d3000-7feb429d4000 r--p 00008000 08:05 398108                     /lib/x86_64-linux-gnu/libnss_compat-2.27.so
7feb429d4000-7feb429d5000 rw-p 00009000 08:05 398108                     /lib/x86_64-linux-gnu/libnss_compat-2.27.so
7feb429d5000-7feb429df000 r-xp 00000000 08:05 6687853                    /usr/lib/jvm/jdk-11.0.2/lib/libinstrument.so
7feb429df000-7feb42bde000 ---p 0000a000 08:05 6687853                    /usr/lib/jvm/jdk-11.0.2/lib/libinstrument.so
7feb42bde000-7feb42bdf000 r--p 00009000 08:05 6687853                    /usr/lib/jvm/jdk-11.0.2/lib/libinstrument.so
7feb42bdf000-7feb42be0000 rw-p 0000a000 08:05 6687853                    /usr/lib/jvm/jdk-11.0.2/lib/libinstrument.so
7feb42be0000-7feb42c09000 r-xp 00000000 08:05 6687846                    /usr/lib/jvm/jdk-11.0.2/lib/libjava.so
7feb42c09000-7feb42e09000 ---p 00029000 08:05 6687846                    /usr/lib/jvm/jdk-11.0.2/lib/libjava.so
7feb42e09000-7feb42e0a000 r--p 00029000 08:05 6687846                    /usr/lib/jvm/jdk-11.0.2/lib/libjava.so
7feb42e0a000-7feb42e0c000 rw-p 0002a000 08:05 6687846                    /usr/lib/jvm/jdk-11.0.2/lib/libjava.so
7feb42e0c000-7feb42e19000 r-xp 00000000 08:05 6687893                    /usr/lib/jvm/jdk-11.0.2/lib/libverify.so
7feb42e19000-7feb43018000 ---p 0000d000 08:05 6687893                    /usr/lib/jvm/jdk-11.0.2/lib/libverify.so
7feb43018000-7feb4301a000 r--p 0000c000 08:05 6687893                    /usr/lib/jvm/jdk-11.0.2/lib/libverify.so
7feb4301a000-7feb4301b000 rw-p 0000e000 08:05 6687893                    /usr/lib/jvm/jdk-11.0.2/lib/libverify.so
7feb4301b000-7feb43022000 r-xp 00000000 08:05 398163                     /lib/x86_64-linux-gnu/librt-2.27.so
7feb43022000-7feb43221000 ---p 00007000 08:05 398163                     /lib/x86_64-linux-gnu/librt-2.27.so
7feb43221000-7feb43222000 r--p 00006000 08:05 398163                     /lib/x86_64-linux-gnu/librt-2.27.so
7feb43222000-7feb43223000 rw-p 00007000 08:05 398163                     /lib/x86_64-linux-gnu/librt-2.27.so
7feb43223000-7feb433c0000 r-xp 00000000 08:05 398085                     /lib/x86_64-linux-gnu/libm-2.27.so
7feb433c0000-7feb435bf000 ---p 0019d000 08:05 398085                     /lib/x86_64-linux-gnu/libm-2.27.so
7feb435bf000-7feb435c0000 r--p 0019c000 08:05 398085                     /lib/x86_64-linux-gnu/libm-2.27.so
7feb435c0000-7feb435c1000 rw-p 0019d000 08:05 398085                     /lib/x86_64-linux-gnu/libm-2.27.so
7feb435c1000-7feb44700000 r-xp 00000000 08:05 6687886                    /usr/lib/jvm/jdk-11.0.2/lib/server/libjvm.so
7feb44700000-7feb44900000 ---p 0113f000 08:05 6687886                    /usr/lib/jvm/jdk-11.0.2/lib/server/libjvm.so
7feb44900000-7feb449bf000 r--p 0113f000 08:05 6687886                    /usr/lib/jvm/jdk-11.0.2/lib/server/libjvm.so
7feb449bf000-7feb449f8000 rw-p 011fe000 08:05 6687886                    /usr/lib/jvm/jdk-11.0.2/lib/server/libjvm.so
7feb449f8000-7feb44a4e000 rw-p 00000000 00:00 0 
7feb44a4e000-7feb44c35000 r-xp 00000000 08:05 398022                     /lib/x86_64-linux-gnu/libc-2.27.so
7feb44c35000-7feb44e35000 ---p 001e7000 08:05 398022                     /lib/x86_64-linux-gnu/libc-2.27.so
7feb44e35000-7feb44e39000 r--p 001e7000 08:05 398022                     /lib/x86_64-linux-gnu/libc-2.27.so
7feb44e39000-7feb44e3b000 rw-p 001eb000 08:05 398022                     /lib/x86_64-linux-gnu/libc-2.27.so
7feb44e3b000-7feb44e3f000 rw-p 00000000 00:00 0 
7feb44e3f000-7feb44e42000 r-xp 00000000 08:05 398045                     /lib/x86_64-linux-gnu/libdl-2.27.so
7feb44e42000-7feb45041000 ---p 00003000 08:05 398045                     /lib/x86_64-linux-gnu/libdl-2.27.so
7feb45041000-7feb45042000 r--p 00002000 08:05 398045                     /lib/x86_64-linux-gnu/libdl-2.27.so
7feb45042000-7feb45043000 rw-p 00003000 08:05 398045                     /lib/x86_64-linux-gnu/libdl-2.27.so
7feb45043000-7feb45053000 r-xp 00000000 08:05 6687859                    /usr/lib/jvm/jdk-11.0.2/lib/jli/libjli.so
7feb45053000-7feb45252000 ---p 00010000 08:05 6687859                    /usr/lib/jvm/jdk-11.0.2/lib/jli/libjli.so
7feb45252000-7feb45253000 r--p 0000f000 08:05 6687859                    /usr/lib/jvm/jdk-11.0.2/lib/jli/libjli.so
7feb45253000-7feb45254000 rw-p 00010000 08:05 6687859                    /usr/lib/jvm/jdk-11.0.2/lib/jli/libjli.so
7feb45254000-7feb4526e000 r-xp 00000000 08:05 398155                     /lib/x86_64-linux-gnu/libpthread-2.27.so
7feb4526e000-7feb4546d000 ---p 0001a000 08:05 398155                     /lib/x86_64-linux-gnu/libpthread-2.27.so
7feb4546d000-7feb4546e000 r--p 00019000 08:05 398155                     /lib/x86_64-linux-gnu/libpthread-2.27.so
7feb4546e000-7feb4546f000 rw-p 0001a000 08:05 398155                     /lib/x86_64-linux-gnu/libpthread-2.27.so
7feb4546f000-7feb45473000 rw-p 00000000 00:00 0 
7feb45473000-7feb4548f000 r-xp 00000000 08:05 398194                     /lib/x86_64-linux-gnu/libz.so.1.2.11
7feb4548f000-7feb4568e000 ---p 0001c000 08:05 398194                     /lib/x86_64-linux-gnu/libz.so.1.2.11
7feb4568e000-7feb4568f000 r--p 0001b000 08:05 398194                     /lib/x86_64-linux-gnu/libz.so.1.2.11
7feb4568f000-7feb45690000 rw-p 0001c000 08:05 398194                     /lib/x86_64-linux-gnu/libz.so.1.2.11
7feb45690000-7feb456b7000 r-xp 00000000 08:05 397994                     /lib/x86_64-linux-gnu/ld-2.27.so
7feb456c4000-7feb456f1000 r--p 00000000 08:05 5245017                    /usr/share/glib-2.0/schemas/gschemas.compiled
7feb456f1000-7feb45793000 rw-p 00000000 00:00 0 
7feb45793000-7feb4579c000 ---p 00000000 00:00 0 
7feb4579c000-7feb457a0000 ---p 00000000 00:00 0 
7feb457a0000-7feb458a1000 rw-p 00000000 00:00 0 
7feb458a8000-7feb458ac000 r--p 00000000 08:05 2920055                    /home/vidurk/.config/dconf/user
7feb458ac000-7feb458ad000 r--s 00000000 00:35 342172                     /run/user/1001/dconf/user
7feb458ad000-7feb458b5000 rw-s 00000000 08:05 2359699                    /tmp/hsperfdata_vidurk/12559
7feb458b5000-7feb458b6000 ---p 00000000 00:00 0 
7feb458b6000-7feb458b7000 r--p 00000000 00:00 0 
7feb458b7000-7feb458b8000 r--p 00027000 08:05 397994                     /lib/x86_64-linux-gnu/ld-2.27.so
7feb458b8000-7feb458b9000 rw-p 00028000 08:05 397994                     /lib/x86_64-linux-gnu/ld-2.27.so
7feb458b9000-7feb458ba000 rw-p 00000000 00:00 0 
7ffcfb27f000-7ffcfb2a2000 rw-p 00000000 00:00 0                          [stack]
7ffcfb2cd000-7ffcfb2d0000 r--p 00000000 00:00 0                          [vvar]
7ffcfb2d0000-7ffcfb2d2000 r-xp 00000000 00:00 0                          [vdso]
ffffffffff600000-ffffffffff601000 r-xp 00000000 00:00 0                  [vsyscall]


VM Arguments:
jvm_args: -XX:TieredStopAtLevel=1 -Xverify:none -Dspring.output.ansi.enabled=always -Dcom.sun.management.jmxremote -Dspring.liveBeansView.mbeanDomain -Dspring.application.admin.enabled=true -javaagent:/home/vidurk/idea-IU-183.5429.30/lib/idea_rt.jar=34903:/home/vidurk/idea-IU-183.5429.30/bin -Dfile.encoding=UTF-8 
java_command: com.codenotfound.kafka.SpringKafkaApplication
java_class_path (initial): /home/vidurk/CasLab/Spring-Kafka-Device-Node-String/target/classes:/home/vidurk/.m2/repository/org/springframework/boot/spring-boot-starter/1.5.4.RELEASE/spring-boot-starter-1.5.4.RELEASE.jar:/home/vidurk/.m2/repository/org/springframework/boot/spring-boot/1.5.4.RELEASE/spring-boot-1.5.4.RELEASE.jar:/home/vidurk/.m2/repository/org/springframework/spring-context/4.3.9.RELEASE/spring-context-4.3.9.RELEASE.jar:/home/vidurk/.m2/repository/org/springframework/boot/spring-boot-autoconfigure/1.5.4.RELEASE/spring-boot-autoconfigure-1.5.4.RELEASE.jar:/home/vidurk/.m2/repository/org/springframework/boot/spring-boot-starter-logging/1.5.4.RELEASE/spring-boot-starter-logging-1.5.4.RELEASE.jar:/home/vidurk/.m2/repository/ch/qos/logback/logback-classic/1.1.11/logback-classic-1.1.11.jar:/home/vidurk/.m2/repository/ch/qos/logback/logback-core/1.1.11/logback-core-1.1.11.jar:/home/vidurk/.m2/repository/org/slf4j/jcl-over-slf4j/1.7.25/jcl-over-slf4j-1.7.25.jar:/home/vidurk/.m2/repository/org/slf4j/jul-to-slf4j/1.7.25/jul-to-slf4j-1.7.25.jar:/home/vidurk/.m2/repository/org/slf4j/log4j-over-slf4j/1.7.25/log4j-over-slf4j-1.7.25.jar:/home/vidurk/.m2/repository/org/springframework/spring-core/4.3.9.RELEASE/spring-core-4.3.9.RELEASE.jar:/home/vidurk/.m2/repository/org/yaml/snakeyaml/1.17/snakeyaml-1.17.jar:/home/vidurk/.m2/repository/junit/junit/4.12/junit-4.12.jar:/home/vidurk/.m2/repository/org/hamcrest/hamcrest-core/1.3/hamcrest-core-1.3.jar:/home/vidurk/.m2/repository/org/springframework/kafka/spring-kafka/1.2.2.RELEASE/spring-kafka-1.2.2.RELEASE.jar:/home/vidurk/.m2/repository/org/springframework/spring-messaging/4.3.9.RELEASE/spring-messaging-4.3.9.RELEASE.jar:/home/vidurk/.m2/repository/org/springframework/retry/spring-retry/1.2.0.RELEASE/spring-retry-1.2.0.RELEASE.jar:/home/vidurk/.m2/repository/org/apache/kafka/kafka-clients/0.10.2.0/kafka-clients-0.10.2.0.jar:/home/vidurk/.m2/repository/net/jpountz/lz4/lz4/1.3.0/lz4-1.3.0.jar:/home/vidurk/.m2/repository
Launcher Type: SUN_STANDARD

[Global flags]
     bool BytecodeVerificationLocal                = false                                     {product} {command line}
     bool BytecodeVerificationRemote               = false                                     {product} {command line}
     intx CICompilerCount                          = 3                                         {product} {ergonomic}
     uint ConcGCThreads                            = 1                                         {product} {ergonomic}
     uint G1ConcRefinementThreads                  = 4                                         {product} {ergonomic}
   size_t G1HeapRegionSize                         = 1048576                                   {product} {ergonomic}
    uintx GCDrainStackTargetSize                   = 64                                        {product} {ergonomic}
   size_t InitialHeapSize                          = 130023424                                 {product} {ergonomic}
     bool ManagementServer                         = true                                      {product} {command line}
   size_t MarkStackSize                            = 4194304                                   {product} {ergonomic}
   size_t MaxHeapSize                              = 2059403264                                {product} {ergonomic}
   size_t MaxNewSize                               = 1235222528                                {product} {ergonomic}
   size_t MinHeapDeltaBytes                        = 1048576                                   {product} {ergonomic}
    uintx NonNMethodCodeHeapSize                   = 6973028                                {pd product} {ergonomic}
    uintx NonProfiledCodeHeapSize                  = 244685212                              {pd product} {ergonomic}
    uintx ProfiledCodeHeapSize                     = 0                                      {pd product} {ergonomic}
    uintx ReservedCodeCacheSize                    = 251658240                              {pd product} {ergonomic}
     bool SegmentedCodeCache                       = true                                      {product} {ergonomic}
     intx TieredStopAtLevel                        = 1                                         {product} {command line}
     bool UseCompressedClassPointers               = true                                 {lp64_product} {ergonomic}
     bool UseCompressedOops                        = true                                 {lp64_product} {ergonomic}
     bool UseG1GC                                  = true                                      {product} {ergonomic}

Logging:
Log output configuration:
 #0: stdout all=warning uptime,level,tags
 #1: stderr all=off uptime,level,tags

Environment Variables:
PATH=/usr/local/sbin:/usr/local/bin:/usr/sbin:/usr/bin:/sbin:/bin:/usr/games:/usr/local/games:/snap/bin
USERNAME=vidurk
SHELL=/bin/bash
DISPLAY=:0

Signal Handlers:
SIGSEGV: [libjvm.so+0xe2adf0], sa_mask[0]=11111111011111111101111111111110, sa_flags=SA_RESTART|SA_SIGINFO
SIGBUS: [libjvm.so+0xe2adf0], sa_mask[0]=11111111011111111101111111111110, sa_flags=SA_RESTART|SA_SIGINFO
SIGFPE: [libjvm.so+0xe2adf0], sa_mask[0]=11111111011111111101111111111110, sa_flags=SA_RESTART|SA_SIGINFO
SIGPIPE: SIG_IGN, sa_mask[0]=00000000000010000000000000000000, sa_flags=SA_RESTART
SIGXFSZ: [libjvm.so+0xbff5b0], sa_mask[0]=11111111011111111101111111111110, sa_flags=SA_RESTART|SA_SIGINFO
SIGILL: [libjvm.so+0xe2adf0], sa_mask[0]=11111111011111111101111111111110, sa_flags=SA_RESTART|SA_SIGINFO
SIGUSR2: [libjvm.so+0xbff450], sa_mask[0]=00100000000000000000000000000000, sa_flags=SA_RESTART|SA_SIGINFO
SIGHUP: [libjvm.so+0xbff7b0], sa_mask[0]=11111111011111111101111111111110, sa_flags=SA_RESTART|SA_SIGINFO
SIGINT: [libjvm.so+0xbff7b0], sa_mask[0]=11111111011111111101111111111110, sa_flags=SA_RESTART|SA_SIGINFO
SIGTERM: [libjvm.so+0xbff7b0], sa_mask[0]=11111111011111111101111111111110, sa_flags=SA_RESTART|SA_SIGINFO
SIGQUIT: [libjvm.so+0xbff7b0], sa_mask[0]=11111111011111111101111111111110, sa_flags=SA_RESTART|SA_SIGINFO


---------------  S Y S T E M  ---------------

OS:DISTRIB_ID=Ubuntu
DISTRIB_RELEASE=18.04
DISTRIB_CODENAME=bionic
DISTRIB_DESCRIPTION="Ubuntu 18.04.1 LTS"
uname:Linux 4.16.8-chronos-rt3 #1 SMP PREEMPT RT Fri Feb 1 13:29:28 EST 2019 x86_64
libc:glibc 2.27 NPTL 2.27 
rlimit: STACK 8192k, CORE 0k, NPROC 28434, NOFILE 1048576, AS infinity, DATA infinity, FSIZE infinity
load average:1.62 0.66 0.63

/proc/meminfo:
MemTotal:        8037040 kB
MemFree:           59096 kB
MemAvailable:     260748 kB
Buffers:            9292 kB
Cached:           726996 kB
SwapCached:        45264 kB
Active:          6726128 kB
Inactive:         935376 kB
Active(anon):    6605096 kB
Inactive(anon):   827272 kB
Active(file):     121032 kB
Inactive(file):   108104 kB
Unevictable:          16 kB
Mlocked:              16 kB
SwapTotal:       2097148 kB
SwapFree:         657900 kB
Dirty:               892 kB
Writeback:            56 kB
AnonPages:       6902864 kB
Mapped:           451972 kB
Shmem:            507144 kB
Slab:             144068 kB
SReclaimable:      68720 kB
SUnreclaim:        75348 kB
KernelStack:       21792 kB
PageTables:        77332 kB
NFS_Unstable:          0 kB
Bounce:                0 kB
WritebackTmp:          0 kB
CommitLimit:     6115668 kB
Committed_AS:   17114424 kB
VmallocTotal:   34359738367 kB
VmallocUsed:           0 kB
VmallocChunk:          0 kB
HardwareCorrupted:     0 kB
CmaTotal:              0 kB
CmaFree:               0 kB
HugePages_Total:       0
HugePages_Free:        0
HugePages_Rsvd:        0
HugePages_Surp:        0
Hugepagesize:       2048 kB
Hugetlb:               0 kB
DirectMap4k:      206136 kB
DirectMap2M:     8056832 kB
DirectMap1G:     1048576 kB


/proc/sys/kernel/threads-max (system-wide limit on the number of threads):
56869


/proc/sys/vm/max_map_count (maximum number of memory map areas a process may have):
65530


/proc/sys/kernel/pid_max (system-wide limit on number of process identifiers):
32768



container (cgroup) information:
container_type: cgroupv1
cpu_cpuset_cpus: 0-3
cpu_memory_nodes: 0
active_processor_count: 4
cpu_quota: -1
cpu_period: 100000
cpu_shares: -1
memory_limit_in_bytes: -1
memory_and_swap_limit_in_bytes: -2
memory_soft_limit_in_bytes: -1
memory_usage_in_bytes: 7824453632
memory_max_usage_in_bytes: 2281472


CPU:total 4 (initial active 4) (2 cores per cpu, 2 threads per core) family 6 model 60 stepping 3, cmov, cx8, fxsr, mmx, sse, sse2, sse3, ssse3, sse4.1, sse4.2, popcnt, avx, avx2, aes, clmul, erms, lzcnt, ht, tsc, tscinvbit, bmi1, bmi2, fma
CPU Model and flags from /proc/cpuinfo:
model name	: Intel(R) Core(TM) i5-4300M CPU @ 2.60GHz
flags		: fpu vme de pse tsc msr pae mce cx8 apic sep mtrr pge mca cmov pat pse36 clflush dts acpi mmx fxsr sse sse2 ss ht tm pbe syscall nx pdpe1gb rdtscp lm constant_tsc arch_perfmon pebs bts rep_good nopl xtopology nonstop_tsc cpuid aperfmperf pni pclmulqdq dtes64 monitor ds_cpl vmx smx est tm2 ssse3 sdbg fma cx16 xtpr pdcm pcid sse4_1 sse4_2 x2apic movbe popcnt tsc_deadline_timer aes xsave avx f16c rdrand lahf_lm abm cpuid_fault epb invpcid_single pti tpr_shadow vnmi flexpriority ept vpid fsgsbase tsc_adjust bmi1 avx2 smep bmi2 erms invpcid xsaveopt ibpb ibrs stibp dtherm ida arat pln pts

Memory: 4k page, physical 8037040k(59096k free), swap 2097148k(657900k free)

vm_info: Java HotSpot(TM) 64-Bit Server VM (11.0.2+9-LTS) for linux-amd64 JRE (11.0.2+9-LTS), built on Jan 17 2019 21:22:50 by "mach5one" with gcc 7.3.0

END.
