#
# A fatal error has been detected by the Java Runtime Environment:
#
#  SIGSEGV (0xb) at pc=0x00007fc7fa0704ae, pid=7249, tid=7253
#
# JRE version: Java(TM) SE Runtime Environment (11.0.2+9) (build 11.0.2+9-LTS)
# Java VM: Java HotSpot(TM) 64-Bit Server VM (11.0.2+9-LTS, mixed mode, tiered, compressed oops, g1 gc, linux-amd64)
# Problematic frame:
# C  [libflightSimLib.so+0x74ae]  DJI_Environment::getApp_id() const+0xc
#
# Core dump will be written. Default location: Core dumps may be processed with "/usr/share/apport/apport %p %s %c %d %P" (or dumping to /home/vidurk/CasLab/Spring-Kafka-Device-Node-String/core.7249)
#
# If you would like to submit a bug report, please visit:
#   http://bugreport.java.com/bugreport/crash.jsp
# The crash happened outside the Java Virtual Machine in native code.
# See problematic frame for where to report the bug.
#

---------------  S U M M A R Y ------------

Command Line: -XX:TieredStopAtLevel=1 -Xverify:none -Dspring.output.ansi.enabled=always -Dcom.sun.management.jmxremote -Dspring.liveBeansView.mbeanDomain -Dspring.application.admin.enabled=true -javaagent:/home/vidurk/idea-IU-183.5429.30/lib/idea_rt.jar=37247:/home/vidurk/idea-IU-183.5429.30/bin -Dfile.encoding=UTF-8 com.codenotfound.kafka.SpringKafkaApplication

Host: Intel(R) Core(TM) i5-4300M CPU @ 2.60GHz, 4 cores, 7G, Ubuntu 18.04.1 LTS
Time: Wed Mar 27 13:23:01 2019 EDT elapsed time: 4 seconds (0d 0h 0m 4s)

---------------  T H R E A D  ---------------

Current thread (0x00007fc890015800):  JavaThread "main" [_thread_in_native, id=7253, stack(0x00007fc896ebe000,0x00007fc896fbf000)]

Stack: [0x00007fc896ebe000,0x00007fc896fbf000],  sp=0x00007fc896fbc9b0,  free space=1018k
Native frames: (J=compiled Java code, A=aot compiled Java code, j=interpreted, Vv=VM code, C=native code)
C  [libflightSimLib.so+0x74ae]  DJI_Environment::getApp_id() const+0xc
C  [libflightSimLib.so+0x8080]  LinuxSetup::initVehicle()+0x150
C  [libflightSimLib.so+0x7a60]  LinuxSetup::LinuxSetup(int, char**, bool)+0x72
C  [libLinked.so+0xfa0]  intialize+0x50
C  [libLinked.so+0xe7d]  intialize_C+0x43
C  [jna11128568745359298790.tmp+0x135d4]  ffi_call_unix64+0x4c

Java frames: (J=compiled Java code, j=interpreted, Vv=VM code)
j  com.sun.jna.Native.invokeVoid(Lcom/sun/jna/Function;JI[Ljava/lang/Object;)V+0
j  com.sun.jna.Function.invoke([Ljava/lang/Object;Ljava/lang/Class;ZI)Ljava/lang/Object;+42
j  com.sun.jna.Function.invoke(Ljava/lang/reflect/Method;[Ljava/lang/Class;Ljava/lang/Class;[Ljava/lang/Object;Ljava/util/Map;)Ljava/lang/Object;+271
j  com.sun.jna.Library$Handler.invoke(Ljava/lang/Object;Ljava/lang/reflect/Method;[Ljava/lang/Object;)Ljava/lang/Object;+344
j  com.sun.proxy.$Proxy63.intialize_C()V+9
j  com.codenotfound.kafka.SpringKafkaApplication.main([Ljava/lang/String;)V+42
v  ~StubRoutines::call_stub

siginfo: si_signo: 11 (SIGSEGV), si_code: 1 (SEGV_MAPERR), si_addr: 0x0000000000000020

Register to memory mapping:

RAX=0x0 is NULL
RBX=0x00007fc890fc4480 points into unknown readable memory: 00 00 00 00 00 00 00 00
RCX=0x0000000000000001 is an unknown value
RDX=0x00007fc8900008d0 points into unknown readable memory: 00 01 02 03 01 01 01 00
RSP=0x00007fc896fbc9b0 is pointing into the stack for thread: 0x00007fc890015800
RBP=0x00007fc896fbc9b0 is pointing into the stack for thread: 0x00007fc890015800
RSI=0x00007fc890000900 points into unknown readable memory: 00 01 01 01 01 00 01 01
RDI=0x0 is NULL
R8 =0x00007fc890fa8e34 points into unknown readable memory: 04 00 00 00
R9 =0x0000000000000080 is an unknown value
R10=0x000000000000000e is an unknown value
R11=0x00007fc7fa0704a2: _ZNK15DJI_Environment9getApp_idEv+0x0000000000000000 in /usr/lib/libflightSimLib.so at 0x00007fc7fa069000
R12=0x00007fc890fc44d8 points into unknown readable memory: 2f 64 65 76 2f 74 74 79
R13=0x0000000000038400 is an unknown value
R14=0x00007fc896fbd6b0 is pointing into the stack for thread: 0x00007fc890015800
R15=0x00007fc896fbccb0 is pointing into the stack for thread: 0x00007fc890015800


Registers:
RAX=0x0000000000000000, RBX=0x00007fc890fc4480, RCX=0x0000000000000001, RDX=0x00007fc8900008d0
RSP=0x00007fc896fbc9b0, RBP=0x00007fc896fbc9b0, RSI=0x00007fc890000900, RDI=0x0000000000000000
R8 =0x00007fc890fa8e34, R9 =0x0000000000000080, R10=0x000000000000000e, R11=0x00007fc7fa0704a2
R12=0x00007fc890fc44d8, R13=0x0000000000038400, R14=0x00007fc896fbd6b0, R15=0x00007fc896fbccb0
RIP=0x00007fc7fa0704ae, EFLAGS=0x0000000000010206, CSGSFS=0x002b000000000033, ERR=0x0000000000000004
  TRAPNO=0x000000000000000e

Top of Stack: (sp=0x00007fc896fbc9b0)
0x00007fc896fbc9b0:   00007fc896fbca70 00007fc7fa071080
0x00007fc896fbc9c0:   0000000000000000 00007fc896fbcaf0
0x00007fc896fbc9d0:   0000000000000000 0100000000000000
0x00007fc896fbc9e0:   0000000000000000 0000000000000000 

Instructions: (pc=0x00007fc7fa0704ae)
0x00007fc7fa07048e:   ff ff e8 bb c2 ff ff 48 81 c4 80 06 00 00 5b 41
0x00007fc7fa07049e:   5c 5d c3 90 55 48 89 e5 48 89 7d f8 48 8b 45 f8
0x00007fc7fa0704ae:   8b 40 20 5d c3 90 55 48 89 e5 48 89 7d f8 48 8b
0x00007fc7fa0704be:   45 f8 48 83 c0 28 5d c3 55 48 89 e5 48 89 7d f8 

Stack slot to memory mapping:
stack at sp + 0 slots: 0x00007fc896fbca70 is pointing into the stack for thread: 0x00007fc890015800
stack at sp + 1 slots: 0x00007fc7fa071080: _ZN10LinuxSetup11initVehicleEv+0x0000000000000150 in /usr/lib/libflightSimLib.so at 0x00007fc7fa069000
stack at sp + 2 slots: 0x0 is NULL
stack at sp + 3 slots: 0x00007fc896fbcaf0 is pointing into the stack for thread: 0x00007fc890015800
stack at sp + 4 slots: 0x0 is NULL
stack at sp + 5 slots: 0x0100000000000000 is an unknown value
stack at sp + 6 slots: 0x0 is NULL
stack at sp + 7 slots: 0x0 is NULL


---------------  P R O C E S S  ---------------

Threads class SMR info:
_java_thread_list=0x00007fc890fb7bb0, length=37, elements={
0x00007fc890015800, 0x00007fc8901b8800, 0x00007fc8901c7800, 0x00007fc8901d7800,
0x00007fc8901d9800, 0x00007fc8901db800, 0x00007fc890276800, 0x00007fc8480be800,
0x00007fc8480c0800, 0x00007fc8906cb000, 0x00007fc8906cb800, 0x00007fc890774800,
0x00007fc844001000, 0x00007fc824002000, 0x00007fc818018800, 0x00007fc890e34000,
0x00007fc8101a6000, 0x00007fc890e35000, 0x00007fc890e38800, 0x00007fc890f53800,
0x00007fc890f57800, 0x00007fc890f62800, 0x00007fc890f63800, 0x00007fc890f65000,
0x00007fc890f67000, 0x00007fc890f68800, 0x00007fc890f6a800, 0x00007fc890f6c800,
0x00007fc890f6e800, 0x00007fc890f70800, 0x00007fc890f72800, 0x00007fc890f74800,
0x00007fc890f7c800, 0x00007fc890f81000, 0x00007fc890f83800, 0x00007fc890f85000,
0x00007fc890fb6800
}

Java Threads: ( => current thread )
=>0x00007fc890015800 JavaThread "main" [_thread_in_native, id=7253, stack(0x00007fc896ebe000,0x00007fc896fbf000)]
  0x00007fc8901b8800 JavaThread "Reference Handler" daemon [_thread_blocked, id=7269, stack(0x00007fc8744c1000,0x00007fc8745c2000)]
  0x00007fc8901c7800 JavaThread "Finalizer" daemon [_thread_blocked, id=7271, stack(0x00007fc8743c0000,0x00007fc8744c1000)]
  0x00007fc8901d7800 JavaThread "Signal Dispatcher" daemon [_thread_blocked, id=7272, stack(0x00007fc8742bf000,0x00007fc8743c0000)]
  0x00007fc8901d9800 JavaThread "C1 CompilerThread0" daemon [_thread_blocked, id=7273, stack(0x00007fc8741be000,0x00007fc8742bf000)]
  0x00007fc8901db800 JavaThread "Sweeper thread" daemon [_thread_blocked, id=7274, stack(0x00007fc8740bd000,0x00007fc8741be000)]
  0x00007fc890276800 JavaThread "Common-Cleaner" daemon [_thread_blocked, id=7278, stack(0x00007fc86c04f000,0x00007fc86c150000)]
  0x00007fc8480be800 JavaThread "C1 CompilerThread1" daemon [_thread_blocked, id=7279, stack(0x00007fc85ed30000,0x00007fc85ee31000)]
  0x00007fc8480c0800 JavaThread "C1 CompilerThread2" daemon [_thread_blocked, id=7280, stack(0x00007fc85ec2f000,0x00007fc85ed30000)]
  0x00007fc8906cb000 JavaThread "Monitor Ctrl-Break" daemon [_thread_in_native, id=7281, stack(0x00007fc85e705000,0x00007fc85e806000)]
  0x00007fc8906cb800 JavaThread "Service Thread" daemon [_thread_blocked, id=7282, stack(0x00007fc85e604000,0x00007fc85e705000)]
  0x00007fc890774800 JavaThread "RMI TCP Accept-0" daemon [_thread_in_native, id=7283, stack(0x00007fc85dcf5000,0x00007fc85ddf6000)]
  0x00007fc844001000 JavaThread "Attach Listener" daemon [_thread_blocked, id=7292, stack(0x00007fc85d4ee000,0x00007fc85d5ef000)]
  0x00007fc824002000 JavaThread "RMI TCP Connection(1)-127.0.0.1" daemon [_thread_in_native, id=7297, stack(0x00007fc85d1ed000,0x00007fc85d2ee000)]
  0x00007fc818018800 JavaThread "RMI Scheduler(0)" daemon [_thread_blocked, id=7298, stack(0x00007fc85d0ec000,0x00007fc85d1ed000)]
  0x00007fc890e34000 JavaThread "Tomcat-startStop-1" daemon [_thread_blocked, id=7312, stack(0x00007fc85cdeb000,0x00007fc85ceec000)]
  0x00007fc8101a6000 JavaThread "localhost-startStop-1" daemon [_thread_blocked, id=7313, stack(0x00007fc85c6e6000,0x00007fc85c7e7000)]
  0x00007fc890e35000 JavaThread "ContainerBackgroundProcessor[StandardEngine[Tomcat]]" daemon [_thread_blocked, id=7314, stack(0x00007fc85c5e5000,0x00007fc85c6e6000)]
  0x00007fc890e38800 JavaThread "container-0" [_thread_blocked, id=7315, stack(0x00007fc85c0e4000,0x00007fc85c1e5000)]
  0x00007fc890f53800 JavaThread "org.springframework.kafka.KafkaListenerEndpointContainer#0-0-C-1" [_thread_in_native, id=7318, stack(0x00007fc7fbaff000,0x00007fc7fbc00000)]
  0x00007fc890f57800 JavaThread "org.springframework.kafka.KafkaListenerEndpointContainer#1-0-C-1" [_thread_in_native, id=7319, stack(0x00007fc7fb7fe000,0x00007fc7fb8ff000)]
  0x00007fc890f62800 JavaThread "NioBlockingSelector.BlockPoller-1" daemon [_thread_in_native, id=7322, stack(0x00007fc7fb6fd000,0x00007fc7fb7fe000)]
  0x00007fc890f63800 JavaThread "http-nio-8040-exec-1" daemon [_thread_blocked, id=7323, stack(0x00007fc7fb5fc000,0x00007fc7fb6fd000)]
  0x00007fc890f65000 JavaThread "http-nio-8040-exec-2" daemon [_thread_blocked, id=7324, stack(0x00007fc7fb4fb000,0x00007fc7fb5fc000)]
  0x00007fc890f67000 JavaThread "http-nio-8040-exec-3" daemon [_thread_blocked, id=7325, stack(0x00007fc7fb3fa000,0x00007fc7fb4fb000)]
  0x00007fc890f68800 JavaThread "http-nio-8040-exec-4" daemon [_thread_blocked, id=7326, stack(0x00007fc7fb2f9000,0x00007fc7fb3fa000)]
  0x00007fc890f6a800 JavaThread "http-nio-8040-exec-5" daemon [_thread_blocked, id=7327, stack(0x00007fc7fb1f8000,0x00007fc7fb2f9000)]
  0x00007fc890f6c800 JavaThread "http-nio-8040-exec-6" daemon [_thread_blocked, id=7328, stack(0x00007fc7fb0f7000,0x00007fc7fb1f8000)]
  0x00007fc890f6e800 JavaThread "http-nio-8040-exec-7" daemon [_thread_blocked, id=7329, stack(0x00007fc7faff6000,0x00007fc7fb0f7000)]
  0x00007fc890f70800 JavaThread "http-nio-8040-exec-8" daemon [_thread_blocked, id=7330, stack(0x00007fc7faef5000,0x00007fc7faff6000)]
  0x00007fc890f72800 JavaThread "http-nio-8040-exec-9" daemon [_thread_blocked, id=7331, stack(0x00007fc7fadf4000,0x00007fc7faef5000)]
  0x00007fc890f74800 JavaThread "http-nio-8040-exec-10" daemon [_thread_blocked, id=7332, stack(0x00007fc7facf3000,0x00007fc7fadf4000)]
  0x00007fc890f7c800 JavaThread "http-nio-8040-ClientPoller-0" daemon [_thread_in_native, id=7333, stack(0x00007fc7fabf2000,0x00007fc7facf3000)]
  0x00007fc890f81000 JavaThread "http-nio-8040-ClientPoller-1" daemon [_thread_in_native, id=7334, stack(0x00007fc7faaf1000,0x00007fc7fabf2000)]
  0x00007fc890f83800 JavaThread "http-nio-8040-Acceptor-0" daemon [_thread_in_native, id=7335, stack(0x00007fc7fa9f0000,0x00007fc7faaf1000)]
  0x00007fc890f85000 JavaThread "http-nio-8040-AsyncTimeout" daemon [_thread_blocked, id=7336, stack(0x00007fc7fa8ef000,0x00007fc7fa9f0000)]
  0x00007fc890fb6800 JavaThread "process reaper" daemon [_thread_blocked, id=7338, stack(0x00007fc896df1000,0x00007fc896e13000)]

Other Threads:
  0x00007fc8901b0800 VMThread "VM Thread" [stack: 0x00007fc8745c4000,0x00007fc8746c4000] [id=7266]
  0x00007fc89077b800 WatcherThread [stack: 0x00007fc85dbf5000,0x00007fc85dcf5000] [id=7284]
  0x00007fc89003d800 GCTaskThread "GC Thread#0" [stack: 0x00007fc877d08000,0x00007fc877e08000] [id=7257]
  0x00007fc854001000 GCTaskThread "GC Thread#1" [stack: 0x00007fc85d8f3000,0x00007fc85d9f3000] [id=7285]
  0x00007fc854003800 GCTaskThread "GC Thread#2" [stack: 0x00007fc85cceb000,0x00007fc85cdeb000] [id=7302]
  0x00007fc854005000 GCTaskThread "GC Thread#3" [stack: 0x00007fc85cbe9000,0x00007fc85cce9000] [id=7303]
  0x00007fc89006e000 ConcurrentGCThread "G1 Main Marker" [stack: 0x00007fc874dd0000,0x00007fc874ed0000] [id=7258]
  0x00007fc890070000 ConcurrentGCThread "G1 Conc#0" [stack: 0x00007fc874cce000,0x00007fc874dce000] [id=7259]
  0x00007fc8900e8000 ConcurrentGCThread "G1 Refine#0" [stack: 0x00007fc8747c8000,0x00007fc8748c8000] [id=7260]
  0x00007fc864001000 ConcurrentGCThread "G1 Refine#1" [stack: 0x00007fc85d7f1000,0x00007fc85d8f1000] [id=7286]
  0x00007fc8900ea000 ConcurrentGCThread "G1 Young RemSet Sampling" [stack: 0x00007fc8746c6000,0x00007fc8747c6000] [id=7261]

Threads with active compile tasks:

VM state:not at safepoint (normal execution)

VM Mutex/Monitor currently owned by a thread: None

Heap address: 0x0000000085400000, size: 1964 MB, Compressed Oops mode: 32-bit
Narrow klass base: 0x0000000000000000, Narrow klass shift: 3
Compressed class space size: 1073741824 Address: 0x0000000100000000

Heap:
 garbage-first heap   total 181248K, used 31174K [0x0000000085400000, 0x0000000100000000)
  region size 1024K, 13 young (13312K), 4 survivors (4096K)
 Metaspace       used 36224K, capacity 36925K, committed 37148K, reserved 1081344K
  class space    used 4340K, capacity 4620K, committed 4736K, reserved 1048576K
Heap Regions: E=young(eden), S=young(survivor), O=old, HS=humongous(starts), HC=humongous(continues), CS=collection set, F=free, A=archive, TAMS=top-at-mark-start (previous, next)
|   0|0x0000000085400000, 0x0000000085500000, 0x0000000085500000|100%| O|  |TAMS 0x0000000085500000, 0x0000000085400000| Untracked 
|   1|0x0000000085500000, 0x0000000085600000, 0x0000000085600000|100%| O|  |TAMS 0x0000000085600000, 0x0000000085500000| Untracked 
|   2|0x0000000085600000, 0x0000000085700000, 0x0000000085700000|100%| O|  |TAMS 0x0000000085700000, 0x0000000085600000| Untracked 
|   3|0x0000000085700000, 0x0000000085800000, 0x0000000085800000|100%| O|  |TAMS 0x0000000085800000, 0x0000000085700000| Untracked 
|   4|0x0000000085800000, 0x0000000085900000, 0x0000000085900000|100%| O|  |TAMS 0x0000000085900000, 0x0000000085800000| Untracked 
|   5|0x0000000085900000, 0x0000000085a00000, 0x0000000085a00000|100%| O|  |TAMS 0x0000000085a00000, 0x0000000085900000| Untracked 
|   6|0x0000000085a00000, 0x0000000085b00000, 0x0000000085b00000|100%| O|  |TAMS 0x0000000085b00000, 0x0000000085a00000| Untracked 
|   7|0x0000000085b00000, 0x0000000085c00000, 0x0000000085c00000|100%| O|  |TAMS 0x0000000085c00000, 0x0000000085b00000| Untracked 
|   8|0x0000000085c00000, 0x0000000085d00000, 0x0000000085d00000|100%| O|  |TAMS 0x0000000085d00000, 0x0000000085c00000| Untracked 
|   9|0x0000000085d00000, 0x0000000085e00000, 0x0000000085e00000|100%| O|  |TAMS 0x0000000085e00000, 0x0000000085d00000| Untracked 
|  10|0x0000000085e00000, 0x0000000085f00000, 0x0000000085f00000|100%| O|  |TAMS 0x0000000085f00000, 0x0000000085e00000| Untracked 
|  11|0x0000000085f00000, 0x0000000086000000, 0x0000000086000000|100%| O|  |TAMS 0x0000000086000000, 0x0000000085f00000| Untracked 
|  12|0x0000000086000000, 0x0000000086100000, 0x0000000086100000|100%| O|  |TAMS 0x0000000086100000, 0x0000000086000000| Untracked 
|  13|0x0000000086100000, 0x0000000086200000, 0x0000000086200000|100%| O|  |TAMS 0x0000000086200000, 0x0000000086100000| Untracked 
|  14|0x0000000086200000, 0x0000000086300000, 0x0000000086300000|100%| O|  |TAMS 0x0000000086300000, 0x0000000086200000| Untracked 
|  15|0x0000000086300000, 0x0000000086400000, 0x0000000086400000|100%| O|  |TAMS 0x0000000086400000, 0x0000000086300000| Untracked 
|  16|0x0000000086400000, 0x0000000086500000, 0x0000000086500000|100%| O|  |TAMS 0x0000000086500000, 0x0000000086400000| Untracked 
|  17|0x0000000086500000, 0x0000000086600000, 0x0000000086600000|100%| O|  |TAMS 0x0000000086600000, 0x0000000086500000| Untracked 
|  18|0x0000000086600000, 0x00000000866f6c00, 0x0000000086700000| 96%| O|  |TAMS 0x00000000866f6c00, 0x0000000086600000| Untracked 
|  19|0x0000000086700000, 0x0000000086700000, 0x0000000086800000|  0%| F|  |TAMS 0x0000000086700000, 0x0000000086700000| Untracked 
|  20|0x0000000086800000, 0x0000000086800000, 0x0000000086900000|  0%| F|  |TAMS 0x0000000086800000, 0x0000000086800000| Untracked 
|  21|0x0000000086900000, 0x0000000086900000, 0x0000000086a00000|  0%| F|  |TAMS 0x0000000086900000, 0x0000000086900000| Untracked 
|  22|0x0000000086a00000, 0x0000000086a00000, 0x0000000086b00000|  0%| F|  |TAMS 0x0000000086a00000, 0x0000000086a00000| Untracked 
|  23|0x0000000086b00000, 0x0000000086b00000, 0x0000000086c00000|  0%| F|  |TAMS 0x0000000086b00000, 0x0000000086b00000| Untracked 
|  24|0x0000000086c00000, 0x0000000086c00000, 0x0000000086d00000|  0%| F|  |TAMS 0x0000000086c00000, 0x0000000086c00000| Untracked 
|  25|0x0000000086d00000, 0x0000000086d00000, 0x0000000086e00000|  0%| F|  |TAMS 0x0000000086d00000, 0x0000000086d00000| Untracked 
|  26|0x0000000086e00000, 0x0000000086e00000, 0x0000000086f00000|  0%| F|  |TAMS 0x0000000086e00000, 0x0000000086e00000| Untracked 
|  27|0x0000000086f00000, 0x0000000086f00000, 0x0000000087000000|  0%| F|  |TAMS 0x0000000086f00000, 0x0000000086f00000| Untracked 
|  28|0x0000000087000000, 0x0000000087000000, 0x0000000087100000|  0%| F|  |TAMS 0x0000000087000000, 0x0000000087000000| Untracked 
|  29|0x0000000087100000, 0x0000000087100000, 0x0000000087200000|  0%| F|  |TAMS 0x0000000087100000, 0x0000000087100000| Untracked 
|  30|0x0000000087200000, 0x0000000087200000, 0x0000000087300000|  0%| F|  |TAMS 0x0000000087200000, 0x0000000087200000| Untracked 
|  31|0x0000000087300000, 0x0000000087300000, 0x0000000087400000|  0%| F|  |TAMS 0x0000000087300000, 0x0000000087300000| Untracked 
|  32|0x0000000087400000, 0x0000000087400000, 0x0000000087500000|  0%| F|  |TAMS 0x0000000087400000, 0x0000000087400000| Untracked 
|  33|0x0000000087500000, 0x0000000087500000, 0x0000000087600000|  0%| F|  |TAMS 0x0000000087500000, 0x0000000087500000| Untracked 
|  34|0x0000000087600000, 0x0000000087600000, 0x0000000087700000|  0%| F|  |TAMS 0x0000000087600000, 0x0000000087600000| Untracked 
|  35|0x0000000087700000, 0x0000000087700000, 0x0000000087800000|  0%| F|  |TAMS 0x0000000087700000, 0x0000000087700000| Untracked 
|  36|0x0000000087800000, 0x0000000087800000, 0x0000000087900000|  0%| F|  |TAMS 0x0000000087800000, 0x0000000087800000| Untracked 
|  37|0x0000000087900000, 0x0000000087900000, 0x0000000087a00000|  0%| F|  |TAMS 0x0000000087900000, 0x0000000087900000| Untracked 
|  38|0x0000000087a00000, 0x0000000087a00000, 0x0000000087b00000|  0%| F|  |TAMS 0x0000000087a00000, 0x0000000087a00000| Untracked 
|  39|0x0000000087b00000, 0x0000000087b00000, 0x0000000087c00000|  0%| F|  |TAMS 0x0000000087b00000, 0x0000000087b00000| Untracked 
|  40|0x0000000087c00000, 0x0000000087c00000, 0x0000000087d00000|  0%| F|  |TAMS 0x0000000087c00000, 0x0000000087c00000| Untracked 
|  41|0x0000000087d00000, 0x0000000087d00000, 0x0000000087e00000|  0%| F|  |TAMS 0x0000000087d00000, 0x0000000087d00000| Untracked 
|  42|0x0000000087e00000, 0x0000000087e00000, 0x0000000087f00000|  0%| F|  |TAMS 0x0000000087e00000, 0x0000000087e00000| Untracked 
|  43|0x0000000087f00000, 0x0000000087f00000, 0x0000000088000000|  0%| F|  |TAMS 0x0000000087f00000, 0x0000000087f00000| Untracked 
|  44|0x0000000088000000, 0x0000000088000000, 0x0000000088100000|  0%| F|  |TAMS 0x0000000088000000, 0x0000000088000000| Untracked 
|  45|0x0000000088100000, 0x0000000088100000, 0x0000000088200000|  0%| F|  |TAMS 0x0000000088100000, 0x0000000088100000| Untracked 
|  46|0x0000000088200000, 0x0000000088200000, 0x0000000088300000|  0%| F|  |TAMS 0x0000000088200000, 0x0000000088200000| Untracked 
|  47|0x0000000088300000, 0x0000000088300000, 0x0000000088400000|  0%| F|  |TAMS 0x0000000088300000, 0x0000000088300000| Untracked 
|  48|0x0000000088400000, 0x0000000088400000, 0x0000000088500000|  0%| F|  |TAMS 0x0000000088400000, 0x0000000088400000| Untracked 
|  49|0x0000000088500000, 0x0000000088500000, 0x0000000088600000|  0%| F|  |TAMS 0x0000000088500000, 0x0000000088500000| Untracked 
|  50|0x0000000088600000, 0x0000000088600000, 0x0000000088700000|  0%| F|  |TAMS 0x0000000088600000, 0x0000000088600000| Untracked 
|  51|0x0000000088700000, 0x0000000088700000, 0x0000000088800000|  0%| F|  |TAMS 0x0000000088700000, 0x0000000088700000| Untracked 
|  52|0x0000000088800000, 0x0000000088800000, 0x0000000088900000|  0%| F|  |TAMS 0x0000000088800000, 0x0000000088800000| Untracked 
|  53|0x0000000088900000, 0x0000000088900000, 0x0000000088a00000|  0%| F|  |TAMS 0x0000000088900000, 0x0000000088900000| Untracked 
|  54|0x0000000088a00000, 0x0000000088a00000, 0x0000000088b00000|  0%| F|  |TAMS 0x0000000088a00000, 0x0000000088a00000| Untracked 
|  55|0x0000000088b00000, 0x0000000088b00000, 0x0000000088c00000|  0%| F|  |TAMS 0x0000000088b00000, 0x0000000088b00000| Untracked 
|  56|0x0000000088c00000, 0x0000000088c00000, 0x0000000088d00000|  0%| F|  |TAMS 0x0000000088c00000, 0x0000000088c00000| Untracked 
|  57|0x0000000088d00000, 0x0000000088d00000, 0x0000000088e00000|  0%| F|  |TAMS 0x0000000088d00000, 0x0000000088d00000| Untracked 
|  58|0x0000000088e00000, 0x0000000088e00000, 0x0000000088f00000|  0%| F|  |TAMS 0x0000000088e00000, 0x0000000088e00000| Untracked 
|  59|0x0000000088f00000, 0x0000000088f00000, 0x0000000089000000|  0%| F|  |TAMS 0x0000000088f00000, 0x0000000088f00000| Untracked 
|  60|0x0000000089000000, 0x0000000089000000, 0x0000000089100000|  0%| F|  |TAMS 0x0000000089000000, 0x0000000089000000| Untracked 
|  61|0x0000000089100000, 0x0000000089100000, 0x0000000089200000|  0%| F|  |TAMS 0x0000000089100000, 0x0000000089100000| Untracked 
|  62|0x0000000089200000, 0x0000000089200000, 0x0000000089300000|  0%| F|  |TAMS 0x0000000089200000, 0x0000000089200000| Untracked 
|  63|0x0000000089300000, 0x0000000089300000, 0x0000000089400000|  0%| F|  |TAMS 0x0000000089300000, 0x0000000089300000| Untracked 
|  64|0x0000000089400000, 0x0000000089400000, 0x0000000089500000|  0%| F|  |TAMS 0x0000000089400000, 0x0000000089400000| Untracked 
|  65|0x0000000089500000, 0x0000000089500000, 0x0000000089600000|  0%| F|  |TAMS 0x0000000089500000, 0x0000000089500000| Untracked 
|  66|0x0000000089600000, 0x0000000089600000, 0x0000000089700000|  0%| F|  |TAMS 0x0000000089600000, 0x0000000089600000| Untracked 
|  67|0x0000000089700000, 0x0000000089700000, 0x0000000089800000|  0%| F|  |TAMS 0x0000000089700000, 0x0000000089700000| Untracked 
|  68|0x0000000089800000, 0x0000000089800000, 0x0000000089900000|  0%| F|  |TAMS 0x0000000089800000, 0x0000000089800000| Untracked 
|  69|0x0000000089900000, 0x0000000089900000, 0x0000000089a00000|  0%| F|  |TAMS 0x0000000089900000, 0x0000000089900000| Untracked 
|  70|0x0000000089a00000, 0x0000000089a00000, 0x0000000089b00000|  0%| F|  |TAMS 0x0000000089a00000, 0x0000000089a00000| Untracked 
|  71|0x0000000089b00000, 0x0000000089b00000, 0x0000000089c00000|  0%| F|  |TAMS 0x0000000089b00000, 0x0000000089b00000| Untracked 
|  72|0x0000000089c00000, 0x0000000089c00000, 0x0000000089d00000|  0%| F|  |TAMS 0x0000000089c00000, 0x0000000089c00000| Untracked 
|  73|0x0000000089d00000, 0x0000000089d00000, 0x0000000089e00000|  0%| F|  |TAMS 0x0000000089d00000, 0x0000000089d00000| Untracked 
|  74|0x0000000089e00000, 0x0000000089e00000, 0x0000000089f00000|  0%| F|  |TAMS 0x0000000089e00000, 0x0000000089e00000| Untracked 
|  75|0x0000000089f00000, 0x0000000089f00000, 0x000000008a000000|  0%| F|  |TAMS 0x0000000089f00000, 0x0000000089f00000| Untracked 
|  76|0x000000008a000000, 0x000000008a000000, 0x000000008a100000|  0%| F|  |TAMS 0x000000008a000000, 0x000000008a000000| Untracked 
|  77|0x000000008a100000, 0x000000008a100000, 0x000000008a200000|  0%| F|  |TAMS 0x000000008a100000, 0x000000008a100000| Untracked 
|  78|0x000000008a200000, 0x000000008a200000, 0x000000008a300000|  0%| F|  |TAMS 0x000000008a200000, 0x000000008a200000| Untracked 
|  79|0x000000008a300000, 0x000000008a300000, 0x000000008a400000|  0%| F|  |TAMS 0x000000008a300000, 0x000000008a300000| Untracked 
|  80|0x000000008a400000, 0x000000008a400000, 0x000000008a500000|  0%| F|  |TAMS 0x000000008a400000, 0x000000008a400000| Untracked 
|  81|0x000000008a500000, 0x000000008a500000, 0x000000008a600000|  0%| F|  |TAMS 0x000000008a500000, 0x000000008a500000| Untracked 
|  82|0x000000008a600000, 0x000000008a600000, 0x000000008a700000|  0%| F|  |TAMS 0x000000008a600000, 0x000000008a600000| Untracked 
|  83|0x000000008a700000, 0x000000008a700000, 0x000000008a800000|  0%| F|  |TAMS 0x000000008a700000, 0x000000008a700000| Untracked 
|  84|0x000000008a800000, 0x000000008a800000, 0x000000008a900000|  0%| F|  |TAMS 0x000000008a800000, 0x000000008a800000| Untracked 
|  85|0x000000008a900000, 0x000000008a900000, 0x000000008aa00000|  0%| F|  |TAMS 0x000000008a900000, 0x000000008a900000| Untracked 
|  86|0x000000008aa00000, 0x000000008aa00000, 0x000000008ab00000|  0%| F|  |TAMS 0x000000008aa00000, 0x000000008aa00000| Untracked 
|  87|0x000000008ab00000, 0x000000008ab00000, 0x000000008ac00000|  0%| F|  |TAMS 0x000000008ab00000, 0x000000008ab00000| Untracked 
|  88|0x000000008ac00000, 0x000000008ac00000, 0x000000008ad00000|  0%| F|  |TAMS 0x000000008ac00000, 0x000000008ac00000| Untracked 
|  89|0x000000008ad00000, 0x000000008ad00000, 0x000000008ae00000|  0%| F|  |TAMS 0x000000008ad00000, 0x000000008ad00000| Untracked 
|  90|0x000000008ae00000, 0x000000008ae00000, 0x000000008af00000|  0%| F|  |TAMS 0x000000008ae00000, 0x000000008ae00000| Untracked 
|  91|0x000000008af00000, 0x000000008af00000, 0x000000008b000000|  0%| F|  |TAMS 0x000000008af00000, 0x000000008af00000| Untracked 
|  92|0x000000008b000000, 0x000000008b000000, 0x000000008b100000|  0%| F|  |TAMS 0x000000008b000000, 0x000000008b000000| Untracked 
|  93|0x000000008b100000, 0x000000008b100000, 0x000000008b200000|  0%| F|  |TAMS 0x000000008b100000, 0x000000008b100000| Untracked 
|  94|0x000000008b200000, 0x000000008b200000, 0x000000008b300000|  0%| F|  |TAMS 0x000000008b200000, 0x000000008b200000| Untracked 
|  95|0x000000008b300000, 0x000000008b300000, 0x000000008b400000|  0%| F|  |TAMS 0x000000008b300000, 0x000000008b300000| Untracked 
|  96|0x000000008b400000, 0x000000008b400000, 0x000000008b500000|  0%| F|  |TAMS 0x000000008b400000, 0x000000008b400000| Untracked 
|  97|0x000000008b500000, 0x000000008b500000, 0x000000008b600000|  0%| F|  |TAMS 0x000000008b500000, 0x000000008b500000| Untracked 
|  98|0x000000008b600000, 0x000000008b600000, 0x000000008b700000|  0%| F|  |TAMS 0x000000008b600000, 0x000000008b600000| Untracked 
|  99|0x000000008b700000, 0x000000008b700000, 0x000000008b800000|  0%| F|  |TAMS 0x000000008b700000, 0x000000008b700000| Untracked 
| 100|0x000000008b800000, 0x000000008b800000, 0x000000008b900000|  0%| F|  |TAMS 0x000000008b800000, 0x000000008b800000| Untracked 
| 101|0x000000008b900000, 0x000000008b900000, 0x000000008ba00000|  0%| F|  |TAMS 0x000000008b900000, 0x000000008b900000| Untracked 
| 102|0x000000008ba00000, 0x000000008ba00000, 0x000000008bb00000|  0%| F|  |TAMS 0x000000008ba00000, 0x000000008ba00000| Untracked 
| 103|0x000000008bb00000, 0x000000008bb00000, 0x000000008bc00000|  0%| F|  |TAMS 0x000000008bb00000, 0x000000008bb00000| Untracked 
| 104|0x000000008bc00000, 0x000000008bc00000, 0x000000008bd00000|  0%| F|  |TAMS 0x000000008bc00000, 0x000000008bc00000| Untracked 
| 105|0x000000008bd00000, 0x000000008bd00000, 0x000000008be00000|  0%| F|  |TAMS 0x000000008bd00000, 0x000000008bd00000| Untracked 
| 106|0x000000008be00000, 0x000000008be00000, 0x000000008bf00000|  0%| F|  |TAMS 0x000000008be00000, 0x000000008be00000| Untracked 
| 107|0x000000008bf00000, 0x000000008bf00000, 0x000000008c000000|  0%| F|  |TAMS 0x000000008bf00000, 0x000000008bf00000| Untracked 
| 108|0x000000008c000000, 0x000000008c000000, 0x000000008c100000|  0%| F|  |TAMS 0x000000008c000000, 0x000000008c000000| Untracked 
| 109|0x000000008c100000, 0x000000008c100000, 0x000000008c200000|  0%| F|  |TAMS 0x000000008c100000, 0x000000008c100000| Untracked 
| 110|0x000000008c200000, 0x000000008c200000, 0x000000008c300000|  0%| F|  |TAMS 0x000000008c200000, 0x000000008c200000| Untracked 
| 111|0x000000008c300000, 0x000000008c300000, 0x000000008c400000|  0%| F|  |TAMS 0x000000008c300000, 0x000000008c300000| Untracked 
| 112|0x000000008c400000, 0x000000008c400000, 0x000000008c500000|  0%| F|  |TAMS 0x000000008c400000, 0x000000008c400000| Untracked 
| 113|0x000000008c500000, 0x000000008c500000, 0x000000008c600000|  0%| F|  |TAMS 0x000000008c500000, 0x000000008c500000| Untracked 
| 114|0x000000008c600000, 0x000000008c600000, 0x000000008c700000|  0%| F|  |TAMS 0x000000008c600000, 0x000000008c600000| Untracked 
| 115|0x000000008c700000, 0x000000008c700000, 0x000000008c800000|  0%| F|  |TAMS 0x000000008c700000, 0x000000008c700000| Untracked 
| 116|0x000000008c800000, 0x000000008c800000, 0x000000008c900000|  0%| F|  |TAMS 0x000000008c800000, 0x000000008c800000| Untracked 
| 117|0x000000008c900000, 0x000000008c900000, 0x000000008ca00000|  0%| F|  |TAMS 0x000000008c900000, 0x000000008c900000| Untracked 
| 118|0x000000008ca00000, 0x000000008ca00000, 0x000000008cb00000|  0%| F|  |TAMS 0x000000008ca00000, 0x000000008ca00000| Untracked 
| 119|0x000000008cb00000, 0x000000008cb00000, 0x000000008cc00000|  0%| F|  |TAMS 0x000000008cb00000, 0x000000008cb00000| Untracked 
| 120|0x000000008cc00000, 0x000000008cc00000, 0x000000008cd00000|  0%| F|  |TAMS 0x000000008cc00000, 0x000000008cc00000| Untracked 
| 121|0x000000008cd00000, 0x000000008cd00000, 0x000000008ce00000|  0%| F|  |TAMS 0x000000008cd00000, 0x000000008cd00000| Untracked 
| 122|0x000000008ce00000, 0x000000008ce00000, 0x000000008cf00000|  0%| F|  |TAMS 0x000000008ce00000, 0x000000008ce00000| Untracked 
| 123|0x000000008cf00000, 0x000000008cf00000, 0x000000008d000000|  0%| F|  |TAMS 0x000000008cf00000, 0x000000008cf00000| Untracked 
| 124|0x000000008d000000, 0x000000008d000000, 0x000000008d100000|  0%| F|  |TAMS 0x000000008d000000, 0x000000008d000000| Untracked 
| 125|0x000000008d100000, 0x000000008d17af80, 0x000000008d200000| 48%| S|CS|TAMS 0x000000008d100000, 0x000000008d100000| Complete 
| 126|0x000000008d200000, 0x000000008d300000, 0x000000008d300000|100%| S|CS|TAMS 0x000000008d200000, 0x000000008d200000| Complete 
| 127|0x000000008d300000, 0x000000008d400000, 0x000000008d400000|100%| S|CS|TAMS 0x000000008d300000, 0x000000008d300000| Complete 
| 128|0x000000008d400000, 0x000000008d500000, 0x000000008d500000|100%| S|CS|TAMS 0x000000008d400000, 0x000000008d400000| Complete 
| 129|0x000000008d500000, 0x000000008d500000, 0x000000008d600000|  0%| F|  |TAMS 0x000000008d500000, 0x000000008d500000| Untracked 
| 130|0x000000008d600000, 0x000000008d600000, 0x000000008d700000|  0%| F|  |TAMS 0x000000008d600000, 0x000000008d600000| Untracked 
| 131|0x000000008d700000, 0x000000008d700000, 0x000000008d800000|  0%| F|  |TAMS 0x000000008d700000, 0x000000008d700000| Untracked 
| 132|0x000000008d800000, 0x000000008d800000, 0x000000008d900000|  0%| F|  |TAMS 0x000000008d800000, 0x000000008d800000| Untracked 
| 133|0x000000008d900000, 0x000000008d900000, 0x000000008da00000|  0%| F|  |TAMS 0x000000008d900000, 0x000000008d900000| Untracked 
| 134|0x000000008da00000, 0x000000008da00000, 0x000000008db00000|  0%| F|  |TAMS 0x000000008da00000, 0x000000008da00000| Untracked 
| 135|0x000000008db00000, 0x000000008db00000, 0x000000008dc00000|  0%| F|  |TAMS 0x000000008db00000, 0x000000008db00000| Untracked 
| 136|0x000000008dc00000, 0x000000008dc00000, 0x000000008dd00000|  0%| F|  |TAMS 0x000000008dc00000, 0x000000008dc00000| Untracked 
| 137|0x000000008dd00000, 0x000000008dd00000, 0x000000008de00000|  0%| F|  |TAMS 0x000000008dd00000, 0x000000008dd00000| Untracked 
| 138|0x000000008de00000, 0x000000008de00000, 0x000000008df00000|  0%| F|  |TAMS 0x000000008de00000, 0x000000008de00000| Untracked 
| 139|0x000000008df00000, 0x000000008df00000, 0x000000008e000000|  0%| F|  |TAMS 0x000000008df00000, 0x000000008df00000| Untracked 
| 140|0x000000008e000000, 0x000000008e000000, 0x000000008e100000|  0%| F|  |TAMS 0x000000008e000000, 0x000000008e000000| Untracked 
| 141|0x000000008e100000, 0x000000008e100000, 0x000000008e200000|  0%| F|  |TAMS 0x000000008e100000, 0x000000008e100000| Untracked 
| 142|0x000000008e200000, 0x000000008e200000, 0x000000008e300000|  0%| F|  |TAMS 0x000000008e200000, 0x000000008e200000| Untracked 
| 143|0x000000008e300000, 0x000000008e300000, 0x000000008e400000|  0%| F|  |TAMS 0x000000008e300000, 0x000000008e300000| Untracked 
| 144|0x000000008e400000, 0x000000008e400000, 0x000000008e500000|  0%| F|  |TAMS 0x000000008e400000, 0x000000008e400000| Untracked 
| 145|0x000000008e500000, 0x000000008e500000, 0x000000008e600000|  0%| F|  |TAMS 0x000000008e500000, 0x000000008e500000| Untracked 
| 146|0x000000008e600000, 0x000000008e600000, 0x000000008e700000|  0%| F|  |TAMS 0x000000008e600000, 0x000000008e600000| Untracked 
| 147|0x000000008e700000, 0x000000008e700000, 0x000000008e800000|  0%| F|  |TAMS 0x000000008e700000, 0x000000008e700000| Untracked 
| 148|0x000000008e800000, 0x000000008e800000, 0x000000008e900000|  0%| F|  |TAMS 0x000000008e800000, 0x000000008e800000| Untracked 
| 149|0x000000008e900000, 0x000000008e900000, 0x000000008ea00000|  0%| F|  |TAMS 0x000000008e900000, 0x000000008e900000| Untracked 
| 150|0x000000008ea00000, 0x000000008ea00000, 0x000000008eb00000|  0%| F|  |TAMS 0x000000008ea00000, 0x000000008ea00000| Untracked 
| 151|0x000000008eb00000, 0x000000008eb00000, 0x000000008ec00000|  0%| F|  |TAMS 0x000000008eb00000, 0x000000008eb00000| Untracked 
| 152|0x000000008ec00000, 0x000000008ec00000, 0x000000008ed00000|  0%| F|  |TAMS 0x000000008ec00000, 0x000000008ec00000| Untracked 
| 153|0x000000008ed00000, 0x000000008ed00000, 0x000000008ee00000|  0%| F|  |TAMS 0x000000008ed00000, 0x000000008ed00000| Untracked 
| 154|0x000000008ee00000, 0x000000008ee00000, 0x000000008ef00000|  0%| F|  |TAMS 0x000000008ee00000, 0x000000008ee00000| Untracked 
| 155|0x000000008ef00000, 0x000000008ef00000, 0x000000008f000000|  0%| F|  |TAMS 0x000000008ef00000, 0x000000008ef00000| Untracked 
| 156|0x000000008f000000, 0x000000008f000000, 0x000000008f100000|  0%| F|  |TAMS 0x000000008f000000, 0x000000008f000000| Untracked 
| 157|0x000000008f100000, 0x000000008f100000, 0x000000008f200000|  0%| F|  |TAMS 0x000000008f100000, 0x000000008f100000| Untracked 
| 158|0x000000008f200000, 0x000000008f200000, 0x000000008f300000|  0%| F|  |TAMS 0x000000008f200000, 0x000000008f200000| Untracked 
| 159|0x000000008f300000, 0x000000008f300000, 0x000000008f400000|  0%| F|  |TAMS 0x000000008f300000, 0x000000008f300000| Untracked 
| 160|0x000000008f400000, 0x000000008f400000, 0x000000008f500000|  0%| F|  |TAMS 0x000000008f400000, 0x000000008f400000| Untracked 
| 161|0x000000008f500000, 0x000000008f500000, 0x000000008f600000|  0%| F|  |TAMS 0x000000008f500000, 0x000000008f500000| Untracked 
| 162|0x000000008f600000, 0x000000008f600000, 0x000000008f700000|  0%| F|  |TAMS 0x000000008f600000, 0x000000008f600000| Untracked 
| 163|0x000000008f700000, 0x000000008f700000, 0x000000008f800000|  0%| F|  |TAMS 0x000000008f700000, 0x000000008f700000| Untracked 
| 164|0x000000008f800000, 0x000000008f800000, 0x000000008f900000|  0%| F|  |TAMS 0x000000008f800000, 0x000000008f800000| Untracked 
| 165|0x000000008f900000, 0x000000008f900000, 0x000000008fa00000|  0%| F|  |TAMS 0x000000008f900000, 0x000000008f900000| Untracked 
| 166|0x000000008fa00000, 0x000000008fa00000, 0x000000008fb00000|  0%| F|  |TAMS 0x000000008fa00000, 0x000000008fa00000| Untracked 
| 167|0x000000008fb00000, 0x000000008fb00000, 0x000000008fc00000|  0%| F|  |TAMS 0x000000008fb00000, 0x000000008fb00000| Untracked 
| 168|0x000000008fc00000, 0x000000008fc44c68, 0x000000008fd00000| 26%| E|  |TAMS 0x000000008fc00000, 0x000000008fc00000| Complete 
| 169|0x000000008fd00000, 0x000000008fe00000, 0x000000008fe00000|100%| E|CS|TAMS 0x000000008fd00000, 0x000000008fd00000| Complete 
| 170|0x000000008fe00000, 0x000000008ff00000, 0x000000008ff00000|100%| E|CS|TAMS 0x000000008fe00000, 0x000000008fe00000| Complete 
| 171|0x000000008ff00000, 0x0000000090000000, 0x0000000090000000|100%| E|CS|TAMS 0x000000008ff00000, 0x000000008ff00000| Complete 
| 172|0x0000000090000000, 0x0000000090100000, 0x0000000090100000|100%| E|CS|TAMS 0x0000000090000000, 0x0000000090000000| Complete 
| 173|0x0000000090100000, 0x0000000090200000, 0x0000000090200000|100%| E|CS|TAMS 0x0000000090100000, 0x0000000090100000| Complete 
| 174|0x0000000090200000, 0x0000000090300000, 0x0000000090300000|100%| E|CS|TAMS 0x0000000090200000, 0x0000000090200000| Complete 
| 175|0x0000000090300000, 0x0000000090400000, 0x0000000090400000|100%| E|CS|TAMS 0x0000000090300000, 0x0000000090300000| Complete 
| 176|0x0000000090400000, 0x0000000090500000, 0x0000000090500000|100%| E|CS|TAMS 0x0000000090400000, 0x0000000090400000| Complete 

Card table byte_map: [0x00007fc877156000,0x00007fc87752c000] _byte_map_base: 0x00007fc876d2c000

Marking Bits (Prev, Next): (CMBitMap*) 0x00007fc8900659d8, (CMBitMap*) 0x00007fc890065a10
 Prev Bits: [0x00007fc874ed0000, 0x00007fc876d80000)
 Next Bits: [0x00007fc86e150000, 0x00007fc870000000)

Polling page: 0x00007fc896fd7000

Metaspace:

Usage:
  Non-class:     31.55 MB capacity,    31.14 MB ( 99%) used,   340.11 KB (  1%) free+waste,    80.31 KB ( <1%) overhead. 
      Class:      4.51 MB capacity,     4.24 MB ( 94%) used,   242.66 KB (  5%) free+waste,    37.31 KB ( <1%) overhead. 
       Both:     36.06 MB capacity,    35.38 MB ( 98%) used,   582.77 KB (  2%) free+waste,   117.62 KB ( <1%) overhead. 

Virtual space:
  Non-class space:       32.00 MB reserved,      31.65 MB ( 99%) committed 
      Class space:        1.00 GB reserved,       4.62 MB ( <1%) committed 
             Both:        1.03 GB reserved,      36.28 MB (  3%) committed 

Chunk freelists:
   Non-Class:  8.38 KB
       Class:  2.50 KB
        Both:  10.88 KB

CodeHeap 'non-profiled nmethods': size=238948Kb used=6493Kb max_used=6493Kb free=232455Kb
 bounds [0x00007fc878682000, 0x00007fc878ce2000, 0x00007fc886fdb000]
CodeHeap 'non-nmethods': size=6812Kb used=2301Kb max_used=2301Kb free=4510Kb
 bounds [0x00007fc877fdb000, 0x00007fc87824b000, 0x00007fc878682000]
 total_blobs=4364 nmethods=3780 adapters=468
 compilation: enabled
              stopped_count=0, restarted_count=0
 full_count=0

Compilation events (10 events):
Event: 4.064 Thread 0x00007fc8901d9800 3796       1       jdk.internal.org.objectweb.asm.ClassWriter::visitSource (36 bytes)
Event: 4.064 Thread 0x00007fc8901d9800 nmethod 3796 0x00007fc878cd6090 code [0x00007fc878cd6260, 0x00007fc878cd6598]
Event: 4.070 Thread 0x00007fc8480c0800 3799   !   1       java.io.BufferedReader::readLine (304 bytes)
Event: 4.070 Thread 0x00007fc8480be800 3800       1       java.util.ArrayList::contains (14 bytes)
Event: 4.070 Thread 0x00007fc8480be800 nmethod 3800 0x00007fc878cd6690 code [0x00007fc878cd6840, 0x00007fc878cd6988]
Event: 4.071 Thread 0x00007fc8480be800 3801       1       java.io.BufferedReader::readLine (6 bytes)
Event: 4.071 Thread 0x00007fc8480be800 nmethod 3801 0x00007fc878cd6a10 code [0x00007fc878cd6bc0, 0x00007fc878cd6d08]
Event: 4.071 Thread 0x00007fc8480c0800 nmethod 3799 0x00007fc878cd6d90 code [0x00007fc878cd7020, 0x00007fc878cd7ea8]
Event: 4.072 Thread 0x00007fc8480be800 3802       1       java.lang.ref.Reference::<init> (25 bytes)
Event: 4.072 Thread 0x00007fc8480be800 nmethod 3802 0x00007fc878cd8810 code [0x00007fc878cd89c0, 0x00007fc878cd8bb0]

GC Heap History (10 events):
Event: 1.468 GC heap before
{Heap before GC invocations=2 (full 0):
 garbage-first heap   total 126976K, used 27019K [0x0000000085400000, 0x0000000100000000)
  region size 1024K, 22 young (22528K), 2 survivors (2048K)
 Metaspace       used 19575K, capacity 20143K, committed 20480K, reserved 1067008K
  class space    used 2272K, capacity 2492K, committed 2560K, reserved 1048576K
}
Event: 1.484 GC heap after
{Heap after GC invocations=3 (full 0):
 garbage-first heap   total 126976K, used 7866K [0x0000000085400000, 0x0000000100000000)
  region size 1024K, 3 young (3072K), 3 survivors (3072K)
 Metaspace       used 19575K, capacity 20143K, committed 20480K, reserved 1067008K
  class space    used 2272K, capacity 2492K, committed 2560K, reserved 1048576K
}
Event: 1.527 GC heap before
{Heap before GC invocations=3 (full 0):
 garbage-first heap   total 126976K, used 12986K [0x0000000085400000, 0x0000000100000000)
  region size 1024K, 9 young (9216K), 3 survivors (3072K)
 Metaspace       used 20508K, capacity 21074K, committed 21296K, reserved 1069056K
  class space    used 2380K, capacity 2589K, committed 2688K, reserved 1048576K
}
Event: 1.534 GC heap after
{Heap after GC invocations=4 (full 0):
 garbage-first heap   total 126976K, used 8052K [0x0000000085400000, 0x0000000100000000)
  region size 1024K, 3 young (3072K), 3 survivors (3072K)
 Metaspace       used 20508K, capacity 21074K, committed 21296K, reserved 1069056K
  class space    used 2380K, capacity 2589K, committed 2688K, reserved 1048576K
}
Event: 2.774 GC heap before
{Heap before GC invocations=5 (full 0):
 garbage-first heap   total 126976K, used 78708K [0x0000000085400000, 0x0000000100000000)
  region size 1024K, 72 young (73728K), 3 survivors (3072K)
 Metaspace       used 27783K, capacity 28462K, committed 28848K, reserved 1075200K
  class space    used 3308K, capacity 3531K, committed 3584K, reserved 1048576K
}
Event: 2.796 GC heap after
{Heap after GC invocations=6 (full 0):
 garbage-first heap   total 181248K, used 11711K [0x0000000085400000, 0x0000000100000000)
  region size 1024K, 7 young (7168K), 7 survivors (7168K)
 Metaspace       used 27783K, capacity 28462K, committed 28848K, reserved 1075200K
  class space    used 3308K, capacity 3531K, committed 3584K, reserved 1048576K
}
Event: 3.622 GC heap before
{Heap before GC invocations=6 (full 0):
 garbage-first heap   total 181248K, used 99775K [0x0000000085400000, 0x0000000100000000)
  region size 1024K, 93 young (95232K), 7 survivors (7168K)
 Metaspace       used 32925K, capacity 33626K, committed 33968K, reserved 1079296K
  class space    used 3957K, capacity 4246K, committed 4352K, reserved 1048576K
}
Event: 3.650 GC heap after
{Heap after GC invocations=7 (full 0):
 garbage-first heap   total 181248K, used 19889K [0x0000000085400000, 0x0000000100000000)
  region size 1024K, 12 young (12288K), 12 survivors (12288K)
 Metaspace       used 32925K, capacity 33626K, committed 33968K, reserved 1079296K
  class space    used 3957K, capacity 4246K, committed 4352K, reserved 1048576K
}
Event: 3.938 GC heap before
{Heap before GC invocations=7 (full 0):
 garbage-first heap   total 181248K, used 68017K [0x0000000085400000, 0x0000000100000000)
  region size 1024K, 60 young (61440K), 12 survivors (12288K)
 Metaspace       used 35012K, capacity 35654K, committed 35888K, reserved 1081344K
  class space    used 4213K, capacity 4472K, committed 4480K, reserved 1048576K
}
Event: 3.981 GC heap after
{Heap after GC invocations=8 (full 0):
 garbage-first heap   total 181248K, used 22982K [0x0000000085400000, 0x0000000100000000)
  region size 1024K, 4 young (4096K), 4 survivors (4096K)
 Metaspace       used 35012K, capacity 35654K, committed 35888K, reserved 1081344K
  class space    used 4213K, capacity 4472K, committed 4480K, reserved 1048576K
}

Deoptimization events (0 events):
No events

Classes redefined (0 events):
No events

Internal exceptions (10 events):
Event: 3.881 Thread 0x00007fc890015800 Exception <a 'java/lang/ClassNotFoundException'{0x000000008dbf2830}: org/springframework/kafka/listener/config/ContainerPropertiesCustomizer> (0x000000008dbf2830) thrown at [/scratch/opt/mach5/mesos/work_dir/slaves/2dd962d0-8988-479b-a804-57ab764ada59-S12
Event: 3.993 Thread 0x00007fc890f53800 Exception <a 'java/net/ConnectException'{0x0000000090445fc0}> (0x0000000090445fc0) thrown at [/scratch/opt/mach5/mesos/work_dir/slaves/2dd962d0-8988-479b-a804-57ab764ada59-S1222/frameworks/1735e8a2-a1db-478c-8104-60c8b0af87dd-0196/executors/1fd16cd3-bd2f-
Event: 3.997 Thread 0x00007fc890f57800 Exception <a 'java/net/ConnectException'{0x000000009038c0c0}> (0x000000009038c0c0) thrown at [/scratch/opt/mach5/mesos/work_dir/slaves/2dd962d0-8988-479b-a804-57ab764ada59-S1222/frameworks/1735e8a2-a1db-478c-8104-60c8b0af87dd-0196/executors/1fd16cd3-bd2f-
Event: 4.048 Thread 0x00007fc890f53800 Exception <a 'java/net/ConnectException'{0x00000000903c16b0}> (0x00000000903c16b0) thrown at [/scratch/opt/mach5/mesos/work_dir/slaves/2dd962d0-8988-479b-a804-57ab764ada59-S1222/frameworks/1735e8a2-a1db-478c-8104-60c8b0af87dd-0196/executors/1fd16cd3-bd2f-
Event: 4.048 Thread 0x00007fc890f57800 Exception <a 'java/net/ConnectException'{0x000000009038d4f0}> (0x000000009038d4f0) thrown at [/scratch/opt/mach5/mesos/work_dir/slaves/2dd962d0-8988-479b-a804-57ab764ada59-S1222/frameworks/1735e8a2-a1db-478c-8104-60c8b0af87dd-0196/executors/1fd16cd3-bd2f-
Event: 4.063 Thread 0x00007fc890015800 Exception <a 'java/lang/NoSuchMethodError'{0x000000008fd5bf38}: java.lang.invoke.DirectMethodHandle$Holder.invokeStaticInit(Ljava/lang/Object;Ljava/lang/Object;JLjava/lang/Object;)Ljava/lang/Object;> (0x000000008fd5bf38) thrown at [/scratch/opt/mach5/meso
Event: 4.063 Thread 0x00007fc890015800 Exception <a 'java/lang/NoSuchMethodError'{0x000000008fd61e20}: java.lang.invoke.DirectMethodHandle$Holder.invokeStatic(Ljava/lang/Object;Ljava/lang/Object;J)Ljava/lang/Object;> (0x000000008fd61e20) thrown at [/scratch/opt/mach5/mesos/work_dir/slaves/2dd9
Event: 4.063 Thread 0x00007fc890015800 Exception <a 'java/lang/NoSuchMethodError'{0x000000008fd68b70}: java.lang.invoke.DirectMethodHandle$Holder.invokeStatic(Ljava/lang/Object;Ljava/lang/Object;Ljava/lang/Object;I)Ljava/lang/Object;> (0x000000008fd68b70) thrown at [/scratch/opt/mach5/mesos/wo
Event: 4.064 Thread 0x00007fc890015800 Exception <a 'java/lang/NoSuchMethodError'{0x000000008fd6c538}: java.lang.invoke.DirectMethodHandle$Holder.invokeSpecial(Ljava/lang/Object;Ljava/lang/Object;Ljava/lang/Object;Ljava/lang/Object;I)Ljava/lang/Object;> (0x000000008fd6c538) thrown at [/scratch
Event: 4.064 Thread 0x00007fc890015800 Exception <a 'java/lang/NoSuchMethodError'{0x000000008fd6f598}: java.lang.invoke.Invokers$Holder.linkToTargetMethod(Ljava/lang/Object;Ljava/lang/Object;ILjava/lang/Object;)Ljava/lang/Object;> (0x000000008fd6f598) thrown at [/scratch/opt/mach5/mesos/work_d

Events (10 events):
Event: 4.072 loading class java/lang/ProcessBuilder$NullOutputStream
Event: 4.072 loading class java/lang/ProcessBuilder$NullOutputStream done
Event: 4.075 loading class com/sun/jna/Function
Event: 4.075 loading class com/sun/jna/Function done
Event: 4.076 loading class com/sun/jna/VarArgsChecker
Event: 4.076 loading class com/sun/jna/VarArgsChecker done
Event: 4.076 loading class com/sun/jna/VarArgsChecker$RealVarArgsChecker
Event: 4.076 loading class com/sun/jna/VarArgsChecker$RealVarArgsChecker done
Event: 4.076 loading class com/sun/jna/Library$Handler$FunctionInfo
Event: 4.076 loading class com/sun/jna/Library$Handler$FunctionInfo done


Dynamic libraries:
00400000-00401000 r-xp 00000000 08:05 6687755                            /usr/lib/jvm/jdk-11.0.2/bin/java
00600000-00601000 r--p 00000000 08:05 6687755                            /usr/lib/jvm/jdk-11.0.2/bin/java
00601000-00602000 rw-p 00001000 08:05 6687755                            /usr/lib/jvm/jdk-11.0.2/bin/java
023df000-02422000 rw-p 00000000 00:00 0                                  [heap]
85400000-90500000 rw-p 00000000 00:00 0 
90500000-100000000 ---p 00000000 00:00 0 
100000000-1004a0000 rw-p 00000000 00:00 0 
1004a0000-140000000 ---p 00000000 00:00 0 
7fc7ec000000-7fc7ec021000 rw-p 00000000 00:00 0 
7fc7ec021000-7fc7f0000000 ---p 00000000 00:00 0 
7fc7f4000000-7fc7f4021000 rw-p 00000000 00:00 0 
7fc7f4021000-7fc7f8000000 ---p 00000000 00:00 0 
7fc7f9140000-7fc7f9141000 ---p 00000000 00:00 0 
7fc7f9141000-7fc7f9941000 rw-p 00000000 00:00 0 
7fc7f9ac8000-7fc7f9adf000 r-xp 00000000 08:05 393222                     /lib/x86_64-linux-gnu/libgcc_s.so.1
7fc7f9adf000-7fc7f9cde000 ---p 00017000 08:05 393222                     /lib/x86_64-linux-gnu/libgcc_s.so.1
7fc7f9cde000-7fc7f9cdf000 r--p 00016000 08:05 393222                     /lib/x86_64-linux-gnu/libgcc_s.so.1
7fc7f9cdf000-7fc7f9ce0000 rw-p 00017000 08:05 393222                     /lib/x86_64-linux-gnu/libgcc_s.so.1
7fc7f9ce0000-7fc7f9e59000 r-xp 00000000 08:05 4852359                    /usr/lib/x86_64-linux-gnu/libstdc++.so.6.0.25
7fc7f9e59000-7fc7fa059000 ---p 00179000 08:05 4852359                    /usr/lib/x86_64-linux-gnu/libstdc++.so.6.0.25
7fc7fa059000-7fc7fa063000 r--p 00179000 08:05 4852359                    /usr/lib/x86_64-linux-gnu/libstdc++.so.6.0.25
7fc7fa063000-7fc7fa065000 rw-p 00183000 08:05 4852359                    /usr/lib/x86_64-linux-gnu/libstdc++.so.6.0.25
7fc7fa065000-7fc7fa069000 rw-p 00000000 00:00 0 
7fc7fa069000-7fc7fa075000 r-xp 00000000 08:05 4852252                    /usr/lib/libflightSimLib.so
7fc7fa075000-7fc7fa274000 ---p 0000c000 08:05 4852252                    /usr/lib/libflightSimLib.so
7fc7fa274000-7fc7fa275000 r--p 0000b000 08:05 4852252                    /usr/lib/libflightSimLib.so
7fc7fa275000-7fc7fa276000 rw-p 0000c000 08:05 4852252                    /usr/lib/libflightSimLib.so
7fc7fa276000-7fc7fa2ce000 r-xp 00000000 08:05 4852233                    /usr/lib/libdjiosdk-core.so
7fc7fa2ce000-7fc7fa4cd000 ---p 00058000 08:05 4852233                    /usr/lib/libdjiosdk-core.so
7fc7fa4cd000-7fc7fa4cf000 r--p 00057000 08:05 4852233                    /usr/lib/libdjiosdk-core.so
7fc7fa4cf000-7fc7fa4d1000 rw-p 00059000 08:05 4852233                    /usr/lib/libdjiosdk-core.so
7fc7fa4d1000-7fc7fa4d2000 rw-p 00000000 00:00 0 
7fc7fa4d2000-7fc7fa4d5000 r-xp 00000000 08:05 5509312                    /home/vidurk/CasLab/Spring-Kafka-Device-Node-String/src/main/java/com/codenotfound/kafka/osdkLinker/libLinked.so
7fc7fa4d5000-7fc7fa6d4000 ---p 00003000 08:05 5509312                    /home/vidurk/CasLab/Spring-Kafka-Device-Node-String/src/main/java/com/codenotfound/kafka/osdkLinker/libLinked.so
7fc7fa6d4000-7fc7fa6d5000 r--p 00002000 08:05 5509312                    /home/vidurk/CasLab/Spring-Kafka-Device-Node-String/src/main/java/com/codenotfound/kafka/osdkLinker/libLinked.so
7fc7fa6d5000-7fc7fa6d6000 rw-p 00003000 08:05 5509312                    /home/vidurk/CasLab/Spring-Kafka-Device-Node-String/src/main/java/com/codenotfound/kafka/osdkLinker/libLinked.so
7fc7fa6d6000-7fc7fa6ee000 r-xp 00000000 08:05 4597711                    /home/vidurk/.cache/JNA/temp/jna11128568745359298790.tmp (deleted)
7fc7fa6ee000-7fc7fa8ee000 ---p 00018000 08:05 4597711                    /home/vidurk/.cache/JNA/temp/jna11128568745359298790.tmp (deleted)
7fc7fa8ee000-7fc7fa8ef000 rw-p 00018000 08:05 4597711                    /home/vidurk/.cache/JNA/temp/jna11128568745359298790.tmp (deleted)
7fc7fa8ef000-7fc7fa8f3000 ---p 00000000 00:00 0 
7fc7fa8f3000-7fc7fa9f0000 rw-p 00000000 00:00 0 
7fc7fa9f0000-7fc7fa9f4000 ---p 00000000 00:00 0 
7fc7fa9f4000-7fc7faaf1000 rw-p 00000000 00:00 0 
7fc7faaf1000-7fc7faaf5000 ---p 00000000 00:00 0 
7fc7faaf5000-7fc7fabf2000 rw-p 00000000 00:00 0 
7fc7fabf2000-7fc7fabf6000 ---p 00000000 00:00 0 
7fc7fabf6000-7fc7facf3000 rw-p 00000000 00:00 0 
7fc7facf3000-7fc7facf7000 ---p 00000000 00:00 0 
7fc7facf7000-7fc7fadf4000 rw-p 00000000 00:00 0 
7fc7fadf4000-7fc7fadf8000 ---p 00000000 00:00 0 
7fc7fadf8000-7fc7faef5000 rw-p 00000000 00:00 0 
7fc7faef5000-7fc7faef9000 ---p 00000000 00:00 0 
7fc7faef9000-7fc7faff6000 rw-p 00000000 00:00 0 
7fc7faff6000-7fc7faffa000 ---p 00000000 00:00 0 
7fc7faffa000-7fc7fb0f7000 rw-p 00000000 00:00 0 
7fc7fb0f7000-7fc7fb0fb000 ---p 00000000 00:00 0 
7fc7fb0fb000-7fc7fb1f8000 rw-p 00000000 00:00 0 
7fc7fb1f8000-7fc7fb1fc000 ---p 00000000 00:00 0 
7fc7fb1fc000-7fc7fb2f9000 rw-p 00000000 00:00 0 
7fc7fb2f9000-7fc7fb2fd000 ---p 00000000 00:00 0 
7fc7fb2fd000-7fc7fb3fa000 rw-p 00000000 00:00 0 
7fc7fb3fa000-7fc7fb3fe000 ---p 00000000 00:00 0 
7fc7fb3fe000-7fc7fb4fb000 rw-p 00000000 00:00 0 
7fc7fb4fb000-7fc7fb4ff000 ---p 00000000 00:00 0 
7fc7fb4ff000-7fc7fb5fc000 rw-p 00000000 00:00 0 
7fc7fb5fc000-7fc7fb600000 ---p 00000000 00:00 0 
7fc7fb600000-7fc7fb6fd000 rw-p 00000000 00:00 0 
7fc7fb6fd000-7fc7fb701000 ---p 00000000 00:00 0 
7fc7fb701000-7fc7fb7fe000 rw-p 00000000 00:00 0 
7fc7fb7fe000-7fc7fb802000 ---p 00000000 00:00 0 
7fc7fb802000-7fc7fbaba000 rw-p 00000000 00:00 0 
7fc7fbaba000-7fc7fbaff000 ---p 00000000 00:00 0 
7fc7fbaff000-7fc7fbb03000 ---p 00000000 00:00 0 
7fc7fbb03000-7fc7fbe00000 rw-p 00000000 00:00 0 
7fc7fbe00000-7fc7fc000000 rw-p 00000000 00:00 0 
7fc7fc000000-7fc7fc075000 rw-p 00000000 00:00 0 
7fc7fc075000-7fc800000000 ---p 00000000 00:00 0 
7fc800000000-7fc800021000 rw-p 00000000 00:00 0 
7fc800021000-7fc804000000 ---p 00000000 00:00 0 
7fc804000000-7fc804021000 rw-p 00000000 00:00 0 
7fc804021000-7fc808000000 ---p 00000000 00:00 0 
7fc808000000-7fc808021000 rw-p 00000000 00:00 0 
7fc808021000-7fc80c000000 ---p 00000000 00:00 0 
7fc80c000000-7fc80c021000 rw-p 00000000 00:00 0 
7fc80c021000-7fc810000000 ---p 00000000 00:00 0 
7fc810000000-7fc8101a9000 rw-p 00000000 00:00 0 
7fc8101a9000-7fc814000000 ---p 00000000 00:00 0 
7fc814000000-7fc814028000 rw-p 00000000 00:00 0 
7fc814028000-7fc818000000 ---p 00000000 00:00 0 
7fc818000000-7fc818036000 rw-p 00000000 00:00 0 
7fc818036000-7fc81c000000 ---p 00000000 00:00 0 
7fc81c000000-7fc81c021000 rw-p 00000000 00:00 0 
7fc81c021000-7fc820000000 ---p 00000000 00:00 0 
7fc820000000-7fc820021000 rw-p 00000000 00:00 0 
7fc820021000-7fc824000000 ---p 00000000 00:00 0 
7fc824000000-7fc824021000 rw-p 00000000 00:00 0 
7fc824021000-7fc828000000 ---p 00000000 00:00 0 
7fc828000000-7fc828021000 rw-p 00000000 00:00 0 
7fc828021000-7fc82c000000 ---p 00000000 00:00 0 
7fc82c000000-7fc82c021000 rw-p 00000000 00:00 0 
7fc82c021000-7fc830000000 ---p 00000000 00:00 0 
7fc830000000-7fc830021000 rw-p 00000000 00:00 0 
7fc830021000-7fc834000000 ---p 00000000 00:00 0 
7fc834000000-7fc8341ff000 rw-p 00000000 00:00 0 
7fc8341ff000-7fc838000000 ---p 00000000 00:00 0 
7fc838000000-7fc838209000 rw-p 00000000 00:00 0 
7fc838209000-7fc83c000000 ---p 00000000 00:00 0 
7fc83c000000-7fc83c021000 rw-p 00000000 00:00 0 
7fc83c021000-7fc840000000 ---p 00000000 00:00 0 
7fc840000000-7fc840021000 rw-p 00000000 00:00 0 
7fc840021000-7fc844000000 ---p 00000000 00:00 0 
7fc844000000-7fc844021000 rw-p 00000000 00:00 0 
7fc844021000-7fc848000000 ---p 00000000 00:00 0 
7fc848000000-7fc84830a000 rw-p 00000000 00:00 0 
7fc84830a000-7fc84c000000 ---p 00000000 00:00 0 
7fc84c000000-7fc84c021000 rw-p 00000000 00:00 0 
7fc84c021000-7fc850000000 ---p 00000000 00:00 0 
7fc850000000-7fc850021000 rw-p 00000000 00:00 0 
7fc850021000-7fc854000000 ---p 00000000 00:00 0 
7fc854000000-7fc854039000 rw-p 00000000 00:00 0 
7fc854039000-7fc858000000 ---p 00000000 00:00 0 
7fc858000000-7fc858021000 rw-p 00000000 00:00 0 
7fc858021000-7fc85c000000 ---p 00000000 00:00 0 
7fc85c0e4000-7fc85c0e8000 ---p 00000000 00:00 0 
7fc85c0e8000-7fc85c3e5000 rw-p 00000000 00:00 0 
7fc85c3e5000-7fc85c5e5000 rw-p 00000000 00:00 0 
7fc85c5e5000-7fc85c5e9000 ---p 00000000 00:00 0 
7fc85c5e9000-7fc85c6e6000 rw-p 00000000 00:00 0 
7fc85c6e6000-7fc85c6ea000 ---p 00000000 00:00 0 
7fc85c6ea000-7fc85c9e7000 rw-p 00000000 00:00 0 
7fc85c9e7000-7fc85cbd3000 rw-p 00000000 00:00 0 
7fc85cbd3000-7fc85cbe7000 ---p 00000000 00:00 0 
7fc85cbe7000-7fc85cbe8000 ---p 00000000 00:00 0 
7fc85cbe8000-7fc85cce9000 rw-p 00000000 00:00 0 
7fc85cce9000-7fc85ccea000 ---p 00000000 00:00 0 
7fc85ccea000-7fc85cdeb000 rw-p 00000000 00:00 0 
7fc85cdeb000-7fc85cdef000 ---p 00000000 00:00 0 
7fc85cdef000-7fc85d0ec000 rw-p 00000000 00:00 0 
7fc85d0ec000-7fc85d0f0000 ---p 00000000 00:00 0 
7fc85d0f0000-7fc85d1ed000 rw-p 00000000 00:00 0 
7fc85d1ed000-7fc85d1f1000 ---p 00000000 00:00 0 
7fc85d1f1000-7fc85d4ee000 rw-p 00000000 00:00 0 
7fc85d4ee000-7fc85d4f2000 ---p 00000000 00:00 0 
7fc85d4f2000-7fc85d7ef000 rw-p 00000000 00:00 0 
7fc85d7ef000-7fc85d7f0000 ---p 00000000 00:00 0 
7fc85d7f0000-7fc85d8f1000 rw-p 00000000 00:00 0 
7fc85d8f1000-7fc85d8f2000 ---p 00000000 00:00 0 
7fc85d8f2000-7fc85dbf3000 rw-p 00000000 00:00 0 
7fc85dbf3000-7fc85dbf4000 ---p 00000000 00:00 0 
7fc85dbf4000-7fc85dcf5000 rw-p 00000000 00:00 0 
7fc85dcf5000-7fc85dcf9000 ---p 00000000 00:00 0 
7fc85dcf9000-7fc85dff6000 rw-p 00000000 00:00 0 
7fc85dff6000-7fc85dffb000 r-xp 00000000 08:05 6687878                    /usr/lib/jvm/jdk-11.0.2/lib/libmanagement_ext.so
7fc85dffb000-7fc85e1fa000 ---p 00005000 08:05 6687878                    /usr/lib/jvm/jdk-11.0.2/lib/libmanagement_ext.so
7fc85e1fa000-7fc85e1fb000 r--p 00004000 08:05 6687878                    /usr/lib/jvm/jdk-11.0.2/lib/libmanagement_ext.so
7fc85e1fb000-7fc85e1fc000 rw-p 00005000 08:05 6687878                    /usr/lib/jvm/jdk-11.0.2/lib/libmanagement_ext.so
7fc85e1fc000-7fc85e200000 r-xp 00000000 08:05 6687856                    /usr/lib/jvm/jdk-11.0.2/lib/libmanagement.so
7fc85e200000-7fc85e3ff000 ---p 00004000 08:05 6687856                    /usr/lib/jvm/jdk-11.0.2/lib/libmanagement.so
7fc85e3ff000-7fc85e400000 r--p 00003000 08:05 6687856                    /usr/lib/jvm/jdk-11.0.2/lib/libmanagement.so
7fc85e400000-7fc85e401000 rw-p 00004000 08:05 6687856                    /usr/lib/jvm/jdk-11.0.2/lib/libmanagement.so
7fc85e401000-7fc85e403000 r-xp 00000000 08:05 6687871                    /usr/lib/jvm/jdk-11.0.2/lib/libextnet.so
7fc85e403000-7fc85e602000 ---p 00002000 08:05 6687871                    /usr/lib/jvm/jdk-11.0.2/lib/libextnet.so
7fc85e602000-7fc85e603000 r--p 00001000 08:05 6687871                    /usr/lib/jvm/jdk-11.0.2/lib/libextnet.so
7fc85e603000-7fc85e604000 rw-p 00002000 08:05 6687871                    /usr/lib/jvm/jdk-11.0.2/lib/libextnet.so
7fc85e604000-7fc85e608000 ---p 00000000 00:00 0 
7fc85e608000-7fc85e705000 rw-p 00000000 00:00 0 
7fc85e705000-7fc85e709000 ---p 00000000 00:00 0 
7fc85e709000-7fc85e806000 rw-p 00000000 00:00 0 
7fc85e806000-7fc85e81c000 r-xp 00000000 08:05 6687876                    /usr/lib/jvm/jdk-11.0.2/lib/libnet.so
7fc85e81c000-7fc85ea1c000 ---p 00016000 08:05 6687876                    /usr/lib/jvm/jdk-11.0.2/lib/libnet.so
7fc85ea1c000-7fc85ea1d000 r--p 00016000 08:05 6687876                    /usr/lib/jvm/jdk-11.0.2/lib/libnet.so
7fc85ea1d000-7fc85ea1e000 rw-p 00017000 08:05 6687876                    /usr/lib/jvm/jdk-11.0.2/lib/libnet.so
7fc85ea1e000-7fc85ea2e000 r-xp 00000000 08:05 6687842                    /usr/lib/jvm/jdk-11.0.2/lib/libnio.so
7fc85ea2e000-7fc85ec2d000 ---p 00010000 08:05 6687842                    /usr/lib/jvm/jdk-11.0.2/lib/libnio.so
7fc85ec2d000-7fc85ec2e000 r--p 0000f000 08:05 6687842                    /usr/lib/jvm/jdk-11.0.2/lib/libnio.so
7fc85ec2e000-7fc85ec2f000 rw-p 00010000 08:05 6687842                    /usr/lib/jvm/jdk-11.0.2/lib/libnio.so
7fc85ec2f000-7fc85ec33000 ---p 00000000 00:00 0 
7fc85ec33000-7fc85ed30000 rw-p 00000000 00:00 0 
7fc85ed30000-7fc85ed34000 ---p 00000000 00:00 0 
7fc85ed34000-7fc85ee31000 rw-p 00000000 00:00 0 
7fc85ee31000-7fc85f800000 r--p 00000000 08:05 4856494                    /usr/lib/locale/locale-archive
7fc85f800000-7fc860000000 rw-p 00000000 00:00 0 
7fc860000000-7fc860021000 rw-p 00000000 00:00 0 
7fc860021000-7fc864000000 ---p 00000000 00:00 0 
7fc864000000-7fc864021000 rw-p 00000000 00:00 0 
7fc864021000-7fc868000000 ---p 00000000 00:00 0 
7fc868000000-7fc868021000 rw-p 00000000 00:00 0 
7fc868021000-7fc86c000000 ---p 00000000 00:00 0 
7fc86c04f000-7fc86c053000 ---p 00000000 00:00 0 
7fc86c053000-7fc86e414000 rw-p 00000000 00:00 0 
7fc86e414000-7fc870000000 ---p 00000000 00:00 0 
7fc870000000-7fc870021000 rw-p 00000000 00:00 0 
7fc870021000-7fc874000000 ---p 00000000 00:00 0 
7fc8740bd000-7fc8740c1000 ---p 00000000 00:00 0 
7fc8740c1000-7fc8741be000 rw-p 00000000 00:00 0 
7fc8741be000-7fc8741c2000 ---p 00000000 00:00 0 
7fc8741c2000-7fc8742bf000 rw-p 00000000 00:00 0 
7fc8742bf000-7fc8742c3000 ---p 00000000 00:00 0 
7fc8742c3000-7fc8743c0000 rw-p 00000000 00:00 0 
7fc8743c0000-7fc8743c4000 ---p 00000000 00:00 0 
7fc8743c4000-7fc8744c1000 rw-p 00000000 00:00 0 
7fc8744c1000-7fc8744c5000 ---p 00000000 00:00 0 
7fc8744c5000-7fc8745c2000 rw-p 00000000 00:00 0 
7fc8745c2000-7fc8745c3000 ---p 00000000 00:00 0 
7fc8745c3000-7fc8746c4000 rw-p 00000000 00:00 0 
7fc8746c4000-7fc8746c5000 ---p 00000000 00:00 0 
7fc8746c5000-7fc8747c6000 rw-p 00000000 00:00 0 
7fc8747c6000-7fc8747c7000 ---p 00000000 00:00 0 
7fc8747c7000-7fc874ccc000 rw-p 00000000 00:00 0 
7fc874ccc000-7fc874ccd000 ---p 00000000 00:00 0 
7fc874ccd000-7fc874dce000 rw-p 00000000 00:00 0 
7fc874dce000-7fc874dcf000 ---p 00000000 00:00 0 
7fc874dcf000-7fc875194000 rw-p 00000000 00:00 0 
7fc875194000-7fc876d80000 ---p 00000000 00:00 0 
7fc876d80000-7fc876dd9000 rw-p 00000000 00:00 0 
7fc876dd9000-7fc877156000 ---p 00000000 00:00 0 
7fc877156000-7fc8771af000 rw-p 00000000 00:00 0 
7fc8771af000-7fc87752c000 ---p 00000000 00:00 0 
7fc87752c000-7fc877585000 rw-p 00000000 00:00 0 
7fc877585000-7fc877902000 ---p 00000000 00:00 0 
7fc877902000-7fc877d06000 rw-p 00000000 00:00 0 
7fc877d06000-7fc877d07000 ---p 00000000 00:00 0 
7fc877d07000-7fc877e15000 rw-p 00000000 00:00 0 
7fc877e15000-7fc877fdb000 ---p 00000000 00:00 0 
7fc877fdb000-7fc87824b000 rwxp 00000000 00:00 0 
7fc87824b000-7fc878682000 ---p 00000000 00:00 0 
7fc878682000-7fc878ce2000 rwxp 00000000 00:00 0 
7fc878ce2000-7fc886fdb000 ---p 00000000 00:00 0 
7fc886fdb000-7fc88f399000 r--s 00000000 08:05 6687898                    /usr/lib/jvm/jdk-11.0.2/lib/modules
7fc88f399000-7fc88f3b4000 r-xp 00000000 08:05 6687874                    /usr/lib/jvm/jdk-11.0.2/lib/libjimage.so
7fc88f3b4000-7fc88f5b3000 ---p 0001b000 08:05 6687874                    /usr/lib/jvm/jdk-11.0.2/lib/libjimage.so
7fc88f5b3000-7fc88f5b5000 r--p 0001a000 08:05 6687874                    /usr/lib/jvm/jdk-11.0.2/lib/libjimage.so
7fc88f5b5000-7fc88f5b6000 rw-p 0001c000 08:05 6687874                    /usr/lib/jvm/jdk-11.0.2/lib/libjimage.so
7fc88f5b6000-7fc88f5bd000 r-xp 00000000 08:05 6687845                    /usr/lib/jvm/jdk-11.0.2/lib/libzip.so
7fc88f5bd000-7fc88f7bc000 ---p 00007000 08:05 6687845                    /usr/lib/jvm/jdk-11.0.2/lib/libzip.so
7fc88f7bc000-7fc88f7bd000 r--p 00006000 08:05 6687845                    /usr/lib/jvm/jdk-11.0.2/lib/libzip.so
7fc88f7bd000-7fc88f7be000 rw-p 00007000 08:05 6687845                    /usr/lib/jvm/jdk-11.0.2/lib/libzip.so
7fc88f7be000-7fc88f7c9000 r-xp 00000000 08:05 398112                     /lib/x86_64-linux-gnu/libnss_files-2.27.so
7fc88f7c9000-7fc88f9c8000 ---p 0000b000 08:05 398112                     /lib/x86_64-linux-gnu/libnss_files-2.27.so
7fc88f9c8000-7fc88f9c9000 r--p 0000a000 08:05 398112                     /lib/x86_64-linux-gnu/libnss_files-2.27.so
7fc88f9c9000-7fc88f9ca000 rw-p 0000b000 08:05 398112                     /lib/x86_64-linux-gnu/libnss_files-2.27.so
7fc88f9ca000-7fc88f9d0000 rw-p 00000000 00:00 0 
7fc88f9d0000-7fc88f9e7000 r-xp 00000000 08:05 398106                     /lib/x86_64-linux-gnu/libnsl-2.27.so
7fc88f9e7000-7fc88fbe6000 ---p 00017000 08:05 398106                     /lib/x86_64-linux-gnu/libnsl-2.27.so
7fc88fbe6000-7fc88fbe7000 r--p 00016000 08:05 398106                     /lib/x86_64-linux-gnu/libnsl-2.27.so
7fc88fbe7000-7fc88fbe8000 rw-p 00017000 08:05 398106                     /lib/x86_64-linux-gnu/libnsl-2.27.so
7fc88fbe8000-7fc88fbea000 rw-p 00000000 00:00 0 
7fc88fbea000-7fc88fbf5000 r-xp 00000000 08:05 398123                     /lib/x86_64-linux-gnu/libnss_nis-2.27.so
7fc88fbf5000-7fc88fdf4000 ---p 0000b000 08:05 398123                     /lib/x86_64-linux-gnu/libnss_nis-2.27.so
7fc88fdf4000-7fc88fdf5000 r--p 0000a000 08:05 398123                     /lib/x86_64-linux-gnu/libnss_nis-2.27.so
7fc88fdf5000-7fc88fdf6000 rw-p 0000b000 08:05 398123                     /lib/x86_64-linux-gnu/libnss_nis-2.27.so
7fc88fdf6000-7fc88fdfe000 r-xp 00000000 08:05 398108                     /lib/x86_64-linux-gnu/libnss_compat-2.27.so
7fc88fdfe000-7fc88fffe000 ---p 00008000 08:05 398108                     /lib/x86_64-linux-gnu/libnss_compat-2.27.so
7fc88fffe000-7fc88ffff000 r--p 00008000 08:05 398108                     /lib/x86_64-linux-gnu/libnss_compat-2.27.so
7fc88ffff000-7fc890000000 rw-p 00009000 08:05 398108                     /lib/x86_64-linux-gnu/libnss_compat-2.27.so
7fc890000000-7fc890ffc000 rw-p 00000000 00:00 0 
7fc890ffc000-7fc894000000 ---p 00000000 00:00 0 
7fc894076000-7fc8940f7000 rw-p 00000000 00:00 0 
7fc8940f7000-7fc894101000 r-xp 00000000 08:05 6687853                    /usr/lib/jvm/jdk-11.0.2/lib/libinstrument.so
7fc894101000-7fc894300000 ---p 0000a000 08:05 6687853                    /usr/lib/jvm/jdk-11.0.2/lib/libinstrument.so
7fc894300000-7fc894301000 r--p 00009000 08:05 6687853                    /usr/lib/jvm/jdk-11.0.2/lib/libinstrument.so
7fc894301000-7fc894302000 rw-p 0000a000 08:05 6687853                    /usr/lib/jvm/jdk-11.0.2/lib/libinstrument.so
7fc894302000-7fc89432b000 r-xp 00000000 08:05 6687846                    /usr/lib/jvm/jdk-11.0.2/lib/libjava.so
7fc89432b000-7fc89452b000 ---p 00029000 08:05 6687846                    /usr/lib/jvm/jdk-11.0.2/lib/libjava.so
7fc89452b000-7fc89452c000 r--p 00029000 08:05 6687846                    /usr/lib/jvm/jdk-11.0.2/lib/libjava.so
7fc89452c000-7fc89452e000 rw-p 0002a000 08:05 6687846                    /usr/lib/jvm/jdk-11.0.2/lib/libjava.so
7fc89452e000-7fc89453b000 r-xp 00000000 08:05 6687893                    /usr/lib/jvm/jdk-11.0.2/lib/libverify.so
7fc89453b000-7fc89473a000 ---p 0000d000 08:05 6687893                    /usr/lib/jvm/jdk-11.0.2/lib/libverify.so
7fc89473a000-7fc89473c000 r--p 0000c000 08:05 6687893                    /usr/lib/jvm/jdk-11.0.2/lib/libverify.so
7fc89473c000-7fc89473d000 rw-p 0000e000 08:05 6687893                    /usr/lib/jvm/jdk-11.0.2/lib/libverify.so
7fc89473d000-7fc894744000 r-xp 00000000 08:05 398163                     /lib/x86_64-linux-gnu/librt-2.27.so
7fc894744000-7fc894943000 ---p 00007000 08:05 398163                     /lib/x86_64-linux-gnu/librt-2.27.so
7fc894943000-7fc894944000 r--p 00006000 08:05 398163                     /lib/x86_64-linux-gnu/librt-2.27.so
7fc894944000-7fc894945000 rw-p 00007000 08:05 398163                     /lib/x86_64-linux-gnu/librt-2.27.so
7fc894945000-7fc894ae2000 r-xp 00000000 08:05 398085                     /lib/x86_64-linux-gnu/libm-2.27.so
7fc894ae2000-7fc894ce1000 ---p 0019d000 08:05 398085                     /lib/x86_64-linux-gnu/libm-2.27.so
7fc894ce1000-7fc894ce2000 r--p 0019c000 08:05 398085                     /lib/x86_64-linux-gnu/libm-2.27.so
7fc894ce2000-7fc894ce3000 rw-p 0019d000 08:05 398085                     /lib/x86_64-linux-gnu/libm-2.27.so
7fc894ce3000-7fc895e22000 r-xp 00000000 08:05 6687886                    /usr/lib/jvm/jdk-11.0.2/lib/server/libjvm.so
7fc895e22000-7fc896022000 ---p 0113f000 08:05 6687886                    /usr/lib/jvm/jdk-11.0.2/lib/server/libjvm.so
7fc896022000-7fc8960e1000 r--p 0113f000 08:05 6687886                    /usr/lib/jvm/jdk-11.0.2/lib/server/libjvm.so
7fc8960e1000-7fc89611a000 rw-p 011fe000 08:05 6687886                    /usr/lib/jvm/jdk-11.0.2/lib/server/libjvm.so
7fc89611a000-7fc896170000 rw-p 00000000 00:00 0 
7fc896170000-7fc896357000 r-xp 00000000 08:05 398022                     /lib/x86_64-linux-gnu/libc-2.27.so
7fc896357000-7fc896557000 ---p 001e7000 08:05 398022                     /lib/x86_64-linux-gnu/libc-2.27.so
7fc896557000-7fc89655b000 r--p 001e7000 08:05 398022                     /lib/x86_64-linux-gnu/libc-2.27.so
7fc89655b000-7fc89655d000 rw-p 001eb000 08:05 398022                     /lib/x86_64-linux-gnu/libc-2.27.so
7fc89655d000-7fc896561000 rw-p 00000000 00:00 0 
7fc896561000-7fc896564000 r-xp 00000000 08:05 398045                     /lib/x86_64-linux-gnu/libdl-2.27.so
7fc896564000-7fc896763000 ---p 00003000 08:05 398045                     /lib/x86_64-linux-gnu/libdl-2.27.so
7fc896763000-7fc896764000 r--p 00002000 08:05 398045                     /lib/x86_64-linux-gnu/libdl-2.27.so
7fc896764000-7fc896765000 rw-p 00003000 08:05 398045                     /lib/x86_64-linux-gnu/libdl-2.27.so
7fc896765000-7fc896775000 r-xp 00000000 08:05 6687859                    /usr/lib/jvm/jdk-11.0.2/lib/jli/libjli.so
7fc896775000-7fc896974000 ---p 00010000 08:05 6687859                    /usr/lib/jvm/jdk-11.0.2/lib/jli/libjli.so
7fc896974000-7fc896975000 r--p 0000f000 08:05 6687859                    /usr/lib/jvm/jdk-11.0.2/lib/jli/libjli.so
7fc896975000-7fc896976000 rw-p 00010000 08:05 6687859                    /usr/lib/jvm/jdk-11.0.2/lib/jli/libjli.so
7fc896976000-7fc896990000 r-xp 00000000 08:05 398155                     /lib/x86_64-linux-gnu/libpthread-2.27.so
7fc896990000-7fc896b8f000 ---p 0001a000 08:05 398155                     /lib/x86_64-linux-gnu/libpthread-2.27.so
7fc896b8f000-7fc896b90000 r--p 00019000 08:05 398155                     /lib/x86_64-linux-gnu/libpthread-2.27.so
7fc896b90000-7fc896b91000 rw-p 0001a000 08:05 398155                     /lib/x86_64-linux-gnu/libpthread-2.27.so
7fc896b91000-7fc896b95000 rw-p 00000000 00:00 0 
7fc896b95000-7fc896bb1000 r-xp 00000000 08:05 398194                     /lib/x86_64-linux-gnu/libz.so.1.2.11
7fc896bb1000-7fc896db0000 ---p 0001c000 08:05 398194                     /lib/x86_64-linux-gnu/libz.so.1.2.11
7fc896db0000-7fc896db1000 r--p 0001b000 08:05 398194                     /lib/x86_64-linux-gnu/libz.so.1.2.11
7fc896db1000-7fc896db2000 rw-p 0001c000 08:05 398194                     /lib/x86_64-linux-gnu/libz.so.1.2.11
7fc896db2000-7fc896dd9000 r-xp 00000000 08:05 397994                     /lib/x86_64-linux-gnu/ld-2.27.so
7fc896df1000-7fc896df5000 ---p 00000000 00:00 0 
7fc896df5000-7fc896eb5000 rw-p 00000000 00:00 0 
7fc896eb5000-7fc896ebe000 ---p 00000000 00:00 0 
7fc896ebe000-7fc896ec2000 ---p 00000000 00:00 0 
7fc896ec2000-7fc896fc3000 rw-p 00000000 00:00 0 
7fc896fcf000-7fc896fd7000 rw-s 00000000 08:05 2359391                    /tmp/hsperfdata_vidurk/7249
7fc896fd7000-7fc896fd8000 ---p 00000000 00:00 0 
7fc896fd8000-7fc896fd9000 r--p 00000000 00:00 0 
7fc896fd9000-7fc896fda000 r--p 00027000 08:05 397994                     /lib/x86_64-linux-gnu/ld-2.27.so
7fc896fda000-7fc896fdb000 rw-p 00028000 08:05 397994                     /lib/x86_64-linux-gnu/ld-2.27.so
7fc896fdb000-7fc896fdc000 rw-p 00000000 00:00 0 
7ffee3985000-7ffee39a8000 rw-p 00000000 00:00 0                          [stack]
7ffee39e3000-7ffee39e6000 r--p 00000000 00:00 0                          [vvar]
7ffee39e6000-7ffee39e8000 r-xp 00000000 00:00 0                          [vdso]
ffffffffff600000-ffffffffff601000 r-xp 00000000 00:00 0                  [vsyscall]


VM Arguments:
jvm_args: -XX:TieredStopAtLevel=1 -Xverify:none -Dspring.output.ansi.enabled=always -Dcom.sun.management.jmxremote -Dspring.liveBeansView.mbeanDomain -Dspring.application.admin.enabled=true -javaagent:/home/vidurk/idea-IU-183.5429.30/lib/idea_rt.jar=37247:/home/vidurk/idea-IU-183.5429.30/bin -Dfile.encoding=UTF-8 
java_command: com.codenotfound.kafka.SpringKafkaApplication
java_class_path (initial): /home/vidurk/CasLab/Spring-Kafka-Device-Node-String/target/classes:/home/vidurk/.m2/repository/org/springframework/boot/spring-boot-starter/1.5.4.RELEASE/spring-boot-starter-1.5.4.RELEASE.jar:/home/vidurk/.m2/repository/org/springframework/boot/spring-boot/1.5.4.RELEASE/spring-boot-1.5.4.RELEASE.jar:/home/vidurk/.m2/repository/org/springframework/spring-context/4.3.9.RELEASE/spring-context-4.3.9.RELEASE.jar:/home/vidurk/.m2/repository/org/springframework/boot/spring-boot-autoconfigure/1.5.4.RELEASE/spring-boot-autoconfigure-1.5.4.RELEASE.jar:/home/vidurk/.m2/repository/org/springframework/boot/spring-boot-starter-logging/1.5.4.RELEASE/spring-boot-starter-logging-1.5.4.RELEASE.jar:/home/vidurk/.m2/repository/ch/qos/logback/logback-classic/1.1.11/logback-classic-1.1.11.jar:/home/vidurk/.m2/repository/ch/qos/logback/logback-core/1.1.11/logback-core-1.1.11.jar:/home/vidurk/.m2/repository/org/slf4j/jcl-over-slf4j/1.7.25/jcl-over-slf4j-1.7.25.jar:/home/vidurk/.m2/repository/org/slf4j/jul-to-slf4j/1.7.25/jul-to-slf4j-1.7.25.jar:/home/vidurk/.m2/repository/org/slf4j/log4j-over-slf4j/1.7.25/log4j-over-slf4j-1.7.25.jar:/home/vidurk/.m2/repository/org/springframework/spring-core/4.3.9.RELEASE/spring-core-4.3.9.RELEASE.jar:/home/vidurk/.m2/repository/org/yaml/snakeyaml/1.17/snakeyaml-1.17.jar:/home/vidurk/.m2/repository/junit/junit/4.12/junit-4.12.jar:/home/vidurk/.m2/repository/org/hamcrest/hamcrest-core/1.3/hamcrest-core-1.3.jar:/home/vidurk/.m2/repository/org/springframework/kafka/spring-kafka/1.2.2.RELEASE/spring-kafka-1.2.2.RELEASE.jar:/home/vidurk/.m2/repository/org/springframework/spring-messaging/4.3.9.RELEASE/spring-messaging-4.3.9.RELEASE.jar:/home/vidurk/.m2/repository/org/springframework/retry/spring-retry/1.2.0.RELEASE/spring-retry-1.2.0.RELEASE.jar:/home/vidurk/.m2/repository/org/apache/kafka/kafka-clients/0.10.2.0/kafka-clients-0.10.2.0.jar:/home/vidurk/.m2/repository/net/jpountz/lz4/lz4/1.3.0/lz4-1.3.0.jar:/home/vidurk/.m2/repository
Launcher Type: SUN_STANDARD

[Global flags]
     bool BytecodeVerificationLocal                = false                                     {product} {command line}
     bool BytecodeVerificationRemote               = false                                     {product} {command line}
     intx CICompilerCount                          = 3                                         {product} {ergonomic}
     uint ConcGCThreads                            = 1                                         {product} {ergonomic}
     uint G1ConcRefinementThreads                  = 4                                         {product} {ergonomic}
   size_t G1HeapRegionSize                         = 1048576                                   {product} {ergonomic}
    uintx GCDrainStackTargetSize                   = 64                                        {product} {ergonomic}
   size_t InitialHeapSize                          = 130023424                                 {product} {ergonomic}
     bool ManagementServer                         = true                                      {product} {command line}
   size_t MarkStackSize                            = 4194304                                   {product} {ergonomic}
   size_t MaxHeapSize                              = 2059403264                                {product} {ergonomic}
   size_t MaxNewSize                               = 1235222528                                {product} {ergonomic}
   size_t MinHeapDeltaBytes                        = 1048576                                   {product} {ergonomic}
    uintx NonNMethodCodeHeapSize                   = 6973028                                {pd product} {ergonomic}
    uintx NonProfiledCodeHeapSize                  = 244685212                              {pd product} {ergonomic}
    uintx ProfiledCodeHeapSize                     = 0                                      {pd product} {ergonomic}
    uintx ReservedCodeCacheSize                    = 251658240                              {pd product} {ergonomic}
     bool SegmentedCodeCache                       = true                                      {product} {ergonomic}
     intx TieredStopAtLevel                        = 1                                         {product} {command line}
     bool UseCompressedClassPointers               = true                                 {lp64_product} {ergonomic}
     bool UseCompressedOops                        = true                                 {lp64_product} {ergonomic}
     bool UseG1GC                                  = true                                      {product} {ergonomic}

Logging:
Log output configuration:
 #0: stdout all=warning uptime,level,tags
 #1: stderr all=off uptime,level,tags

Environment Variables:
PATH=/usr/local/sbin:/usr/local/bin:/usr/sbin:/usr/bin:/sbin:/bin:/usr/games:/usr/local/games:/snap/bin
USERNAME=vidurk
SHELL=/bin/bash
DISPLAY=:0

Signal Handlers:
SIGSEGV: [libjvm.so+0xe2adf0], sa_mask[0]=11111111011111111101111111111110, sa_flags=SA_RESTART|SA_SIGINFO
SIGBUS: [libjvm.so+0xe2adf0], sa_mask[0]=11111111011111111101111111111110, sa_flags=SA_RESTART|SA_SIGINFO
SIGFPE: [libjvm.so+0xe2adf0], sa_mask[0]=11111111011111111101111111111110, sa_flags=SA_RESTART|SA_SIGINFO
SIGPIPE: [libjvm.so+0xbff5b0], sa_mask[0]=11111111011111111101111111111110, sa_flags=SA_RESTART|SA_SIGINFO
SIGXFSZ: [libjvm.so+0xbff5b0], sa_mask[0]=11111111011111111101111111111110, sa_flags=SA_RESTART|SA_SIGINFO
SIGILL: [libjvm.so+0xe2adf0], sa_mask[0]=11111111011111111101111111111110, sa_flags=SA_RESTART|SA_SIGINFO
SIGUSR2: [libjvm.so+0xbff450], sa_mask[0]=00100000000000000000000000000000, sa_flags=SA_RESTART|SA_SIGINFO
SIGHUP: [libjvm.so+0xbff7b0], sa_mask[0]=11111111011111111101111111111110, sa_flags=SA_RESTART|SA_SIGINFO
SIGINT: [libjvm.so+0xbff7b0], sa_mask[0]=11111111011111111101111111111110, sa_flags=SA_RESTART|SA_SIGINFO
SIGTERM: [libjvm.so+0xbff7b0], sa_mask[0]=11111111011111111101111111111110, sa_flags=SA_RESTART|SA_SIGINFO
SIGQUIT: [libjvm.so+0xbff7b0], sa_mask[0]=11111111011111111101111111111110, sa_flags=SA_RESTART|SA_SIGINFO


---------------  S Y S T E M  ---------------

OS:DISTRIB_ID=Ubuntu
DISTRIB_RELEASE=18.04
DISTRIB_CODENAME=bionic
DISTRIB_DESCRIPTION="Ubuntu 18.04.1 LTS"
uname:Linux 4.16.8-chronos-rt3 #1 SMP PREEMPT RT Fri Feb 1 13:29:28 EST 2019 x86_64
libc:glibc 2.27 NPTL 2.27 
rlimit: STACK 8192k, CORE 0k, NPROC 28434, NOFILE 1048576, AS infinity, DATA infinity, FSIZE infinity
load average:1.94 1.10 1.17

/proc/meminfo:
MemTotal:        8037040 kB
MemFree:          202400 kB
MemAvailable:    1814888 kB
Buffers:          221228 kB
Cached:          1934880 kB
SwapCached:            0 kB
Active:          6279284 kB
Inactive:        1094544 kB
Active(anon):    5164008 kB
Inactive(anon):   734860 kB
Active(file):    1115276 kB
Inactive(file):   359684 kB
Unevictable:          16 kB
Mlocked:              16 kB
SwapTotal:       2097148 kB
SwapFree:        2097148 kB
Dirty:             22188 kB
Writeback:             0 kB
AnonPages:       5217956 kB
Mapped:           859964 kB
Shmem:            681152 kB
Slab:             303288 kB
SReclaimable:     233732 kB
SUnreclaim:        69556 kB
KernelStack:       18240 kB
PageTables:        67588 kB
NFS_Unstable:          0 kB
Bounce:                0 kB
WritebackTmp:          0 kB
CommitLimit:     6115668 kB
Committed_AS:   12373032 kB
VmallocTotal:   34359738367 kB
VmallocUsed:           0 kB
VmallocChunk:          0 kB
HardwareCorrupted:     0 kB
CmaTotal:              0 kB
CmaFree:               0 kB
HugePages_Total:       0
HugePages_Free:        0
HugePages_Rsvd:        0
HugePages_Surp:        0
Hugepagesize:       2048 kB
Hugetlb:               0 kB
DirectMap4k:      187704 kB
DirectMap2M:     5978112 kB
DirectMap1G:     3145728 kB


/proc/sys/kernel/threads-max (system-wide limit on the number of threads):
56869


/proc/sys/vm/max_map_count (maximum number of memory map areas a process may have):
65530


/proc/sys/kernel/pid_max (system-wide limit on number of process identifiers):
32768



container (cgroup) information:
container_type: cgroupv1
cpu_cpuset_cpus: 0-3
cpu_memory_nodes: 0
active_processor_count: 4
cpu_quota: -1
cpu_period: 100000
cpu_shares: -1
memory_limit_in_bytes: -1
memory_and_swap_limit_in_bytes: -2
memory_soft_limit_in_bytes: -1
memory_usage_in_bytes: 7551275008
memory_max_usage_in_bytes: 0


CPU:total 4 (initial active 4) (2 cores per cpu, 2 threads per core) family 6 model 60 stepping 3, cmov, cx8, fxsr, mmx, sse, sse2, sse3, ssse3, sse4.1, sse4.2, popcnt, avx, avx2, aes, clmul, erms, lzcnt, ht, tsc, tscinvbit, bmi1, bmi2, fma
CPU Model and flags from /proc/cpuinfo:
model name	: Intel(R) Core(TM) i5-4300M CPU @ 2.60GHz
flags		: fpu vme de pse tsc msr pae mce cx8 apic sep mtrr pge mca cmov pat pse36 clflush dts acpi mmx fxsr sse sse2 ss ht tm pbe syscall nx pdpe1gb rdtscp lm constant_tsc arch_perfmon pebs bts rep_good nopl xtopology nonstop_tsc cpuid aperfmperf pni pclmulqdq dtes64 monitor ds_cpl vmx smx est tm2 ssse3 sdbg fma cx16 xtpr pdcm pcid sse4_1 sse4_2 x2apic movbe popcnt tsc_deadline_timer aes xsave avx f16c rdrand lahf_lm abm cpuid_fault epb invpcid_single pti tpr_shadow vnmi flexpriority ept vpid fsgsbase tsc_adjust bmi1 avx2 smep bmi2 erms invpcid xsaveopt ibpb ibrs stibp dtherm ida arat pln pts

Memory: 4k page, physical 8037040k(202400k free), swap 2097148k(2097148k free)

vm_info: Java HotSpot(TM) 64-Bit Server VM (11.0.2+9-LTS) for linux-amd64 JRE (11.0.2+9-LTS), built on Jan 17 2019 21:22:50 by "mach5one" with gcc 7.3.0

END.
