#
# A fatal error has been detected by the Java Runtime Environment:
#
#  SIGSEGV (0xb) at pc=0x00007f25c616f4ae, pid=7429, tid=7435
#
# JRE version: Java(TM) SE Runtime Environment (11.0.2+9) (build 11.0.2+9-LTS)
# Java VM: Java HotSpot(TM) 64-Bit Server VM (11.0.2+9-LTS, mixed mode, tiered, compressed oops, g1 gc, linux-amd64)
# Problematic frame:
# C  [libflightSimLib.so+0x74ae]  DJI_Environment::getApp_id() const+0xc
#
# Core dump will be written. Default location: Core dumps may be processed with "/usr/share/apport/apport %p %s %c %d %P" (or dumping to /home/vidurk/CasLab/Spring-Kafka-Device-Node-String/core.7429)
#
# If you would like to submit a bug report, please visit:
#   http://bugreport.java.com/bugreport/crash.jsp
# The crash happened outside the Java Virtual Machine in native code.
# See problematic frame for where to report the bug.
#

---------------  S U M M A R Y ------------

Command Line: -XX:TieredStopAtLevel=1 -Xverify:none -Dspring.output.ansi.enabled=always -Dcom.sun.management.jmxremote -Dspring.liveBeansView.mbeanDomain -Dspring.application.admin.enabled=true -javaagent:/home/vidurk/idea-IU-183.5429.30/lib/idea_rt.jar=36357:/home/vidurk/idea-IU-183.5429.30/bin -Dfile.encoding=UTF-8 com.codenotfound.kafka.SpringKafkaApplication

Host: Intel(R) Core(TM) i5-4300M CPU @ 2.60GHz, 4 cores, 7G, Ubuntu 18.04.1 LTS
Time: Wed Mar 27 13:24:56 2019 EDT elapsed time: 4 seconds (0d 0h 0m 4s)

---------------  T H R E A D  ---------------

Current thread (0x00007f2654015800):  JavaThread "main" [_thread_in_native, id=7435, stack(0x00007f265adcb000,0x00007f265aecc000)]

Stack: [0x00007f265adcb000,0x00007f265aecc000],  sp=0x00007f265aec99b0,  free space=1018k
Native frames: (J=compiled Java code, A=aot compiled Java code, j=interpreted, Vv=VM code, C=native code)
C  [libflightSimLib.so+0x74ae]  DJI_Environment::getApp_id() const+0xc
C  [libflightSimLib.so+0x8080]  LinuxSetup::initVehicle()+0x150
C  [libflightSimLib.so+0x7a60]  LinuxSetup::LinuxSetup(int, char**, bool)+0x72
C  [libLinked.so+0xfa0]  intialize+0x50
C  [libLinked.so+0xe7d]  intialize_C+0x43
C  [jna17611416484621240926.tmp+0x135d4]  ffi_call_unix64+0x4c

Java frames: (J=compiled Java code, j=interpreted, Vv=VM code)
j  com.sun.jna.Native.invokeVoid(Lcom/sun/jna/Function;JI[Ljava/lang/Object;)V+0
j  com.sun.jna.Function.invoke([Ljava/lang/Object;Ljava/lang/Class;ZI)Ljava/lang/Object;+42
j  com.sun.jna.Function.invoke(Ljava/lang/reflect/Method;[Ljava/lang/Class;Ljava/lang/Class;[Ljava/lang/Object;Ljava/util/Map;)Ljava/lang/Object;+271
j  com.sun.jna.Library$Handler.invoke(Ljava/lang/Object;Ljava/lang/reflect/Method;[Ljava/lang/Object;)Ljava/lang/Object;+344
j  com.sun.proxy.$Proxy63.intialize_C()V+9
j  com.codenotfound.kafka.SpringKafkaApplication.main([Ljava/lang/String;)V+42
v  ~StubRoutines::call_stub

siginfo: si_signo: 11 (SIGSEGV), si_code: 1 (SEGV_MAPERR), si_addr: 0x0000000000000020

Register to memory mapping:

RAX=0x0 is NULL
RBX=0x00007f2654fa0eb0 points into unknown readable memory: 00 00 00 00 00 00 00 00
RCX=0x0000000000000001 is an unknown value
RDX=0x00007f26540008d0 points into unknown readable memory: 00 01 02 03 01 01 01 00
RSP=0x00007f265aec99b0 is pointing into the stack for thread: 0x00007f2654015800
RBP=0x00007f265aec99b0 is pointing into the stack for thread: 0x00007f2654015800
RSI=0x00007f2654000900 points into unknown readable memory: 00 01 01 01 01 00 01 01
RDI=0x0 is NULL
R8 =0x00007f2654f850d4 points into unknown readable memory: 04 00 00 00
R9 =0x0000000000000080 is an unknown value
R10=0x000000000000000e is an unknown value
R11=0x00007f25c616f4a2: _ZNK15DJI_Environment9getApp_idEv+0x0000000000000000 in /usr/lib/libflightSimLib.so at 0x00007f25c6168000
R12=0x00007f2654fa0f08 points into unknown readable memory: 2f 64 65 76 2f 74 74 79
R13=0x0000000000038400 is an unknown value
R14=0x00007f265aeca6b0 is pointing into the stack for thread: 0x00007f2654015800
R15=0x00007f265aec9cb0 is pointing into the stack for thread: 0x00007f2654015800


Registers:
RAX=0x0000000000000000, RBX=0x00007f2654fa0eb0, RCX=0x0000000000000001, RDX=0x00007f26540008d0
RSP=0x00007f265aec99b0, RBP=0x00007f265aec99b0, RSI=0x00007f2654000900, RDI=0x0000000000000000
R8 =0x00007f2654f850d4, R9 =0x0000000000000080, R10=0x000000000000000e, R11=0x00007f25c616f4a2
R12=0x00007f2654fa0f08, R13=0x0000000000038400, R14=0x00007f265aeca6b0, R15=0x00007f265aec9cb0
RIP=0x00007f25c616f4ae, EFLAGS=0x0000000000010206, CSGSFS=0x002b000000000033, ERR=0x0000000000000004
  TRAPNO=0x000000000000000e

Top of Stack: (sp=0x00007f265aec99b0)
0x00007f265aec99b0:   00007f265aec9a70 00007f25c6170080
0x00007f265aec99c0:   0000000000000000 00007f265aec9af0
0x00007f265aec99d0:   0000000000000000 0100000000000000
0x00007f265aec99e0:   0000000000000000 0000000000000000 

Instructions: (pc=0x00007f25c616f4ae)
0x00007f25c616f48e:   ff ff e8 bb c2 ff ff 48 81 c4 80 06 00 00 5b 41
0x00007f25c616f49e:   5c 5d c3 90 55 48 89 e5 48 89 7d f8 48 8b 45 f8
0x00007f25c616f4ae:   8b 40 20 5d c3 90 55 48 89 e5 48 89 7d f8 48 8b
0x00007f25c616f4be:   45 f8 48 83 c0 28 5d c3 55 48 89 e5 48 89 7d f8 

Stack slot to memory mapping:
stack at sp + 0 slots: 0x00007f265aec9a70 is pointing into the stack for thread: 0x00007f2654015800
stack at sp + 1 slots: 0x00007f25c6170080: _ZN10LinuxSetup11initVehicleEv+0x0000000000000150 in /usr/lib/libflightSimLib.so at 0x00007f25c6168000
stack at sp + 2 slots: 0x0 is NULL
stack at sp + 3 slots: 0x00007f265aec9af0 is pointing into the stack for thread: 0x00007f2654015800
stack at sp + 4 slots: 0x0 is NULL
stack at sp + 5 slots: 0x0100000000000000 is an unknown value
stack at sp + 6 slots: 0x0 is NULL
stack at sp + 7 slots: 0x0 is NULL


---------------  P R O C E S S  ---------------

Threads class SMR info:
_java_thread_list=0x00007f2654f94770, length=37, elements={
0x00007f2654015800, 0x00007f26541b8800, 0x00007f26541c7800, 0x00007f26541d7800,
0x00007f26541d9800, 0x00007f26541db800, 0x00007f2654286800, 0x00007f260c0ae800,
0x00007f260c0b0800, 0x00007f26546d3800, 0x00007f26546d4000, 0x00007f2654789800,
0x00007f2608001000, 0x00007f25e8002000, 0x00007f25d8018800, 0x00007f2654e0a000,
0x00007f25d01a6000, 0x00007f2654e0e800, 0x00007f2654e12800, 0x00007f2654f2e000,
0x00007f2654f32000, 0x00007f2654f3e800, 0x00007f2654f40800, 0x00007f2654f42000,
0x00007f2654f43800, 0x00007f2654f45800, 0x00007f2654f47800, 0x00007f2654f49800,
0x00007f2654f4b000, 0x00007f2654f4c800, 0x00007f2654f4e800, 0x00007f2654f50800,
0x00007f2654f58800, 0x00007f2654f5c800, 0x00007f2654f5d800, 0x00007f2654f5f000,
0x00007f2654f94000
}

Java Threads: ( => current thread )
=>0x00007f2654015800 JavaThread "main" [_thread_in_native, id=7435, stack(0x00007f265adcb000,0x00007f265aecc000)]
  0x00007f26541b8800 JavaThread "Reference Handler" daemon [_thread_blocked, id=7449, stack(0x00007f2638440000,0x00007f2638541000)]
  0x00007f26541c7800 JavaThread "Finalizer" daemon [_thread_blocked, id=7450, stack(0x00007f263833f000,0x00007f2638440000)]
  0x00007f26541d7800 JavaThread "Signal Dispatcher" daemon [_thread_blocked, id=7451, stack(0x00007f263823e000,0x00007f263833f000)]
  0x00007f26541d9800 JavaThread "C1 CompilerThread0" daemon [_thread_blocked, id=7452, stack(0x00007f263813d000,0x00007f263823e000)]
  0x00007f26541db800 JavaThread "Sweeper thread" daemon [_thread_blocked, id=7453, stack(0x00007f263803c000,0x00007f263813d000)]
  0x00007f2654286800 JavaThread "Common-Cleaner" daemon [_thread_blocked, id=7457, stack(0x00007f263004f000,0x00007f2630150000)]
  0x00007f260c0ae800 JavaThread "C1 CompilerThread1" daemon [_thread_blocked, id=7458, stack(0x00007f2622d30000,0x00007f2622e31000)]
  0x00007f260c0b0800 JavaThread "C1 CompilerThread2" daemon [_thread_blocked, id=7459, stack(0x00007f2622c2f000,0x00007f2622d30000)]
  0x00007f26546d3800 JavaThread "Monitor Ctrl-Break" daemon [_thread_in_native, id=7460, stack(0x00007f2622705000,0x00007f2622806000)]
  0x00007f26546d4000 JavaThread "Service Thread" daemon [_thread_blocked, id=7461, stack(0x00007f2622604000,0x00007f2622705000)]
  0x00007f2654789800 JavaThread "RMI TCP Accept-0" daemon [_thread_in_native, id=7462, stack(0x00007f2621cf5000,0x00007f2621df6000)]
  0x00007f2608001000 JavaThread "Attach Listener" daemon [_thread_blocked, id=7468, stack(0x00007f26215f0000,0x00007f26216f1000)]
  0x00007f25e8002000 JavaThread "RMI TCP Connection(1)-127.0.0.1" daemon [_thread_in_native, id=7474, stack(0x00007f26212ef000,0x00007f26213f0000)]
  0x00007f25d8018800 JavaThread "RMI Scheduler(0)" daemon [_thread_blocked, id=7475, stack(0x00007f2620fee000,0x00007f26210ef000)]
  0x00007f2654e0a000 JavaThread "Tomcat-startStop-1" daemon [_thread_blocked, id=7490, stack(0x00007f2620eed000,0x00007f2620fee000)]
  0x00007f25d01a6000 JavaThread "localhost-startStop-1" daemon [_thread_blocked, id=7491, stack(0x00007f26206e7000,0x00007f26207e8000)]
  0x00007f2654e0e800 JavaThread "ContainerBackgroundProcessor[StandardEngine[Tomcat]]" daemon [_thread_blocked, id=7492, stack(0x00007f2620dec000,0x00007f2620eed000)]
  0x00007f2654e12800 JavaThread "container-0" [_thread_blocked, id=7493, stack(0x00007f25c7eff000,0x00007f25c8000000)]
  0x00007f2654f2e000 JavaThread "org.springframework.kafka.KafkaListenerEndpointContainer#0-0-C-1" [_thread_in_native, id=7496, stack(0x00007f25c7bfe000,0x00007f25c7cff000)]
  0x00007f2654f32000 JavaThread "org.springframework.kafka.KafkaListenerEndpointContainer#1-0-C-1" [_thread_in_native, id=7497, stack(0x00007f25c78fd000,0x00007f25c79fe000)]
  0x00007f2654f3e800 JavaThread "NioBlockingSelector.BlockPoller-1" daemon [_thread_in_native, id=7498, stack(0x00007f25c77fc000,0x00007f25c78fd000)]
  0x00007f2654f40800 JavaThread "http-nio-8040-exec-1" daemon [_thread_blocked, id=7500, stack(0x00007f25c75fa000,0x00007f25c76fb000)]
  0x00007f2654f42000 JavaThread "http-nio-8040-exec-2" daemon [_thread_blocked, id=7501, stack(0x00007f25c74f9000,0x00007f25c75fa000)]
  0x00007f2654f43800 JavaThread "http-nio-8040-exec-3" daemon [_thread_blocked, id=7503, stack(0x00007f25c73f8000,0x00007f25c74f9000)]
  0x00007f2654f45800 JavaThread "http-nio-8040-exec-4" daemon [_thread_blocked, id=7504, stack(0x00007f25c72f7000,0x00007f25c73f8000)]
  0x00007f2654f47800 JavaThread "http-nio-8040-exec-5" daemon [_thread_blocked, id=7505, stack(0x00007f25c71f6000,0x00007f25c72f7000)]
  0x00007f2654f49800 JavaThread "http-nio-8040-exec-6" daemon [_thread_blocked, id=7506, stack(0x00007f25c70f5000,0x00007f25c71f6000)]
  0x00007f2654f4b000 JavaThread "http-nio-8040-exec-7" daemon [_thread_blocked, id=7507, stack(0x00007f25c76fb000,0x00007f25c77fc000)]
  0x00007f2654f4c800 JavaThread "http-nio-8040-exec-8" daemon [_thread_blocked, id=7508, stack(0x00007f25c6ff4000,0x00007f25c70f5000)]
  0x00007f2654f4e800 JavaThread "http-nio-8040-exec-9" daemon [_thread_blocked, id=7509, stack(0x00007f25c6ef3000,0x00007f25c6ff4000)]
  0x00007f2654f50800 JavaThread "http-nio-8040-exec-10" daemon [_thread_blocked, id=7510, stack(0x00007f25c6df2000,0x00007f25c6ef3000)]
  0x00007f2654f58800 JavaThread "http-nio-8040-ClientPoller-0" daemon [_thread_in_native, id=7511, stack(0x00007f25c6cf1000,0x00007f25c6df2000)]
  0x00007f2654f5c800 JavaThread "http-nio-8040-ClientPoller-1" daemon [_thread_in_native, id=7512, stack(0x00007f25c6bf0000,0x00007f25c6cf1000)]
  0x00007f2654f5d800 JavaThread "http-nio-8040-Acceptor-0" daemon [_thread_in_native, id=7513, stack(0x00007f25c6aef000,0x00007f25c6bf0000)]
  0x00007f2654f5f000 JavaThread "http-nio-8040-AsyncTimeout" daemon [_thread_blocked, id=7514, stack(0x00007f25c69ee000,0x00007f25c6aef000)]
  0x00007f2654f94000 JavaThread "process reaper" daemon [_thread_blocked, id=7516, stack(0x00007f265acfe000,0x00007f265ad20000)]

Other Threads:
  0x00007f26541b0800 VMThread "VM Thread" [stack: 0x00007f2638543000,0x00007f2638643000] [id=7444]
  0x00007f2654790000 WatcherThread [stack: 0x00007f2621bf5000,0x00007f2621cf5000] [id=7463]
  0x00007f265403d800 GCTaskThread "GC Thread#0" [stack: 0x00007f263bd08000,0x00007f263be08000] [id=7436]
  0x00007f2618001000 GCTaskThread "GC Thread#1" [stack: 0x00007f26218f3000,0x00007f26219f3000] [id=7464]
  0x00007f2618003800 GCTaskThread "GC Thread#2" [stack: 0x00007f2620cec000,0x00007f2620dec000] [id=7478]
  0x00007f2618005000 GCTaskThread "GC Thread#3" [stack: 0x00007f2620bea000,0x00007f2620cea000] [id=7479]
  0x00007f265406e000 ConcurrentGCThread "G1 Main Marker" [stack: 0x00007f2638dd0000,0x00007f2638ed0000] [id=7437]
  0x00007f2654070000 ConcurrentGCThread "G1 Conc#0" [stack: 0x00007f2638cce000,0x00007f2638dce000] [id=7438]
  0x00007f26540e8000 ConcurrentGCThread "G1 Refine#0" [stack: 0x00007f26387c8000,0x00007f26388c8000] [id=7439]
  0x00007f26540ea000 ConcurrentGCThread "G1 Young RemSet Sampling" [stack: 0x00007f26386c6000,0x00007f26387c6000] [id=7440]

Threads with active compile tasks:

VM state:not at safepoint (normal execution)

VM Mutex/Monitor currently owned by a thread: None

Heap address: 0x0000000085400000, size: 1964 MB, Compressed Oops mode: 32-bit
Narrow klass base: 0x0000000000000000, Narrow klass shift: 3
Compressed class space size: 1073741824 Address: 0x0000000100000000

Heap:
 garbage-first heap   total 190464K, used 31473K [0x0000000085400000, 0x0000000100000000)
  region size 1024K, 12 young (12288K), 3 survivors (3072K)
 Metaspace       used 36182K, capacity 36861K, committed 37404K, reserved 1081344K
  class space    used 4346K, capacity 4620K, committed 4736K, reserved 1048576K
Heap Regions: E=young(eden), S=young(survivor), O=old, HS=humongous(starts), HC=humongous(continues), CS=collection set, F=free, A=archive, TAMS=top-at-mark-start (previous, next)
|   0|0x0000000085400000, 0x0000000085500000, 0x0000000085500000|100%| O|  |TAMS 0x0000000085500000, 0x0000000085400000| Untracked 
|   1|0x0000000085500000, 0x0000000085600000, 0x0000000085600000|100%| O|  |TAMS 0x0000000085600000, 0x0000000085500000| Untracked 
|   2|0x0000000085600000, 0x0000000085700000, 0x0000000085700000|100%| O|  |TAMS 0x0000000085700000, 0x0000000085600000| Untracked 
|   3|0x0000000085700000, 0x0000000085800000, 0x0000000085800000|100%| O|  |TAMS 0x0000000085800000, 0x0000000085700000| Untracked 
|   4|0x0000000085800000, 0x0000000085900000, 0x0000000085900000|100%| O|  |TAMS 0x0000000085900000, 0x0000000085800000| Untracked 
|   5|0x0000000085900000, 0x0000000085a00000, 0x0000000085a00000|100%| O|  |TAMS 0x0000000085a00000, 0x0000000085900000| Untracked 
|   6|0x0000000085a00000, 0x0000000085b00000, 0x0000000085b00000|100%| O|  |TAMS 0x0000000085b00000, 0x0000000085a00000| Untracked 
|   7|0x0000000085b00000, 0x0000000085c00000, 0x0000000085c00000|100%| O|  |TAMS 0x0000000085c00000, 0x0000000085b00000| Untracked 
|   8|0x0000000085c00000, 0x0000000085d00000, 0x0000000085d00000|100%| O|  |TAMS 0x0000000085d00000, 0x0000000085c00000| Untracked 
|   9|0x0000000085d00000, 0x0000000085e00000, 0x0000000085e00000|100%| O|  |TAMS 0x0000000085e00000, 0x0000000085d00000| Untracked 
|  10|0x0000000085e00000, 0x0000000085f00000, 0x0000000085f00000|100%| O|  |TAMS 0x0000000085f00000, 0x0000000085e00000| Untracked 
|  11|0x0000000085f00000, 0x0000000086000000, 0x0000000086000000|100%| O|  |TAMS 0x0000000086000000, 0x0000000085f00000| Untracked 
|  12|0x0000000086000000, 0x0000000086100000, 0x0000000086100000|100%| O|  |TAMS 0x0000000086100000, 0x0000000086000000| Untracked 
|  13|0x0000000086100000, 0x0000000086200000, 0x0000000086200000|100%| O|  |TAMS 0x0000000086200000, 0x0000000086100000| Untracked 
|  14|0x0000000086200000, 0x0000000086300000, 0x0000000086300000|100%| O|  |TAMS 0x0000000086300000, 0x0000000086200000| Untracked 
|  15|0x0000000086300000, 0x0000000086400000, 0x0000000086400000|100%| O|  |TAMS 0x0000000086400000, 0x0000000086300000| Untracked 
|  16|0x0000000086400000, 0x0000000086500000, 0x0000000086500000|100%| O|  |TAMS 0x0000000086500000, 0x0000000086400000| Untracked 
|  17|0x0000000086500000, 0x0000000086600000, 0x0000000086600000|100%| O|  |TAMS 0x0000000086600000, 0x0000000086500000| Untracked 
|  18|0x0000000086600000, 0x0000000086700000, 0x0000000086700000|100%| O|  |TAMS 0x0000000086700000, 0x0000000086600000| Untracked 
|  19|0x0000000086700000, 0x0000000086800000, 0x0000000086800000|100%| O|  |TAMS 0x0000000086800000, 0x0000000086700000| Untracked 
|  20|0x0000000086800000, 0x000000008683c400, 0x0000000086900000| 23%| O|  |TAMS 0x000000008683c400, 0x0000000086800000| Untracked 
|  21|0x0000000086900000, 0x0000000086900000, 0x0000000086a00000|  0%| F|  |TAMS 0x0000000086900000, 0x0000000086900000| Untracked 
|  22|0x0000000086a00000, 0x0000000086a00000, 0x0000000086b00000|  0%| F|  |TAMS 0x0000000086a00000, 0x0000000086a00000| Untracked 
|  23|0x0000000086b00000, 0x0000000086b00000, 0x0000000086c00000|  0%| F|  |TAMS 0x0000000086b00000, 0x0000000086b00000| Untracked 
|  24|0x0000000086c00000, 0x0000000086c00000, 0x0000000086d00000|  0%| F|  |TAMS 0x0000000086c00000, 0x0000000086c00000| Untracked 
|  25|0x0000000086d00000, 0x0000000086d00000, 0x0000000086e00000|  0%| F|  |TAMS 0x0000000086d00000, 0x0000000086d00000| Untracked 
|  26|0x0000000086e00000, 0x0000000086e00000, 0x0000000086f00000|  0%| F|  |TAMS 0x0000000086e00000, 0x0000000086e00000| Untracked 
|  27|0x0000000086f00000, 0x0000000086f00000, 0x0000000087000000|  0%| F|  |TAMS 0x0000000086f00000, 0x0000000086f00000| Untracked 
|  28|0x0000000087000000, 0x0000000087000000, 0x0000000087100000|  0%| F|  |TAMS 0x0000000087000000, 0x0000000087000000| Untracked 
|  29|0x0000000087100000, 0x0000000087100000, 0x0000000087200000|  0%| F|  |TAMS 0x0000000087100000, 0x0000000087100000| Untracked 
|  30|0x0000000087200000, 0x0000000087200000, 0x0000000087300000|  0%| F|  |TAMS 0x0000000087200000, 0x0000000087200000| Untracked 
|  31|0x0000000087300000, 0x0000000087300000, 0x0000000087400000|  0%| F|  |TAMS 0x0000000087300000, 0x0000000087300000| Untracked 
|  32|0x0000000087400000, 0x0000000087400000, 0x0000000087500000|  0%| F|  |TAMS 0x0000000087400000, 0x0000000087400000| Untracked 
|  33|0x0000000087500000, 0x0000000087500000, 0x0000000087600000|  0%| F|  |TAMS 0x0000000087500000, 0x0000000087500000| Untracked 
|  34|0x0000000087600000, 0x0000000087600000, 0x0000000087700000|  0%| F|  |TAMS 0x0000000087600000, 0x0000000087600000| Untracked 
|  35|0x0000000087700000, 0x0000000087700000, 0x0000000087800000|  0%| F|  |TAMS 0x0000000087700000, 0x0000000087700000| Untracked 
|  36|0x0000000087800000, 0x0000000087800000, 0x0000000087900000|  0%| F|  |TAMS 0x0000000087800000, 0x0000000087800000| Untracked 
|  37|0x0000000087900000, 0x0000000087900000, 0x0000000087a00000|  0%| F|  |TAMS 0x0000000087900000, 0x0000000087900000| Untracked 
|  38|0x0000000087a00000, 0x0000000087a00000, 0x0000000087b00000|  0%| F|  |TAMS 0x0000000087a00000, 0x0000000087a00000| Untracked 
|  39|0x0000000087b00000, 0x0000000087b00000, 0x0000000087c00000|  0%| F|  |TAMS 0x0000000087b00000, 0x0000000087b00000| Untracked 
|  40|0x0000000087c00000, 0x0000000087c00000, 0x0000000087d00000|  0%| F|  |TAMS 0x0000000087c00000, 0x0000000087c00000| Untracked 
|  41|0x0000000087d00000, 0x0000000087d00000, 0x0000000087e00000|  0%| F|  |TAMS 0x0000000087d00000, 0x0000000087d00000| Untracked 
|  42|0x0000000087e00000, 0x0000000087e00000, 0x0000000087f00000|  0%| F|  |TAMS 0x0000000087e00000, 0x0000000087e00000| Untracked 
|  43|0x0000000087f00000, 0x0000000087f00000, 0x0000000088000000|  0%| F|  |TAMS 0x0000000087f00000, 0x0000000087f00000| Untracked 
|  44|0x0000000088000000, 0x0000000088000000, 0x0000000088100000|  0%| F|  |TAMS 0x0000000088000000, 0x0000000088000000| Untracked 
|  45|0x0000000088100000, 0x0000000088100000, 0x0000000088200000|  0%| F|  |TAMS 0x0000000088100000, 0x0000000088100000| Untracked 
|  46|0x0000000088200000, 0x0000000088200000, 0x0000000088300000|  0%| F|  |TAMS 0x0000000088200000, 0x0000000088200000| Untracked 
|  47|0x0000000088300000, 0x0000000088300000, 0x0000000088400000|  0%| F|  |TAMS 0x0000000088300000, 0x0000000088300000| Untracked 
|  48|0x0000000088400000, 0x0000000088400000, 0x0000000088500000|  0%| F|  |TAMS 0x0000000088400000, 0x0000000088400000| Untracked 
|  49|0x0000000088500000, 0x0000000088500000, 0x0000000088600000|  0%| F|  |TAMS 0x0000000088500000, 0x0000000088500000| Untracked 
|  50|0x0000000088600000, 0x0000000088600000, 0x0000000088700000|  0%| F|  |TAMS 0x0000000088600000, 0x0000000088600000| Untracked 
|  51|0x0000000088700000, 0x0000000088700000, 0x0000000088800000|  0%| F|  |TAMS 0x0000000088700000, 0x0000000088700000| Untracked 
|  52|0x0000000088800000, 0x0000000088800000, 0x0000000088900000|  0%| F|  |TAMS 0x0000000088800000, 0x0000000088800000| Untracked 
|  53|0x0000000088900000, 0x0000000088900000, 0x0000000088a00000|  0%| F|  |TAMS 0x0000000088900000, 0x0000000088900000| Untracked 
|  54|0x0000000088a00000, 0x0000000088a00000, 0x0000000088b00000|  0%| F|  |TAMS 0x0000000088a00000, 0x0000000088a00000| Untracked 
|  55|0x0000000088b00000, 0x0000000088b00000, 0x0000000088c00000|  0%| F|  |TAMS 0x0000000088b00000, 0x0000000088b00000| Untracked 
|  56|0x0000000088c00000, 0x0000000088c00000, 0x0000000088d00000|  0%| F|  |TAMS 0x0000000088c00000, 0x0000000088c00000| Untracked 
|  57|0x0000000088d00000, 0x0000000088d00000, 0x0000000088e00000|  0%| F|  |TAMS 0x0000000088d00000, 0x0000000088d00000| Untracked 
|  58|0x0000000088e00000, 0x0000000088e00000, 0x0000000088f00000|  0%| F|  |TAMS 0x0000000088e00000, 0x0000000088e00000| Untracked 
|  59|0x0000000088f00000, 0x0000000088f00000, 0x0000000089000000|  0%| F|  |TAMS 0x0000000088f00000, 0x0000000088f00000| Untracked 
|  60|0x0000000089000000, 0x0000000089000000, 0x0000000089100000|  0%| F|  |TAMS 0x0000000089000000, 0x0000000089000000| Untracked 
|  61|0x0000000089100000, 0x0000000089100000, 0x0000000089200000|  0%| F|  |TAMS 0x0000000089100000, 0x0000000089100000| Untracked 
|  62|0x0000000089200000, 0x0000000089200000, 0x0000000089300000|  0%| F|  |TAMS 0x0000000089200000, 0x0000000089200000| Untracked 
|  63|0x0000000089300000, 0x0000000089300000, 0x0000000089400000|  0%| F|  |TAMS 0x0000000089300000, 0x0000000089300000| Untracked 
|  64|0x0000000089400000, 0x0000000089400000, 0x0000000089500000|  0%| F|  |TAMS 0x0000000089400000, 0x0000000089400000| Untracked 
|  65|0x0000000089500000, 0x0000000089500000, 0x0000000089600000|  0%| F|  |TAMS 0x0000000089500000, 0x0000000089500000| Untracked 
|  66|0x0000000089600000, 0x0000000089600000, 0x0000000089700000|  0%| F|  |TAMS 0x0000000089600000, 0x0000000089600000| Untracked 
|  67|0x0000000089700000, 0x0000000089700000, 0x0000000089800000|  0%| F|  |TAMS 0x0000000089700000, 0x0000000089700000| Untracked 
|  68|0x0000000089800000, 0x0000000089800000, 0x0000000089900000|  0%| F|  |TAMS 0x0000000089800000, 0x0000000089800000| Untracked 
|  69|0x0000000089900000, 0x0000000089900000, 0x0000000089a00000|  0%| F|  |TAMS 0x0000000089900000, 0x0000000089900000| Untracked 
|  70|0x0000000089a00000, 0x0000000089a00000, 0x0000000089b00000|  0%| F|  |TAMS 0x0000000089a00000, 0x0000000089a00000| Untracked 
|  71|0x0000000089b00000, 0x0000000089b00000, 0x0000000089c00000|  0%| F|  |TAMS 0x0000000089b00000, 0x0000000089b00000| Untracked 
|  72|0x0000000089c00000, 0x0000000089c00000, 0x0000000089d00000|  0%| F|  |TAMS 0x0000000089c00000, 0x0000000089c00000| Untracked 
|  73|0x0000000089d00000, 0x0000000089d00000, 0x0000000089e00000|  0%| F|  |TAMS 0x0000000089d00000, 0x0000000089d00000| Untracked 
|  74|0x0000000089e00000, 0x0000000089e00000, 0x0000000089f00000|  0%| F|  |TAMS 0x0000000089e00000, 0x0000000089e00000| Untracked 
|  75|0x0000000089f00000, 0x0000000089f00000, 0x000000008a000000|  0%| F|  |TAMS 0x0000000089f00000, 0x0000000089f00000| Untracked 
|  76|0x000000008a000000, 0x000000008a000000, 0x000000008a100000|  0%| F|  |TAMS 0x000000008a000000, 0x000000008a000000| Untracked 
|  77|0x000000008a100000, 0x000000008a100000, 0x000000008a200000|  0%| F|  |TAMS 0x000000008a100000, 0x000000008a100000| Untracked 
|  78|0x000000008a200000, 0x000000008a200000, 0x000000008a300000|  0%| F|  |TAMS 0x000000008a200000, 0x000000008a200000| Untracked 
|  79|0x000000008a300000, 0x000000008a300000, 0x000000008a400000|  0%| F|  |TAMS 0x000000008a300000, 0x000000008a300000| Untracked 
|  80|0x000000008a400000, 0x000000008a400000, 0x000000008a500000|  0%| F|  |TAMS 0x000000008a400000, 0x000000008a400000| Untracked 
|  81|0x000000008a500000, 0x000000008a500000, 0x000000008a600000|  0%| F|  |TAMS 0x000000008a500000, 0x000000008a500000| Untracked 
|  82|0x000000008a600000, 0x000000008a600000, 0x000000008a700000|  0%| F|  |TAMS 0x000000008a600000, 0x000000008a600000| Untracked 
|  83|0x000000008a700000, 0x000000008a700000, 0x000000008a800000|  0%| F|  |TAMS 0x000000008a700000, 0x000000008a700000| Untracked 
|  84|0x000000008a800000, 0x000000008a800000, 0x000000008a900000|  0%| F|  |TAMS 0x000000008a800000, 0x000000008a800000| Untracked 
|  85|0x000000008a900000, 0x000000008a900000, 0x000000008aa00000|  0%| F|  |TAMS 0x000000008a900000, 0x000000008a900000| Untracked 
|  86|0x000000008aa00000, 0x000000008aa00000, 0x000000008ab00000|  0%| F|  |TAMS 0x000000008aa00000, 0x000000008aa00000| Untracked 
|  87|0x000000008ab00000, 0x000000008ab00000, 0x000000008ac00000|  0%| F|  |TAMS 0x000000008ab00000, 0x000000008ab00000| Untracked 
|  88|0x000000008ac00000, 0x000000008ac00000, 0x000000008ad00000|  0%| F|  |TAMS 0x000000008ac00000, 0x000000008ac00000| Untracked 
|  89|0x000000008ad00000, 0x000000008ad00000, 0x000000008ae00000|  0%| F|  |TAMS 0x000000008ad00000, 0x000000008ad00000| Untracked 
|  90|0x000000008ae00000, 0x000000008ae00000, 0x000000008af00000|  0%| F|  |TAMS 0x000000008ae00000, 0x000000008ae00000| Untracked 
|  91|0x000000008af00000, 0x000000008af00000, 0x000000008b000000|  0%| F|  |TAMS 0x000000008af00000, 0x000000008af00000| Untracked 
|  92|0x000000008b000000, 0x000000008b000000, 0x000000008b100000|  0%| F|  |TAMS 0x000000008b000000, 0x000000008b000000| Untracked 
|  93|0x000000008b100000, 0x000000008b100000, 0x000000008b200000|  0%| F|  |TAMS 0x000000008b100000, 0x000000008b100000| Untracked 
|  94|0x000000008b200000, 0x000000008b200000, 0x000000008b300000|  0%| F|  |TAMS 0x000000008b200000, 0x000000008b200000| Untracked 
|  95|0x000000008b300000, 0x000000008b300000, 0x000000008b400000|  0%| F|  |TAMS 0x000000008b300000, 0x000000008b300000| Untracked 
|  96|0x000000008b400000, 0x000000008b400000, 0x000000008b500000|  0%| F|  |TAMS 0x000000008b400000, 0x000000008b400000| Untracked 
|  97|0x000000008b500000, 0x000000008b500000, 0x000000008b600000|  0%| F|  |TAMS 0x000000008b500000, 0x000000008b500000| Untracked 
|  98|0x000000008b600000, 0x000000008b600000, 0x000000008b700000|  0%| F|  |TAMS 0x000000008b600000, 0x000000008b600000| Untracked 
|  99|0x000000008b700000, 0x000000008b700000, 0x000000008b800000|  0%| F|  |TAMS 0x000000008b700000, 0x000000008b700000| Untracked 
| 100|0x000000008b800000, 0x000000008b800000, 0x000000008b900000|  0%| F|  |TAMS 0x000000008b800000, 0x000000008b800000| Untracked 
| 101|0x000000008b900000, 0x000000008b900000, 0x000000008ba00000|  0%| F|  |TAMS 0x000000008b900000, 0x000000008b900000| Untracked 
| 102|0x000000008ba00000, 0x000000008ba00000, 0x000000008bb00000|  0%| F|  |TAMS 0x000000008ba00000, 0x000000008ba00000| Untracked 
| 103|0x000000008bb00000, 0x000000008bb00000, 0x000000008bc00000|  0%| F|  |TAMS 0x000000008bb00000, 0x000000008bb00000| Untracked 
| 104|0x000000008bc00000, 0x000000008bc00000, 0x000000008bd00000|  0%| F|  |TAMS 0x000000008bc00000, 0x000000008bc00000| Untracked 
| 105|0x000000008bd00000, 0x000000008bd00000, 0x000000008be00000|  0%| F|  |TAMS 0x000000008bd00000, 0x000000008bd00000| Untracked 
| 106|0x000000008be00000, 0x000000008be00000, 0x000000008bf00000|  0%| F|  |TAMS 0x000000008be00000, 0x000000008be00000| Untracked 
| 107|0x000000008bf00000, 0x000000008bf00000, 0x000000008c000000|  0%| F|  |TAMS 0x000000008bf00000, 0x000000008bf00000| Untracked 
| 108|0x000000008c000000, 0x000000008c000000, 0x000000008c100000|  0%| F|  |TAMS 0x000000008c000000, 0x000000008c000000| Untracked 
| 109|0x000000008c100000, 0x000000008c100000, 0x000000008c200000|  0%| F|  |TAMS 0x000000008c100000, 0x000000008c100000| Untracked 
| 110|0x000000008c200000, 0x000000008c200000, 0x000000008c300000|  0%| F|  |TAMS 0x000000008c200000, 0x000000008c200000| Untracked 
| 111|0x000000008c300000, 0x000000008c300000, 0x000000008c400000|  0%| F|  |TAMS 0x000000008c300000, 0x000000008c300000| Untracked 
| 112|0x000000008c400000, 0x000000008c400000, 0x000000008c500000|  0%| F|  |TAMS 0x000000008c400000, 0x000000008c400000| Untracked 
| 113|0x000000008c500000, 0x000000008c500000, 0x000000008c600000|  0%| F|  |TAMS 0x000000008c500000, 0x000000008c500000| Untracked 
| 114|0x000000008c600000, 0x000000008c600000, 0x000000008c700000|  0%| F|  |TAMS 0x000000008c600000, 0x000000008c600000| Untracked 
| 115|0x000000008c700000, 0x000000008c700000, 0x000000008c800000|  0%| F|  |TAMS 0x000000008c700000, 0x000000008c700000| Untracked 
| 116|0x000000008c800000, 0x000000008c800000, 0x000000008c900000|  0%| F|  |TAMS 0x000000008c800000, 0x000000008c800000| Untracked 
| 117|0x000000008c900000, 0x000000008c900000, 0x000000008ca00000|  0%| F|  |TAMS 0x000000008c900000, 0x000000008c900000| Untracked 
| 118|0x000000008ca00000, 0x000000008ca00000, 0x000000008cb00000|  0%| F|  |TAMS 0x000000008ca00000, 0x000000008ca00000| Untracked 
| 119|0x000000008cb00000, 0x000000008cb00000, 0x000000008cc00000|  0%| F|  |TAMS 0x000000008cb00000, 0x000000008cb00000| Untracked 
| 120|0x000000008cc00000, 0x000000008cc00000, 0x000000008cd00000|  0%| F|  |TAMS 0x000000008cc00000, 0x000000008cc00000| Untracked 
| 121|0x000000008cd00000, 0x000000008cd00000, 0x000000008ce00000|  0%| F|  |TAMS 0x000000008cd00000, 0x000000008cd00000| Untracked 
| 122|0x000000008ce00000, 0x000000008ce00000, 0x000000008cf00000|  0%| F|  |TAMS 0x000000008ce00000, 0x000000008ce00000| Untracked 
| 123|0x000000008cf00000, 0x000000008cf00000, 0x000000008d000000|  0%| F|  |TAMS 0x000000008cf00000, 0x000000008cf00000| Untracked 
| 124|0x000000008d000000, 0x000000008d000000, 0x000000008d100000|  0%| F|  |TAMS 0x000000008d000000, 0x000000008d000000| Untracked 
| 125|0x000000008d100000, 0x000000008d100000, 0x000000008d200000|  0%| F|  |TAMS 0x000000008d100000, 0x000000008d100000| Untracked 
| 126|0x000000008d200000, 0x000000008d200000, 0x000000008d300000|  0%| F|  |TAMS 0x000000008d200000, 0x000000008d200000| Untracked 
| 127|0x000000008d300000, 0x000000008d300000, 0x000000008d400000|  0%| F|  |TAMS 0x000000008d300000, 0x000000008d300000| Untracked 
| 128|0x000000008d400000, 0x000000008d400000, 0x000000008d500000|  0%| F|  |TAMS 0x000000008d400000, 0x000000008d400000| Untracked 
| 129|0x000000008d500000, 0x000000008d500000, 0x000000008d600000|  0%| F|  |TAMS 0x000000008d500000, 0x000000008d500000| Untracked 
| 130|0x000000008d600000, 0x000000008d600000, 0x000000008d700000|  0%| F|  |TAMS 0x000000008d600000, 0x000000008d600000| Untracked 
| 131|0x000000008d700000, 0x000000008d700000, 0x000000008d800000|  0%| F|  |TAMS 0x000000008d700000, 0x000000008d700000| Untracked 
| 132|0x000000008d800000, 0x000000008d800000, 0x000000008d900000|  0%| F|  |TAMS 0x000000008d800000, 0x000000008d800000| Untracked 
| 133|0x000000008d900000, 0x000000008d900000, 0x000000008da00000|  0%| F|  |TAMS 0x000000008d900000, 0x000000008d900000| Untracked 
| 134|0x000000008da00000, 0x000000008da00000, 0x000000008db00000|  0%| F|  |TAMS 0x000000008da00000, 0x000000008da00000| Untracked 
| 135|0x000000008db00000, 0x000000008db00000, 0x000000008dc00000|  0%| F|  |TAMS 0x000000008db00000, 0x000000008db00000| Untracked 
| 136|0x000000008dc00000, 0x000000008dc00000, 0x000000008dd00000|  0%| F|  |TAMS 0x000000008dc00000, 0x000000008dc00000| Untracked 
| 137|0x000000008dd00000, 0x000000008dd00000, 0x000000008de00000|  0%| F|  |TAMS 0x000000008dd00000, 0x000000008dd00000| Untracked 
| 138|0x000000008de00000, 0x000000008de00000, 0x000000008df00000|  0%| F|  |TAMS 0x000000008de00000, 0x000000008de00000| Untracked 
| 139|0x000000008df00000, 0x000000008df00000, 0x000000008e000000|  0%| F|  |TAMS 0x000000008df00000, 0x000000008df00000| Untracked 
| 140|0x000000008e000000, 0x000000008e000000, 0x000000008e100000|  0%| F|  |TAMS 0x000000008e000000, 0x000000008e000000| Untracked 
| 141|0x000000008e100000, 0x000000008e100000, 0x000000008e200000|  0%| F|  |TAMS 0x000000008e100000, 0x000000008e100000| Untracked 
| 142|0x000000008e200000, 0x000000008e200000, 0x000000008e300000|  0%| F|  |TAMS 0x000000008e200000, 0x000000008e200000| Untracked 
| 143|0x000000008e300000, 0x000000008e300000, 0x000000008e400000|  0%| F|  |TAMS 0x000000008e300000, 0x000000008e300000| Untracked 
| 144|0x000000008e400000, 0x000000008e400000, 0x000000008e500000|  0%| F|  |TAMS 0x000000008e400000, 0x000000008e400000| Untracked 
| 145|0x000000008e500000, 0x000000008e500000, 0x000000008e600000|  0%| F|  |TAMS 0x000000008e500000, 0x000000008e500000| Untracked 
| 146|0x000000008e600000, 0x000000008e600000, 0x000000008e700000|  0%| F|  |TAMS 0x000000008e600000, 0x000000008e600000| Untracked 
| 147|0x000000008e700000, 0x000000008e700000, 0x000000008e800000|  0%| F|  |TAMS 0x000000008e700000, 0x000000008e700000| Untracked 
| 148|0x000000008e800000, 0x000000008e800000, 0x000000008e900000|  0%| F|  |TAMS 0x000000008e800000, 0x000000008e800000| Untracked 
| 149|0x000000008e900000, 0x000000008e900000, 0x000000008ea00000|  0%| F|  |TAMS 0x000000008e900000, 0x000000008e900000| Untracked 
| 150|0x000000008ea00000, 0x000000008ea00000, 0x000000008eb00000|  0%| F|  |TAMS 0x000000008ea00000, 0x000000008ea00000| Untracked 
| 151|0x000000008eb00000, 0x000000008eb00000, 0x000000008ec00000|  0%| F|  |TAMS 0x000000008eb00000, 0x000000008eb00000| Untracked 
| 152|0x000000008ec00000, 0x000000008ec00000, 0x000000008ed00000|  0%| F|  |TAMS 0x000000008ec00000, 0x000000008ec00000| Untracked 
| 153|0x000000008ed00000, 0x000000008ed80000, 0x000000008ee00000| 50%| S|CS|TAMS 0x000000008ed00000, 0x000000008ed00000| Complete 
| 154|0x000000008ee00000, 0x000000008ef00000, 0x000000008ef00000|100%| S|CS|TAMS 0x000000008ee00000, 0x000000008ee00000| Complete 
| 155|0x000000008ef00000, 0x000000008f000000, 0x000000008f000000|100%| S|CS|TAMS 0x000000008ef00000, 0x000000008ef00000| Complete 
| 156|0x000000008f000000, 0x000000008f000000, 0x000000008f100000|  0%| F|  |TAMS 0x000000008f000000, 0x000000008f000000| Untracked 
| 157|0x000000008f100000, 0x000000008f100000, 0x000000008f200000|  0%| F|  |TAMS 0x000000008f100000, 0x000000008f100000| Untracked 
| 158|0x000000008f200000, 0x000000008f200000, 0x000000008f300000|  0%| F|  |TAMS 0x000000008f200000, 0x000000008f200000| Untracked 
| 159|0x000000008f300000, 0x000000008f300000, 0x000000008f400000|  0%| F|  |TAMS 0x000000008f300000, 0x000000008f300000| Untracked 
| 160|0x000000008f400000, 0x000000008f400000, 0x000000008f500000|  0%| F|  |TAMS 0x000000008f400000, 0x000000008f400000| Untracked 
| 161|0x000000008f500000, 0x000000008f500000, 0x000000008f600000|  0%| F|  |TAMS 0x000000008f500000, 0x000000008f500000| Untracked 
| 162|0x000000008f600000, 0x000000008f600000, 0x000000008f700000|  0%| F|  |TAMS 0x000000008f600000, 0x000000008f600000| Untracked 
| 163|0x000000008f700000, 0x000000008f700000, 0x000000008f800000|  0%| F|  |TAMS 0x000000008f700000, 0x000000008f700000| Untracked 
| 164|0x000000008f800000, 0x000000008f800000, 0x000000008f900000|  0%| F|  |TAMS 0x000000008f800000, 0x000000008f800000| Untracked 
| 165|0x000000008f900000, 0x000000008f900000, 0x000000008fa00000|  0%| F|  |TAMS 0x000000008f900000, 0x000000008f900000| Untracked 
| 166|0x000000008fa00000, 0x000000008fa00000, 0x000000008fb00000|  0%| F|  |TAMS 0x000000008fa00000, 0x000000008fa00000| Untracked 
| 167|0x000000008fb00000, 0x000000008fb00000, 0x000000008fc00000|  0%| F|  |TAMS 0x000000008fb00000, 0x000000008fb00000| Untracked 
| 168|0x000000008fc00000, 0x000000008fc00000, 0x000000008fd00000|  0%| F|  |TAMS 0x000000008fc00000, 0x000000008fc00000| Untracked 
| 169|0x000000008fd00000, 0x000000008fd00000, 0x000000008fe00000|  0%| F|  |TAMS 0x000000008fd00000, 0x000000008fd00000| Untracked 
| 170|0x000000008fe00000, 0x000000008fe00000, 0x000000008ff00000|  0%| F|  |TAMS 0x000000008fe00000, 0x000000008fe00000| Untracked 
| 171|0x000000008ff00000, 0x000000008ff00000, 0x0000000090000000|  0%| F|  |TAMS 0x000000008ff00000, 0x000000008ff00000| Untracked 
| 172|0x0000000090000000, 0x0000000090000000, 0x0000000090100000|  0%| F|  |TAMS 0x0000000090000000, 0x0000000090000000| Untracked 
| 173|0x0000000090100000, 0x0000000090100000, 0x0000000090200000|  0%| F|  |TAMS 0x0000000090100000, 0x0000000090100000| Untracked 
| 174|0x0000000090200000, 0x0000000090200000, 0x0000000090300000|  0%| F|  |TAMS 0x0000000090200000, 0x0000000090200000| Untracked 
| 175|0x0000000090300000, 0x0000000090300000, 0x0000000090400000|  0%| F|  |TAMS 0x0000000090300000, 0x0000000090300000| Untracked 
| 176|0x0000000090400000, 0x0000000090400000, 0x0000000090500000|  0%| F|  |TAMS 0x0000000090400000, 0x0000000090400000| Untracked 
| 177|0x0000000090500000, 0x0000000090500800, 0x0000000090600000|  0%| E|  |TAMS 0x0000000090500000, 0x0000000090500000| Complete 
| 178|0x0000000090600000, 0x0000000090700000, 0x0000000090700000|100%| E|CS|TAMS 0x0000000090600000, 0x0000000090600000| Complete 
| 179|0x0000000090700000, 0x0000000090800000, 0x0000000090800000|100%| E|CS|TAMS 0x0000000090700000, 0x0000000090700000| Complete 
| 180|0x0000000090800000, 0x0000000090900000, 0x0000000090900000|100%| E|CS|TAMS 0x0000000090800000, 0x0000000090800000| Complete 
| 181|0x0000000090900000, 0x0000000090a00000, 0x0000000090a00000|100%| E|CS|TAMS 0x0000000090900000, 0x0000000090900000| Complete 
| 182|0x0000000090a00000, 0x0000000090b00000, 0x0000000090b00000|100%| E|CS|TAMS 0x0000000090a00000, 0x0000000090a00000| Complete 
| 183|0x0000000090b00000, 0x0000000090c00000, 0x0000000090c00000|100%| E|CS|TAMS 0x0000000090b00000, 0x0000000090b00000| Complete 
| 184|0x0000000090c00000, 0x0000000090d00000, 0x0000000090d00000|100%| E|CS|TAMS 0x0000000090c00000, 0x0000000090c00000| Complete 
| 185|0x0000000090d00000, 0x0000000090e00000, 0x0000000090e00000|100%| E|CS|TAMS 0x0000000090d00000, 0x0000000090d00000| Complete 

Card table byte_map: [0x00007f263b156000,0x00007f263b52c000] _byte_map_base: 0x00007f263ad2c000

Marking Bits (Prev, Next): (CMBitMap*) 0x00007f26540659d8, (CMBitMap*) 0x00007f2654065a10
 Prev Bits: [0x00007f2638ed0000, 0x00007f263ad80000)
 Next Bits: [0x00007f2632150000, 0x00007f2634000000)

Polling page: 0x00007f265aee4000

Metaspace:

Usage:
  Non-class:     31.49 MB capacity,    31.09 MB ( 99%) used,   324.85 KB (  1%) free+waste,    80.25 KB ( <1%) overhead. 
      Class:      4.51 MB capacity,     4.24 MB ( 94%) used,   236.28 KB (  5%) free+waste,    37.31 KB ( <1%) overhead. 
       Both:     36.00 MB capacity,    35.33 MB ( 98%) used,   561.13 KB (  2%) free+waste,   117.56 KB ( <1%) overhead. 

Virtual space:
  Non-class space:       32.00 MB reserved,      31.90 MB (>99%) committed 
      Class space:        1.00 GB reserved,       4.62 MB ( <1%) committed 
             Both:        1.03 GB reserved,      36.53 MB (  3%) committed 

Chunk freelists:
   Non-Class:  24.88 KB
       Class:  2.50 KB
        Both:  27.38 KB

CodeHeap 'non-profiled nmethods': size=238948Kb used=6478Kb max_used=6478Kb free=232469Kb
 bounds [0x00007f263c682000, 0x00007f263cce2000, 0x00007f264afdb000]
CodeHeap 'non-nmethods': size=6812Kb used=2302Kb max_used=2302Kb free=4509Kb
 bounds [0x00007f263bfdb000, 0x00007f263c24b000, 0x00007f263c682000]
 total_blobs=4352 nmethods=3761 adapters=469
 compilation: enabled
              stopped_count=0, restarted_count=0
 full_count=0

Compilation events (10 events):
Event: 4.097 Thread 0x00007f260c0b0800 3786   !   1       java.io.BufferedReader::readLine (304 bytes)
Event: 4.097 Thread 0x00007f26541d9800 3787       1       java.util.ArrayList::contains (14 bytes)
Event: 4.097 Thread 0x00007f26541d9800 nmethod 3787 0x00007f263ccd2910 code [0x00007f263ccd2ac0, 0x00007f263ccd2c08]
Event: 4.098 Thread 0x00007f26541d9800 3788       1       java.io.BufferedReader::readLine (6 bytes)
Event: 4.098 Thread 0x00007f26541d9800 nmethod 3788 0x00007f263ccd2c90 code [0x00007f263ccd2e40, 0x00007f263ccd2f88]
Event: 4.098 Thread 0x00007f260c0b0800 nmethod 3786 0x00007f263ccd3010 code [0x00007f263ccd32a0, 0x00007f263ccd4128]
Event: 4.098 Thread 0x00007f26541d9800 3789       1       java.io.BufferedInputStream::read1 (108 bytes)
Event: 4.099 Thread 0x00007f260c0ae800 3790       1       java.lang.ref.Reference::<init> (25 bytes)
Event: 4.099 Thread 0x00007f26541d9800 nmethod 3789 0x00007f263ccd4a90 code [0x00007f263ccd4ca0, 0x00007f263ccd5198]
Event: 4.099 Thread 0x00007f260c0ae800 nmethod 3790 0x00007f263ccd5390 code [0x00007f263ccd5540, 0x00007f263ccd5730]

GC Heap History (10 events):
Event: 1.543 GC heap before
{Heap before GC invocations=3 (full 0):
 garbage-first heap   total 126976K, used 14942K [0x0000000085400000, 0x0000000100000000)
  region size 1024K, 11 young (11264K), 3 survivors (3072K)
 Metaspace       used 20522K, capacity 21074K, committed 21296K, reserved 1069056K
  class space    used 2378K, capacity 2589K, committed 2688K, reserved 1048576K
}
Event: 1.562 GC heap after
{Heap after GC invocations=4 (full 0):
 garbage-first heap   total 126976K, used 8296K [0x0000000085400000, 0x0000000100000000)
  region size 1024K, 2 young (2048K), 2 survivors (2048K)
 Metaspace       used 20522K, capacity 21074K, committed 21296K, reserved 1069056K
  class space    used 2378K, capacity 2589K, committed 2688K, reserved 1048576K
}
Event: 2.138 GC heap before
{Heap before GC invocations=5 (full 0):
 garbage-first heap   total 126976K, used 37992K [0x0000000085400000, 0x0000000100000000)
  region size 1024K, 32 young (32768K), 2 survivors (2048K)
 Metaspace       used 24637K, capacity 25243K, committed 25392K, reserved 1071104K
  class space    used 2877K, capacity 3105K, committed 3200K, reserved 1048576K
}
Event: 2.158 GC heap after
{Heap after GC invocations=6 (full 0):
 garbage-first heap   total 190464K, used 9831K [0x0000000085400000, 0x0000000100000000)
  region size 1024K, 4 young (4096K), 4 survivors (4096K)
 Metaspace       used 24637K, capacity 25243K, committed 25392K, reserved 1071104K
  class space    used 2877K, capacity 3105K, committed 3200K, reserved 1048576K
}
Event: 2.989 GC heap before
{Heap before GC invocations=6 (full 0):
 garbage-first heap   total 190464K, used 57959K [0x0000000085400000, 0x0000000100000000)
  region size 1024K, 51 young (52224K), 4 survivors (4096K)
 Metaspace       used 28416K, capacity 29070K, committed 29488K, reserved 1075200K
  class space    used 3389K, capacity 3627K, committed 3712K, reserved 1048576K
}
Event: 3.009 GC heap after
{Heap after GC invocations=7 (full 0):
 garbage-first heap   total 190464K, used 12552K [0x0000000085400000, 0x0000000100000000)
  region size 1024K, 6 young (6144K), 6 survivors (6144K)
 Metaspace       used 28416K, capacity 29070K, committed 29488K, reserved 1075200K
  class space    used 3389K, capacity 3627K, committed 3712K, reserved 1048576K
}
Event: 3.728 GC heap before
{Heap before GC invocations=7 (full 0):
 garbage-first heap   total 190464K, used 108808K [0x0000000085400000, 0x0000000100000000)
  region size 1024K, 101 young (103424K), 6 survivors (6144K)
 Metaspace       used 33580K, capacity 34214K, committed 34480K, reserved 1079296K
  class space    used 4045K, capacity 4312K, committed 4352K, reserved 1048576K
}
Event: 3.776 GC heap after
{Heap after GC invocations=8 (full 0):
 garbage-first heap   total 190464K, used 20953K [0x0000000085400000, 0x0000000100000000)
  region size 1024K, 13 young (13312K), 13 survivors (13312K)
 Metaspace       used 33580K, capacity 34214K, committed 34480K, reserved 1079296K
  class space    used 4045K, capacity 4312K, committed 4352K, reserved 1048576K
}
Event: 3.953 GC heap before
{Heap before GC invocations=8 (full 0):
 garbage-first heap   total 190464K, used 50649K [0x0000000085400000, 0x0000000100000000)
  region size 1024K, 43 young (44032K), 13 survivors (13312K)
 Metaspace       used 34966K, capacity 35590K, committed 35888K, reserved 1081344K
  class space    used 4218K, capacity 4472K, committed 4480K, reserved 1048576K
}
Event: 4.007 GC heap after
{Heap after GC invocations=9 (full 0):
 garbage-first heap   total 190464K, used 23281K [0x0000000085400000, 0x0000000100000000)
  region size 1024K, 3 young (3072K), 3 survivors (3072K)
 Metaspace       used 34966K, capacity 35590K, committed 35888K, reserved 1081344K
  class space    used 4218K, capacity 4472K, committed 4480K, reserved 1048576K
}

Deoptimization events (0 events):
No events

Classes redefined (0 events):
No events

Internal exceptions (10 events):
Event: 3.897 Thread 0x00007f2654015800 Exception <a 'java/lang/ClassNotFoundException'{0x000000008f58cb70}: org/springframework/kafka/listener/config/ContainerPropertiesCustomizer> (0x000000008f58cb70) thrown at [/scratch/opt/mach5/mesos/work_dir/slaves/2dd962d0-8988-479b-a804-57ab764ada59-S12
Event: 4.019 Thread 0x00007f2654f2e000 Exception <a 'java/net/ConnectException'{0x0000000090d14830}> (0x0000000090d14830) thrown at [/scratch/opt/mach5/mesos/work_dir/slaves/2dd962d0-8988-479b-a804-57ab764ada59-S1222/frameworks/1735e8a2-a1db-478c-8104-60c8b0af87dd-0196/executors/1fd16cd3-bd2f-
Event: 4.019 Thread 0x00007f2654f32000 Exception <a 'java/net/ConnectException'{0x0000000090d58a90}> (0x0000000090d58a90) thrown at [/scratch/opt/mach5/mesos/work_dir/slaves/2dd962d0-8988-479b-a804-57ab764ada59-S1222/frameworks/1735e8a2-a1db-478c-8104-60c8b0af87dd-0196/executors/1fd16cd3-bd2f-
Event: 4.074 Thread 0x00007f2654f32000 Exception <a 'java/net/ConnectException'{0x0000000090cb9110}> (0x0000000090cb9110) thrown at [/scratch/opt/mach5/mesos/work_dir/slaves/2dd962d0-8988-479b-a804-57ab764ada59-S1222/frameworks/1735e8a2-a1db-478c-8104-60c8b0af87dd-0196/executors/1fd16cd3-bd2f-
Event: 4.074 Thread 0x00007f2654f2e000 Exception <a 'java/net/ConnectException'{0x0000000090d17278}> (0x0000000090d17278) thrown at [/scratch/opt/mach5/mesos/work_dir/slaves/2dd962d0-8988-479b-a804-57ab764ada59-S1222/frameworks/1735e8a2-a1db-478c-8104-60c8b0af87dd-0196/executors/1fd16cd3-bd2f-
Event: 4.089 Thread 0x00007f2654015800 Exception <a 'java/lang/NoSuchMethodError'{0x0000000090633ee0}: java.lang.invoke.DirectMethodHandle$Holder.invokeStaticInit(Ljava/lang/Object;Ljava/lang/Object;JLjava/lang/Object;)Ljava/lang/Object;> (0x0000000090633ee0) thrown at [/scratch/opt/mach5/meso
Event: 4.090 Thread 0x00007f2654015800 Exception <a 'java/lang/NoSuchMethodError'{0x0000000090639dc8}: java.lang.invoke.DirectMethodHandle$Holder.invokeStatic(Ljava/lang/Object;Ljava/lang/Object;J)Ljava/lang/Object;> (0x0000000090639dc8) thrown at [/scratch/opt/mach5/mesos/work_dir/slaves/2dd9
Event: 4.090 Thread 0x00007f2654015800 Exception <a 'java/lang/NoSuchMethodError'{0x0000000090640b18}: java.lang.invoke.DirectMethodHandle$Holder.invokeStatic(Ljava/lang/Object;Ljava/lang/Object;Ljava/lang/Object;I)Ljava/lang/Object;> (0x0000000090640b18) thrown at [/scratch/opt/mach5/mesos/wo
Event: 4.091 Thread 0x00007f2654015800 Exception <a 'java/lang/NoSuchMethodError'{0x00000000906444e0}: java.lang.invoke.DirectMethodHandle$Holder.invokeSpecial(Ljava/lang/Object;Ljava/lang/Object;Ljava/lang/Object;Ljava/lang/Object;I)Ljava/lang/Object;> (0x00000000906444e0) thrown at [/scratch
Event: 4.091 Thread 0x00007f2654015800 Exception <a 'java/lang/NoSuchMethodError'{0x0000000090647540}: java.lang.invoke.Invokers$Holder.linkToTargetMethod(Ljava/lang/Object;Ljava/lang/Object;ILjava/lang/Object;)Ljava/lang/Object;> (0x0000000090647540) thrown at [/scratch/opt/mach5/mesos/work_d

Events (10 events):
Event: 4.099 loading class java/lang/ProcessBuilder$NullOutputStream
Event: 4.099 loading class java/lang/ProcessBuilder$NullOutputStream done
Event: 4.102 loading class com/sun/jna/Function
Event: 4.102 loading class com/sun/jna/Function done
Event: 4.103 loading class com/sun/jna/VarArgsChecker
Event: 4.103 loading class com/sun/jna/VarArgsChecker done
Event: 4.103 loading class com/sun/jna/VarArgsChecker$RealVarArgsChecker
Event: 4.103 loading class com/sun/jna/VarArgsChecker$RealVarArgsChecker done
Event: 4.104 loading class com/sun/jna/Library$Handler$FunctionInfo
Event: 4.104 loading class com/sun/jna/Library$Handler$FunctionInfo done


Dynamic libraries:
00400000-00401000 r-xp 00000000 08:05 6687755                            /usr/lib/jvm/jdk-11.0.2/bin/java
00600000-00601000 r--p 00000000 08:05 6687755                            /usr/lib/jvm/jdk-11.0.2/bin/java
00601000-00602000 rw-p 00001000 08:05 6687755                            /usr/lib/jvm/jdk-11.0.2/bin/java
00de7000-00e08000 rw-p 00000000 00:00 0                                  [heap]
85400000-90e00000 rw-p 00000000 00:00 0 
90e00000-100000000 ---p 00000000 00:00 0 
100000000-1004a0000 rw-p 00000000 00:00 0 
1004a0000-140000000 ---p 00000000 00:00 0 
7f25b4000000-7f25b4021000 rw-p 00000000 00:00 0 
7f25b4021000-7f25b8000000 ---p 00000000 00:00 0 
7f25b8000000-7f25b8021000 rw-p 00000000 00:00 0 
7f25b8021000-7f25bc000000 ---p 00000000 00:00 0 
7f25bc000000-7f25bc021000 rw-p 00000000 00:00 0 
7f25bc021000-7f25c0000000 ---p 00000000 00:00 0 
7f25c0000000-7f25c004b000 rw-p 00000000 00:00 0 
7f25c004b000-7f25c4000000 ---p 00000000 00:00 0 
7f25c523f000-7f25c5240000 ---p 00000000 00:00 0 
7f25c5240000-7f25c5a40000 rw-p 00000000 00:00 0 
7f25c5bc7000-7f25c5bde000 r-xp 00000000 08:05 393222                     /lib/x86_64-linux-gnu/libgcc_s.so.1
7f25c5bde000-7f25c5ddd000 ---p 00017000 08:05 393222                     /lib/x86_64-linux-gnu/libgcc_s.so.1
7f25c5ddd000-7f25c5dde000 r--p 00016000 08:05 393222                     /lib/x86_64-linux-gnu/libgcc_s.so.1
7f25c5dde000-7f25c5ddf000 rw-p 00017000 08:05 393222                     /lib/x86_64-linux-gnu/libgcc_s.so.1
7f25c5ddf000-7f25c5f58000 r-xp 00000000 08:05 4852359                    /usr/lib/x86_64-linux-gnu/libstdc++.so.6.0.25
7f25c5f58000-7f25c6158000 ---p 00179000 08:05 4852359                    /usr/lib/x86_64-linux-gnu/libstdc++.so.6.0.25
7f25c6158000-7f25c6162000 r--p 00179000 08:05 4852359                    /usr/lib/x86_64-linux-gnu/libstdc++.so.6.0.25
7f25c6162000-7f25c6164000 rw-p 00183000 08:05 4852359                    /usr/lib/x86_64-linux-gnu/libstdc++.so.6.0.25
7f25c6164000-7f25c6168000 rw-p 00000000 00:00 0 
7f25c6168000-7f25c6174000 r-xp 00000000 08:05 4852252                    /usr/lib/libflightSimLib.so
7f25c6174000-7f25c6373000 ---p 0000c000 08:05 4852252                    /usr/lib/libflightSimLib.so
7f25c6373000-7f25c6374000 r--p 0000b000 08:05 4852252                    /usr/lib/libflightSimLib.so
7f25c6374000-7f25c6375000 rw-p 0000c000 08:05 4852252                    /usr/lib/libflightSimLib.so
7f25c6375000-7f25c63cd000 r-xp 00000000 08:05 4852233                    /usr/lib/libdjiosdk-core.so
7f25c63cd000-7f25c65cc000 ---p 00058000 08:05 4852233                    /usr/lib/libdjiosdk-core.so
7f25c65cc000-7f25c65ce000 r--p 00057000 08:05 4852233                    /usr/lib/libdjiosdk-core.so
7f25c65ce000-7f25c65d0000 rw-p 00059000 08:05 4852233                    /usr/lib/libdjiosdk-core.so
7f25c65d0000-7f25c65d1000 rw-p 00000000 00:00 0 
7f25c65d1000-7f25c65d4000 r-xp 00000000 08:05 5509312                    /home/vidurk/CasLab/Spring-Kafka-Device-Node-String/src/main/java/com/codenotfound/kafka/osdkLinker/libLinked.so
7f25c65d4000-7f25c67d3000 ---p 00003000 08:05 5509312                    /home/vidurk/CasLab/Spring-Kafka-Device-Node-String/src/main/java/com/codenotfound/kafka/osdkLinker/libLinked.so
7f25c67d3000-7f25c67d4000 r--p 00002000 08:05 5509312                    /home/vidurk/CasLab/Spring-Kafka-Device-Node-String/src/main/java/com/codenotfound/kafka/osdkLinker/libLinked.so
7f25c67d4000-7f25c67d5000 rw-p 00003000 08:05 5509312                    /home/vidurk/CasLab/Spring-Kafka-Device-Node-String/src/main/java/com/codenotfound/kafka/osdkLinker/libLinked.so
7f25c67d5000-7f25c67ed000 r-xp 00000000 08:05 4597711                    /home/vidurk/.cache/JNA/temp/jna17611416484621240926.tmp (deleted)
7f25c67ed000-7f25c69ed000 ---p 00018000 08:05 4597711                    /home/vidurk/.cache/JNA/temp/jna17611416484621240926.tmp (deleted)
7f25c69ed000-7f25c69ee000 rw-p 00018000 08:05 4597711                    /home/vidurk/.cache/JNA/temp/jna17611416484621240926.tmp (deleted)
7f25c69ee000-7f25c69f2000 ---p 00000000 00:00 0 
7f25c69f2000-7f25c6aef000 rw-p 00000000 00:00 0 
7f25c6aef000-7f25c6af3000 ---p 00000000 00:00 0 
7f25c6af3000-7f25c6bf0000 rw-p 00000000 00:00 0 
7f25c6bf0000-7f25c6bf4000 ---p 00000000 00:00 0 
7f25c6bf4000-7f25c6cf1000 rw-p 00000000 00:00 0 
7f25c6cf1000-7f25c6cf5000 ---p 00000000 00:00 0 
7f25c6cf5000-7f25c6df2000 rw-p 00000000 00:00 0 
7f25c6df2000-7f25c6df6000 ---p 00000000 00:00 0 
7f25c6df6000-7f25c6ef3000 rw-p 00000000 00:00 0 
7f25c6ef3000-7f25c6ef7000 ---p 00000000 00:00 0 
7f25c6ef7000-7f25c6ff4000 rw-p 00000000 00:00 0 
7f25c6ff4000-7f25c6ff8000 ---p 00000000 00:00 0 
7f25c6ff8000-7f25c70f5000 rw-p 00000000 00:00 0 
7f25c70f5000-7f25c70f9000 ---p 00000000 00:00 0 
7f25c70f9000-7f25c71f6000 rw-p 00000000 00:00 0 
7f25c71f6000-7f25c71fa000 ---p 00000000 00:00 0 
7f25c71fa000-7f25c72f7000 rw-p 00000000 00:00 0 
7f25c72f7000-7f25c72fb000 ---p 00000000 00:00 0 
7f25c72fb000-7f25c73f8000 rw-p 00000000 00:00 0 
7f25c73f8000-7f25c73fc000 ---p 00000000 00:00 0 
7f25c73fc000-7f25c74f9000 rw-p 00000000 00:00 0 
7f25c74f9000-7f25c74fd000 ---p 00000000 00:00 0 
7f25c74fd000-7f25c75fa000 rw-p 00000000 00:00 0 
7f25c75fa000-7f25c75fe000 ---p 00000000 00:00 0 
7f25c75fe000-7f25c76fb000 rw-p 00000000 00:00 0 
7f25c76fb000-7f25c76ff000 ---p 00000000 00:00 0 
7f25c76ff000-7f25c77fc000 rw-p 00000000 00:00 0 
7f25c77fc000-7f25c7800000 ---p 00000000 00:00 0 
7f25c7800000-7f25c78fd000 rw-p 00000000 00:00 0 
7f25c78fd000-7f25c7901000 ---p 00000000 00:00 0 
7f25c7901000-7f25c7bf9000 rw-p 00000000 00:00 0 
7f25c7bf9000-7f25c7bfe000 ---p 00000000 00:00 0 
7f25c7bfe000-7f25c7c02000 ---p 00000000 00:00 0 
7f25c7c02000-7f25c7eff000 rw-p 00000000 00:00 0 
7f25c7eff000-7f25c7f03000 ---p 00000000 00:00 0 
7f25c7f03000-7f25c8000000 rw-p 00000000 00:00 0 
7f25c8000000-7f25c8021000 rw-p 00000000 00:00 0 
7f25c8021000-7f25cc000000 ---p 00000000 00:00 0 
7f25cc000000-7f25cc021000 rw-p 00000000 00:00 0 
7f25cc021000-7f25d0000000 ---p 00000000 00:00 0 
7f25d0000000-7f25d01ab000 rw-p 00000000 00:00 0 
7f25d01ab000-7f25d4000000 ---p 00000000 00:00 0 
7f25d4000000-7f25d4049000 rw-p 00000000 00:00 0 
7f25d4049000-7f25d8000000 ---p 00000000 00:00 0 
7f25d8000000-7f25d8038000 rw-p 00000000 00:00 0 
7f25d8038000-7f25dc000000 ---p 00000000 00:00 0 
7f25dc000000-7f25dc021000 rw-p 00000000 00:00 0 
7f25dc021000-7f25e0000000 ---p 00000000 00:00 0 
7f25e0000000-7f25e0021000 rw-p 00000000 00:00 0 
7f25e0021000-7f25e4000000 ---p 00000000 00:00 0 
7f25e4000000-7f25e4029000 rw-p 00000000 00:00 0 
7f25e4029000-7f25e8000000 ---p 00000000 00:00 0 
7f25e8000000-7f25e8021000 rw-p 00000000 00:00 0 
7f25e8021000-7f25ec000000 ---p 00000000 00:00 0 
7f25ec000000-7f25ec021000 rw-p 00000000 00:00 0 
7f25ec021000-7f25f0000000 ---p 00000000 00:00 0 
7f25f0000000-7f25f0021000 rw-p 00000000 00:00 0 
7f25f0021000-7f25f4000000 ---p 00000000 00:00 0 
7f25f4000000-7f25f4021000 rw-p 00000000 00:00 0 
7f25f4021000-7f25f8000000 ---p 00000000 00:00 0 
7f25f8000000-7f25f8210000 rw-p 00000000 00:00 0 
7f25f8210000-7f25fc000000 ---p 00000000 00:00 0 
7f25fc000000-7f25fc1be000 rw-p 00000000 00:00 0 
7f25fc1be000-7f2600000000 ---p 00000000 00:00 0 
7f2600000000-7f2600021000 rw-p 00000000 00:00 0 
7f2600021000-7f2604000000 ---p 00000000 00:00 0 
7f2604000000-7f2604021000 rw-p 00000000 00:00 0 
7f2604021000-7f2608000000 ---p 00000000 00:00 0 
7f2608000000-7f2608021000 rw-p 00000000 00:00 0 
7f2608021000-7f260c000000 ---p 00000000 00:00 0 
7f260c000000-7f260c2f7000 rw-p 00000000 00:00 0 
7f260c2f7000-7f2610000000 ---p 00000000 00:00 0 
7f2610000000-7f2610021000 rw-p 00000000 00:00 0 
7f2610021000-7f2614000000 ---p 00000000 00:00 0 
7f2614000000-7f2614021000 rw-p 00000000 00:00 0 
7f2614021000-7f2618000000 ---p 00000000 00:00 0 
7f2618000000-7f2618042000 rw-p 00000000 00:00 0 
7f2618042000-7f261c000000 ---p 00000000 00:00 0 
7f261c000000-7f261c021000 rw-p 00000000 00:00 0 
7f261c021000-7f2620000000 ---p 00000000 00:00 0 
7f26200e7000-7f26202e7000 rw-p 00000000 00:00 0 
7f26202e7000-7f26204e7000 rw-p 00000000 00:00 0 
7f26204e7000-7f26206e7000 rw-p 00000000 00:00 0 
7f26206e7000-7f26206eb000 ---p 00000000 00:00 0 
7f26206eb000-7f26209e8000 rw-p 00000000 00:00 0 
7f26209e8000-7f2620bd4000 rw-p 00000000 00:00 0 
7f2620bd4000-7f2620be8000 ---p 00000000 00:00 0 
7f2620be8000-7f2620be9000 ---p 00000000 00:00 0 
7f2620be9000-7f2620cea000 rw-p 00000000 00:00 0 
7f2620cea000-7f2620ceb000 ---p 00000000 00:00 0 
7f2620ceb000-7f2620dec000 rw-p 00000000 00:00 0 
7f2620dec000-7f2620df0000 ---p 00000000 00:00 0 
7f2620df0000-7f2620eed000 rw-p 00000000 00:00 0 
7f2620eed000-7f2620ef1000 ---p 00000000 00:00 0 
7f2620ef1000-7f2620fee000 rw-p 00000000 00:00 0 
7f2620fee000-7f2620ff2000 ---p 00000000 00:00 0 
7f2620ff2000-7f26212ef000 rw-p 00000000 00:00 0 
7f26212ef000-7f26212f3000 ---p 00000000 00:00 0 
7f26212f3000-7f26215f0000 rw-p 00000000 00:00 0 
7f26215f0000-7f26215f4000 ---p 00000000 00:00 0 
7f26215f4000-7f26218f1000 rw-p 00000000 00:00 0 
7f26218f1000-7f26218f2000 ---p 00000000 00:00 0 
7f26218f2000-7f2621bf3000 rw-p 00000000 00:00 0 
7f2621bf3000-7f2621bf4000 ---p 00000000 00:00 0 
7f2621bf4000-7f2621cf5000 rw-p 00000000 00:00 0 
7f2621cf5000-7f2621cf9000 ---p 00000000 00:00 0 
7f2621cf9000-7f2621ff6000 rw-p 00000000 00:00 0 
7f2621ff6000-7f2621ffb000 r-xp 00000000 08:05 6687878                    /usr/lib/jvm/jdk-11.0.2/lib/libmanagement_ext.so
7f2621ffb000-7f26221fa000 ---p 00005000 08:05 6687878                    /usr/lib/jvm/jdk-11.0.2/lib/libmanagement_ext.so
7f26221fa000-7f26221fb000 r--p 00004000 08:05 6687878                    /usr/lib/jvm/jdk-11.0.2/lib/libmanagement_ext.so
7f26221fb000-7f26221fc000 rw-p 00005000 08:05 6687878                    /usr/lib/jvm/jdk-11.0.2/lib/libmanagement_ext.so
7f26221fc000-7f2622200000 r-xp 00000000 08:05 6687856                    /usr/lib/jvm/jdk-11.0.2/lib/libmanagement.so
7f2622200000-7f26223ff000 ---p 00004000 08:05 6687856                    /usr/lib/jvm/jdk-11.0.2/lib/libmanagement.so
7f26223ff000-7f2622400000 r--p 00003000 08:05 6687856                    /usr/lib/jvm/jdk-11.0.2/lib/libmanagement.so
7f2622400000-7f2622401000 rw-p 00004000 08:05 6687856                    /usr/lib/jvm/jdk-11.0.2/lib/libmanagement.so
7f2622401000-7f2622403000 r-xp 00000000 08:05 6687871                    /usr/lib/jvm/jdk-11.0.2/lib/libextnet.so
7f2622403000-7f2622602000 ---p 00002000 08:05 6687871                    /usr/lib/jvm/jdk-11.0.2/lib/libextnet.so
7f2622602000-7f2622603000 r--p 00001000 08:05 6687871                    /usr/lib/jvm/jdk-11.0.2/lib/libextnet.so
7f2622603000-7f2622604000 rw-p 00002000 08:05 6687871                    /usr/lib/jvm/jdk-11.0.2/lib/libextnet.so
7f2622604000-7f2622608000 ---p 00000000 00:00 0 
7f2622608000-7f2622705000 rw-p 00000000 00:00 0 
7f2622705000-7f2622709000 ---p 00000000 00:00 0 
7f2622709000-7f2622806000 rw-p 00000000 00:00 0 
7f2622806000-7f262281c000 r-xp 00000000 08:05 6687876                    /usr/lib/jvm/jdk-11.0.2/lib/libnet.so
7f262281c000-7f2622a1c000 ---p 00016000 08:05 6687876                    /usr/lib/jvm/jdk-11.0.2/lib/libnet.so
7f2622a1c000-7f2622a1d000 r--p 00016000 08:05 6687876                    /usr/lib/jvm/jdk-11.0.2/lib/libnet.so
7f2622a1d000-7f2622a1e000 rw-p 00017000 08:05 6687876                    /usr/lib/jvm/jdk-11.0.2/lib/libnet.so
7f2622a1e000-7f2622a2e000 r-xp 00000000 08:05 6687842                    /usr/lib/jvm/jdk-11.0.2/lib/libnio.so
7f2622a2e000-7f2622c2d000 ---p 00010000 08:05 6687842                    /usr/lib/jvm/jdk-11.0.2/lib/libnio.so
7f2622c2d000-7f2622c2e000 r--p 0000f000 08:05 6687842                    /usr/lib/jvm/jdk-11.0.2/lib/libnio.so
7f2622c2e000-7f2622c2f000 rw-p 00010000 08:05 6687842                    /usr/lib/jvm/jdk-11.0.2/lib/libnio.so
7f2622c2f000-7f2622c33000 ---p 00000000 00:00 0 
7f2622c33000-7f2622d30000 rw-p 00000000 00:00 0 
7f2622d30000-7f2622d34000 ---p 00000000 00:00 0 
7f2622d34000-7f2622e31000 rw-p 00000000 00:00 0 
7f2622e31000-7f2623800000 r--p 00000000 08:05 4856494                    /usr/lib/locale/locale-archive
7f2623800000-7f2624000000 rw-p 00000000 00:00 0 
7f2624000000-7f2624021000 rw-p 00000000 00:00 0 
7f2624021000-7f2628000000 ---p 00000000 00:00 0 
7f2628000000-7f2628021000 rw-p 00000000 00:00 0 
7f2628021000-7f262c000000 ---p 00000000 00:00 0 
7f262c000000-7f262c021000 rw-p 00000000 00:00 0 
7f262c021000-7f2630000000 ---p 00000000 00:00 0 
7f263004f000-7f2630053000 ---p 00000000 00:00 0 
7f2630053000-7f2632438000 rw-p 00000000 00:00 0 
7f2632438000-7f2634000000 ---p 00000000 00:00 0 
7f2634000000-7f2634021000 rw-p 00000000 00:00 0 
7f2634021000-7f2638000000 ---p 00000000 00:00 0 
7f263803c000-7f2638040000 ---p 00000000 00:00 0 
7f2638040000-7f263813d000 rw-p 00000000 00:00 0 
7f263813d000-7f2638141000 ---p 00000000 00:00 0 
7f2638141000-7f263823e000 rw-p 00000000 00:00 0 
7f263823e000-7f2638242000 ---p 00000000 00:00 0 
7f2638242000-7f263833f000 rw-p 00000000 00:00 0 
7f263833f000-7f2638343000 ---p 00000000 00:00 0 
7f2638343000-7f2638440000 rw-p 00000000 00:00 0 
7f2638440000-7f2638444000 ---p 00000000 00:00 0 
7f2638444000-7f2638541000 rw-p 00000000 00:00 0 
7f2638541000-7f2638542000 ---p 00000000 00:00 0 
7f2638542000-7f26386c4000 rw-p 00000000 00:00 0 
7f26386c4000-7f26386c5000 ---p 00000000 00:00 0 
7f26386c5000-7f26387c6000 rw-p 00000000 00:00 0 
7f26387c6000-7f26387c7000 ---p 00000000 00:00 0 
7f26387c7000-7f2638ccc000 rw-p 00000000 00:00 0 
7f2638ccc000-7f2638ccd000 ---p 00000000 00:00 0 
7f2638ccd000-7f2638dce000 rw-p 00000000 00:00 0 
7f2638dce000-7f2638dcf000 ---p 00000000 00:00 0 
7f2638dcf000-7f26391b8000 rw-p 00000000 00:00 0 
7f26391b8000-7f263ad80000 ---p 00000000 00:00 0 
7f263ad80000-7f263addd000 rw-p 00000000 00:00 0 
7f263addd000-7f263b156000 ---p 00000000 00:00 0 
7f263b156000-7f263b1b3000 rw-p 00000000 00:00 0 
7f263b1b3000-7f263b52c000 ---p 00000000 00:00 0 
7f263b52c000-7f263b589000 rw-p 00000000 00:00 0 
7f263b589000-7f263b902000 ---p 00000000 00:00 0 
7f263b902000-7f263bd06000 rw-p 00000000 00:00 0 
7f263bd06000-7f263bd07000 ---p 00000000 00:00 0 
7f263bd07000-7f263be15000 rw-p 00000000 00:00 0 
7f263be15000-7f263bfdb000 ---p 00000000 00:00 0 
7f263bfdb000-7f263c24b000 rwxp 00000000 00:00 0 
7f263c24b000-7f263c682000 ---p 00000000 00:00 0 
7f263c682000-7f263cce2000 rwxp 00000000 00:00 0 
7f263cce2000-7f264afdb000 ---p 00000000 00:00 0 
7f264afdb000-7f2653399000 r--s 00000000 08:05 6687898                    /usr/lib/jvm/jdk-11.0.2/lib/modules
7f2653399000-7f26533b4000 r-xp 00000000 08:05 6687874                    /usr/lib/jvm/jdk-11.0.2/lib/libjimage.so
7f26533b4000-7f26535b3000 ---p 0001b000 08:05 6687874                    /usr/lib/jvm/jdk-11.0.2/lib/libjimage.so
7f26535b3000-7f26535b5000 r--p 0001a000 08:05 6687874                    /usr/lib/jvm/jdk-11.0.2/lib/libjimage.so
7f26535b5000-7f26535b6000 rw-p 0001c000 08:05 6687874                    /usr/lib/jvm/jdk-11.0.2/lib/libjimage.so
7f26535b6000-7f26535bd000 r-xp 00000000 08:05 6687845                    /usr/lib/jvm/jdk-11.0.2/lib/libzip.so
7f26535bd000-7f26537bc000 ---p 00007000 08:05 6687845                    /usr/lib/jvm/jdk-11.0.2/lib/libzip.so
7f26537bc000-7f26537bd000 r--p 00006000 08:05 6687845                    /usr/lib/jvm/jdk-11.0.2/lib/libzip.so
7f26537bd000-7f26537be000 rw-p 00007000 08:05 6687845                    /usr/lib/jvm/jdk-11.0.2/lib/libzip.so
7f26537be000-7f26537c9000 r-xp 00000000 08:05 398112                     /lib/x86_64-linux-gnu/libnss_files-2.27.so
7f26537c9000-7f26539c8000 ---p 0000b000 08:05 398112                     /lib/x86_64-linux-gnu/libnss_files-2.27.so
7f26539c8000-7f26539c9000 r--p 0000a000 08:05 398112                     /lib/x86_64-linux-gnu/libnss_files-2.27.so
7f26539c9000-7f26539ca000 rw-p 0000b000 08:05 398112                     /lib/x86_64-linux-gnu/libnss_files-2.27.so
7f26539ca000-7f26539d0000 rw-p 00000000 00:00 0 
7f26539d0000-7f26539e7000 r-xp 00000000 08:05 398106                     /lib/x86_64-linux-gnu/libnsl-2.27.so
7f26539e7000-7f2653be6000 ---p 00017000 08:05 398106                     /lib/x86_64-linux-gnu/libnsl-2.27.so
7f2653be6000-7f2653be7000 r--p 00016000 08:05 398106                     /lib/x86_64-linux-gnu/libnsl-2.27.so
7f2653be7000-7f2653be8000 rw-p 00017000 08:05 398106                     /lib/x86_64-linux-gnu/libnsl-2.27.so
7f2653be8000-7f2653bea000 rw-p 00000000 00:00 0 
7f2653bea000-7f2653bf5000 r-xp 00000000 08:05 398123                     /lib/x86_64-linux-gnu/libnss_nis-2.27.so
7f2653bf5000-7f2653df4000 ---p 0000b000 08:05 398123                     /lib/x86_64-linux-gnu/libnss_nis-2.27.so
7f2653df4000-7f2653df5000 r--p 0000a000 08:05 398123                     /lib/x86_64-linux-gnu/libnss_nis-2.27.so
7f2653df5000-7f2653df6000 rw-p 0000b000 08:05 398123                     /lib/x86_64-linux-gnu/libnss_nis-2.27.so
7f2653df6000-7f2653dfe000 r-xp 00000000 08:05 398108                     /lib/x86_64-linux-gnu/libnss_compat-2.27.so
7f2653dfe000-7f2653ffe000 ---p 00008000 08:05 398108                     /lib/x86_64-linux-gnu/libnss_compat-2.27.so
7f2653ffe000-7f2653fff000 r--p 00008000 08:05 398108                     /lib/x86_64-linux-gnu/libnss_compat-2.27.so
7f2653fff000-7f2654000000 rw-p 00009000 08:05 398108                     /lib/x86_64-linux-gnu/libnss_compat-2.27.so
7f2654000000-7f2654fda000 rw-p 00000000 00:00 0 
7f2654fda000-7f2658000000 ---p 00000000 00:00 0 
7f2658004000-7f265800e000 r-xp 00000000 08:05 6687853                    /usr/lib/jvm/jdk-11.0.2/lib/libinstrument.so
7f265800e000-7f265820d000 ---p 0000a000 08:05 6687853                    /usr/lib/jvm/jdk-11.0.2/lib/libinstrument.so
7f265820d000-7f265820e000 r--p 00009000 08:05 6687853                    /usr/lib/jvm/jdk-11.0.2/lib/libinstrument.so
7f265820e000-7f265820f000 rw-p 0000a000 08:05 6687853                    /usr/lib/jvm/jdk-11.0.2/lib/libinstrument.so
7f265820f000-7f2658238000 r-xp 00000000 08:05 6687846                    /usr/lib/jvm/jdk-11.0.2/lib/libjava.so
7f2658238000-7f2658438000 ---p 00029000 08:05 6687846                    /usr/lib/jvm/jdk-11.0.2/lib/libjava.so
7f2658438000-7f2658439000 r--p 00029000 08:05 6687846                    /usr/lib/jvm/jdk-11.0.2/lib/libjava.so
7f2658439000-7f265843b000 rw-p 0002a000 08:05 6687846                    /usr/lib/jvm/jdk-11.0.2/lib/libjava.so
7f265843b000-7f2658448000 r-xp 00000000 08:05 6687893                    /usr/lib/jvm/jdk-11.0.2/lib/libverify.so
7f2658448000-7f2658647000 ---p 0000d000 08:05 6687893                    /usr/lib/jvm/jdk-11.0.2/lib/libverify.so
7f2658647000-7f2658649000 r--p 0000c000 08:05 6687893                    /usr/lib/jvm/jdk-11.0.2/lib/libverify.so
7f2658649000-7f265864a000 rw-p 0000e000 08:05 6687893                    /usr/lib/jvm/jdk-11.0.2/lib/libverify.so
7f265864a000-7f2658651000 r-xp 00000000 08:05 398163                     /lib/x86_64-linux-gnu/librt-2.27.so
7f2658651000-7f2658850000 ---p 00007000 08:05 398163                     /lib/x86_64-linux-gnu/librt-2.27.so
7f2658850000-7f2658851000 r--p 00006000 08:05 398163                     /lib/x86_64-linux-gnu/librt-2.27.so
7f2658851000-7f2658852000 rw-p 00007000 08:05 398163                     /lib/x86_64-linux-gnu/librt-2.27.so
7f2658852000-7f26589ef000 r-xp 00000000 08:05 398085                     /lib/x86_64-linux-gnu/libm-2.27.so
7f26589ef000-7f2658bee000 ---p 0019d000 08:05 398085                     /lib/x86_64-linux-gnu/libm-2.27.so
7f2658bee000-7f2658bef000 r--p 0019c000 08:05 398085                     /lib/x86_64-linux-gnu/libm-2.27.so
7f2658bef000-7f2658bf0000 rw-p 0019d000 08:05 398085                     /lib/x86_64-linux-gnu/libm-2.27.so
7f2658bf0000-7f2659d2f000 r-xp 00000000 08:05 6687886                    /usr/lib/jvm/jdk-11.0.2/lib/server/libjvm.so
7f2659d2f000-7f2659f2f000 ---p 0113f000 08:05 6687886                    /usr/lib/jvm/jdk-11.0.2/lib/server/libjvm.so
7f2659f2f000-7f2659fee000 r--p 0113f000 08:05 6687886                    /usr/lib/jvm/jdk-11.0.2/lib/server/libjvm.so
7f2659fee000-7f265a027000 rw-p 011fe000 08:05 6687886                    /usr/lib/jvm/jdk-11.0.2/lib/server/libjvm.so
7f265a027000-7f265a07d000 rw-p 00000000 00:00 0 
7f265a07d000-7f265a264000 r-xp 00000000 08:05 398022                     /lib/x86_64-linux-gnu/libc-2.27.so
7f265a264000-7f265a464000 ---p 001e7000 08:05 398022                     /lib/x86_64-linux-gnu/libc-2.27.so
7f265a464000-7f265a468000 r--p 001e7000 08:05 398022                     /lib/x86_64-linux-gnu/libc-2.27.so
7f265a468000-7f265a46a000 rw-p 001eb000 08:05 398022                     /lib/x86_64-linux-gnu/libc-2.27.so
7f265a46a000-7f265a46e000 rw-p 00000000 00:00 0 
7f265a46e000-7f265a471000 r-xp 00000000 08:05 398045                     /lib/x86_64-linux-gnu/libdl-2.27.so
7f265a471000-7f265a670000 ---p 00003000 08:05 398045                     /lib/x86_64-linux-gnu/libdl-2.27.so
7f265a670000-7f265a671000 r--p 00002000 08:05 398045                     /lib/x86_64-linux-gnu/libdl-2.27.so
7f265a671000-7f265a672000 rw-p 00003000 08:05 398045                     /lib/x86_64-linux-gnu/libdl-2.27.so
7f265a672000-7f265a682000 r-xp 00000000 08:05 6687859                    /usr/lib/jvm/jdk-11.0.2/lib/jli/libjli.so
7f265a682000-7f265a881000 ---p 00010000 08:05 6687859                    /usr/lib/jvm/jdk-11.0.2/lib/jli/libjli.so
7f265a881000-7f265a882000 r--p 0000f000 08:05 6687859                    /usr/lib/jvm/jdk-11.0.2/lib/jli/libjli.so
7f265a882000-7f265a883000 rw-p 00010000 08:05 6687859                    /usr/lib/jvm/jdk-11.0.2/lib/jli/libjli.so
7f265a883000-7f265a89d000 r-xp 00000000 08:05 398155                     /lib/x86_64-linux-gnu/libpthread-2.27.so
7f265a89d000-7f265aa9c000 ---p 0001a000 08:05 398155                     /lib/x86_64-linux-gnu/libpthread-2.27.so
7f265aa9c000-7f265aa9d000 r--p 00019000 08:05 398155                     /lib/x86_64-linux-gnu/libpthread-2.27.so
7f265aa9d000-7f265aa9e000 rw-p 0001a000 08:05 398155                     /lib/x86_64-linux-gnu/libpthread-2.27.so
7f265aa9e000-7f265aaa2000 rw-p 00000000 00:00 0 
7f265aaa2000-7f265aabe000 r-xp 00000000 08:05 398194                     /lib/x86_64-linux-gnu/libz.so.1.2.11
7f265aabe000-7f265acbd000 ---p 0001c000 08:05 398194                     /lib/x86_64-linux-gnu/libz.so.1.2.11
7f265acbd000-7f265acbe000 r--p 0001b000 08:05 398194                     /lib/x86_64-linux-gnu/libz.so.1.2.11
7f265acbe000-7f265acbf000 rw-p 0001c000 08:05 398194                     /lib/x86_64-linux-gnu/libz.so.1.2.11
7f265acbf000-7f265ace6000 r-xp 00000000 08:05 397994                     /lib/x86_64-linux-gnu/ld-2.27.so
7f265acfe000-7f265ad02000 ---p 00000000 00:00 0 
7f265ad02000-7f265adc2000 rw-p 00000000 00:00 0 
7f265adc2000-7f265adcb000 ---p 00000000 00:00 0 
7f265adcb000-7f265adcf000 ---p 00000000 00:00 0 
7f265adcf000-7f265aed0000 rw-p 00000000 00:00 0 
7f265aedc000-7f265aee4000 rw-s 00000000 08:05 2359378                    /tmp/hsperfdata_vidurk/7429
7f265aee4000-7f265aee5000 ---p 00000000 00:00 0 
7f265aee5000-7f265aee6000 r--p 00000000 00:00 0 
7f265aee6000-7f265aee7000 r--p 00027000 08:05 397994                     /lib/x86_64-linux-gnu/ld-2.27.so
7f265aee7000-7f265aee8000 rw-p 00028000 08:05 397994                     /lib/x86_64-linux-gnu/ld-2.27.so
7f265aee8000-7f265aee9000 rw-p 00000000 00:00 0 
7ffea3a7a000-7ffea3a9d000 rw-p 00000000 00:00 0                          [stack]
7ffea3b78000-7ffea3b7b000 r--p 00000000 00:00 0                          [vvar]
7ffea3b7b000-7ffea3b7d000 r-xp 00000000 00:00 0                          [vdso]
ffffffffff600000-ffffffffff601000 r-xp 00000000 00:00 0                  [vsyscall]


VM Arguments:
jvm_args: -XX:TieredStopAtLevel=1 -Xverify:none -Dspring.output.ansi.enabled=always -Dcom.sun.management.jmxremote -Dspring.liveBeansView.mbeanDomain -Dspring.application.admin.enabled=true -javaagent:/home/vidurk/idea-IU-183.5429.30/lib/idea_rt.jar=36357:/home/vidurk/idea-IU-183.5429.30/bin -Dfile.encoding=UTF-8 
java_command: com.codenotfound.kafka.SpringKafkaApplication
java_class_path (initial): /home/vidurk/CasLab/Spring-Kafka-Device-Node-String/target/classes:/home/vidurk/.m2/repository/org/springframework/boot/spring-boot-starter/1.5.4.RELEASE/spring-boot-starter-1.5.4.RELEASE.jar:/home/vidurk/.m2/repository/org/springframework/boot/spring-boot/1.5.4.RELEASE/spring-boot-1.5.4.RELEASE.jar:/home/vidurk/.m2/repository/org/springframework/spring-context/4.3.9.RELEASE/spring-context-4.3.9.RELEASE.jar:/home/vidurk/.m2/repository/org/springframework/boot/spring-boot-autoconfigure/1.5.4.RELEASE/spring-boot-autoconfigure-1.5.4.RELEASE.jar:/home/vidurk/.m2/repository/org/springframework/boot/spring-boot-starter-logging/1.5.4.RELEASE/spring-boot-starter-logging-1.5.4.RELEASE.jar:/home/vidurk/.m2/repository/ch/qos/logback/logback-classic/1.1.11/logback-classic-1.1.11.jar:/home/vidurk/.m2/repository/ch/qos/logback/logback-core/1.1.11/logback-core-1.1.11.jar:/home/vidurk/.m2/repository/org/slf4j/jcl-over-slf4j/1.7.25/jcl-over-slf4j-1.7.25.jar:/home/vidurk/.m2/repository/org/slf4j/jul-to-slf4j/1.7.25/jul-to-slf4j-1.7.25.jar:/home/vidurk/.m2/repository/org/slf4j/log4j-over-slf4j/1.7.25/log4j-over-slf4j-1.7.25.jar:/home/vidurk/.m2/repository/org/springframework/spring-core/4.3.9.RELEASE/spring-core-4.3.9.RELEASE.jar:/home/vidurk/.m2/repository/org/yaml/snakeyaml/1.17/snakeyaml-1.17.jar:/home/vidurk/.m2/repository/junit/junit/4.12/junit-4.12.jar:/home/vidurk/.m2/repository/org/hamcrest/hamcrest-core/1.3/hamcrest-core-1.3.jar:/home/vidurk/.m2/repository/org/springframework/kafka/spring-kafka/1.2.2.RELEASE/spring-kafka-1.2.2.RELEASE.jar:/home/vidurk/.m2/repository/org/springframework/spring-messaging/4.3.9.RELEASE/spring-messaging-4.3.9.RELEASE.jar:/home/vidurk/.m2/repository/org/springframework/retry/spring-retry/1.2.0.RELEASE/spring-retry-1.2.0.RELEASE.jar:/home/vidurk/.m2/repository/org/apache/kafka/kafka-clients/0.10.2.0/kafka-clients-0.10.2.0.jar:/home/vidurk/.m2/repository/net/jpountz/lz4/lz4/1.3.0/lz4-1.3.0.jar:/home/vidurk/.m2/repository
Launcher Type: SUN_STANDARD

[Global flags]
     bool BytecodeVerificationLocal                = false                                     {product} {command line}
     bool BytecodeVerificationRemote               = false                                     {product} {command line}
     intx CICompilerCount                          = 3                                         {product} {ergonomic}
     uint ConcGCThreads                            = 1                                         {product} {ergonomic}
     uint G1ConcRefinementThreads                  = 4                                         {product} {ergonomic}
   size_t G1HeapRegionSize                         = 1048576                                   {product} {ergonomic}
    uintx GCDrainStackTargetSize                   = 64                                        {product} {ergonomic}
   size_t InitialHeapSize                          = 130023424                                 {product} {ergonomic}
     bool ManagementServer                         = true                                      {product} {command line}
   size_t MarkStackSize                            = 4194304                                   {product} {ergonomic}
   size_t MaxHeapSize                              = 2059403264                                {product} {ergonomic}
   size_t MaxNewSize                               = 1235222528                                {product} {ergonomic}
   size_t MinHeapDeltaBytes                        = 1048576                                   {product} {ergonomic}
    uintx NonNMethodCodeHeapSize                   = 6973028                                {pd product} {ergonomic}
    uintx NonProfiledCodeHeapSize                  = 244685212                              {pd product} {ergonomic}
    uintx ProfiledCodeHeapSize                     = 0                                      {pd product} {ergonomic}
    uintx ReservedCodeCacheSize                    = 251658240                              {pd product} {ergonomic}
     bool SegmentedCodeCache                       = true                                      {product} {ergonomic}
     intx TieredStopAtLevel                        = 1                                         {product} {command line}
     bool UseCompressedClassPointers               = true                                 {lp64_product} {ergonomic}
     bool UseCompressedOops                        = true                                 {lp64_product} {ergonomic}
     bool UseG1GC                                  = true                                      {product} {ergonomic}

Logging:
Log output configuration:
 #0: stdout all=warning uptime,level,tags
 #1: stderr all=off uptime,level,tags

Environment Variables:
PATH=/usr/local/sbin:/usr/local/bin:/usr/sbin:/usr/bin:/sbin:/bin:/usr/games:/usr/local/games:/snap/bin
USERNAME=vidurk
SHELL=/bin/bash
DISPLAY=:0

Signal Handlers:
SIGSEGV: [libjvm.so+0xe2adf0], sa_mask[0]=11111111011111111101111111111110, sa_flags=SA_RESTART|SA_SIGINFO
SIGBUS: [libjvm.so+0xe2adf0], sa_mask[0]=11111111011111111101111111111110, sa_flags=SA_RESTART|SA_SIGINFO
SIGFPE: [libjvm.so+0xe2adf0], sa_mask[0]=11111111011111111101111111111110, sa_flags=SA_RESTART|SA_SIGINFO
SIGPIPE: [libjvm.so+0xbff5b0], sa_mask[0]=11111111011111111101111111111110, sa_flags=SA_RESTART|SA_SIGINFO
SIGXFSZ: [libjvm.so+0xbff5b0], sa_mask[0]=11111111011111111101111111111110, sa_flags=SA_RESTART|SA_SIGINFO
SIGILL: [libjvm.so+0xe2adf0], sa_mask[0]=11111111011111111101111111111110, sa_flags=SA_RESTART|SA_SIGINFO
SIGUSR2: [libjvm.so+0xbff450], sa_mask[0]=00100000000000000000000000000000, sa_flags=SA_RESTART|SA_SIGINFO
SIGHUP: [libjvm.so+0xbff7b0], sa_mask[0]=11111111011111111101111111111110, sa_flags=SA_RESTART|SA_SIGINFO
SIGINT: [libjvm.so+0xbff7b0], sa_mask[0]=11111111011111111101111111111110, sa_flags=SA_RESTART|SA_SIGINFO
SIGTERM: [libjvm.so+0xbff7b0], sa_mask[0]=11111111011111111101111111111110, sa_flags=SA_RESTART|SA_SIGINFO
SIGQUIT: [libjvm.so+0xbff7b0], sa_mask[0]=11111111011111111101111111111110, sa_flags=SA_RESTART|SA_SIGINFO


---------------  S Y S T E M  ---------------

OS:DISTRIB_ID=Ubuntu
DISTRIB_RELEASE=18.04
DISTRIB_CODENAME=bionic
DISTRIB_DESCRIPTION="Ubuntu 18.04.1 LTS"
uname:Linux 4.16.8-chronos-rt3 #1 SMP PREEMPT RT Fri Feb 1 13:29:28 EST 2019 x86_64
libc:glibc 2.27 NPTL 2.27 
rlimit: STACK 8192k, CORE 0k, NPROC 28434, NOFILE 1048576, AS infinity, DATA infinity, FSIZE infinity
load average:1.27 1.11 1.17

/proc/meminfo:
MemTotal:        8037040 kB
MemFree:          193056 kB
MemAvailable:    1812952 kB
Buffers:          221452 kB
Cached:          1937736 kB
SwapCached:            0 kB
Active:          6286520 kB
Inactive:        1096072 kB
Active(anon):    5169516 kB
Inactive(anon):   730708 kB
Active(file):    1117004 kB
Inactive(file):   365364 kB
Unevictable:          16 kB
Mlocked:              16 kB
SwapTotal:       2097148 kB
SwapFree:        2097148 kB
Dirty:             12164 kB
Writeback:             0 kB
AnonPages:       5223384 kB
Mapped:           859840 kB
Shmem:            676824 kB
Slab:             303260 kB
SReclaimable:     233732 kB
SUnreclaim:        69528 kB
KernelStack:       18104 kB
PageTables:        67564 kB
NFS_Unstable:          0 kB
Bounce:                0 kB
WritebackTmp:          0 kB
CommitLimit:     6115668 kB
Committed_AS:   12395996 kB
VmallocTotal:   34359738367 kB
VmallocUsed:           0 kB
VmallocChunk:          0 kB
HardwareCorrupted:     0 kB
CmaTotal:              0 kB
CmaFree:               0 kB
HugePages_Total:       0
HugePages_Free:        0
HugePages_Rsvd:        0
HugePages_Surp:        0
Hugepagesize:       2048 kB
Hugetlb:               0 kB
DirectMap4k:      187704 kB
DirectMap2M:     5978112 kB
DirectMap1G:     3145728 kB


/proc/sys/kernel/threads-max (system-wide limit on the number of threads):
56869


/proc/sys/vm/max_map_count (maximum number of memory map areas a process may have):
65530


/proc/sys/kernel/pid_max (system-wide limit on number of process identifiers):
32768



container (cgroup) information:
container_type: cgroupv1
cpu_cpuset_cpus: 0-3
cpu_memory_nodes: 0
active_processor_count: 4
cpu_quota: -1
cpu_period: 100000
cpu_shares: -1
memory_limit_in_bytes: -1
memory_and_swap_limit_in_bytes: -2
memory_soft_limit_in_bytes: -1
memory_usage_in_bytes: 7559880704
memory_max_usage_in_bytes: 0


CPU:total 4 (initial active 4) (2 cores per cpu, 2 threads per core) family 6 model 60 stepping 3, cmov, cx8, fxsr, mmx, sse, sse2, sse3, ssse3, sse4.1, sse4.2, popcnt, avx, avx2, aes, clmul, erms, lzcnt, ht, tsc, tscinvbit, bmi1, bmi2, fma
CPU Model and flags from /proc/cpuinfo:
model name	: Intel(R) Core(TM) i5-4300M CPU @ 2.60GHz
flags		: fpu vme de pse tsc msr pae mce cx8 apic sep mtrr pge mca cmov pat pse36 clflush dts acpi mmx fxsr sse sse2 ss ht tm pbe syscall nx pdpe1gb rdtscp lm constant_tsc arch_perfmon pebs bts rep_good nopl xtopology nonstop_tsc cpuid aperfmperf pni pclmulqdq dtes64 monitor ds_cpl vmx smx est tm2 ssse3 sdbg fma cx16 xtpr pdcm pcid sse4_1 sse4_2 x2apic movbe popcnt tsc_deadline_timer aes xsave avx f16c rdrand lahf_lm abm cpuid_fault epb invpcid_single pti tpr_shadow vnmi flexpriority ept vpid fsgsbase tsc_adjust bmi1 avx2 smep bmi2 erms invpcid xsaveopt ibpb ibrs stibp dtherm ida arat pln pts

Memory: 4k page, physical 8037040k(193056k free), swap 2097148k(2097148k free)

vm_info: Java HotSpot(TM) 64-Bit Server VM (11.0.2+9-LTS) for linux-amd64 JRE (11.0.2+9-LTS), built on Jan 17 2019 21:22:50 by "mach5one" with gcc 7.3.0

END.
