#
# A fatal error has been detected by the Java Runtime Environment:
#
#  SIGSEGV (0xb) at pc=0x00007f12e8130699, pid=12819, tid=12892
#
# JRE version: Java(TM) SE Runtime Environment (11.0.2+9) (build 11.0.2+9-LTS)
# Java VM: Java HotSpot(TM) 64-Bit Server VM (11.0.2+9-LTS, mixed mode, tiered, compressed oops, g1 gc, linux-amd64)
# Problematic frame:
# C  [libdjiosdk-core.so+0x35699]  DJI::OSDK::Vehicle::obtainCtrlAuthority(int)+0x2b
#
# Core dump will be written. Default location: Core dumps may be processed with "/usr/share/apport/apport %p %s %c %d %P" (or dumping to /home/vidurk/CasLab/Spring-Kafka-Device-Node-String/core.12819)
#
# If you would like to submit a bug report, please visit:
#   http://bugreport.java.com/bugreport/crash.jsp
# The crash happened outside the Java Virtual Machine in native code.
# See problematic frame for where to report the bug.
#

---------------  S U M M A R Y ------------

Command Line: -XX:TieredStopAtLevel=1 -Xverify:none -Dspring.output.ansi.enabled=always -Dcom.sun.management.jmxremote -Dspring.liveBeansView.mbeanDomain -Dspring.application.admin.enabled=true -javaagent:/home/vidurk/idea-IU-183.5429.30/lib/idea_rt.jar=32961:/home/vidurk/idea-IU-183.5429.30/bin -Dfile.encoding=UTF-8 com.codenotfound.kafka.SpringKafkaApplication

Host: Intel(R) Core(TM) i5-4300M CPU @ 2.60GHz, 4 cores, 7G, Ubuntu 18.04.1 LTS
Time: Wed Mar 27 16:54:50 2019 EDT elapsed time: 6 seconds (0d 0h 0m 6s)

---------------  T H R E A D  ---------------

Current thread (0x00007f138cf5e000):  JavaThread "org.springframework.kafka.KafkaListenerEndpointContainer#0-0-C-1" [_thread_in_native, id=12892, stack(0x00007f13485e5000,0x00007f13486e6000)]

Stack: [0x00007f13485e5000,0x00007f13486e6000],  sp=0x00007f13486e2d40,  free space=1015k
Native frames: (J=compiled Java code, A=aot compiled Java code, j=interpreted, Vv=VM code, C=native code)
C  [libdjiosdk-core.so+0x35699]  DJI::OSDK::Vehicle::obtainCtrlAuthority(int)+0x2b
C  [libLinked.so+0x108e]  droneTakeOff+0x75
C  [libLinked.so+0xf2b]  droneTakeOff_C+0x1f
C  [jna14932819304391438064.tmp+0x135d4]  ffi_call_unix64+0x4c

Java frames: (J=compiled Java code, j=interpreted, Vv=VM code)
j  com.sun.jna.Native.invokeVoid(Lcom/sun/jna/Function;JI[Ljava/lang/Object;)V+0
j  com.sun.jna.Function.invoke([Ljava/lang/Object;Ljava/lang/Class;ZI)Ljava/lang/Object;+42
j  com.sun.jna.Function.invoke(Ljava/lang/reflect/Method;[Ljava/lang/Class;Ljava/lang/Class;[Ljava/lang/Object;Ljava/util/Map;)Ljava/lang/Object;+271
j  com.sun.jna.Library$Handler.invoke(Ljava/lang/Object;Ljava/lang/reflect/Method;[Ljava/lang/Object;)Ljava/lang/Object;+344
j  com.sun.proxy.$Proxy63.droneTakeOff_C()V+9
j  com.codenotfound.kafka.Receiver.ReceiveRequestReceiveResponse.receive(Ljava/lang/String;)V+270
v  ~StubRoutines::call_stub
J 2030  jdk.internal.reflect.NativeMethodAccessorImpl.invoke0(Ljava/lang/reflect/Method;Ljava/lang/Object;[Ljava/lang/Object;)Ljava/lang/Object; java.base@11.0.2 (0 bytes) @ 0x00007f13753cee37 [0x00007f13753cedc0+0x0000000000000077]
J 2029 c1 jdk.internal.reflect.NativeMethodAccessorImpl.invoke(Ljava/lang/Object;[Ljava/lang/Object;)Ljava/lang/Object; java.base@11.0.2 (104 bytes) @ 0x00007f13753d08cc [0x00007f13753d0540+0x000000000000038c]
J 1868 c1 jdk.internal.reflect.DelegatingMethodAccessorImpl.invoke(Ljava/lang/Object;[Ljava/lang/Object;)Ljava/lang/Object; java.base@11.0.2 (10 bytes) @ 0x00007f137537ae04 [0x00007f137537adc0+0x0000000000000044]
J 1867 c1 java.lang.reflect.Method.invoke(Ljava/lang/Object;[Ljava/lang/Object;)Ljava/lang/Object; java.base@11.0.2 (65 bytes) @ 0x00007f137537a9d4 [0x00007f137537a8e0+0x00000000000000f4]
j  org.springframework.messaging.handler.invocation.InvocableHandlerMethod.doInvoke([Ljava/lang/Object;)Ljava/lang/Object;+16
j  org.springframework.messaging.handler.invocation.InvocableHandlerMethod.invoke(Lorg/springframework/messaging/Message;[Ljava/lang/Object;)Ljava/lang/Object;+71
j  org.springframework.kafka.listener.adapter.HandlerAdapter.invoke(Lorg/springframework/messaging/Message;[Ljava/lang/Object;)Ljava/lang/Object;+13
j  org.springframework.kafka.listener.adapter.MessagingMessageListenerAdapter.invokeHandler(Ljava/lang/Object;Lorg/springframework/kafka/support/Acknowledgment;Lorg/springframework/messaging/Message;)Ljava/lang/Object;+48
j  org.springframework.kafka.listener.adapter.RecordMessagingMessageListenerAdapter.onMessage(Lorg/apache/kafka/clients/consumer/ConsumerRecord;Lorg/springframework/kafka/support/Acknowledgment;)V+56
j  org.springframework.kafka.listener.adapter.RecordMessagingMessageListenerAdapter.onMessage(Ljava/lang/Object;Lorg/springframework/kafka/support/Acknowledgment;)V+6
j  org.springframework.kafka.listener.KafkaMessageListenerContainer$ListenerConsumer.invokeRecordListener(Lorg/apache/kafka/clients/consumer/ConsumerRecords;)V+124
j  org.springframework.kafka.listener.KafkaMessageListenerContainer$ListenerConsumer.invokeListener(Lorg/apache/kafka/clients/consumer/ConsumerRecords;)V+17
j  org.springframework.kafka.listener.KafkaMessageListenerContainer$ListenerConsumer.run()V+255
j  java.util.concurrent.Executors$RunnableAdapter.call()Ljava/lang/Object;+4 java.base@11.0.2
j  java.util.concurrent.FutureTask.run()V+39 java.base@11.0.2
j  java.lang.Thread.run()V+11 java.base@11.0.2
v  ~StubRoutines::call_stub

siginfo: si_signo: 11 (SIGSEGV), si_code: 1 (SEGV_MAPERR), si_addr: 0x0000000000000000

Register to memory mapping:

RAX=0x0 is NULL
RBX={method} {0x00007f12e9162750} 'invokeVoid' '(Lcom/sun/jna/Function;JI[Ljava/lang/Object;)V' in 'com/sun/jna/Native'
RCX=0x0 is NULL
RDX=0x0000000000000001 is an unknown value
RSP=0x00007f13486e2d40 is pointing into the stack for thread: 0x00007f138cf5e000
RBP=0x00007f13486e2da0 is pointing into the stack for thread: 0x00007f138cf5e000
RSI=0x0 is NULL
RDI=0x00007f13486e2dd0 is pointing into the stack for thread: 0x00007f138cf5e000
R8 =0x00007f12ec19f984 points into unknown readable memory: 04 00 00 00
R9 =0x0000000000000080 is an unknown value
R10=0x0000000000000027 is an unknown value
R11=0x00007f12e813066e: _ZN3DJI4OSDK7Vehicle19obtainCtrlAuthorityEi+0x0000000000000000 in /usr/lib/libdjiosdk-core.so at 0x00007f12e80fb000
R12=0x00007f13486e2fb0 is pointing into the stack for thread: 0x00007f138cf5e000
R13={method} {0x00007f12e9162750} 'invokeVoid' '(Lcom/sun/jna/Function;JI[Ljava/lang/Object;)V' in 'com/sun/jna/Native'
R14=0x00007f13486e39a0 is pointing into the stack for thread: 0x00007f138cf5e000
R15=0x00007f13486e2fa0 is pointing into the stack for thread: 0x00007f138cf5e000


Registers:
RAX=0x0000000000000000, RBX=0x00007f12e9162750, RCX=0x0000000000000000, RDX=0x0000000000000001
RSP=0x00007f13486e2d40, RBP=0x00007f13486e2da0, RSI=0x0000000000000000, RDI=0x00007f13486e2dd0
R8 =0x00007f12ec19f984, R9 =0x0000000000000080, R10=0x0000000000000027, R11=0x00007f12e813066e
R12=0x00007f13486e2fb0, R13=0x00007f12e9162750, R14=0x00007f13486e39a0, R15=0x00007f13486e2fa0
RIP=0x00007f12e8130699, EFLAGS=0x0000000000010246, CSGSFS=0x002b000000000033, ERR=0x0000000000000004
  TRAPNO=0x000000000000000e

Top of Stack: (sp=0x00007f13486e2d40)
0x00007f13486e2d40:   0000000000000000 0000000000000000
0x00007f13486e2d50:   0000000000000000 0000000000000000
0x00007f13486e2d60:   0000000000000000 0000000100000000
0x00007f13486e2d70:   0000000000000000 00007f13486e2dd0 

Instructions: (pc=0x00007f12e8130699)
0x00007f12e8130679:   7d d8 48 89 75 d0 89 55 cc 64 48 8b 04 25 28 00
0x00007f12e8130689:   00 00 48 89 45 e8 31 c0 c6 45 e7 01 48 8b 45 d0
0x00007f12e8130699:   48 8b 00 48 8b 55 d0 0f b6 92 64 0d 00 00 0f b6
0x00007f12e81306a9:   d2 48 8d 4d e7 6a 00 6a 00 6a 02 68 f4 01 00 00 

Stack slot to memory mapping:
stack at sp + 0 slots: 0x0 is NULL
stack at sp + 1 slots: 0x0 is NULL
stack at sp + 2 slots: 0x0 is NULL
stack at sp + 3 slots: 0x0 is NULL
stack at sp + 4 slots: 0x0 is NULL
stack at sp + 5 slots: 0x0000000100000000 is pointing into metadata
stack at sp + 6 slots: 0x0 is NULL
stack at sp + 7 slots: 0x00007f13486e2dd0 is pointing into the stack for thread: 0x00007f138cf5e000


---------------  P R O C E S S  ---------------

Threads class SMR info:
_java_thread_list=0x00007f12ec17d950, length=46, elements={
0x00007f138c1b8800, 0x00007f138c1c7800, 0x00007f138c1d7800, 0x00007f138c1d9800,
0x00007f138c1db800, 0x00007f138c2a6800, 0x00007f133c096800, 0x00007f133c098800,
0x00007f138c6f2800, 0x00007f138c6f3800, 0x00007f138c7c8800, 0x00007f1344001000,
0x00007f1344003000, 0x00007f1328001800, 0x00007f131001a800, 0x00007f138ce3e800,
0x00007f13041d4800, 0x00007f138ce3f000, 0x00007f138ce42800, 0x00007f138cf5e000,
0x00007f138cf62000, 0x00007f138cf77000, 0x00007f138cf78000, 0x00007f12f800a000,
0x00007f12ec022800, 0x00007f138cf79000, 0x00007f138cf7a800, 0x00007f138cf7c800,
0x00007f138cf7e800, 0x00007f138cf80000, 0x00007f138cf82000, 0x00007f138cf83800,
0x00007f138cf85800, 0x00007f138cf87800, 0x00007f138cf8c000, 0x00007f138cf91000,
0x00007f138cf92800, 0x00007f138cf94800, 0x00007f138c015800, 0x00007f12ec0d1000,
0x00007f12ec0fa000, 0x00007f12ec170800, 0x00007f12ec151000, 0x00007f1328003800,
0x00007f1328005800, 0x00007f12ec1a6000
}

Java Threads: ( => current thread )
  0x00007f138c1b8800 JavaThread "Reference Handler" daemon [_thread_blocked, id=12836, stack(0x00007f1368864000,0x00007f1368965000)]
  0x00007f138c1c7800 JavaThread "Finalizer" daemon [_thread_blocked, id=12837, stack(0x00007f1368763000,0x00007f1368864000)]
  0x00007f138c1d7800 JavaThread "Signal Dispatcher" daemon [_thread_blocked, id=12838, stack(0x00007f1368662000,0x00007f1368763000)]
  0x00007f138c1d9800 JavaThread "C1 CompilerThread0" daemon [_thread_blocked, id=12843, stack(0x00007f1368561000,0x00007f1368662000)]
  0x00007f138c1db800 JavaThread "Sweeper thread" daemon [_thread_blocked, id=12844, stack(0x00007f1368460000,0x00007f1368561000)]
  0x00007f138c2a6800 JavaThread "Common-Cleaner" daemon [_thread_blocked, id=12848, stack(0x00007f136835f000,0x00007f1368460000)]
  0x00007f133c096800 JavaThread "C1 CompilerThread1" daemon [_thread_blocked, id=12849, stack(0x00007f136825e000,0x00007f136835f000)]
  0x00007f133c098800 JavaThread "C1 CompilerThread2" daemon [_thread_blocked, id=12850, stack(0x00007f136815d000,0x00007f136825e000)]
  0x00007f138c6f2800 JavaThread "Monitor Ctrl-Break" daemon [_thread_in_native, id=12851, stack(0x00007f136805c000,0x00007f136815d000)]
  0x00007f138c6f3800 JavaThread "Service Thread" daemon [_thread_blocked, id=12852, stack(0x00007f134b107000,0x00007f134b208000)]
  0x00007f138c7c8800 JavaThread "RMI TCP Accept-0" daemon [_thread_in_native, id=12853, stack(0x00007f134a7f8000,0x00007f134a8f9000)]
  0x00007f1344001000 JavaThread "Attach Listener" daemon [_thread_blocked, id=12860, stack(0x00007f1349ff1000,0x00007f134a0f2000)]
  0x00007f1344003000 JavaThread "Attach Listener" daemon [_thread_blocked, id=12861, stack(0x00007f1349ef0000,0x00007f1349ff1000)]
  0x00007f1328001800 JavaThread "RMI TCP Connection(1)-127.0.0.1" daemon [_thread_in_native, id=12866, stack(0x00007f1349bef000,0x00007f1349cf0000)]
  0x00007f131001a800 JavaThread "RMI Scheduler(0)" daemon [_thread_blocked, id=12868, stack(0x00007f13497ed000,0x00007f13498ee000)]
  0x00007f138ce3e800 JavaThread "Tomcat-startStop-1" daemon [_thread_blocked, id=12885, stack(0x00007f1349aee000,0x00007f1349bef000)]
  0x00007f13041d4800 JavaThread "localhost-startStop-1" daemon [_thread_blocked, id=12886, stack(0x00007f13496ec000,0x00007f13497ed000)]
  0x00007f138ce3f000 JavaThread "ContainerBackgroundProcessor[StandardEngine[Tomcat]]" daemon [_thread_blocked, id=12887, stack(0x00007f13489e7000,0x00007f1348ae8000)]
  0x00007f138ce42800 JavaThread "container-0" [_thread_blocked, id=12888, stack(0x00007f13488e6000,0x00007f13489e7000)]
=>0x00007f138cf5e000 JavaThread "org.springframework.kafka.KafkaListenerEndpointContainer#0-0-C-1" [_thread_in_native, id=12892, stack(0x00007f13485e5000,0x00007f13486e6000)]
  0x00007f138cf62000 JavaThread "org.springframework.kafka.KafkaListenerEndpointContainer#1-0-C-1" [_thread_in_native, id=12893, stack(0x00007f13482e4000,0x00007f13483e5000)]
  0x00007f138cf77000 JavaThread "NioBlockingSelector.BlockPoller-1" daemon [_thread_in_native, id=12896, stack(0x00007f13481e3000,0x00007f13482e4000)]
  0x00007f138cf78000 JavaThread "http-nio-8040-exec-1" daemon [_thread_blocked, id=12897, stack(0x00007f13480e2000,0x00007f13481e3000)]
  0x00007f12f800a000 JavaThread "kafka-coordinator-heartbeat-thread | helloworld34" daemon [_thread_blocked, id=12898, stack(0x00007f12f3eff000,0x00007f12f4000000)]
  0x00007f12ec022800 JavaThread "kafka-coordinator-heartbeat-thread | helloworld34" daemon [_thread_blocked, id=12899, stack(0x00007f12f3dfe000,0x00007f12f3eff000)]
  0x00007f138cf79000 JavaThread "http-nio-8040-exec-2" daemon [_thread_blocked, id=12900, stack(0x00007f12f3cfd000,0x00007f12f3dfe000)]
  0x00007f138cf7a800 JavaThread "http-nio-8040-exec-3" daemon [_thread_blocked, id=12901, stack(0x00007f12f3bfc000,0x00007f12f3cfd000)]
  0x00007f138cf7c800 JavaThread "http-nio-8040-exec-4" daemon [_thread_blocked, id=12902, stack(0x00007f12f3afb000,0x00007f12f3bfc000)]
  0x00007f138cf7e800 JavaThread "http-nio-8040-exec-5" daemon [_thread_blocked, id=12903, stack(0x00007f12f39fa000,0x00007f12f3afb000)]
  0x00007f138cf80000 JavaThread "http-nio-8040-exec-6" daemon [_thread_blocked, id=12904, stack(0x00007f12f38f9000,0x00007f12f39fa000)]
  0x00007f138cf82000 JavaThread "http-nio-8040-exec-7" daemon [_thread_blocked, id=12905, stack(0x00007f12f37f8000,0x00007f12f38f9000)]
  0x00007f138cf83800 JavaThread "http-nio-8040-exec-8" daemon [_thread_blocked, id=12906, stack(0x00007f12f36f7000,0x00007f12f37f8000)]
  0x00007f138cf85800 JavaThread "http-nio-8040-exec-9" daemon [_thread_blocked, id=12907, stack(0x00007f12f35f6000,0x00007f12f36f7000)]
  0x00007f138cf87800 JavaThread "http-nio-8040-exec-10" daemon [_thread_blocked, id=12908, stack(0x00007f12f34f5000,0x00007f12f35f6000)]
  0x00007f138cf8c000 JavaThread "http-nio-8040-ClientPoller-0" daemon [_thread_in_native, id=12909, stack(0x00007f12f33f4000,0x00007f12f34f5000)]
  0x00007f138cf91000 JavaThread "http-nio-8040-ClientPoller-1" daemon [_thread_in_native, id=12910, stack(0x00007f12f32f3000,0x00007f12f33f4000)]
  0x00007f138cf92800 JavaThread "http-nio-8040-Acceptor-0" daemon [_thread_in_native, id=12911, stack(0x00007f12f31f2000,0x00007f12f32f3000)]
  0x00007f138cf94800 JavaThread "http-nio-8040-AsyncTimeout" daemon [_thread_blocked, id=12912, stack(0x00007f12f30f1000,0x00007f12f31f2000)]
  0x00007f138c015800 JavaThread "DestroyJavaVM" [_thread_blocked, id=12821, stack(0x00007f139396c000,0x00007f1393a6d000)]
  0x00007f12ec0d1000 JavaThread "Java2D Disposer" daemon [_thread_blocked, id=12916, stack(0x00007f12f004d000,0x00007f12f014e000)]
  0x00007f12ec0fa000 JavaThread "AWT-XAWT" daemon [_thread_in_native, id=12917, stack(0x00007f12e917a000,0x00007f12e927b000)]
  0x00007f12ec170800 JavaThread "AWT-Shutdown" [_thread_blocked, id=12918, stack(0x00007f12e8e79000,0x00007f12e8f7a000)]
  0x00007f12ec151000 JavaThread "AWT-EventQueue-0" [_thread_blocked, id=12919, stack(0x00007f12e8d78000,0x00007f12e8e79000)]
  0x00007f1328003800 JavaThread "RMI TCP Connection(3)-127.0.0.1" daemon [_thread_in_native, id=12922, stack(0x00007f12e8b76000,0x00007f12e8c77000)]
  0x00007f1328005800 JavaThread "RMI TCP Connection(2)-127.0.0.1" daemon [_thread_in_native, id=12923, stack(0x00007f12e8c77000,0x00007f12e8d78000)]
  0x00007f12ec1a6000 JavaThread "process reaper" daemon [_thread_blocked, id=12931, stack(0x00007f1390037000,0x00007f1390059000)]

Other Threads:
  0x00007f138c1b0800 VMThread "VM Thread" [stack: 0x00007f1368967000,0x00007f1368a67000] [id=12833]
  0x00007f138c7cf800 WatcherThread [stack: 0x00007f134a6f8000,0x00007f134a7f8000] [id=12854]
  0x00007f138c03d800 GCTaskThread "GC Thread#0" [stack: 0x00007f139005b000,0x00007f139015b000] [id=12827]
  0x00007f1358001000 GCTaskThread "GC Thread#1" [stack: 0x00007f134a3f6000,0x00007f134a4f6000] [id=12855]
  0x00007f1358003800 GCTaskThread "GC Thread#2" [stack: 0x00007f13493ec000,0x00007f13494ec000] [id=12871]
  0x00007f1358004800 GCTaskThread "GC Thread#3" [stack: 0x00007f13492ea000,0x00007f13493ea000] [id=12872]
  0x00007f138c06e000 ConcurrentGCThread "G1 Main Marker" [stack: 0x00007f136b9f4000,0x00007f136baf4000] [id=12828]
  0x00007f138c070000 ConcurrentGCThread "G1 Conc#0" [stack: 0x00007f136b8f2000,0x00007f136b9f2000] [id=12829]
  0x00007f138c0e8000 ConcurrentGCThread "G1 Refine#0" [stack: 0x00007f13693ec000,0x00007f13694ec000] [id=12830]
  0x00007f1360001000 ConcurrentGCThread "G1 Refine#1" [stack: 0x00007f134a2f4000,0x00007f134a3f4000] [id=12856]
  0x00007f138c0ea000 ConcurrentGCThread "G1 Young RemSet Sampling" [stack: 0x00007f13692ea000,0x00007f13693ea000] [id=12831]

Threads with active compile tasks:

VM state:not at safepoint (normal execution)

VM Mutex/Monitor currently owned by a thread: None

Heap address: 0x0000000085400000, size: 1964 MB, Compressed Oops mode: 32-bit
Narrow klass base: 0x0000000000000000, Narrow klass shift: 3
Compressed class space size: 1073741824 Address: 0x0000000100000000

Heap:
 garbage-first heap   total 172032K, used 45604K [0x0000000085400000, 0x0000000100000000)
  region size 1024K, 27 young (27648K), 3 survivors (3072K)
 Metaspace       used 43189K, capacity 44162K, committed 44444K, reserved 1087488K
  class space    used 5183K, capacity 5607K, committed 5632K, reserved 1048576K
Heap Regions: E=young(eden), S=young(survivor), O=old, HS=humongous(starts), HC=humongous(continues), CS=collection set, F=free, A=archive, TAMS=top-at-mark-start (previous, next)
|   0|0x0000000085400000, 0x0000000085500000, 0x0000000085500000|100%| O|  |TAMS 0x0000000085500000, 0x0000000085400000| Untracked 
|   1|0x0000000085500000, 0x0000000085600000, 0x0000000085600000|100%| O|  |TAMS 0x0000000085600000, 0x0000000085500000| Untracked 
|   2|0x0000000085600000, 0x0000000085700000, 0x0000000085700000|100%| O|  |TAMS 0x0000000085700000, 0x0000000085600000| Untracked 
|   3|0x0000000085700000, 0x0000000085800000, 0x0000000085800000|100%| O|  |TAMS 0x0000000085800000, 0x0000000085700000| Untracked 
|   4|0x0000000085800000, 0x0000000085900000, 0x0000000085900000|100%| O|  |TAMS 0x0000000085900000, 0x0000000085800000| Untracked 
|   5|0x0000000085900000, 0x0000000085a00000, 0x0000000085a00000|100%| O|  |TAMS 0x0000000085a00000, 0x0000000085900000| Untracked 
|   6|0x0000000085a00000, 0x0000000085b00000, 0x0000000085b00000|100%| O|  |TAMS 0x0000000085b00000, 0x0000000085a00000| Untracked 
|   7|0x0000000085b00000, 0x0000000085c00000, 0x0000000085c00000|100%| O|  |TAMS 0x0000000085c00000, 0x0000000085b00000| Untracked 
|   8|0x0000000085c00000, 0x0000000085d00000, 0x0000000085d00000|100%| O|  |TAMS 0x0000000085d00000, 0x0000000085c00000| Untracked 
|   9|0x0000000085d00000, 0x0000000085e00000, 0x0000000085e00000|100%| O|  |TAMS 0x0000000085e00000, 0x0000000085d00000| Untracked 
|  10|0x0000000085e00000, 0x0000000085f00000, 0x0000000085f00000|100%| O|  |TAMS 0x0000000085f00000, 0x0000000085e00000| Untracked 
|  11|0x0000000085f00000, 0x0000000086000000, 0x0000000086000000|100%| O|  |TAMS 0x0000000086000000, 0x0000000085f00000| Untracked 
|  12|0x0000000086000000, 0x0000000086100000, 0x0000000086100000|100%| O|  |TAMS 0x0000000086100000, 0x0000000086000000| Untracked 
|  13|0x0000000086100000, 0x0000000086200000, 0x0000000086200000|100%| O|  |TAMS 0x0000000086200000, 0x0000000086100000| Untracked 
|  14|0x0000000086200000, 0x0000000086300000, 0x0000000086300000|100%| O|  |TAMS 0x0000000086300000, 0x0000000086200000| Untracked 
|  15|0x0000000086300000, 0x0000000086400000, 0x0000000086400000|100%| O|  |TAMS 0x0000000086400000, 0x0000000086300000| Untracked 
|  16|0x0000000086400000, 0x0000000086500000, 0x0000000086500000|100%| O|  |TAMS 0x0000000086500000, 0x0000000086400000| Untracked 
|  17|0x0000000086500000, 0x0000000086600000, 0x0000000086600000|100%| O|  |TAMS 0x0000000086600000, 0x0000000086500000| Untracked 
|  18|0x0000000086600000, 0x0000000086700000, 0x0000000086700000|100%| O|  |TAMS 0x0000000086700000, 0x0000000086600000| Untracked 
|  19|0x0000000086700000, 0x0000000086800000, 0x0000000086800000|100%| O|  |TAMS 0x0000000086800000, 0x0000000086700000| Untracked 
|  20|0x0000000086800000, 0x000000008680e200, 0x0000000086900000|  5%| O|  |TAMS 0x000000008680e200, 0x0000000086800000| Untracked 
|  21|0x0000000086900000, 0x0000000086900000, 0x0000000086a00000|  0%| F|  |TAMS 0x0000000086900000, 0x0000000086900000| Untracked 
|  22|0x0000000086a00000, 0x0000000086a00000, 0x0000000086b00000|  0%| F|  |TAMS 0x0000000086a00000, 0x0000000086a00000| Untracked 
|  23|0x0000000086b00000, 0x0000000086b00000, 0x0000000086c00000|  0%| F|  |TAMS 0x0000000086b00000, 0x0000000086b00000| Untracked 
|  24|0x0000000086c00000, 0x0000000086c00000, 0x0000000086d00000|  0%| F|  |TAMS 0x0000000086c00000, 0x0000000086c00000| Untracked 
|  25|0x0000000086d00000, 0x0000000086d00000, 0x0000000086e00000|  0%| F|  |TAMS 0x0000000086d00000, 0x0000000086d00000| Untracked 
|  26|0x0000000086e00000, 0x0000000086e00000, 0x0000000086f00000|  0%| F|  |TAMS 0x0000000086e00000, 0x0000000086e00000| Untracked 
|  27|0x0000000086f00000, 0x0000000086f00000, 0x0000000087000000|  0%| F|  |TAMS 0x0000000086f00000, 0x0000000086f00000| Untracked 
|  28|0x0000000087000000, 0x0000000087000000, 0x0000000087100000|  0%| F|  |TAMS 0x0000000087000000, 0x0000000087000000| Untracked 
|  29|0x0000000087100000, 0x0000000087100000, 0x0000000087200000|  0%| F|  |TAMS 0x0000000087100000, 0x0000000087100000| Untracked 
|  30|0x0000000087200000, 0x0000000087200000, 0x0000000087300000|  0%| F|  |TAMS 0x0000000087200000, 0x0000000087200000| Untracked 
|  31|0x0000000087300000, 0x0000000087300000, 0x0000000087400000|  0%| F|  |TAMS 0x0000000087300000, 0x0000000087300000| Untracked 
|  32|0x0000000087400000, 0x0000000087400000, 0x0000000087500000|  0%| F|  |TAMS 0x0000000087400000, 0x0000000087400000| Untracked 
|  33|0x0000000087500000, 0x0000000087500000, 0x0000000087600000|  0%| F|  |TAMS 0x0000000087500000, 0x0000000087500000| Untracked 
|  34|0x0000000087600000, 0x0000000087600000, 0x0000000087700000|  0%| F|  |TAMS 0x0000000087600000, 0x0000000087600000| Untracked 
|  35|0x0000000087700000, 0x0000000087700000, 0x0000000087800000|  0%| F|  |TAMS 0x0000000087700000, 0x0000000087700000| Untracked 
|  36|0x0000000087800000, 0x0000000087800000, 0x0000000087900000|  0%| F|  |TAMS 0x0000000087800000, 0x0000000087800000| Untracked 
|  37|0x0000000087900000, 0x0000000087900000, 0x0000000087a00000|  0%| F|  |TAMS 0x0000000087900000, 0x0000000087900000| Untracked 
|  38|0x0000000087a00000, 0x0000000087a00000, 0x0000000087b00000|  0%| F|  |TAMS 0x0000000087a00000, 0x0000000087a00000| Untracked 
|  39|0x0000000087b00000, 0x0000000087b00000, 0x0000000087c00000|  0%| F|  |TAMS 0x0000000087b00000, 0x0000000087b00000| Untracked 
|  40|0x0000000087c00000, 0x0000000087c00000, 0x0000000087d00000|  0%| F|  |TAMS 0x0000000087c00000, 0x0000000087c00000| Untracked 
|  41|0x0000000087d00000, 0x0000000087d00000, 0x0000000087e00000|  0%| F|  |TAMS 0x0000000087d00000, 0x0000000087d00000| Untracked 
|  42|0x0000000087e00000, 0x0000000087e00000, 0x0000000087f00000|  0%| F|  |TAMS 0x0000000087e00000, 0x0000000087e00000| Untracked 
|  43|0x0000000087f00000, 0x0000000087f00000, 0x0000000088000000|  0%| F|  |TAMS 0x0000000087f00000, 0x0000000087f00000| Untracked 
|  44|0x0000000088000000, 0x0000000088000000, 0x0000000088100000|  0%| F|  |TAMS 0x0000000088000000, 0x0000000088000000| Untracked 
|  45|0x0000000088100000, 0x0000000088100000, 0x0000000088200000|  0%| F|  |TAMS 0x0000000088100000, 0x0000000088100000| Untracked 
|  46|0x0000000088200000, 0x0000000088200000, 0x0000000088300000|  0%| F|  |TAMS 0x0000000088200000, 0x0000000088200000| Untracked 
|  47|0x0000000088300000, 0x0000000088300000, 0x0000000088400000|  0%| F|  |TAMS 0x0000000088300000, 0x0000000088300000| Untracked 
|  48|0x0000000088400000, 0x0000000088400000, 0x0000000088500000|  0%| F|  |TAMS 0x0000000088400000, 0x0000000088400000| Untracked 
|  49|0x0000000088500000, 0x0000000088500000, 0x0000000088600000|  0%| F|  |TAMS 0x0000000088500000, 0x0000000088500000| Untracked 
|  50|0x0000000088600000, 0x0000000088600000, 0x0000000088700000|  0%| F|  |TAMS 0x0000000088600000, 0x0000000088600000| Untracked 
|  51|0x0000000088700000, 0x0000000088700000, 0x0000000088800000|  0%| F|  |TAMS 0x0000000088700000, 0x0000000088700000| Untracked 
|  52|0x0000000088800000, 0x0000000088800000, 0x0000000088900000|  0%| F|  |TAMS 0x0000000088800000, 0x0000000088800000| Untracked 
|  53|0x0000000088900000, 0x0000000088900000, 0x0000000088a00000|  0%| F|  |TAMS 0x0000000088900000, 0x0000000088900000| Untracked 
|  54|0x0000000088a00000, 0x0000000088a00000, 0x0000000088b00000|  0%| F|  |TAMS 0x0000000088a00000, 0x0000000088a00000| Untracked 
|  55|0x0000000088b00000, 0x0000000088b00000, 0x0000000088c00000|  0%| F|  |TAMS 0x0000000088b00000, 0x0000000088b00000| Untracked 
|  56|0x0000000088c00000, 0x0000000088c00000, 0x0000000088d00000|  0%| F|  |TAMS 0x0000000088c00000, 0x0000000088c00000| Untracked 
|  57|0x0000000088d00000, 0x0000000088d00000, 0x0000000088e00000|  0%| F|  |TAMS 0x0000000088d00000, 0x0000000088d00000| Untracked 
|  58|0x0000000088e00000, 0x0000000088e00000, 0x0000000088f00000|  0%| F|  |TAMS 0x0000000088e00000, 0x0000000088e00000| Untracked 
|  59|0x0000000088f00000, 0x0000000088f00000, 0x0000000089000000|  0%| F|  |TAMS 0x0000000088f00000, 0x0000000088f00000| Untracked 
|  60|0x0000000089000000, 0x0000000089000000, 0x0000000089100000|  0%| F|  |TAMS 0x0000000089000000, 0x0000000089000000| Untracked 
|  61|0x0000000089100000, 0x0000000089100000, 0x0000000089200000|  0%| F|  |TAMS 0x0000000089100000, 0x0000000089100000| Untracked 
|  62|0x0000000089200000, 0x0000000089200000, 0x0000000089300000|  0%| F|  |TAMS 0x0000000089200000, 0x0000000089200000| Untracked 
|  63|0x0000000089300000, 0x0000000089300000, 0x0000000089400000|  0%| F|  |TAMS 0x0000000089300000, 0x0000000089300000| Untracked 
|  64|0x0000000089400000, 0x0000000089400000, 0x0000000089500000|  0%| F|  |TAMS 0x0000000089400000, 0x0000000089400000| Untracked 
|  65|0x0000000089500000, 0x0000000089500000, 0x0000000089600000|  0%| F|  |TAMS 0x0000000089500000, 0x0000000089500000| Untracked 
|  66|0x0000000089600000, 0x0000000089600000, 0x0000000089700000|  0%| F|  |TAMS 0x0000000089600000, 0x0000000089600000| Untracked 
|  67|0x0000000089700000, 0x0000000089700000, 0x0000000089800000|  0%| F|  |TAMS 0x0000000089700000, 0x0000000089700000| Untracked 
|  68|0x0000000089800000, 0x0000000089800000, 0x0000000089900000|  0%| F|  |TAMS 0x0000000089800000, 0x0000000089800000| Untracked 
|  69|0x0000000089900000, 0x0000000089900000, 0x0000000089a00000|  0%| F|  |TAMS 0x0000000089900000, 0x0000000089900000| Untracked 
|  70|0x0000000089a00000, 0x0000000089a00000, 0x0000000089b00000|  0%| F|  |TAMS 0x0000000089a00000, 0x0000000089a00000| Untracked 
|  71|0x0000000089b00000, 0x0000000089b00000, 0x0000000089c00000|  0%| F|  |TAMS 0x0000000089b00000, 0x0000000089b00000| Untracked 
|  72|0x0000000089c00000, 0x0000000089c00000, 0x0000000089d00000|  0%| F|  |TAMS 0x0000000089c00000, 0x0000000089c00000| Untracked 
|  73|0x0000000089d00000, 0x0000000089d00000, 0x0000000089e00000|  0%| F|  |TAMS 0x0000000089d00000, 0x0000000089d00000| Untracked 
|  74|0x0000000089e00000, 0x0000000089e00000, 0x0000000089f00000|  0%| F|  |TAMS 0x0000000089e00000, 0x0000000089e00000| Untracked 
|  75|0x0000000089f00000, 0x0000000089f00000, 0x000000008a000000|  0%| F|  |TAMS 0x0000000089f00000, 0x0000000089f00000| Untracked 
|  76|0x000000008a000000, 0x000000008a000000, 0x000000008a100000|  0%| F|  |TAMS 0x000000008a000000, 0x000000008a000000| Untracked 
|  77|0x000000008a100000, 0x000000008a100000, 0x000000008a200000|  0%| F|  |TAMS 0x000000008a100000, 0x000000008a100000| Untracked 
|  78|0x000000008a200000, 0x000000008a200000, 0x000000008a300000|  0%| F|  |TAMS 0x000000008a200000, 0x000000008a200000| Untracked 
|  79|0x000000008a300000, 0x000000008a300000, 0x000000008a400000|  0%| F|  |TAMS 0x000000008a300000, 0x000000008a300000| Untracked 
|  80|0x000000008a400000, 0x000000008a400000, 0x000000008a500000|  0%| F|  |TAMS 0x000000008a400000, 0x000000008a400000| Untracked 
|  81|0x000000008a500000, 0x000000008a500000, 0x000000008a600000|  0%| F|  |TAMS 0x000000008a500000, 0x000000008a500000| Untracked 
|  82|0x000000008a600000, 0x000000008a600000, 0x000000008a700000|  0%| F|  |TAMS 0x000000008a600000, 0x000000008a600000| Untracked 
|  83|0x000000008a700000, 0x000000008a700000, 0x000000008a800000|  0%| F|  |TAMS 0x000000008a700000, 0x000000008a700000| Untracked 
|  84|0x000000008a800000, 0x000000008a800000, 0x000000008a900000|  0%| F|  |TAMS 0x000000008a800000, 0x000000008a800000| Untracked 
|  85|0x000000008a900000, 0x000000008a900000, 0x000000008aa00000|  0%| F|  |TAMS 0x000000008a900000, 0x000000008a900000| Untracked 
|  86|0x000000008aa00000, 0x000000008aa00000, 0x000000008ab00000|  0%| F|  |TAMS 0x000000008aa00000, 0x000000008aa00000| Untracked 
|  87|0x000000008ab00000, 0x000000008ab00000, 0x000000008ac00000|  0%| F|  |TAMS 0x000000008ab00000, 0x000000008ab00000| Untracked 
|  88|0x000000008ac00000, 0x000000008ac00000, 0x000000008ad00000|  0%| F|  |TAMS 0x000000008ac00000, 0x000000008ac00000| Untracked 
|  89|0x000000008ad00000, 0x000000008ad00000, 0x000000008ae00000|  0%| F|  |TAMS 0x000000008ad00000, 0x000000008ad00000| Untracked 
|  90|0x000000008ae00000, 0x000000008ae00000, 0x000000008af00000|  0%| F|  |TAMS 0x000000008ae00000, 0x000000008ae00000| Untracked 
|  91|0x000000008af00000, 0x000000008af00000, 0x000000008b000000|  0%| F|  |TAMS 0x000000008af00000, 0x000000008af00000| Untracked 
|  92|0x000000008b000000, 0x000000008b000000, 0x000000008b100000|  0%| F|  |TAMS 0x000000008b000000, 0x000000008b000000| Untracked 
|  93|0x000000008b100000, 0x000000008b100000, 0x000000008b200000|  0%| F|  |TAMS 0x000000008b100000, 0x000000008b100000| Untracked 
|  94|0x000000008b200000, 0x000000008b200000, 0x000000008b300000|  0%| F|  |TAMS 0x000000008b200000, 0x000000008b200000| Untracked 
|  95|0x000000008b300000, 0x000000008b300000, 0x000000008b400000|  0%| F|  |TAMS 0x000000008b300000, 0x000000008b300000| Untracked 
|  96|0x000000008b400000, 0x000000008b400000, 0x000000008b500000|  0%| F|  |TAMS 0x000000008b400000, 0x000000008b400000| Untracked 
|  97|0x000000008b500000, 0x000000008b500000, 0x000000008b600000|  0%| F|  |TAMS 0x000000008b500000, 0x000000008b500000| Untracked 
|  98|0x000000008b600000, 0x000000008b600000, 0x000000008b700000|  0%| F|  |TAMS 0x000000008b600000, 0x000000008b600000| Untracked 
|  99|0x000000008b700000, 0x000000008b700000, 0x000000008b800000|  0%| F|  |TAMS 0x000000008b700000, 0x000000008b700000| Untracked 
| 100|0x000000008b800000, 0x000000008b800000, 0x000000008b900000|  0%| F|  |TAMS 0x000000008b800000, 0x000000008b800000| Untracked 
| 101|0x000000008b900000, 0x000000008b900000, 0x000000008ba00000|  0%| F|  |TAMS 0x000000008b900000, 0x000000008b900000| Untracked 
| 102|0x000000008ba00000, 0x000000008ba00000, 0x000000008bb00000|  0%| F|  |TAMS 0x000000008ba00000, 0x000000008ba00000| Untracked 
| 103|0x000000008bb00000, 0x000000008bb00000, 0x000000008bc00000|  0%| F|  |TAMS 0x000000008bb00000, 0x000000008bb00000| Untracked 
| 104|0x000000008bc00000, 0x000000008bc00000, 0x000000008bd00000|  0%| F|  |TAMS 0x000000008bc00000, 0x000000008bc00000| Untracked 
| 105|0x000000008bd00000, 0x000000008bd00000, 0x000000008be00000|  0%| F|  |TAMS 0x000000008bd00000, 0x000000008bd00000| Untracked 
| 106|0x000000008be00000, 0x000000008be00000, 0x000000008bf00000|  0%| F|  |TAMS 0x000000008be00000, 0x000000008be00000| Untracked 
| 107|0x000000008bf00000, 0x000000008bf00000, 0x000000008c000000|  0%| F|  |TAMS 0x000000008bf00000, 0x000000008bf00000| Untracked 
| 108|0x000000008c000000, 0x000000008c000000, 0x000000008c100000|  0%| F|  |TAMS 0x000000008c000000, 0x000000008c000000| Untracked 
| 109|0x000000008c100000, 0x000000008c100000, 0x000000008c200000|  0%| F|  |TAMS 0x000000008c100000, 0x000000008c100000| Untracked 
| 110|0x000000008c200000, 0x000000008c200000, 0x000000008c300000|  0%| F|  |TAMS 0x000000008c200000, 0x000000008c200000| Untracked 
| 111|0x000000008c300000, 0x000000008c300000, 0x000000008c400000|  0%| F|  |TAMS 0x000000008c300000, 0x000000008c300000| Untracked 
| 112|0x000000008c400000, 0x000000008c400000, 0x000000008c500000|  0%| F|  |TAMS 0x000000008c400000, 0x000000008c400000| Untracked 
| 113|0x000000008c500000, 0x000000008c500000, 0x000000008c600000|  0%| F|  |TAMS 0x000000008c500000, 0x000000008c500000| Untracked 
| 114|0x000000008c600000, 0x000000008c600000, 0x000000008c700000|  0%| F|  |TAMS 0x000000008c600000, 0x000000008c600000| Untracked 
| 115|0x000000008c700000, 0x000000008c700000, 0x000000008c800000|  0%| F|  |TAMS 0x000000008c700000, 0x000000008c700000| Untracked 
| 116|0x000000008c800000, 0x000000008c800000, 0x000000008c900000|  0%| F|  |TAMS 0x000000008c800000, 0x000000008c800000| Untracked 
| 117|0x000000008c900000, 0x000000008c900000, 0x000000008ca00000|  0%| F|  |TAMS 0x000000008c900000, 0x000000008c900000| Untracked 
| 118|0x000000008ca00000, 0x000000008ca00000, 0x000000008cb00000|  0%| F|  |TAMS 0x000000008ca00000, 0x000000008ca00000| Untracked 
| 119|0x000000008cb00000, 0x000000008cb00000, 0x000000008cc00000|  0%| F|  |TAMS 0x000000008cb00000, 0x000000008cb00000| Untracked 
| 120|0x000000008cc00000, 0x000000008cc00000, 0x000000008cd00000|  0%| F|  |TAMS 0x000000008cc00000, 0x000000008cc00000| Untracked 
| 121|0x000000008cd00000, 0x000000008cd00000, 0x000000008ce00000|  0%| F|  |TAMS 0x000000008cd00000, 0x000000008cd00000| Untracked 
| 122|0x000000008ce00000, 0x000000008ce00000, 0x000000008cf00000|  0%| F|  |TAMS 0x000000008ce00000, 0x000000008ce00000| Untracked 
| 123|0x000000008cf00000, 0x000000008cf00000, 0x000000008d000000|  0%| F|  |TAMS 0x000000008cf00000, 0x000000008cf00000| Untracked 
| 124|0x000000008d000000, 0x000000008d000000, 0x000000008d100000|  0%| F|  |TAMS 0x000000008d000000, 0x000000008d000000| Untracked 
| 125|0x000000008d100000, 0x000000008d100000, 0x000000008d200000|  0%| F|  |TAMS 0x000000008d100000, 0x000000008d100000| Untracked 
| 126|0x000000008d200000, 0x000000008d27ae80, 0x000000008d300000| 48%| S|CS|TAMS 0x000000008d200000, 0x000000008d200000| Complete 
| 127|0x000000008d300000, 0x000000008d400000, 0x000000008d400000|100%| S|CS|TAMS 0x000000008d300000, 0x000000008d300000| Complete 
| 128|0x000000008d400000, 0x000000008d500000, 0x000000008d500000|100%| S|CS|TAMS 0x000000008d400000, 0x000000008d400000| Complete 
| 129|0x000000008d500000, 0x000000008d500000, 0x000000008d600000|  0%| F|  |TAMS 0x000000008d500000, 0x000000008d500000| Untracked 
| 130|0x000000008d600000, 0x000000008d600000, 0x000000008d700000|  0%| F|  |TAMS 0x000000008d600000, 0x000000008d600000| Untracked 
| 131|0x000000008d700000, 0x000000008d700000, 0x000000008d800000|  0%| F|  |TAMS 0x000000008d700000, 0x000000008d700000| Untracked 
| 132|0x000000008d800000, 0x000000008d800000, 0x000000008d900000|  0%| F|  |TAMS 0x000000008d800000, 0x000000008d800000| Untracked 
| 133|0x000000008d900000, 0x000000008d900000, 0x000000008da00000|  0%| F|  |TAMS 0x000000008d900000, 0x000000008d900000| Untracked 
| 134|0x000000008da00000, 0x000000008da00000, 0x000000008db00000|  0%| F|  |TAMS 0x000000008da00000, 0x000000008da00000| Untracked 
| 135|0x000000008db00000, 0x000000008db00000, 0x000000008dc00000|  0%| F|  |TAMS 0x000000008db00000, 0x000000008db00000| Untracked 
| 136|0x000000008dc00000, 0x000000008dc00000, 0x000000008dd00000|  0%| F|  |TAMS 0x000000008dc00000, 0x000000008dc00000| Untracked 
| 137|0x000000008dd00000, 0x000000008dd00000, 0x000000008de00000|  0%| F|  |TAMS 0x000000008dd00000, 0x000000008dd00000| Untracked 
| 138|0x000000008de00000, 0x000000008de00000, 0x000000008df00000|  0%| F|  |TAMS 0x000000008de00000, 0x000000008de00000| Untracked 
| 139|0x000000008df00000, 0x000000008df00000, 0x000000008e000000|  0%| F|  |TAMS 0x000000008df00000, 0x000000008df00000| Untracked 
| 140|0x000000008e000000, 0x000000008e000000, 0x000000008e100000|  0%| F|  |TAMS 0x000000008e000000, 0x000000008e000000| Untracked 
| 141|0x000000008e100000, 0x000000008e100000, 0x000000008e200000|  0%| F|  |TAMS 0x000000008e100000, 0x000000008e100000| Untracked 
| 142|0x000000008e200000, 0x000000008e200000, 0x000000008e300000|  0%| F|  |TAMS 0x000000008e200000, 0x000000008e200000| Untracked 
| 143|0x000000008e300000, 0x000000008e300000, 0x000000008e400000|  0%| F|  |TAMS 0x000000008e300000, 0x000000008e300000| Untracked 
| 144|0x000000008e400000, 0x000000008e500000, 0x000000008e500000|100%| E|  |TAMS 0x000000008e400000, 0x000000008e400000| Complete 
| 145|0x000000008e500000, 0x000000008e600000, 0x000000008e600000|100%| E|CS|TAMS 0x000000008e500000, 0x000000008e500000| Complete 
| 146|0x000000008e600000, 0x000000008e700000, 0x000000008e700000|100%| E|CS|TAMS 0x000000008e600000, 0x000000008e600000| Complete 
| 147|0x000000008e700000, 0x000000008e800000, 0x000000008e800000|100%| E|CS|TAMS 0x000000008e700000, 0x000000008e700000| Complete 
| 148|0x000000008e800000, 0x000000008e900000, 0x000000008e900000|100%| E|CS|TAMS 0x000000008e800000, 0x000000008e800000| Complete 
| 149|0x000000008e900000, 0x000000008ea00000, 0x000000008ea00000|100%| E|CS|TAMS 0x000000008e900000, 0x000000008e900000| Complete 
| 150|0x000000008ea00000, 0x000000008eb00000, 0x000000008eb00000|100%| E|CS|TAMS 0x000000008ea00000, 0x000000008ea00000| Complete 
| 151|0x000000008eb00000, 0x000000008ec00000, 0x000000008ec00000|100%| E|CS|TAMS 0x000000008eb00000, 0x000000008eb00000| Complete 
| 152|0x000000008ec00000, 0x000000008ed00000, 0x000000008ed00000|100%| E|CS|TAMS 0x000000008ec00000, 0x000000008ec00000| Complete 
| 153|0x000000008ed00000, 0x000000008ee00000, 0x000000008ee00000|100%| E|CS|TAMS 0x000000008ed00000, 0x000000008ed00000| Complete 
| 154|0x000000008ee00000, 0x000000008ef00000, 0x000000008ef00000|100%| E|CS|TAMS 0x000000008ee00000, 0x000000008ee00000| Complete 
| 155|0x000000008ef00000, 0x000000008f000000, 0x000000008f000000|100%| E|CS|TAMS 0x000000008ef00000, 0x000000008ef00000| Complete 
| 156|0x000000008f000000, 0x000000008f100000, 0x000000008f100000|100%| E|CS|TAMS 0x000000008f000000, 0x000000008f000000| Complete 
| 157|0x000000008f100000, 0x000000008f200000, 0x000000008f200000|100%| E|CS|TAMS 0x000000008f100000, 0x000000008f100000| Complete 
| 158|0x000000008f200000, 0x000000008f300000, 0x000000008f300000|100%| E|CS|TAMS 0x000000008f200000, 0x000000008f200000| Complete 
| 159|0x000000008f300000, 0x000000008f400000, 0x000000008f400000|100%| E|CS|TAMS 0x000000008f300000, 0x000000008f300000| Complete 
| 160|0x000000008f400000, 0x000000008f500000, 0x000000008f500000|100%| E|CS|TAMS 0x000000008f400000, 0x000000008f400000| Complete 
| 161|0x000000008f500000, 0x000000008f600000, 0x000000008f600000|100%| E|CS|TAMS 0x000000008f500000, 0x000000008f500000| Complete 
| 162|0x000000008f600000, 0x000000008f700000, 0x000000008f700000|100%| E|CS|TAMS 0x000000008f600000, 0x000000008f600000| Complete 
| 163|0x000000008f700000, 0x000000008f800000, 0x000000008f800000|100%| E|CS|TAMS 0x000000008f700000, 0x000000008f700000| Complete 
| 164|0x000000008f800000, 0x000000008f900000, 0x000000008f900000|100%| E|CS|TAMS 0x000000008f800000, 0x000000008f800000| Complete 
| 165|0x000000008f900000, 0x000000008fa00000, 0x000000008fa00000|100%| E|CS|TAMS 0x000000008f900000, 0x000000008f900000| Complete 
| 166|0x000000008fa00000, 0x000000008fb00000, 0x000000008fb00000|100%| E|CS|TAMS 0x000000008fa00000, 0x000000008fa00000| Complete 
| 167|0x000000008fb00000, 0x000000008fc00000, 0x000000008fc00000|100%| E|  |TAMS 0x000000008fb00000, 0x000000008fb00000| Complete 

Card table byte_map: [0x00007f136fc2a000,0x00007f1370000000] _byte_map_base: 0x00007f136f800000

Marking Bits (Prev, Next): (CMBitMap*) 0x00007f138c0659d8, (CMBitMap*) 0x00007f138c065a10
 Prev Bits: [0x00007f136d9a4000, 0x00007f136f854000)
 Next Bits: [0x00007f136baf4000, 0x00007f136d9a4000)

Polling page: 0x00007f1393a85000

Metaspace:

Usage:
  Non-class:     37.65 MB capacity,    37.12 MB ( 99%) used,   429.65 KB (  1%) free+waste,   119.56 KB ( <1%) overhead. 
      Class:      5.48 MB capacity,     5.06 MB ( 92%) used,   365.04 KB (  7%) free+waste,    58.31 KB (  1%) overhead. 
       Both:     43.13 MB capacity,    42.18 MB ( 98%) used,   794.69 KB (  2%) free+waste,   177.88 KB ( <1%) overhead. 

Virtual space:
  Non-class space:       38.00 MB reserved,      37.90 MB (>99%) committed 
      Class space:        1.00 GB reserved,       5.50 MB ( <1%) committed 
             Both:        1.04 GB reserved,      43.40 MB (  4%) committed 

Chunk freelists:
   Non-Class:  5.12 KB
       Class:  3.12 KB
        Both:  8.25 KB

CodeHeap 'non-profiled nmethods': size=238948Kb used=7559Kb max_used=7559Kb free=231388Kb
 bounds [0x00007f13750cc000, 0x00007f137583c000, 0x00007f1383a25000]
CodeHeap 'non-nmethods': size=6812Kb used=2430Kb max_used=2430Kb free=4381Kb
 bounds [0x00007f1374a25000, 0x00007f1374c95000, 0x00007f13750cc000]
 total_blobs=5145 nmethods=4366 adapters=673
 compilation: enabled
              stopped_count=0, restarted_count=0
 full_count=0

Compilation events (10 events):
Event: 6.127 Thread 0x00007f133c098800 4373       1       sun.awt.X11.XBaseWindow::isEventDisabled (2 bytes)
Event: 6.127 Thread 0x00007f133c098800 nmethod 4373 0x00007f137582ae90 code [0x00007f137582b040, 0x00007f137582b150]
Event: 6.133 Thread 0x00007f138c1d9800 4374       1       java.util.concurrent.locks.AbstractQueuedSynchronizer$Node::compareAndSetWaitStatus (10 bytes)
Event: 6.133 Thread 0x00007f138c1d9800 nmethod 4374 0x00007f137582b190 code [0x00007f137582b360, 0x00007f137582b5d8]
Event: 6.225 Thread 0x00007f133c096800 4375       1       java.util.concurrent.locks.ReentrantLock$Sync::isHeldExclusively (16 bytes)
Event: 6.225 Thread 0x00007f133c096800 nmethod 4375 0x00007f137582b710 code [0x00007f137582b8c0, 0x00007f137582b9f0]
Event: 6.226 Thread 0x00007f133c098800 4376       1       java.lang.invoke.VarHandleGuards::guard_LL_V (103 bytes)
Event: 6.229 Thread 0x00007f133c098800 nmethod 4376 0x00007f137582bc90 code [0x00007f137582bf40, 0x00007f137582c9c8]
Event: 6.231 Thread 0x00007f133c096800 4378       1       java.awt.EventQueue::eventToCacheIndex (80 bytes)
Event: 6.231 Thread 0x00007f133c096800 nmethod 4378 0x00007f137582d110 code [0x00007f137582d2c0, 0x00007f137582d4d0]

GC Heap History (10 events):
Event: 1.563 GC heap before
{Heap before GC invocations=3 (full 0):
 garbage-first heap   total 126976K, used 18742K [0x0000000085400000, 0x0000000100000000)
  region size 1024K, 14 young (14336K), 2 survivors (2048K)
 Metaspace       used 20502K, capacity 21074K, committed 21296K, reserved 1069056K
  class space    used 2383K, capacity 2589K, committed 2688K, reserved 1048576K
}
Event: 1.569 GC heap after
{Heap after GC invocations=4 (full 0):
 garbage-first heap   total 126976K, used 8228K [0x0000000085400000, 0x0000000100000000)
  region size 1024K, 3 young (3072K), 3 survivors (3072K)
 Metaspace       used 20502K, capacity 21074K, committed 21296K, reserved 1069056K
  class space    used 2383K, capacity 2589K, committed 2688K, reserved 1048576K
}
Event: 2.136 GC heap before
{Heap before GC invocations=5 (full 0):
 garbage-first heap   total 126976K, used 36900K [0x0000000085400000, 0x0000000100000000)
  region size 1024K, 33 young (33792K), 3 survivors (3072K)
 Metaspace       used 23978K, capacity 24663K, committed 24752K, reserved 1071104K
  class space    used 2804K, capacity 3040K, committed 3072K, reserved 1048576K
}
Event: 2.159 GC heap after
{Heap after GC invocations=6 (full 0):
 garbage-first heap   total 172032K, used 9805K [0x0000000085400000, 0x0000000100000000)
  region size 1024K, 4 young (4096K), 4 survivors (4096K)
 Metaspace       used 23978K, capacity 24663K, committed 24752K, reserved 1071104K
  class space    used 2804K, capacity 3040K, committed 3072K, reserved 1048576K
}
Event: 3.156 GC heap before
{Heap before GC invocations=6 (full 0):
 garbage-first heap   total 172032K, used 64077K [0x0000000085400000, 0x0000000100000000)
  region size 1024K, 57 young (58368K), 4 survivors (4096K)
 Metaspace       used 28603K, capacity 29296K, committed 29488K, reserved 1075200K
  class space    used 3413K, capacity 3661K, committed 3712K, reserved 1048576K
}
Event: 3.163 GC heap after
{Heap after GC invocations=7 (full 0):
 garbage-first heap   total 172032K, used 12729K [0x0000000085400000, 0x0000000100000000)
  region size 1024K, 7 young (7168K), 7 survivors (7168K)
 Metaspace       used 28603K, capacity 29296K, committed 29488K, reserved 1075200K
  class space    used 3413K, capacity 3661K, committed 3712K, reserved 1048576K
}
Event: 3.760 GC heap before
{Heap before GC invocations=7 (full 0):
 garbage-first heap   total 172032K, used 96697K [0x0000000085400000, 0x0000000100000000)
  region size 1024K, 89 young (91136K), 7 survivors (7168K)
 Metaspace       used 33327K, capacity 34010K, committed 34480K, reserved 1079296K
  class space    used 4021K, capacity 4310K, committed 4352K, reserved 1048576K
}
Event: 3.822 GC heap after
{Heap after GC invocations=8 (full 0):
 garbage-first heap   total 172032K, used 20451K [0x0000000085400000, 0x0000000100000000)
  region size 1024K, 12 young (12288K), 12 survivors (12288K)
 Metaspace       used 33327K, capacity 34010K, committed 34480K, reserved 1079296K
  class space    used 4021K, capacity 4310K, committed 4352K, reserved 1048576K
}
Event: 4.071 GC heap before
{Heap before GC invocations=8 (full 0):
 garbage-first heap   total 172032K, used 59363K [0x0000000085400000, 0x0000000100000000)
  region size 1024K, 51 young (52224K), 12 survivors (12288K)
 Metaspace       used 34931K, capacity 35590K, committed 35888K, reserved 1081344K
  class space    used 4215K, capacity 4472K, committed 4480K, reserved 1048576K
}
Event: 4.144 GC heap after
{Heap after GC invocations=9 (full 0):
 garbage-first heap   total 172032K, used 23076K [0x0000000085400000, 0x0000000100000000)
  region size 1024K, 3 young (3072K), 3 survivors (3072K)
 Metaspace       used 34931K, capacity 35590K, committed 35888K, reserved 1081344K
  class space    used 4215K, capacity 4472K, committed 4480K, reserved 1048576K
}

Deoptimization events (0 events):
No events

Classes redefined (0 events):
No events

Internal exceptions (10 events):
Event: 4.798 Thread 0x00007f12ec151000 Exception <a 'java/lang/NoSuchMethodError'{0x000000008eba64a8}: java.lang.invoke.DelegatingMethodHandle$Holder.reinvoke_L(Ljava/lang/Object;IILjava/lang/Object;Ljava/lang/Object;Ljava/lang/Object;Ljava/lang/Object;Ljava/lang/Object;)Ljava/lang/Object;> (0
Event: 4.804 Thread 0x00007f12ec151000 Exception <a 'java/lang/NoSuchMethodError'{0x000000008ea2f400}: java.lang.invoke.DirectMethodHandle$Holder.invokeStatic(Ljava/lang/Object;Ljava/lang/Object;Ljava/lang/Object;Ljava/lang/Object;Ljava/lang/Object;Ljava/lang/Object;Ljava/lang/Object;Ljava/lan
Event: 4.820 Thread 0x00007f12ec151000 Exception <a 'java/lang/NoSuchMethodError'{0x000000008eacade0}: java.lang.invoke.DirectMethodHandle$Holder.invokeStatic(Ljava/lang/Object;Ljava/lang/Object;Ljava/lang/Object;Ljava/lang/Object;Ljava/lang/Object;Ljava/lang/Object;Ljava/lang/Object;Ljava/lan
Event: 4.826 Thread 0x00007f12ec151000 Exception <a 'java/lang/NoSuchMethodError'{0x000000008eafcb10}: java.lang.invoke.Invokers$Holder.linkToTargetMethod(Ljava/lang/Object;Ljava/lang/Object;Ljava/lang/Object;Ljava/lang/Object;Ljava/lang/Object;Ljava/lang/Object;)Ljava/lang/Object;> (0x0000000
Event: 4.833 Thread 0x00007f138cf5e000 Exception <a 'java/lang/NoSuchMethodError'{0x000000008e9bb0f8}: java.lang.invoke.DirectMethodHandle$Holder.invokeStaticInit(Ljava/lang/Object;Ljava/lang/Object;JLjava/lang/Object;)Ljava/lang/Object;> (0x000000008e9bb0f8) thrown at [/scratch/opt/mach5/meso
Event: 4.834 Thread 0x00007f138cf5e000 Exception <a 'java/lang/NoSuchMethodError'{0x000000008e9c0fe0}: java.lang.invoke.DirectMethodHandle$Holder.invokeStatic(Ljava/lang/Object;Ljava/lang/Object;J)Ljava/lang/Object;> (0x000000008e9c0fe0) thrown at [/scratch/opt/mach5/mesos/work_dir/slaves/2dd9
Event: 4.838 Thread 0x00007f138cf5e000 Exception <a 'java/lang/NoSuchMethodError'{0x000000008e9c7828}: java.lang.invoke.DirectMethodHandle$Holder.invokeStatic(Ljava/lang/Object;Ljava/lang/Object;Ljava/lang/Object;I)Ljava/lang/Object;> (0x000000008e9c7828) thrown at [/scratch/opt/mach5/mesos/wo
Event: 4.838 Thread 0x00007f138cf5e000 Exception <a 'java/lang/NoSuchMethodError'{0x000000008e9cb1f0}: java.lang.invoke.DirectMethodHandle$Holder.invokeSpecial(Ljava/lang/Object;Ljava/lang/Object;Ljava/lang/Object;Ljava/lang/Object;I)Ljava/lang/Object;> (0x000000008e9cb1f0) thrown at [/scratch
Event: 4.839 Thread 0x00007f138cf5e000 Exception <a 'java/lang/NoSuchMethodError'{0x000000008e9ce250}: java.lang.invoke.Invokers$Holder.linkToTargetMethod(Ljava/lang/Object;Ljava/lang/Object;ILjava/lang/Object;)Ljava/lang/Object;> (0x000000008e9ce250) thrown at [/scratch/opt/mach5/mesos/work_d
Event: 5.184 Thread 0x00007f12ec151000 Exception <a 'java/lang/UnsupportedOperationException'{0x000000008e54ac60}: > (0x000000008e54ac60) thrown at [/scratch/opt/mach5/mesos/work_dir/slaves/2dd962d0-8988-479b-a804-57ab764ada59-S1222/frameworks/1735e8a2-a1db-478c-8104-60c8b0af87dd-0196/executor

Events (10 events):
Event: 5.185 loading class java/text/AttributedString
Event: 5.186 loading class java/text/AttributedString done
Event: 5.186 loading class java/text/AttributedString$AttributedStringIterator
Event: 5.187 loading class java/text/AttributedCharacterIterator
Event: 5.187 loading class java/text/CharacterIterator
Event: 5.187 loading class java/text/CharacterIterator done
Event: 5.188 loading class java/text/AttributedCharacterIterator done
Event: 5.188 loading class java/text/AttributedString$AttributedStringIterator done
Event: 5.188 loading class java/awt/event/MouseWheelEvent
Event: 5.188 loading class java/awt/event/MouseWheelEvent done


Dynamic libraries:
00400000-00401000 r-xp 00000000 08:05 6687755                            /usr/lib/jvm/jdk-11.0.2/bin/java
00600000-00601000 r--p 00000000 08:05 6687755                            /usr/lib/jvm/jdk-11.0.2/bin/java
00601000-00602000 rw-p 00001000 08:05 6687755                            /usr/lib/jvm/jdk-11.0.2/bin/java
016d8000-0171c000 rw-p 00000000 00:00 0                                  [heap]
85400000-8fc00000 rw-p 00000000 00:00 0 
8fc00000-100000000 ---p 00000000 00:00 0 
100000000-100580000 rw-p 00000000 00:00 0 
100580000-140000000 ---p 00000000 00:00 0 
7f12e67c4000-7f12e67c5000 ---p 00000000 00:00 0 
7f12e67c5000-7f12e6fc5000 rw-p 00000000 00:00 0 
7f12e6fc5000-7f12e6fc6000 ---p 00000000 00:00 0 
7f12e6fc6000-7f12e77c6000 rw-p 00000000 00:00 0 
7f12e794d000-7f12e7964000 r-xp 00000000 08:05 393222                     /lib/x86_64-linux-gnu/libgcc_s.so.1
7f12e7964000-7f12e7b63000 ---p 00017000 08:05 393222                     /lib/x86_64-linux-gnu/libgcc_s.so.1
7f12e7b63000-7f12e7b64000 r--p 00016000 08:05 393222                     /lib/x86_64-linux-gnu/libgcc_s.so.1
7f12e7b64000-7f12e7b65000 rw-p 00017000 08:05 393222                     /lib/x86_64-linux-gnu/libgcc_s.so.1
7f12e7b65000-7f12e7cde000 r-xp 00000000 08:05 4852359                    /usr/lib/x86_64-linux-gnu/libstdc++.so.6.0.25
7f12e7cde000-7f12e7ede000 ---p 00179000 08:05 4852359                    /usr/lib/x86_64-linux-gnu/libstdc++.so.6.0.25
7f12e7ede000-7f12e7ee8000 r--p 00179000 08:05 4852359                    /usr/lib/x86_64-linux-gnu/libstdc++.so.6.0.25
7f12e7ee8000-7f12e7eea000 rw-p 00183000 08:05 4852359                    /usr/lib/x86_64-linux-gnu/libstdc++.so.6.0.25
7f12e7eea000-7f12e7eee000 rw-p 00000000 00:00 0 
7f12e7eee000-7f12e7efa000 r-xp 00000000 08:05 4852252                    /usr/lib/libflightSimLib.so
7f12e7efa000-7f12e80f9000 ---p 0000c000 08:05 4852252                    /usr/lib/libflightSimLib.so
7f12e80f9000-7f12e80fa000 r--p 0000b000 08:05 4852252                    /usr/lib/libflightSimLib.so
7f12e80fa000-7f12e80fb000 rw-p 0000c000 08:05 4852252                    /usr/lib/libflightSimLib.so
7f12e80fb000-7f12e8153000 r-xp 00000000 08:05 4852233                    /usr/lib/libdjiosdk-core.so
7f12e8153000-7f12e8352000 ---p 00058000 08:05 4852233                    /usr/lib/libdjiosdk-core.so
7f12e8352000-7f12e8354000 r--p 00057000 08:05 4852233                    /usr/lib/libdjiosdk-core.so
7f12e8354000-7f12e8356000 rw-p 00059000 08:05 4852233                    /usr/lib/libdjiosdk-core.so
7f12e8356000-7f12e8357000 rw-p 00000000 00:00 0 
7f12e8357000-7f12e835a000 r-xp 00000000 08:05 5509312                    /home/vidurk/CasLab/Spring-Kafka-Device-Node-String/src/main/java/com/codenotfound/kafka/osdkLinker/libLinked.so
7f12e835a000-7f12e8559000 ---p 00003000 08:05 5509312                    /home/vidurk/CasLab/Spring-Kafka-Device-Node-String/src/main/java/com/codenotfound/kafka/osdkLinker/libLinked.so
7f12e8559000-7f12e855a000 r--p 00002000 08:05 5509312                    /home/vidurk/CasLab/Spring-Kafka-Device-Node-String/src/main/java/com/codenotfound/kafka/osdkLinker/libLinked.so
7f12e855a000-7f12e855b000 rw-p 00003000 08:05 5509312                    /home/vidurk/CasLab/Spring-Kafka-Device-Node-String/src/main/java/com/codenotfound/kafka/osdkLinker/libLinked.so
7f12e855b000-7f12e8573000 r-xp 00000000 08:05 4597835                    /home/vidurk/.cache/JNA/temp/jna14932819304391438064.tmp (deleted)
7f12e8573000-7f12e8773000 ---p 00018000 08:05 4597835                    /home/vidurk/.cache/JNA/temp/jna14932819304391438064.tmp (deleted)
7f12e8773000-7f12e8774000 rw-p 00018000 08:05 4597835                    /home/vidurk/.cache/JNA/temp/jna14932819304391438064.tmp (deleted)
7f12e8774000-7f12e8778000 ---p 00000000 00:00 0 
7f12e8778000-7f12e8875000 rw-p 00000000 00:00 0 
7f12e8875000-7f12e8879000 ---p 00000000 00:00 0 
7f12e8879000-7f12e8b76000 rw-p 00000000 00:00 0 
7f12e8b76000-7f12e8b7a000 ---p 00000000 00:00 0 
7f12e8b7a000-7f12e8c77000 rw-p 00000000 00:00 0 
7f12e8c77000-7f12e8c7b000 ---p 00000000 00:00 0 
7f12e8c7b000-7f12e8d78000 rw-p 00000000 00:00 0 
7f12e8d78000-7f12e8d7c000 ---p 00000000 00:00 0 
7f12e8d7c000-7f12e8e79000 rw-p 00000000 00:00 0 
7f12e8e79000-7f12e8e7d000 ---p 00000000 00:00 0 
7f12e8e7d000-7f12e917a000 rw-p 00000000 00:00 0 
7f12e917a000-7f12e917e000 ---p 00000000 00:00 0 
7f12e917e000-7f12e927b000 rw-p 00000000 00:00 0 
7f12e927b000-7f12e9280000 r-xp 00000000 08:05 4857609                    /usr/lib/x86_64-linux-gnu/libXfixes.so.3.1.0
7f12e9280000-7f12e947f000 ---p 00005000 08:05 4857609                    /usr/lib/x86_64-linux-gnu/libXfixes.so.3.1.0
7f12e947f000-7f12e9480000 r--p 00004000 08:05 4857609                    /usr/lib/x86_64-linux-gnu/libXfixes.so.3.1.0
7f12e9480000-7f12e9481000 rw-p 00005000 08:05 4857609                    /usr/lib/x86_64-linux-gnu/libXfixes.so.3.1.0
7f12e9481000-7f12e948a000 r-xp 00000000 08:05 4857601                    /usr/lib/x86_64-linux-gnu/libXcursor.so.1.0.2
7f12e948a000-7f12e9689000 ---p 00009000 08:05 4857601                    /usr/lib/x86_64-linux-gnu/libXcursor.so.1.0.2
7f12e9689000-7f12e968a000 r--p 00008000 08:05 4857601                    /usr/lib/x86_64-linux-gnu/libXcursor.so.1.0.2
7f12e968a000-7f12e968b000 rw-p 00009000 08:05 4857601                    /usr/lib/x86_64-linux-gnu/libXcursor.so.1.0.2
7f12e968b000-7f12e968c000 ---p 00000000 00:00 0 
7f12e968c000-7f12e9e8c000 rw-p 00000000 00:00 0 
7f12e9e8c000-7f12e9e8d000 ---p 00000000 00:00 0 
7f12e9e8d000-7f12ea68d000 rw-p 00000000 00:00 0 
7f12ea68d000-7f12ea68e000 ---p 00000000 00:00 0 
7f12ea68e000-7f12eae8e000 rw-p 00000000 00:00 0 
7f12eae8e000-7f12eae9a000 r-xp 00000000 08:05 5114599                    /usr/lib/x86_64-linux-gnu/gio/modules/libdconfsettings.so
7f12eae9a000-7f12eb099000 ---p 0000c000 08:05 5114599                    /usr/lib/x86_64-linux-gnu/gio/modules/libdconfsettings.so
7f12eb099000-7f12eb09a000 r--p 0000b000 08:05 5114599                    /usr/lib/x86_64-linux-gnu/gio/modules/libdconfsettings.so
7f12eb09a000-7f12eb09b000 rw-p 0000c000 08:05 5114599                    /usr/lib/x86_64-linux-gnu/gio/modules/libdconfsettings.so
7f12eb09b000-7f12eb0a1000 r-xp 00000000 08:05 397913                     /lib/x86_64-linux-gnu/libuuid.so.1.3.0
7f12eb0a1000-7f12eb2a0000 ---p 00006000 08:05 397913                     /lib/x86_64-linux-gnu/libuuid.so.1.3.0
7f12eb2a0000-7f12eb2a1000 r--p 00005000 08:05 397913                     /lib/x86_64-linux-gnu/libuuid.so.1.3.0
7f12eb2a1000-7f12eb2a2000 rw-p 00006000 08:05 397913                     /lib/x86_64-linux-gnu/libuuid.so.1.3.0
7f12eb2a2000-7f12eb2e9000 r-xp 00000000 08:05 397916                     /lib/x86_64-linux-gnu/libblkid.so.1.1.0
7f12eb2e9000-7f12eb4e9000 ---p 00047000 08:05 397916                     /lib/x86_64-linux-gnu/libblkid.so.1.1.0
7f12eb4e9000-7f12eb4ed000 r--p 00047000 08:05 397916                     /lib/x86_64-linux-gnu/libblkid.so.1.1.0
7f12eb4ed000-7f12eb4ee000 rw-p 0004b000 08:05 397916                     /lib/x86_64-linux-gnu/libblkid.so.1.1.0
7f12eb4ee000-7f12eb4ef000 rw-p 00000000 00:00 0 
7f12eb4ef000-7f12eb55f000 r-xp 00000000 08:05 398144                     /lib/x86_64-linux-gnu/libpcre.so.3.13.3
7f12eb55f000-7f12eb75f000 ---p 00070000 08:05 398144                     /lib/x86_64-linux-gnu/libpcre.so.3.13.3
7f12eb75f000-7f12eb760000 r--p 00070000 08:05 398144                     /lib/x86_64-linux-gnu/libpcre.so.3.13.3
7f12eb760000-7f12eb761000 rw-p 00071000 08:05 398144                     /lib/x86_64-linux-gnu/libpcre.so.3.13.3
7f12eb761000-7f12eb768000 r-xp 00000000 08:05 4857936                    /usr/lib/x86_64-linux-gnu/libffi.so.6.0.4
7f12eb768000-7f12eb967000 ---p 00007000 08:05 4857936                    /usr/lib/x86_64-linux-gnu/libffi.so.6.0.4
7f12eb967000-7f12eb968000 r--p 00006000 08:05 4857936                    /usr/lib/x86_64-linux-gnu/libffi.so.6.0.4
7f12eb968000-7f12eb969000 rw-p 00007000 08:05 4857936                    /usr/lib/x86_64-linux-gnu/libffi.so.6.0.4
7f12eb969000-7f12eb9ba000 r-xp 00000000 08:05 397918                     /lib/x86_64-linux-gnu/libmount.so.1.1.0
7f12eb9ba000-7f12ebbb9000 ---p 00051000 08:05 397918                     /lib/x86_64-linux-gnu/libmount.so.1.1.0
7f12ebbb9000-7f12ebbbb000 r--p 00050000 08:05 397918                     /lib/x86_64-linux-gnu/libmount.so.1.1.0
7f12ebbbb000-7f12ebbbc000 rw-p 00052000 08:05 397918                     /lib/x86_64-linux-gnu/libmount.so.1.1.0
7f12ebbbc000-7f12ebbbd000 rw-p 00000000 00:00 0 
7f12ebbbd000-7f12ebbd4000 r-xp 00000000 08:05 398161                     /lib/x86_64-linux-gnu/libresolv-2.27.so
7f12ebbd4000-7f12ebdd4000 ---p 00017000 08:05 398161                     /lib/x86_64-linux-gnu/libresolv-2.27.so
7f12ebdd4000-7f12ebdd5000 r--p 00017000 08:05 398161                     /lib/x86_64-linux-gnu/libresolv-2.27.so
7f12ebdd5000-7f12ebdd6000 rw-p 00018000 08:05 398161                     /lib/x86_64-linux-gnu/libresolv-2.27.so
7f12ebdd6000-7f12ebdd8000 rw-p 00000000 00:00 0 
7f12ebdd8000-7f12ebdfd000 r-xp 00000000 08:05 398167                     /lib/x86_64-linux-gnu/libselinux.so.1
7f12ebdfd000-7f12ebffc000 ---p 00025000 08:05 398167                     /lib/x86_64-linux-gnu/libselinux.so.1
7f12ebffc000-7f12ebffd000 r--p 00024000 08:05 398167                     /lib/x86_64-linux-gnu/libselinux.so.1
7f12ebffd000-7f12ebffe000 rw-p 00025000 08:05 398167                     /lib/x86_64-linux-gnu/libselinux.so.1
7f12ebffe000-7f12ec000000 rw-p 00000000 00:00 0 
7f12ec000000-7f12ec1e5000 rw-p 00000000 00:00 0 
7f12ec1e5000-7f12f0000000 ---p 00000000 00:00 0 
7f12f004d000-7f12f0051000 ---p 00000000 00:00 0 
7f12f0051000-7f12f014e000 rw-p 00000000 00:00 0 
7f12f014e000-7f12f0261000 r-xp 00000000 08:05 4850007                    /usr/lib/x86_64-linux-gnu/libglib-2.0.so.0.5600.3
7f12f0261000-7f12f0461000 ---p 00113000 08:05 4850007                    /usr/lib/x86_64-linux-gnu/libglib-2.0.so.0.5600.3
7f12f0461000-7f12f0462000 r--p 00113000 08:05 4850007                    /usr/lib/x86_64-linux-gnu/libglib-2.0.so.0.5600.3
7f12f0462000-7f12f0463000 rw-p 00114000 08:05 4850007                    /usr/lib/x86_64-linux-gnu/libglib-2.0.so.0.5600.3
7f12f0463000-7f12f0464000 rw-p 00000000 00:00 0 
7f12f0464000-7f12f0467000 r-xp 00000000 08:05 4850030                    /usr/lib/x86_64-linux-gnu/libgmodule-2.0.so.0.5600.3
7f12f0467000-7f12f0666000 ---p 00003000 08:05 4850030                    /usr/lib/x86_64-linux-gnu/libgmodule-2.0.so.0.5600.3
7f12f0666000-7f12f0667000 r--p 00002000 08:05 4850030                    /usr/lib/x86_64-linux-gnu/libgmodule-2.0.so.0.5600.3
7f12f0667000-7f12f0668000 rw-p 00003000 08:05 4850030                    /usr/lib/x86_64-linux-gnu/libgmodule-2.0.so.0.5600.3
7f12f0668000-7f12f06ba000 r-xp 00000000 08:05 4850031                    /usr/lib/x86_64-linux-gnu/libgobject-2.0.so.0.5600.3
7f12f06ba000-7f12f08ba000 ---p 00052000 08:05 4850031                    /usr/lib/x86_64-linux-gnu/libgobject-2.0.so.0.5600.3
7f12f08ba000-7f12f08bb000 r--p 00052000 08:05 4850031                    /usr/lib/x86_64-linux-gnu/libgobject-2.0.so.0.5600.3
7f12f08bb000-7f12f08bc000 rw-p 00053000 08:05 4850031                    /usr/lib/x86_64-linux-gnu/libgobject-2.0.so.0.5600.3
7f12f08bc000-7f12f0a51000 r-xp 00000000 08:05 4849999                    /usr/lib/x86_64-linux-gnu/libgio-2.0.so.0.5600.3
7f12f0a51000-7f12f0c51000 ---p 00195000 08:05 4849999                    /usr/lib/x86_64-linux-gnu/libgio-2.0.so.0.5600.3
7f12f0c51000-7f12f0c58000 r--p 00195000 08:05 4849999                    /usr/lib/x86_64-linux-gnu/libgio-2.0.so.0.5600.3
7f12f0c58000-7f12f0c59000 rw-p 0019c000 08:05 4849999                    /usr/lib/x86_64-linux-gnu/libgio-2.0.so.0.5600.3
7f12f0c59000-7f12f0c5b000 rw-p 00000000 00:00 0 
7f12f0c5b000-7f12f0c65000 r-xp 00000000 08:05 4857625                    /usr/lib/x86_64-linux-gnu/libXrandr.so.2.2.0
7f12f0c65000-7f12f0e64000 ---p 0000a000 08:05 4857625                    /usr/lib/x86_64-linux-gnu/libXrandr.so.2.2.0
7f12f0e64000-7f12f0e65000 r--p 00009000 08:05 4857625                    /usr/lib/x86_64-linux-gnu/libXrandr.so.2.2.0
7f12f0e65000-7f12f0e66000 rw-p 0000a000 08:05 4857625                    /usr/lib/x86_64-linux-gnu/libXrandr.so.2.2.0
7f12f0e66000-7f12f0e97000 r-xp 00000000 08:05 4858458                    /usr/lib/x86_64-linux-gnu/libpng16.so.16.34.0
7f12f0e97000-7f12f1096000 ---p 00031000 08:05 4858458                    /usr/lib/x86_64-linux-gnu/libpng16.so.16.34.0
7f12f1096000-7f12f1097000 r--p 00030000 08:05 4858458                    /usr/lib/x86_64-linux-gnu/libpng16.so.16.34.0
7f12f1097000-7f12f1098000 rw-p 00031000 08:05 4858458                    /usr/lib/x86_64-linux-gnu/libpng16.so.16.34.0
7f12f1098000-7f12f1145000 r-xp 00000000 08:05 4857968                    /usr/lib/x86_64-linux-gnu/libfreetype.so.6.15.0
7f12f1145000-7f12f1344000 ---p 000ad000 08:05 4857968                    /usr/lib/x86_64-linux-gnu/libfreetype.so.6.15.0
7f12f1344000-7f12f134b000 r--p 000ac000 08:05 4857968                    /usr/lib/x86_64-linux-gnu/libfreetype.so.6.15.0
7f12f134b000-7f12f134c000 rw-p 000b3000 08:05 4857968                    /usr/lib/x86_64-linux-gnu/libfreetype.so.6.15.0
7f12f134c000-7f12f1409000 r-xp 00000000 08:05 6687851                    /usr/lib/jvm/jdk-11.0.2/lib/libfontmanager.so
7f12f1409000-7f12f1608000 ---p 000bd000 08:05 6687851                    /usr/lib/jvm/jdk-11.0.2/lib/libfontmanager.so
7f12f1608000-7f12f160a000 r--p 000bc000 08:05 6687851                    /usr/lib/jvm/jdk-11.0.2/lib/libfontmanager.so
7f12f160a000-7f12f160b000 rw-p 000be000 08:05 6687851                    /usr/lib/jvm/jdk-11.0.2/lib/libfontmanager.so
7f12f160b000-7f12f160c000 rw-p 00000000 00:00 0 
7f12f160c000-7f12f161f000 r-xp 00000000 08:05 398018                     /lib/x86_64-linux-gnu/libbsd.so.0.8.7
7f12f161f000-7f12f181e000 ---p 00013000 08:05 398018                     /lib/x86_64-linux-gnu/libbsd.so.0.8.7
7f12f181e000-7f12f181f000 r--p 00012000 08:05 398018                     /lib/x86_64-linux-gnu/libbsd.so.0.8.7
7f12f181f000-7f12f1820000 rw-p 00013000 08:05 398018                     /lib/x86_64-linux-gnu/libbsd.so.0.8.7
7f12f1820000-7f12f1821000 rw-p 00000000 00:00 0 
7f12f1821000-7f12f1826000 r-xp 00000000 08:05 4857605                    /usr/lib/x86_64-linux-gnu/libXdmcp.so.6.0.0
7f12f1826000-7f12f1a25000 ---p 00005000 08:05 4857605                    /usr/lib/x86_64-linux-gnu/libXdmcp.so.6.0.0
7f12f1a25000-7f12f1a26000 r--p 00004000 08:05 4857605                    /usr/lib/x86_64-linux-gnu/libXdmcp.so.6.0.0
7f12f1a26000-7f12f1a27000 rw-p 00005000 08:05 4857605                    /usr/lib/x86_64-linux-gnu/libXdmcp.so.6.0.0
7f12f1a27000-7f12f1a29000 r-xp 00000000 08:05 4857594                    /usr/lib/x86_64-linux-gnu/libXau.so.6.0.0
7f12f1a29000-7f12f1c29000 ---p 00002000 08:05 4857594                    /usr/lib/x86_64-linux-gnu/libXau.so.6.0.0
7f12f1c29000-7f12f1c2a000 r--p 00002000 08:05 4857594                    /usr/lib/x86_64-linux-gnu/libXau.so.6.0.0
7f12f1c2a000-7f12f1c2b000 rw-p 00003000 08:05 4857594                    /usr/lib/x86_64-linux-gnu/libXau.so.6.0.0
7f12f1c2b000-7f12f1c51000 r-xp 00000000 08:05 4858798                    /usr/lib/x86_64-linux-gnu/libxcb.so.1.1.0
7f12f1c51000-7f12f1e51000 ---p 00026000 08:05 4858798                    /usr/lib/x86_64-linux-gnu/libxcb.so.1.1.0
7f12f1e51000-7f12f1e52000 r--p 00026000 08:05 4858798                    /usr/lib/x86_64-linux-gnu/libxcb.so.1.1.0
7f12f1e52000-7f12f1e53000 rw-p 00027000 08:05 4858798                    /usr/lib/x86_64-linux-gnu/libxcb.so.1.1.0
7f12f1e53000-7f12f1e62000 r-xp 00000000 08:05 4857615                    /usr/lib/x86_64-linux-gnu/libXi.so.6.1.0
7f12f1e62000-7f12f2061000 ---p 0000f000 08:05 4857615                    /usr/lib/x86_64-linux-gnu/libXi.so.6.1.0
7f12f2061000-7f12f2062000 r--p 0000e000 08:05 4857615                    /usr/lib/x86_64-linux-gnu/libXi.so.6.1.0
7f12f2062000-7f12f2063000 rw-p 0000f000 08:05 4857615                    /usr/lib/x86_64-linux-gnu/libXi.so.6.1.0
7f12f2063000-7f12f2068000 r-xp 00000000 08:05 4857633                    /usr/lib/x86_64-linux-gnu/libXtst.so.6.1.0
7f12f2068000-7f12f2267000 ---p 00005000 08:05 4857633                    /usr/lib/x86_64-linux-gnu/libXtst.so.6.1.0
7f12f2267000-7f12f2268000 r--p 00004000 08:05 4857633                    /usr/lib/x86_64-linux-gnu/libXtst.so.6.1.0
7f12f2268000-7f12f2269000 rw-p 00005000 08:05 4857633                    /usr/lib/x86_64-linux-gnu/libXtst.so.6.1.0
7f12f2269000-7f12f2272000 r-xp 00000000 08:05 4857627                    /usr/lib/x86_64-linux-gnu/libXrender.so.1.3.0
7f12f2272000-7f12f2471000 ---p 00009000 08:05 4857627                    /usr/lib/x86_64-linux-gnu/libXrender.so.1.3.0
7f12f2471000-7f12f2472000 r--p 00008000 08:05 4857627                    /usr/lib/x86_64-linux-gnu/libXrender.so.1.3.0
7f12f2472000-7f12f2473000 rw-p 00009000 08:05 4857627                    /usr/lib/x86_64-linux-gnu/libXrender.so.1.3.0
7f12f2473000-7f12f25a6000 r-xp 00000000 08:05 4855769                    /usr/lib/x86_64-linux-gnu/libX11.so.6.3.0
7f12f25a6000-7f12f27a6000 ---p 00133000 08:05 4855769                    /usr/lib/x86_64-linux-gnu/libX11.so.6.3.0
7f12f27a6000-7f12f27a7000 r--p 00133000 08:05 4855769                    /usr/lib/x86_64-linux-gnu/libX11.so.6.3.0
7f12f27a7000-7f12f27ab000 rw-p 00134000 08:05 4855769                    /usr/lib/x86_64-linux-gnu/libX11.so.6.3.0
7f12f27ab000-7f12f27bc000 r-xp 00000000 08:05 4857607                    /usr/lib/x86_64-linux-gnu/libXext.so.6.4.0
7f12f27bc000-7f12f29bb000 ---p 00011000 08:05 4857607                    /usr/lib/x86_64-linux-gnu/libXext.so.6.4.0
7f12f29bb000-7f12f29bc000 r--p 00010000 08:05 4857607                    /usr/lib/x86_64-linux-gnu/libXext.so.6.4.0
7f12f29bc000-7f12f29bd000 rw-p 00011000 08:05 4857607                    /usr/lib/x86_64-linux-gnu/libXext.so.6.4.0
7f12f29bd000-7f12f2a1b000 r-xp 00000000 08:05 6687849                    /usr/lib/jvm/jdk-11.0.2/lib/libawt_xawt.so
7f12f2a1b000-7f12f2c1a000 ---p 0005e000 08:05 6687849                    /usr/lib/jvm/jdk-11.0.2/lib/libawt_xawt.so
7f12f2c1a000-7f12f2c1b000 r--p 0005d000 08:05 6687849                    /usr/lib/jvm/jdk-11.0.2/lib/libawt_xawt.so
7f12f2c1b000-7f12f2c1e000 rw-p 0005e000 08:05 6687849                    /usr/lib/jvm/jdk-11.0.2/lib/libawt_xawt.so
7f12f2c1e000-7f12f2c20000 rw-p 00000000 00:00 0 
7f12f2c20000-7f12f2cc0000 r-xp 00000000 08:05 6687873                    /usr/lib/jvm/jdk-11.0.2/lib/libawt.so
7f12f2cc0000-7f12f2ec0000 ---p 000a0000 08:05 6687873                    /usr/lib/jvm/jdk-11.0.2/lib/libawt.so
7f12f2ec0000-7f12f2ec1000 r--p 000a0000 08:05 6687873                    /usr/lib/jvm/jdk-11.0.2/lib/libawt.so
7f12f2ec1000-7f12f2ecc000 rw-p 000a1000 08:05 6687873                    /usr/lib/jvm/jdk-11.0.2/lib/libawt.so
7f12f2ecc000-7f12f30f1000 rw-p 00000000 00:00 0 
7f12f30f1000-7f12f30f5000 ---p 00000000 00:00 0 
7f12f30f5000-7f12f31f2000 rw-p 00000000 00:00 0 
7f12f31f2000-7f12f31f6000 ---p 00000000 00:00 0 
7f12f31f6000-7f12f32f3000 rw-p 00000000 00:00 0 
7f12f32f3000-7f12f32f7000 ---p 00000000 00:00 0 
7f12f32f7000-7f12f33f4000 rw-p 00000000 00:00 0 
7f12f33f4000-7f12f33f8000 ---p 00000000 00:00 0 
7f12f33f8000-7f12f34f5000 rw-p 00000000 00:00 0 
7f12f34f5000-7f12f34f9000 ---p 00000000 00:00 0 
7f12f34f9000-7f12f35f6000 rw-p 00000000 00:00 0 
7f12f35f6000-7f12f35fa000 ---p 00000000 00:00 0 
7f12f35fa000-7f12f36f7000 rw-p 00000000 00:00 0 
7f12f36f7000-7f12f36fb000 ---p 00000000 00:00 0 
7f12f36fb000-7f12f37f8000 rw-p 00000000 00:00 0 
7f12f37f8000-7f12f37fc000 ---p 00000000 00:00 0 
7f12f37fc000-7f12f38f9000 rw-p 00000000 00:00 0 
7f12f38f9000-7f12f38fd000 ---p 00000000 00:00 0 
7f12f38fd000-7f12f39fa000 rw-p 00000000 00:00 0 
7f12f39fa000-7f12f39fe000 ---p 00000000 00:00 0 
7f12f39fe000-7f12f3afb000 rw-p 00000000 00:00 0 
7f12f3afb000-7f12f3aff000 ---p 00000000 00:00 0 
7f12f3aff000-7f12f3bfc000 rw-p 00000000 00:00 0 
7f12f3bfc000-7f12f3c00000 ---p 00000000 00:00 0 
7f12f3c00000-7f12f3cfd000 rw-p 00000000 00:00 0 
7f12f3cfd000-7f12f3d01000 ---p 00000000 00:00 0 
7f12f3d01000-7f12f3dfe000 rw-p 00000000 00:00 0 
7f12f3dfe000-7f12f3e02000 ---p 00000000 00:00 0 
7f12f3e02000-7f12f3eff000 rw-p 00000000 00:00 0 
7f12f3eff000-7f12f3f03000 ---p 00000000 00:00 0 
7f12f3f03000-7f12f4000000 rw-p 00000000 00:00 0 
7f12f4000000-7f12f4087000 rw-p 00000000 00:00 0 
7f12f4087000-7f12f8000000 ---p 00000000 00:00 0 
7f12f8000000-7f12f8021000 rw-p 00000000 00:00 0 
7f12f8021000-7f12fc000000 ---p 00000000 00:00 0 
7f12fc000000-7f12fc021000 rw-p 00000000 00:00 0 
7f12fc021000-7f1300000000 ---p 00000000 00:00 0 
7f1300000000-7f1300021000 rw-p 00000000 00:00 0 
7f1300021000-7f1304000000 ---p 00000000 00:00 0 
7f1304000000-7f13041d8000 rw-p 00000000 00:00 0 
7f13041d8000-7f1308000000 ---p 00000000 00:00 0 
7f1308000000-7f1308021000 rw-p 00000000 00:00 0 
7f1308021000-7f130c000000 ---p 00000000 00:00 0 
7f130c000000-7f130c029000 rw-p 00000000 00:00 0 
7f130c029000-7f1310000000 ---p 00000000 00:00 0 
7f1310000000-7f1310038000 rw-p 00000000 00:00 0 
7f1310038000-7f1314000000 ---p 00000000 00:00 0 
7f1314000000-7f1314021000 rw-p 00000000 00:00 0 
7f1314021000-7f1318000000 ---p 00000000 00:00 0 
7f1318000000-7f1318021000 rw-p 00000000 00:00 0 
7f1318021000-7f131c000000 ---p 00000000 00:00 0 
7f131c000000-7f131c021000 rw-p 00000000 00:00 0 
7f131c021000-7f1320000000 ---p 00000000 00:00 0 
7f1320000000-7f1320021000 rw-p 00000000 00:00 0 
7f1320021000-7f1324000000 ---p 00000000 00:00 0 
7f1324000000-7f1324021000 rw-p 00000000 00:00 0 
7f1324021000-7f1328000000 ---p 00000000 00:00 0 
7f1328000000-7f1328021000 rw-p 00000000 00:00 0 
7f1328021000-7f132c000000 ---p 00000000 00:00 0 
7f132c000000-7f132c20d000 rw-p 00000000 00:00 0 
7f132c20d000-7f1330000000 ---p 00000000 00:00 0 
7f1330000000-7f1330021000 rw-p 00000000 00:00 0 
7f1330021000-7f1334000000 ---p 00000000 00:00 0 
7f1334000000-7f1334021000 rw-p 00000000 00:00 0 
7f1334021000-7f1338000000 ---p 00000000 00:00 0 
7f1338000000-7f1338238000 rw-p 00000000 00:00 0 
7f1338238000-7f133c000000 ---p 00000000 00:00 0 
7f133c000000-7f133c2cd000 rw-p 00000000 00:00 0 
7f133c2cd000-7f1340000000 ---p 00000000 00:00 0 
7f1340000000-7f1340021000 rw-p 00000000 00:00 0 
7f1340021000-7f1344000000 ---p 00000000 00:00 0 
7f1344000000-7f1344021000 rw-p 00000000 00:00 0 
7f1344021000-7f1348000000 ---p 00000000 00:00 0 
7f13480e2000-7f13480e6000 ---p 00000000 00:00 0 
7f13480e6000-7f13481e3000 rw-p 00000000 00:00 0 
7f13481e3000-7f13481e7000 ---p 00000000 00:00 0 
7f13481e7000-7f13482e4000 rw-p 00000000 00:00 0 
7f13482e4000-7f13482e8000 ---p 00000000 00:00 0 
7f13482e8000-7f13485e0000 rw-p 00000000 00:00 0 
7f13485e0000-7f13485e5000 ---p 00000000 00:00 0 
7f13485e5000-7f13485e9000 ---p 00000000 00:00 0 
7f13485e9000-7f13488e6000 rw-p 00000000 00:00 0 
7f13488e6000-7f13488ea000 ---p 00000000 00:00 0 
7f13488ea000-7f13489e7000 rw-p 00000000 00:00 0 
7f13489e7000-7f13489eb000 ---p 00000000 00:00 0 
7f13489eb000-7f1348ce8000 rw-p 00000000 00:00 0 
7f1348ce8000-7f1348ee8000 rw-p 00000000 00:00 0 
7f1348ee8000-7f13490e8000 rw-p 00000000 00:00 0 
7f13490e8000-7f13492e8000 rw-p 00000000 00:00 0 
7f13492e8000-7f13492e9000 ---p 00000000 00:00 0 
7f13492e9000-7f13493ea000 rw-p 00000000 00:00 0 
7f13493ea000-7f13493eb000 ---p 00000000 00:00 0 
7f13493eb000-7f13496d8000 rw-p 00000000 00:00 0 
7f13496d8000-7f13496ec000 ---p 00000000 00:00 0 
7f13496ec000-7f13496f0000 ---p 00000000 00:00 0 
7f13496f0000-7f13497ed000 rw-p 00000000 00:00 0 
7f13497ed000-7f13497f1000 ---p 00000000 00:00 0 
7f13497f1000-7f1349aee000 rw-p 00000000 00:00 0 
7f1349aee000-7f1349af2000 ---p 00000000 00:00 0 
7f1349af2000-7f1349bef000 rw-p 00000000 00:00 0 
7f1349bef000-7f1349bf3000 ---p 00000000 00:00 0 
7f1349bf3000-7f1349ef0000 rw-p 00000000 00:00 0 
7f1349ef0000-7f1349ef4000 ---p 00000000 00:00 0 
7f1349ef4000-7f1349ff1000 rw-p 00000000 00:00 0 
7f1349ff1000-7f1349ff5000 ---p 00000000 00:00 0 
7f1349ff5000-7f134a2f2000 rw-p 00000000 00:00 0 
7f134a2f2000-7f134a2f3000 ---p 00000000 00:00 0 
7f134a2f3000-7f134a3f4000 rw-p 00000000 00:00 0 
7f134a3f4000-7f134a3f5000 ---p 00000000 00:00 0 
7f134a3f5000-7f134a6f6000 rw-p 00000000 00:00 0 
7f134a6f6000-7f134a6f7000 ---p 00000000 00:00 0 
7f134a6f7000-7f134a7f8000 rw-p 00000000 00:00 0 
7f134a7f8000-7f134a7fc000 ---p 00000000 00:00 0 
7f134a7fc000-7f134aaf9000 rw-p 00000000 00:00 0 
7f134aaf9000-7f134aafe000 r-xp 00000000 08:05 6687878                    /usr/lib/jvm/jdk-11.0.2/lib/libmanagement_ext.so
7f134aafe000-7f134acfd000 ---p 00005000 08:05 6687878                    /usr/lib/jvm/jdk-11.0.2/lib/libmanagement_ext.so
7f134acfd000-7f134acfe000 r--p 00004000 08:05 6687878                    /usr/lib/jvm/jdk-11.0.2/lib/libmanagement_ext.so
7f134acfe000-7f134acff000 rw-p 00005000 08:05 6687878                    /usr/lib/jvm/jdk-11.0.2/lib/libmanagement_ext.so
7f134acff000-7f134ad03000 r-xp 00000000 08:05 6687856                    /usr/lib/jvm/jdk-11.0.2/lib/libmanagement.so
7f134ad03000-7f134af02000 ---p 00004000 08:05 6687856                    /usr/lib/jvm/jdk-11.0.2/lib/libmanagement.so
7f134af02000-7f134af03000 r--p 00003000 08:05 6687856                    /usr/lib/jvm/jdk-11.0.2/lib/libmanagement.so
7f134af03000-7f134af04000 rw-p 00004000 08:05 6687856                    /usr/lib/jvm/jdk-11.0.2/lib/libmanagement.so
7f134af04000-7f134af06000 r-xp 00000000 08:05 6687871                    /usr/lib/jvm/jdk-11.0.2/lib/libextnet.so
7f134af06000-7f134b105000 ---p 00002000 08:05 6687871                    /usr/lib/jvm/jdk-11.0.2/lib/libextnet.so
7f134b105000-7f134b106000 r--p 00001000 08:05 6687871                    /usr/lib/jvm/jdk-11.0.2/lib/libextnet.so
7f134b106000-7f134b107000 rw-p 00002000 08:05 6687871                    /usr/lib/jvm/jdk-11.0.2/lib/libextnet.so
7f134b107000-7f134b10b000 ---p 00000000 00:00 0 
7f134b10b000-7f134b208000 rw-p 00000000 00:00 0 
7f134b208000-7f134b21e000 r-xp 00000000 08:05 6687876                    /usr/lib/jvm/jdk-11.0.2/lib/libnet.so
7f134b21e000-7f134b41e000 ---p 00016000 08:05 6687876                    /usr/lib/jvm/jdk-11.0.2/lib/libnet.so
7f134b41e000-7f134b41f000 r--p 00016000 08:05 6687876                    /usr/lib/jvm/jdk-11.0.2/lib/libnet.so
7f134b41f000-7f134b420000 rw-p 00017000 08:05 6687876                    /usr/lib/jvm/jdk-11.0.2/lib/libnet.so
7f134b420000-7f134b430000 r-xp 00000000 08:05 6687842                    /usr/lib/jvm/jdk-11.0.2/lib/libnio.so
7f134b430000-7f134b62f000 ---p 00010000 08:05 6687842                    /usr/lib/jvm/jdk-11.0.2/lib/libnio.so
7f134b62f000-7f134b630000 r--p 0000f000 08:05 6687842                    /usr/lib/jvm/jdk-11.0.2/lib/libnio.so
7f134b630000-7f134b631000 rw-p 00010000 08:05 6687842                    /usr/lib/jvm/jdk-11.0.2/lib/libnio.so
7f134b631000-7f134c000000 r--p 00000000 08:05 4856494                    /usr/lib/locale/locale-archive
7f134c000000-7f134c021000 rw-p 00000000 00:00 0 
7f134c021000-7f1350000000 ---p 00000000 00:00 0 
7f1350000000-7f1350021000 rw-p 00000000 00:00 0 
7f1350021000-7f1354000000 ---p 00000000 00:00 0 
7f1354000000-7f1354021000 rw-p 00000000 00:00 0 
7f1354021000-7f1358000000 ---p 00000000 00:00 0 
7f1358000000-7f13580ad000 rw-p 00000000 00:00 0 
7f13580ad000-7f135c000000 ---p 00000000 00:00 0 
7f135c000000-7f135c021000 rw-p 00000000 00:00 0 
7f135c021000-7f1360000000 ---p 00000000 00:00 0 
7f1360000000-7f136005d000 rw-p 00000000 00:00 0 
7f136005d000-7f1364000000 ---p 00000000 00:00 0 
7f1364000000-7f1364021000 rw-p 00000000 00:00 0 
7f1364021000-7f1368000000 ---p 00000000 00:00 0 
7f136805c000-7f1368060000 ---p 00000000 00:00 0 
7f1368060000-7f136815d000 rw-p 00000000 00:00 0 
7f136815d000-7f1368161000 ---p 00000000 00:00 0 
7f1368161000-7f136825e000 rw-p 00000000 00:00 0 
7f136825e000-7f1368262000 ---p 00000000 00:00 0 
7f1368262000-7f136835f000 rw-p 00000000 00:00 0 
7f136835f000-7f1368363000 ---p 00000000 00:00 0 
7f1368363000-7f1368460000 rw-p 00000000 00:00 0 
7f1368460000-7f1368464000 ---p 00000000 00:00 0 
7f1368464000-7f1368561000 rw-p 00000000 00:00 0 
7f1368561000-7f1368565000 ---p 00000000 00:00 0 
7f1368565000-7f1368662000 rw-p 00000000 00:00 0 
7f1368662000-7f1368666000 ---p 00000000 00:00 0 
7f1368666000-7f1368763000 rw-p 00000000 00:00 0 
7f1368763000-7f1368767000 ---p 00000000 00:00 0 
7f1368767000-7f1368864000 rw-p 00000000 00:00 0 
7f1368864000-7f1368868000 ---p 00000000 00:00 0 
7f1368868000-7f1368965000 rw-p 00000000 00:00 0 
7f1368965000-7f1368966000 ---p 00000000 00:00 0 
7f1368966000-7f13692e8000 rw-p 00000000 00:00 0 
7f13692e8000-7f13692e9000 ---p 00000000 00:00 0 
7f13692e9000-7f13693ea000 rw-p 00000000 00:00 0 
7f13693ea000-7f13693eb000 ---p 00000000 00:00 0 
7f13693eb000-7f136b8f0000 rw-p 00000000 00:00 0 
7f136b8f0000-7f136b8f1000 ---p 00000000 00:00 0 
7f136b8f1000-7f136b9f2000 rw-p 00000000 00:00 0 
7f136b9f2000-7f136b9f3000 ---p 00000000 00:00 0 
7f136b9f3000-7f136bd94000 rw-p 00000000 00:00 0 
7f136bd94000-7f136d9a4000 ---p 00000000 00:00 0 
7f136d9a4000-7f136dc44000 rw-p 00000000 00:00 0 
7f136dc44000-7f136f854000 ---p 00000000 00:00 0 
7f136f854000-7f136f8a8000 rw-p 00000000 00:00 0 
7f136f8a8000-7f136fc2a000 ---p 00000000 00:00 0 
7f136fc2a000-7f136fc7e000 rw-p 00000000 00:00 0 
7f136fc7e000-7f1370000000 ---p 00000000 00:00 0 
7f1370000000-7f1370021000 rw-p 00000000 00:00 0 
7f1370021000-7f1374000000 ---p 00000000 00:00 0 
7f1374078000-7f13740cc000 rw-p 00000000 00:00 0 
7f13740cc000-7f137444e000 ---p 00000000 00:00 0 
7f137444e000-7f1374861000 rw-p 00000000 00:00 0 
7f1374861000-7f1374a25000 ---p 00000000 00:00 0 
7f1374a25000-7f1374c95000 rwxp 00000000 00:00 0 
7f1374c95000-7f13750cc000 ---p 00000000 00:00 0 
7f13750cc000-7f137583c000 rwxp 00000000 00:00 0 
7f137583c000-7f1383a25000 ---p 00000000 00:00 0 
7f1383a25000-7f138bde3000 r--s 00000000 08:05 6687898                    /usr/lib/jvm/jdk-11.0.2/lib/modules
7f138bde3000-7f138bdfe000 r-xp 00000000 08:05 6687874                    /usr/lib/jvm/jdk-11.0.2/lib/libjimage.so
7f138bdfe000-7f138bffd000 ---p 0001b000 08:05 6687874                    /usr/lib/jvm/jdk-11.0.2/lib/libjimage.so
7f138bffd000-7f138bfff000 r--p 0001a000 08:05 6687874                    /usr/lib/jvm/jdk-11.0.2/lib/libjimage.so
7f138bfff000-7f138c000000 rw-p 0001c000 08:05 6687874                    /usr/lib/jvm/jdk-11.0.2/lib/libjimage.so
7f138c000000-7f138cfa3000 rw-p 00000000 00:00 0 
7f138cfa3000-7f1390000000 ---p 00000000 00:00 0 
7f1390037000-7f139003b000 ---p 00000000 00:00 0 
7f139003b000-7f1390059000 rw-p 00000000 00:00 0 
7f1390059000-7f139005a000 ---p 00000000 00:00 0 
7f139005a000-7f139015b000 rw-p 00000000 00:00 0 
7f139015b000-7f1390162000 r-xp 00000000 08:05 6687845                    /usr/lib/jvm/jdk-11.0.2/lib/libzip.so
7f1390162000-7f1390361000 ---p 00007000 08:05 6687845                    /usr/lib/jvm/jdk-11.0.2/lib/libzip.so
7f1390361000-7f1390362000 r--p 00006000 08:05 6687845                    /usr/lib/jvm/jdk-11.0.2/lib/libzip.so
7f1390362000-7f1390363000 rw-p 00007000 08:05 6687845                    /usr/lib/jvm/jdk-11.0.2/lib/libzip.so
7f1390363000-7f139036e000 r-xp 00000000 08:05 398112                     /lib/x86_64-linux-gnu/libnss_files-2.27.so
7f139036e000-7f139056d000 ---p 0000b000 08:05 398112                     /lib/x86_64-linux-gnu/libnss_files-2.27.so
7f139056d000-7f139056e000 r--p 0000a000 08:05 398112                     /lib/x86_64-linux-gnu/libnss_files-2.27.so
7f139056e000-7f139056f000 rw-p 0000b000 08:05 398112                     /lib/x86_64-linux-gnu/libnss_files-2.27.so
7f139056f000-7f1390575000 rw-p 00000000 00:00 0 
7f1390575000-7f139058c000 r-xp 00000000 08:05 398106                     /lib/x86_64-linux-gnu/libnsl-2.27.so
7f139058c000-7f139078b000 ---p 00017000 08:05 398106                     /lib/x86_64-linux-gnu/libnsl-2.27.so
7f139078b000-7f139078c000 r--p 00016000 08:05 398106                     /lib/x86_64-linux-gnu/libnsl-2.27.so
7f139078c000-7f139078d000 rw-p 00017000 08:05 398106                     /lib/x86_64-linux-gnu/libnsl-2.27.so
7f139078d000-7f139078f000 rw-p 00000000 00:00 0 
7f139078f000-7f139079a000 r-xp 00000000 08:05 398123                     /lib/x86_64-linux-gnu/libnss_nis-2.27.so
7f139079a000-7f1390999000 ---p 0000b000 08:05 398123                     /lib/x86_64-linux-gnu/libnss_nis-2.27.so
7f1390999000-7f139099a000 r--p 0000a000 08:05 398123                     /lib/x86_64-linux-gnu/libnss_nis-2.27.so
7f139099a000-7f139099b000 rw-p 0000b000 08:05 398123                     /lib/x86_64-linux-gnu/libnss_nis-2.27.so
7f139099b000-7f13909a3000 r-xp 00000000 08:05 398108                     /lib/x86_64-linux-gnu/libnss_compat-2.27.so
7f13909a3000-7f1390ba3000 ---p 00008000 08:05 398108                     /lib/x86_64-linux-gnu/libnss_compat-2.27.so
7f1390ba3000-7f1390ba4000 r--p 00008000 08:05 398108                     /lib/x86_64-linux-gnu/libnss_compat-2.27.so
7f1390ba4000-7f1390ba5000 rw-p 00009000 08:05 398108                     /lib/x86_64-linux-gnu/libnss_compat-2.27.so
7f1390ba5000-7f1390baf000 r-xp 00000000 08:05 6687853                    /usr/lib/jvm/jdk-11.0.2/lib/libinstrument.so
7f1390baf000-7f1390dae000 ---p 0000a000 08:05 6687853                    /usr/lib/jvm/jdk-11.0.2/lib/libinstrument.so
7f1390dae000-7f1390daf000 r--p 00009000 08:05 6687853                    /usr/lib/jvm/jdk-11.0.2/lib/libinstrument.so
7f1390daf000-7f1390db0000 rw-p 0000a000 08:05 6687853                    /usr/lib/jvm/jdk-11.0.2/lib/libinstrument.so
7f1390db0000-7f1390dd9000 r-xp 00000000 08:05 6687846                    /usr/lib/jvm/jdk-11.0.2/lib/libjava.so
7f1390dd9000-7f1390fd9000 ---p 00029000 08:05 6687846                    /usr/lib/jvm/jdk-11.0.2/lib/libjava.so
7f1390fd9000-7f1390fda000 r--p 00029000 08:05 6687846                    /usr/lib/jvm/jdk-11.0.2/lib/libjava.so
7f1390fda000-7f1390fdc000 rw-p 0002a000 08:05 6687846                    /usr/lib/jvm/jdk-11.0.2/lib/libjava.so
7f1390fdc000-7f1390fe9000 r-xp 00000000 08:05 6687893                    /usr/lib/jvm/jdk-11.0.2/lib/libverify.so
7f1390fe9000-7f13911e8000 ---p 0000d000 08:05 6687893                    /usr/lib/jvm/jdk-11.0.2/lib/libverify.so
7f13911e8000-7f13911ea000 r--p 0000c000 08:05 6687893                    /usr/lib/jvm/jdk-11.0.2/lib/libverify.so
7f13911ea000-7f13911eb000 rw-p 0000e000 08:05 6687893                    /usr/lib/jvm/jdk-11.0.2/lib/libverify.so
7f13911eb000-7f13911f2000 r-xp 00000000 08:05 398163                     /lib/x86_64-linux-gnu/librt-2.27.so
7f13911f2000-7f13913f1000 ---p 00007000 08:05 398163                     /lib/x86_64-linux-gnu/librt-2.27.so
7f13913f1000-7f13913f2000 r--p 00006000 08:05 398163                     /lib/x86_64-linux-gnu/librt-2.27.so
7f13913f2000-7f13913f3000 rw-p 00007000 08:05 398163                     /lib/x86_64-linux-gnu/librt-2.27.so
7f13913f3000-7f1391590000 r-xp 00000000 08:05 398085                     /lib/x86_64-linux-gnu/libm-2.27.so
7f1391590000-7f139178f000 ---p 0019d000 08:05 398085                     /lib/x86_64-linux-gnu/libm-2.27.so
7f139178f000-7f1391790000 r--p 0019c000 08:05 398085                     /lib/x86_64-linux-gnu/libm-2.27.so
7f1391790000-7f1391791000 rw-p 0019d000 08:05 398085                     /lib/x86_64-linux-gnu/libm-2.27.so
7f1391791000-7f13928d0000 r-xp 00000000 08:05 6687886                    /usr/lib/jvm/jdk-11.0.2/lib/server/libjvm.so
7f13928d0000-7f1392ad0000 ---p 0113f000 08:05 6687886                    /usr/lib/jvm/jdk-11.0.2/lib/server/libjvm.so
7f1392ad0000-7f1392b8f000 r--p 0113f000 08:05 6687886                    /usr/lib/jvm/jdk-11.0.2/lib/server/libjvm.so
7f1392b8f000-7f1392bc8000 rw-p 011fe000 08:05 6687886                    /usr/lib/jvm/jdk-11.0.2/lib/server/libjvm.so
7f1392bc8000-7f1392c1e000 rw-p 00000000 00:00 0 
7f1392c1e000-7f1392e05000 r-xp 00000000 08:05 398022                     /lib/x86_64-linux-gnu/libc-2.27.so
7f1392e05000-7f1393005000 ---p 001e7000 08:05 398022                     /lib/x86_64-linux-gnu/libc-2.27.so
7f1393005000-7f1393009000 r--p 001e7000 08:05 398022                     /lib/x86_64-linux-gnu/libc-2.27.so
7f1393009000-7f139300b000 rw-p 001eb000 08:05 398022                     /lib/x86_64-linux-gnu/libc-2.27.so
7f139300b000-7f139300f000 rw-p 00000000 00:00 0 
7f139300f000-7f1393012000 r-xp 00000000 08:05 398045                     /lib/x86_64-linux-gnu/libdl-2.27.so
7f1393012000-7f1393211000 ---p 00003000 08:05 398045                     /lib/x86_64-linux-gnu/libdl-2.27.so
7f1393211000-7f1393212000 r--p 00002000 08:05 398045                     /lib/x86_64-linux-gnu/libdl-2.27.so
7f1393212000-7f1393213000 rw-p 00003000 08:05 398045                     /lib/x86_64-linux-gnu/libdl-2.27.so
7f1393213000-7f1393223000 r-xp 00000000 08:05 6687859                    /usr/lib/jvm/jdk-11.0.2/lib/jli/libjli.so
7f1393223000-7f1393422000 ---p 00010000 08:05 6687859                    /usr/lib/jvm/jdk-11.0.2/lib/jli/libjli.so
7f1393422000-7f1393423000 r--p 0000f000 08:05 6687859                    /usr/lib/jvm/jdk-11.0.2/lib/jli/libjli.so
7f1393423000-7f1393424000 rw-p 00010000 08:05 6687859                    /usr/lib/jvm/jdk-11.0.2/lib/jli/libjli.so
7f1393424000-7f139343e000 r-xp 00000000 08:05 398155                     /lib/x86_64-linux-gnu/libpthread-2.27.so
7f139343e000-7f139363d000 ---p 0001a000 08:05 398155                     /lib/x86_64-linux-gnu/libpthread-2.27.so
7f139363d000-7f139363e000 r--p 00019000 08:05 398155                     /lib/x86_64-linux-gnu/libpthread-2.27.so
7f139363e000-7f139363f000 rw-p 0001a000 08:05 398155                     /lib/x86_64-linux-gnu/libpthread-2.27.so
7f139363f000-7f1393643000 rw-p 00000000 00:00 0 
7f1393643000-7f139365f000 r-xp 00000000 08:05 398194                     /lib/x86_64-linux-gnu/libz.so.1.2.11
7f139365f000-7f139385e000 ---p 0001c000 08:05 398194                     /lib/x86_64-linux-gnu/libz.so.1.2.11
7f139385e000-7f139385f000 r--p 0001b000 08:05 398194                     /lib/x86_64-linux-gnu/libz.so.1.2.11
7f139385f000-7f1393860000 rw-p 0001c000 08:05 398194                     /lib/x86_64-linux-gnu/libz.so.1.2.11
7f1393860000-7f1393887000 r-xp 00000000 08:05 397994                     /lib/x86_64-linux-gnu/ld-2.27.so
7f1393894000-7f13938c1000 r--p 00000000 08:05 5245017                    /usr/share/glib-2.0/schemas/gschemas.compiled
7f13938c1000-7f1393963000 rw-p 00000000 00:00 0 
7f1393963000-7f139396c000 ---p 00000000 00:00 0 
7f139396c000-7f1393970000 ---p 00000000 00:00 0 
7f1393970000-7f1393a71000 rw-p 00000000 00:00 0 
7f1393a78000-7f1393a7c000 r--p 00000000 08:05 2917979                    /home/vidurk/.config/dconf/user
7f1393a7c000-7f1393a7d000 r--s 00000000 00:35 361523                     /run/user/1001/dconf/user
7f1393a7d000-7f1393a85000 rw-s 00000000 08:05 2359699                    /tmp/hsperfdata_vidurk/12819
7f1393a85000-7f1393a86000 ---p 00000000 00:00 0 
7f1393a86000-7f1393a87000 r--p 00000000 00:00 0 
7f1393a87000-7f1393a88000 r--p 00027000 08:05 397994                     /lib/x86_64-linux-gnu/ld-2.27.so
7f1393a88000-7f1393a89000 rw-p 00028000 08:05 397994                     /lib/x86_64-linux-gnu/ld-2.27.so
7f1393a89000-7f1393a8a000 rw-p 00000000 00:00 0 
7ffe95edd000-7ffe95f00000 rw-p 00000000 00:00 0                          [stack]
7ffe95fb6000-7ffe95fb9000 r--p 00000000 00:00 0                          [vvar]
7ffe95fb9000-7ffe95fbb000 r-xp 00000000 00:00 0                          [vdso]
ffffffffff600000-ffffffffff601000 r-xp 00000000 00:00 0                  [vsyscall]


VM Arguments:
jvm_args: -XX:TieredStopAtLevel=1 -Xverify:none -Dspring.output.ansi.enabled=always -Dcom.sun.management.jmxremote -Dspring.liveBeansView.mbeanDomain -Dspring.application.admin.enabled=true -javaagent:/home/vidurk/idea-IU-183.5429.30/lib/idea_rt.jar=32961:/home/vidurk/idea-IU-183.5429.30/bin -Dfile.encoding=UTF-8 
java_command: com.codenotfound.kafka.SpringKafkaApplication
java_class_path (initial): /home/vidurk/CasLab/Spring-Kafka-Device-Node-String/target/classes:/home/vidurk/.m2/repository/org/springframework/boot/spring-boot-starter/1.5.4.RELEASE/spring-boot-starter-1.5.4.RELEASE.jar:/home/vidurk/.m2/repository/org/springframework/boot/spring-boot/1.5.4.RELEASE/spring-boot-1.5.4.RELEASE.jar:/home/vidurk/.m2/repository/org/springframework/spring-context/4.3.9.RELEASE/spring-context-4.3.9.RELEASE.jar:/home/vidurk/.m2/repository/org/springframework/boot/spring-boot-autoconfigure/1.5.4.RELEASE/spring-boot-autoconfigure-1.5.4.RELEASE.jar:/home/vidurk/.m2/repository/org/springframework/boot/spring-boot-starter-logging/1.5.4.RELEASE/spring-boot-starter-logging-1.5.4.RELEASE.jar:/home/vidurk/.m2/repository/ch/qos/logback/logback-classic/1.1.11/logback-classic-1.1.11.jar:/home/vidurk/.m2/repository/ch/qos/logback/logback-core/1.1.11/logback-core-1.1.11.jar:/home/vidurk/.m2/repository/org/slf4j/jcl-over-slf4j/1.7.25/jcl-over-slf4j-1.7.25.jar:/home/vidurk/.m2/repository/org/slf4j/jul-to-slf4j/1.7.25/jul-to-slf4j-1.7.25.jar:/home/vidurk/.m2/repository/org/slf4j/log4j-over-slf4j/1.7.25/log4j-over-slf4j-1.7.25.jar:/home/vidurk/.m2/repository/org/springframework/spring-core/4.3.9.RELEASE/spring-core-4.3.9.RELEASE.jar:/home/vidurk/.m2/repository/org/yaml/snakeyaml/1.17/snakeyaml-1.17.jar:/home/vidurk/.m2/repository/junit/junit/4.12/junit-4.12.jar:/home/vidurk/.m2/repository/org/hamcrest/hamcrest-core/1.3/hamcrest-core-1.3.jar:/home/vidurk/.m2/repository/org/springframework/kafka/spring-kafka/1.2.2.RELEASE/spring-kafka-1.2.2.RELEASE.jar:/home/vidurk/.m2/repository/org/springframework/spring-messaging/4.3.9.RELEASE/spring-messaging-4.3.9.RELEASE.jar:/home/vidurk/.m2/repository/org/springframework/retry/spring-retry/1.2.0.RELEASE/spring-retry-1.2.0.RELEASE.jar:/home/vidurk/.m2/repository/org/apache/kafka/kafka-clients/0.10.2.0/kafka-clients-0.10.2.0.jar:/home/vidurk/.m2/repository/net/jpountz/lz4/lz4/1.3.0/lz4-1.3.0.jar:/home/vidurk/.m2/repository
Launcher Type: SUN_STANDARD

[Global flags]
     bool BytecodeVerificationLocal                = false                                     {product} {command line}
     bool BytecodeVerificationRemote               = false                                     {product} {command line}
     intx CICompilerCount                          = 3                                         {product} {ergonomic}
     uint ConcGCThreads                            = 1                                         {product} {ergonomic}
     uint G1ConcRefinementThreads                  = 4                                         {product} {ergonomic}
   size_t G1HeapRegionSize                         = 1048576                                   {product} {ergonomic}
    uintx GCDrainStackTargetSize                   = 64                                        {product} {ergonomic}
   size_t InitialHeapSize                          = 130023424                                 {product} {ergonomic}
     bool ManagementServer                         = true                                      {product} {command line}
   size_t MarkStackSize                            = 4194304                                   {product} {ergonomic}
   size_t MaxHeapSize                              = 2059403264                                {product} {ergonomic}
   size_t MaxNewSize                               = 1235222528                                {product} {ergonomic}
   size_t MinHeapDeltaBytes                        = 1048576                                   {product} {ergonomic}
    uintx NonNMethodCodeHeapSize                   = 6973028                                {pd product} {ergonomic}
    uintx NonProfiledCodeHeapSize                  = 244685212                              {pd product} {ergonomic}
    uintx ProfiledCodeHeapSize                     = 0                                      {pd product} {ergonomic}
    uintx ReservedCodeCacheSize                    = 251658240                              {pd product} {ergonomic}
     bool SegmentedCodeCache                       = true                                      {product} {ergonomic}
     intx TieredStopAtLevel                        = 1                                         {product} {command line}
     bool UseCompressedClassPointers               = true                                 {lp64_product} {ergonomic}
     bool UseCompressedOops                        = true                                 {lp64_product} {ergonomic}
     bool UseG1GC                                  = true                                      {product} {ergonomic}

Logging:
Log output configuration:
 #0: stdout all=warning uptime,level,tags
 #1: stderr all=off uptime,level,tags

Environment Variables:
PATH=/usr/local/sbin:/usr/local/bin:/usr/sbin:/usr/bin:/sbin:/bin:/usr/games:/usr/local/games:/snap/bin
USERNAME=vidurk
SHELL=/bin/bash
DISPLAY=:0

Signal Handlers:
SIGSEGV: [libjvm.so+0xe2adf0], sa_mask[0]=11111111011111111101111111111110, sa_flags=SA_RESTART|SA_SIGINFO
SIGBUS: [libjvm.so+0xe2adf0], sa_mask[0]=11111111011111111101111111111110, sa_flags=SA_RESTART|SA_SIGINFO
SIGFPE: [libjvm.so+0xe2adf0], sa_mask[0]=11111111011111111101111111111110, sa_flags=SA_RESTART|SA_SIGINFO
SIGPIPE: SIG_IGN, sa_mask[0]=00000000000010000000000000000000, sa_flags=SA_RESTART
SIGXFSZ: [libjvm.so+0xbff5b0], sa_mask[0]=11111111011111111101111111111110, sa_flags=SA_RESTART|SA_SIGINFO
SIGILL: [libjvm.so+0xe2adf0], sa_mask[0]=11111111011111111101111111111110, sa_flags=SA_RESTART|SA_SIGINFO
SIGUSR2: [libjvm.so+0xbff450], sa_mask[0]=00100000000000000000000000000000, sa_flags=SA_RESTART|SA_SIGINFO
SIGHUP: [libjvm.so+0xbff7b0], sa_mask[0]=11111111011111111101111111111110, sa_flags=SA_RESTART|SA_SIGINFO
SIGINT: [libjvm.so+0xbff7b0], sa_mask[0]=11111111011111111101111111111110, sa_flags=SA_RESTART|SA_SIGINFO
SIGTERM: [libjvm.so+0xbff7b0], sa_mask[0]=11111111011111111101111111111110, sa_flags=SA_RESTART|SA_SIGINFO
SIGQUIT: [libjvm.so+0xbff7b0], sa_mask[0]=11111111011111111101111111111110, sa_flags=SA_RESTART|SA_SIGINFO


---------------  S Y S T E M  ---------------

OS:DISTRIB_ID=Ubuntu
DISTRIB_RELEASE=18.04
DISTRIB_CODENAME=bionic
DISTRIB_DESCRIPTION="Ubuntu 18.04.1 LTS"
uname:Linux 4.16.8-chronos-rt3 #1 SMP PREEMPT RT Fri Feb 1 13:29:28 EST 2019 x86_64
libc:glibc 2.27 NPTL 2.27 
rlimit: STACK 8192k, CORE 0k, NPROC 28434, NOFILE 1048576, AS infinity, DATA infinity, FSIZE infinity
load average:1.46 0.96 0.75

/proc/meminfo:
MemTotal:        8037040 kB
MemFree:           65016 kB
MemAvailable:     374052 kB
Buffers:           20100 kB
Cached:           842188 kB
SwapCached:        49800 kB
Active:          6616192 kB
Inactive:        1036500 kB
Active(anon):    6408792 kB
Inactive(anon):   909116 kB
Active(file):     207400 kB
Inactive(file):   127384 kB
Unevictable:          16 kB
Mlocked:              16 kB
SwapTotal:       2097148 kB
SwapFree:         653288 kB
Dirty:             14628 kB
Writeback:             0 kB
AnonPages:       6762788 kB
Mapped:           481700 kB
Shmem:            527592 kB
Slab:             145740 kB
SReclaimable:      70456 kB
SUnreclaim:        75284 kB
KernelStack:       21872 kB
PageTables:        77516 kB
NFS_Unstable:          0 kB
Bounce:                0 kB
WritebackTmp:          0 kB
CommitLimit:     6115668 kB
Committed_AS:   17125264 kB
VmallocTotal:   34359738367 kB
VmallocUsed:           0 kB
VmallocChunk:          0 kB
HardwareCorrupted:     0 kB
CmaTotal:              0 kB
CmaFree:               0 kB
HugePages_Total:       0
HugePages_Free:        0
HugePages_Rsvd:        0
HugePages_Surp:        0
Hugepagesize:       2048 kB
Hugetlb:               0 kB
DirectMap4k:      206136 kB
DirectMap2M:     8056832 kB
DirectMap1G:     1048576 kB


/proc/sys/kernel/threads-max (system-wide limit on the number of threads):
56869


/proc/sys/vm/max_map_count (maximum number of memory map areas a process may have):
65530


/proc/sys/kernel/pid_max (system-wide limit on number of process identifiers):
32768



container (cgroup) information:
container_type: cgroupv1
cpu_cpuset_cpus: 0-3
cpu_memory_nodes: 0
active_processor_count: 4
cpu_quota: -1
cpu_period: 100000
cpu_shares: -1
memory_limit_in_bytes: -1
memory_and_swap_limit_in_bytes: -2
memory_soft_limit_in_bytes: -1
memory_usage_in_bytes: 7810719744
memory_max_usage_in_bytes: 2281472


CPU:total 4 (initial active 4) (2 cores per cpu, 2 threads per core) family 6 model 60 stepping 3, cmov, cx8, fxsr, mmx, sse, sse2, sse3, ssse3, sse4.1, sse4.2, popcnt, avx, avx2, aes, clmul, erms, lzcnt, ht, tsc, tscinvbit, bmi1, bmi2, fma
CPU Model and flags from /proc/cpuinfo:
model name	: Intel(R) Core(TM) i5-4300M CPU @ 2.60GHz
flags		: fpu vme de pse tsc msr pae mce cx8 apic sep mtrr pge mca cmov pat pse36 clflush dts acpi mmx fxsr sse sse2 ss ht tm pbe syscall nx pdpe1gb rdtscp lm constant_tsc arch_perfmon pebs bts rep_good nopl xtopology nonstop_tsc cpuid aperfmperf pni pclmulqdq dtes64 monitor ds_cpl vmx smx est tm2 ssse3 sdbg fma cx16 xtpr pdcm pcid sse4_1 sse4_2 x2apic movbe popcnt tsc_deadline_timer aes xsave avx f16c rdrand lahf_lm abm cpuid_fault epb invpcid_single pti tpr_shadow vnmi flexpriority ept vpid fsgsbase tsc_adjust bmi1 avx2 smep bmi2 erms invpcid xsaveopt ibpb ibrs stibp dtherm ida arat pln pts

Memory: 4k page, physical 8037040k(65016k free), swap 2097148k(653288k free)

vm_info: Java HotSpot(TM) 64-Bit Server VM (11.0.2+9-LTS) for linux-amd64 JRE (11.0.2+9-LTS), built on Jan 17 2019 21:22:50 by "mach5one" with gcc 7.3.0

END.
